        240.000
1 1 0.667 
        240.000
1 0.667 1 
       2173.000
1 1 1 1 0 1 1 1 1 1 1 1 0 1 1 1 1 1 1 0 1 1 1 1 1 1 1 1 1 0 1 1 1 1 1 1 1 0 1 1 1 1 
       2081.375
1 0 1 1 1 1 1 1 1 1 0 1 1 1 0 1 0 1 1 1 1 1 1 1 1 1 1 1 1 0 1 1 1 1 1 1 1 1 1 1 0.771 
        224.314
0.569 1 1 
       1074.121
1 1 1 1 1 1 1 1 1 1 1 1 1 1 1 1 0.030 1 1 0 1 1 
       1223.043
0 1 1 1 1 1 0 1 1 1 1 1 0.065 1 1 1 1 1 1 1 1 1 1 1 
       2500.886
1 1 0 1 1 1 1 1 1 1 0 1 1 1 1 1 1 1 1 0 1 1 1 1 0.830 1 1 1 0 0 1 1 0 1 1 1 1 1 1 1 1 1 1 0 1 1 1 1 1 1 
        323.240
1 0.520 1 1 1 
        282.808
1 1 0.321 1 1 1 
       1600.765
1 0 1 1 1 0 0 0 1 1 1 1 0 0 1 1 1 1 1 1 1 1 1 1 1 1 1 1 1 1 1 1 1 0.882 
        704.901
1 1 1 1 0.056 1 1 0 1 1 1 1 1 1 1 
       1160.700
1 1 1 0 1 1 1 1 1 1 1 1 0 1 1 1 1 0.425 1 1 1 0 1 1 
       1733.133
1 0 1 1 1 0 1 1 1 1 0 1 1 1 1 1 1 1 1 0 1 1 1 1 1 1 1 1 0 1 0.967 1 1 1 1 
       1551.424
1 1 1 1 1 1 1 1 1 0 0 1 1 1 1 0 1 0.879 1 1 1 1 1 1 1 1 1 1 1 0 
       1401.577
0 1 1 1 1 1 1 1 1 1 0 1 0.296 1 1 1 1 1 1 1 1 1 1 1 0 1 0 1 1 1 
       1379.873
1 0 1 1 1 0.794 1 1 1 1 0 1 1 1 0 1 0 0 1 1 1 0 1 1 0 1 1 1 1 1 1 1 1 1 1 
       1306.027
1 1 1 1 1 1 0 1 0 1 0 1 1 0 0.568 1 1 1 1 1 1 1 1 1 1 1 1 1 1 1 
       1794.745
1 0 1 0 0 1 1 1 0 1 1 1 0 1 1 1 1 1 0 1 1 0 1 1 0 1 1 1 1 1 1 1 0.734 1 1 1 1 1 1 1 1 1 1 1 
       1025.840
1 0 1 0.049 1 1 1 1 1 1 1 1 1 1 0 0 1 1 1 1 1 1 1 1 1 1 1 
       2147.156
1 1 1 0 0.344 1 0 1 1 1 1 1 1 1 0 1 1 1 1 0 0 1 1 1 1 1 1 1 1 1 1 1 1 1 1 1 1 1 1 1 1 0 1 1 
       1689.558
0 1 1 1 1 1 1 1 1 1 1 1 1 1 1 1 0 1 1 1 1 1 1 1 1 1 1 0 0.209 1 1 1 0 1 1 
        611.565
1 1 0.058 1 1 1 1 1 1 1 1 0 
       1145.943
1 0 1 1 1 1 1 1 0 1 1 0 0.747 1 1 1 1 1 1 1 1 1 1 
       1644.286
1 1 1 0.242 1 1 1 1 1 1 1 1 0 1 1 1 1 1 1 1 1 1 1 1 1 1 1 1 1 0 1 0 1 
       1390.580
1 1 1 1 1 1 0 1 1 1 1 1 1 1 1 0 1 1 0 1 1 1 1 1 1 0 1 0 0.410 1 
       1442.509
1 1 1 1 1 1 1 1 0 1 1 1 0 1 0 1 1 1 1 1 1 0.792 1 1 1 0 1 1 1 
       1146.439
1 0 0.276 1 1 1 1 1 1 1 1 1 1 1 1 1 1 0 1 1 1 1 
        899.667
1 1 0.808 1 1 1 1 1 0 1 0 1 1 1 1 1 
       1618.633
1 1 1 1 1 1 1 0 1 0 1 1 1 1 1 1 1 1 1 1 1 1 1 0.449 0 1 1 0 1 
       1141.806
1 1 1 1 1 1 1 1 1 1 1 1 1 1 0 1 1 1 1 0 0.306 
       1859.720
1 1 1 0 1 1 1 1 1 0 1 1 1 0 1 1 0.370 0 1 1 1 1 1 1 1 1 1 1 1 1 1 1 1 
       2457.083
1 0 1 1 1 1 1 1 1 1 0 1 1 1 1 1 0.792 1 1 1 1 0 1 1 1 1 1 1 0 1 0 1 1 1 1 1 1 0 1 1 0 1 1 1 
       1272.840
1 1 1 0 1 1 1 1 1 1 1 1 0.040 1 1 1 1 0 0 1 1 1 1 
        216.949
1 1 0.627 
       1830.750
1 1 1 0 1 1 1 0 1 1 1 1 1 1 1 1 1 1 1 0 1 0 1 1 1 1 1 0.179 1 1 1 1 0 1 1 1 1 1 1 1 1 
       2087.713
1 0 1 1 1 1 1 1 1 1 1 1 1 0 1 1 1 1 0 1 1 1 1 1 1 1 1 1 1 0.223 1 1 0 1 1 1 1 1 1 1 
       1101.316
0.526 1 0 1 1 1 0 1 1 0 1 1 1 1 1 1 1 1 1 1 1 1 1 1 
       2187.141
0 0 1 0 1 1 1 1 1 1 1 1 1 1 1 1 1 1 1 1 0 1 1 1 0 1 1 1 1 1 1 0 1 1 1 1 1 1 0.484 1 1 0 1 1 1 1 
        164.750
1 0.583 1 
         91.451
0.634 1 
        421.444
1 0.222 1 1 1 1 1 
       1054.967
1 1 1 0 1 1 1 0.242 1 1 1 1 1 1 0 1 1 1 1 1 
       2337.443
1 0.127 1 1 1 1 1 1 1 1 1 1 1 1 1 1 1 1 1 1 1 1 1 0 1 1 1 1 1 0 1 1 1 0 1 0 0 0 1 1 1 1 1 1 1 
       1799.712
1 1 1 1 0 0 1 1 1 1 1 1 1 1 1 1 1 1 0 0 1 1 1 1 1 1 1 0.305 1 1 1 1 
       2208.000
1 0 1 1 1 1 1 1 1 1 1 1 0 1 1 1 1 1 1 1 1 1 1 1 1 1 1 1 1 1 1 0 1 1 1 0 0 1 1 
       1973.116
1 1 1 1 1 1 1 1 1 1 1 1 1 0 0 1 1 1 0 1 1 1 1 0 1 1 1 0.349 1 1 1 1 0 1 1 
       1758.205
1 1 1 1 1 1 1 0.277 1 1 0 0 1 1 1 1 1 1 1 1 1 1 1 0 1 1 1 1 1 1 1 1 1 0 1 
        114.000
1 0.588 1 
       2011.217
1 1 1 1 1 1 1 1 1 1 1 0 1 1 1 1 1 1 1 1 0 1 0 1 1 1 1 0 1 0.783 1 1 1 1 1 1 0 1 1 1 1 1 1 0 
       1366.418
0.228 1 1 1 1 1 1 1 0 1 1 0 1 1 1 1 0 1 1 1 1 1 1 1 1 0 1 1 1 1 1 1 1 
        905.409
1 1 1 1 1 1 0.527 1 1 1 0 1 1 1 1 1 1 
        950.348
1 1 1 1 1 1 1 0 0 1 0.629 1 1 1 1 1 1 
        156.977
1 1 0.372 1 
       2312.743
1 1 0 1 1 1 1 1 1 1 1 1 1 1 1 1 1 1 0 1 1 1 1 1 1 1 1 1 1 0 0 1 1 1 1 1 0 0.514 1 0 1 1 1 1 1 1 1 1 
        591.483
0.414 1 1 1 1 1 0 1 1 1 1 1 
       1110.208
0 1 1 1 1 1 1 1 1 0.042 1 1 1 1 1 0 1 1 1 1 
        915.414
1 1 0 0.190 1 1 1 1 1 1 0 1 0 1 1 1 1 1 1 1 
        965.709
1 1 1 1 1 1 1 1 1 0 1 0 0.436 1 1 1 1 0 1 1 
       1748.368
1 0 1 1 1 1 1 1 1 1 1 1 1 1 0.839 1 1 1 1 1 1 1 1 1 0 1 0 1 1 1 1 1 1 1 1 0 
       1679.388
1 1 0 1 1 0.224 1 1 1 1 1 1 1 1 1 1 1 1 1 0 1 1 1 1 1 0 1 1 1 1 
       1538.938
1 1 1 1 1 1 1 1 1 1 0 1 1 1 0 1 1 1 1 1 1 1 1 0 0.188 1 1 0 1 1 1 1 1 1 
        558.703
1 1 1 0.311 1 1 1 1 1 1 0 1 
        699.891
1 1 1 0 1 1 1 1 0 1 1 1 1 0.745 1 1 1 1 
       1007.800
0 1 1 1 1 1 1 1 1 1 1 0 1 1 1 1 1 1 1 0.520 0 1 
       1896.561
1 1 0 0 1 1 1 0.622 1 1 1 1 0 1 1 1 1 1 1 1 0 1 1 1 1 0 1 1 1 1 1 1 1 1 1 1 1 1 
         29.449
0.796 
       2139.814
1 1 1 1 1 0 1 1 1 1 0 1 1 1 1 0 1 0.526 1 1 1 1 1 1 1 1 1 1 0 1 0 1 0 1 1 1 1 1 1 1 1 1 
       2571.472
1 1 1 1 1 1 1 1 1 1 1 1 1 1 0 1 0.404 1 1 0 0 1 1 1 1 1 1 1 1 0 0 1 1 0 1 1 1 1 1 1 1 1 1 1 1 1 1 1 
        307.656
1 1 1 0.246 1 
       1297.907
1 0 1 1 1 1 0.581 1 1 0 1 1 1 1 1 1 1 1 0 1 1 1 0 
        638.884
1 0 1 1 1 1 1 1 1 1 1 1 0.419 1 
        255.094
0 1 1 1 0.835 1 0 
       1304.970
0 1 1 0.761 1 1 0 1 1 1 1 1 0 1 1 1 1 1 1 1 1 1 1 1 
        447.394
0.113 1 1 1 1 1 1 1 
        755.800
0.100 1 1 1 1 1 0 1 1 1 1 1 1 0 1 1 0 1 1 
        993.156
0.011 1 1 1 1 0 1 1 1 1 1 1 1 1 1 1 1 0 1 1 
        782.643
1 1 1 1 1 1 1 1 1 1 0.607 1 1 1 0 1 1 0 0 
        929.128
1 1 1 1 1 1 1 1 1 1 0.255 1 0 1 1 1 1 
       1638.875
1 1 1 0 1 0 1 1 0 1 1 1 1 1 1 1 1 1 1 1 0 1 0 1 1 1 0.063 1 1 1 1 1 1 1 1 1 1 
        757.235
1 1 1 1 1 0 1 1 1 0.015 1 1 1 1 1 0 
        187.042
0.458 1 1 
       2293.677
1 1 1 1 1 0 1 1 1 0 1 1 1 1 1 0 1 0 0 1 1 1 1 1 1 1 0 1 1 1 1 1 1 0 1 1 1 1 1 0.984 1 1 0 1 1 1 1 1 1 1 
       2262.872
1 1 1 1 1 1 0 1 1 1 0 1 1 1 0 1 1 1 1 1 1 1 1 1 1 1 1 1 1 0 0 1 1 1 1 1 0.081 1 0 1 1 
       2623.500
1 0 1 1 1 1 1 1 1 0 1 1 1 1 1 1 1 0 1 1 1 1 1 0 1 1 0.500 1 1 1 1 1 0 0 1 1 1 1 1 1 1 0 1 1 1 1 1 
        763.919
1 1 1 1 0 1 1 1 1 1 1 1 0 1 0.541 1 
       1047.750
1 1 0 1 0 1 1 0.487 1 1 1 1 1 1 1 1 1 1 
       1845.427
1 0 0 1 1 1 1 1 1 1 1 1 1 1 1 0.323 1 1 1 0 1 1 1 1 1 1 1 1 1 1 1 1 1 1 1 1 0 
       1438.143
0.245 1 1 1 1 1 0 1 1 1 1 1 1 1 1 0 1 1 1 1 1 0 0 1 1 1 1 1 1 
        873.093
1 0.973 1 1 1 1 1 1 1 1 1 1 0 1 1 0 1 
        544.191
1 1 1 0 1 1 1 1 1 0.021 1 1 1 1 
       1759.889
1 0 1 1 1 1 1 1 1 1 1 1 1 1 0 1 1 1 0 1 1 1 1 1 1 0.556 1 1 1 0 1 0 1 1 1 1 1 1 1 1 
       1697.577
1 0 1 1 1 1 1 1 1 1 1 1 1 1 1 1 1 0 1 1 1 1 1 0 0.887 1 1 1 1 0 
        756.375
1 0 1 0 0 1 1 1 1 1 1 1 0.575 1 1 0 1 1 
       1080.323
1 0 1 1 1 0 1 1 1 1 1 0.032 1 1 1 1 1 1 1 1 1 
       1776.360
1 1 1 1 1 0 1 1 1 1 1 1 1 1 1 1 1 1 1 0.160 1 0 1 1 1 1 1 1 1 1 0 1 1 1 0 
       2887.054
1 1 1 1 0 1 0.946 1 1 1 1 1 0 1 1 1 1 1 1 0 1 0 1 1 1 1 1 1 0 1 1 1 1 1 1 1 1 1 1 1 0 1 1 1 1 1 1 1 1 0 
       1446.170
1 0 1 1 1 0 1 1 1 1 1 1 1 1 1 1 1 0.887 1 1 1 1 0 1 0 1 0 1 1 1 0 1 
       1746.118
0 1 1 1 1 1 1 1 1 0 1 1 1 1 1 1 1 1 1 1 1 1 0 1 0 1 1 1 1 1 1 1 0.306 1 0 
       2185.489
1 1 1 1 1 1 1 1 1 1 1 1 1 1 1 0 0.553 1 1 1 1 0 0 1 1 1 0 1 1 1 1 1 1 1 1 1 1 1 1 1 0 1 0 1 1 1 
       1274.000
0 1 1 0 1 1 1 1 1 0 1 1 0 1 1 1 1 1 1 1 1 1 1 1 1 1 
        510.539
1 1 1 1 1 0 1 1 1 0.382 1 
        209.195
0.451 1 1 1 
       1388.718
0.795 1 0 1 1 1 1 1 1 1 0 1 1 1 1 1 1 1 0 0 1 1 1 1 1 1 1 
       1696.149
1 1 1 1 1 1 1 0 1 1 0.787 1 1 1 0 1 1 1 1 1 0 1 1 0 1 1 0 1 1 0 1 1 1 1 
        694.446
0 1 1 0 1 1 0.946 1 1 1 1 0 1 1 1 
        765.000
1 1 1 1 1 1 0 1 1 1 0 1 1 1 1 
        412.000
1 0.875 1 0 1 1 1 1 1 
         71.080
0.610 1 
       2274.548
1 1 1 0 1 1 1 1 1 1 1 1 0 1 1 1 1 0 1 0 1 1 1 1 1 0.108 1 1 1 0 1 1 0 1 1 1 1 1 0 1 1 1 1 1 1 1 
       1435.780
1 0 1 1 1 1 1 1 0.780 1 1 1 1 1 1 1 1 1 1 0 1 1 1 0 1 0 1 
        639.805
1 1 1 1 1 1 0.540 1 1 0 1 1 1 1 
        891.728
1 1 1 1 0.315 1 1 1 0 1 1 1 1 1 1 1 
       1215.851
1 0 1 1 0.943 1 0 1 1 1 1 1 1 1 1 1 1 1 1 0 1 
        973.500
1 1 1 1 1 1 0 1 1 0 1 1 1 1 0 1 0.936 1 1 1 1 
       1477.400
1 0 0 1 1 1 1 1 1 1 1 0 1 0 1 1 1 1 0.600 1 1 1 1 1 1 1 1 1 0 0 1 1 
       2528.705
1 1 1 1 1 1 1 1 1 1 1 0 1 1 1 1 0.977 1 1 1 1 1 1 1 0 1 1 1 1 1 1 0 0 0 1 1 1 1 0 1 1 1 1 1 0 1 1 1 
       2334.769
1 0 1 1 1 1 1 0 0 1 1 1 1 1 1 1 1 1 1 1 1 1 1 1 1 1 0 1 0 0.692 1 1 0 1 1 0 1 1 1 1 0 1 1 1 1 1 1 
       1239.456
1 1 1 1 0.926 1 1 1 0 1 1 1 1 1 1 1 1 1 0 1 1 1 1 0 
       2028.900
1 0 1 1 1 1 1 1 1 1 1 1 1 1 1 1 0 1 1 0 0.900 0 1 1 1 1 1 1 1 1 1 1 1 1 0 1 0 1 1 1 1 1 1 1 
       1245.333
0.573 1 1 1 1 1 1 1 1 1 0 1 1 1 1 0 1 1 1 1 1 1 1 0 0 1 
       1864.728
0 1 1 1 1 1 0 1 1 1 1 1 1 1 1 1 1 0.163 1 1 1 1 1 0 1 1 1 1 1 0 1 1 1 1 1 1 1 1 1 
       1587.667
1 1 1 1 1 1 1 1 0 1 1 1 1 1 1 1 1 1 0 0 1 1 1 1 1 0 1 0.758 1 1 
       1789.023
1 1 0 0 1 1 0.770 1 1 1 1 0 1 1 1 1 1 1 1 1 1 1 1 0 1 1 1 1 1 1 1 1 1 0 1 1 1 1 1 1 
       1492.642
0 1 0 1 0 1 1 0 1 1 1 1 1 1 0 1 1 1 1 1 1 1 1 1 1 1 1 1 1 1 1 1 1 1 1 0 0.938 1 1 1 1 
       2226.161
1 1 1 1 1 1 1 1 1 1 1 1 1 1 1 1 1 1 0 1 1 1 1 1 0 1 1 1 0 1 0 1 1 1 1 1 1 1 0.371 1 1 0 1 1 1 
         33.851
0.787 
       1907.373
1 1 1 0 1 1 1 1 1 1 1 1 0 1 1 1 1 1 1 1 0 0 0 1 0 1 1 1 1 1 1 1 1 1 1 0.388 1 0 1 1 1 1 1 1 1 
       1363.742
1 0 1 1 0 1 0.806 1 1 1 1 1 1 1 0 1 1 1 1 1 1 1 0 1 1 1 1 1 
        987.518
0 1 1 1 1 1 1 0.047 1 1 1 1 1 1 1 1 0 1 1 1 1 
        621.134
1 1 1 1 1 1 1 1 1 1 1 1 1 0 0.278 
       1315.000
1 1 1 0 1 1 1 1 1 1 1 1 1 1 1 1 0.154 0 1 1 1 0 1 1 1 1 1 1 1 
       1227.348
0 1 1 1 1 1 1 1 1 1 1 1 0 1 1 0.935 1 1 1 0 1 1 1 1 
       1747.697
1 0 1 1 1 1 1 1 1 1 1 1 1 1 1 0 1 0 1 1 1 1 1 1 0 1 1 1 1 1 1 0.121 1 1 1 1 1 1 1 
       1983.303
1 1 0 1 1 0 1 1 1 0 1 1 1 1 1 1 1 1 1 1 1 1 1 1 1 0.292 1 1 1 1 1 1 0 1 1 1 0 1 1 1 1 1 1 1 1 
       2281.356
1 1 1 1 1 1 1 1 1 1 1 0 1 1 1 0.977 1 1 1 1 1 1 1 1 1 1 1 0 0 1 1 1 1 1 1 1 0 1 0 1 1 0 1 1 1 0 1 1 
       2179.417
1 1 1 1 1 1 1 1 0 1 1 1 1 1 1 0 1 1 1 1 1 0 1 1 1 1 1 1 0 1 0 1 1 1 1 1 0.617 1 0 1 1 1 1 1 0 1 
       1550.377
1 0 1 0.115 1 1 1 1 1 1 1 1 1 0 0 1 1 1 1 1 1 1 1 1 1 1 1 1 0 1 1 1 1 1 1 
       1628.757
1 1 1 1 1 0 1 0 1 1 1 1 1 1 1 1 1 1 1 1 1 1 1 0.297 1 1 1 1 1 1 0 
        836.855
1 1 1 1 1 1 0.812 1 1 1 1 1 1 1 0 1 0 
       1987.043
0 1 0 0 1 1 1 0 1 1 1 1 1 1 1 0 1 1 1 1 1 1 1 1 1 1 0 1 1 1 1 1 1 1 0.848 1 1 1 1 
        345.835
0.784 1 1 1 1 1 0 1 1 
        652.000
1 1 0 1 1 1 1 1 1 1 1 1 0.400 1 
       1459.478
0 1 1 1 0 1 1 0 1 1 1 1 0 1 1 1 1 1 1 1 1 1 1 1 1 1 1 1 1 1 0.565 1 1 1 
       1851.556
0 1 1 0.086 1 1 1 1 1 0 1 1 1 1 0 1 1 1 1 1 1 1 1 0 1 0 1 1 1 1 1 1 1 1 1 1 1 1 1 1 
        313.000
1 0 1 1 0.750 1 1 
       1634.500
1 1 1 1 1 1 1 0 1 1 1 1 1 1 1 1 1 1 1 0 1 1 1 1 0 1 1 1 1 1 1 1 1 0.688 0 1 1 1 
       1636.619
1 1 1 1 1 1 1 1 1 1 0.742 0 0 0 1 1 1 1 1 1 1 1 1 0 1 1 1 0 1 1 1 1 0 1 1 1 1 1 1 
       2417.296
0 1 1 1 1 1 1 1 1 1 0 1 1 1 1 1 1 1 1 1 1 1 0 1 1 0.014 1 1 1 1 1 1 1 0 1 1 1 1 1 0 0 1 1 1 0 0 1 1 1 
       1813.227
1 1 1 1 1 1 1 1 1 1 0 1 1 1 1 0 1 1 1 1 0 1 1 0 1 1 1 1 1 1 1 1 1 0 0.318 1 1 1 1 
       2318.864
1 1 1 0 1 1 1 1 1 1 1 1 0 1 1 1 0 1 1 1 1 1 1 1 1 1 0.840 1 1 1 1 1 1 1 1 1 1 0 0 1 1 0 1 0 1 1 
        304.926
0 1 1 0.802 1 1 
       1452.624
1 1 1 0 1 1 0 1 1 1 1 1 0 1 1 1 0.849 1 1 1 1 1 0 1 
       1410.444
1 0 0 1 1 1 1 1 1 1 0 1 1 0 0 1 1 1 1 1 1 1 1 0.778 1 1 1 1 0 
        797.544
1 1 1 1 1 1 0 0.103 1 1 1 1 1 1 1 1 1 
        526.421
1 1 1 1 1 1 1 1 0.368 0 1 
       2527.063
1 1 1 1 1 1 1 1 1 1 1 1 0 1 1 1 1 1 1 1 1 0 1 1 1 1 1 1 1 0 1 1 0 0 0 1 1 1 1 0 1 1 0.291 1 1 1 1 1 
        147.797
1 1 1 1 0.114 1 1 
       1400.931
1 1 1 1 1 1 1 1 1 1 1 1 0 1 1 1 1 1 1 1 0 0 1 1 0.241 1 1 1 1 
       2450.556
1 1 1 1 1 1 1 1 1 1 1 1 1 1 1 1 1 1 0 1 1 1 1 1 0 0 1 1 0 1 1 0.944 1 1 1 1 1 1 1 1 0 1 1 1 1 1 1 1 0 1 
        650.890
1 1 1 1 0 0 1 1 1 1 0.879 1 1 1 
       1759.000
1 1 0 1 1 1 1 1 0 1 1 1 1 1 1 1 1 1 1 1 1 1 1 1 0 1 1 1 0 1 1 1 0 1 1 1 1 
       1940.589
1 1 1 0 1 1 1 1 0 1 1 1 1 0 1 1 0 1 1 1 1 1 1 1 1 1 1 1 1 0.779 1 1 1 0 1 0 1 1 1 1 1 
       2680.740
1 1 1 1 1 1 1 0.540 1 0 1 1 1 1 1 1 1 1 1 1 1 1 1 0 1 1 1 0 1 1 1 1 1 0 1 1 0 1 1 0 1 1 1 1 0 0 
        833.577
0 1 1 1 1 1 1 1 0.479 1 1 1 0 1 1 
        293.000
1 1 1 1 1 0 1 
        121.674
1 0.453 1 
        147.263
1 1 0.184 
        670.446
1 1 1 1 1 1 1 1 1 1 0.494 1 0 
       2336.620
1 1 0 1 1 1 1 0.740 1 1 1 1 1 1 1 1 1 1 1 0 1 1 1 1 1 1 1 1 1 1 0 1 1 1 1 0 1 1 1 1 1 0 1 1 1 1 1 0 1 
        133.000
0.667 1 1 1 
        859.492
1 0.082 1 1 1 1 1 1 1 1 1 1 1 0 1 0 1 1 1 1 
       1705.906
1 0 1 1 1 1 1 1 1 1 1 1 1 1 1 1 1 1 1 0.741 1 1 0 1 0 1 1 1 0 1 1 1 1 1 1 0 
        699.174
1 1 1 1 0.478 1 1 1 1 0 1 1 1 
        986.417
1 1 1 1 1 1 1 1 1 1 1 1 1 0 1 0.083 1 1 1 
       1387.158
0 1 1 1 1 0 1 1 1 1 1 1 1 1 1 1 1 1 1 1 1 1 1 0.053 1 1 0 1 0 
        755.537
1 1 1 0.254 1 1 1 1 1 1 1 1 1 0 1 1 1 
        314.364
1 1 1 0.273 1 
        986.803
1 1 1 1 0 1 0.787 1 1 1 1 1 1 1 1 1 1 0 1 0 1 1 
        382.213
0.067 1 1 1 1 1 1 
       1215.880
1 1 1 0.924 0 1 1 0 1 1 0 1 1 1 1 1 1 1 1 1 1 1 
        245.170
1 1 1 1 0.470 1 
       1609.267
1 0 1 1 1 1 1 0 0 1 0 1 0 1 1 1 1 1 1 1 1 1 1 1 1 1 1 1 1 1 0.933 0 1 0 1 1 
         39.894
0.798 
       2092.320
1 1 0 1 1 1 1 1 1 1 1 1 0 1 0 1 1 1 0 1 1 1 1 1 1 1 0.740 0 0 1 1 1 0 1 1 1 1 1 1 1 1 1 1 0 1 
       2589.974
1 1 1 1 1 1 1 1 1 0 1 1 1 1 1 1 1 0.461 1 1 1 1 1 1 1 1 0 1 1 0 1 1 1 1 0 1 1 1 1 1 1 1 1 1 1 1 0 0 0 
       1279.901
1 1 1 1 1 1 1 1 1 1 1 1 1 0 1 1 1 1 1 0.070 0 0 1 1 1 1 1 1 1 1 1 1 1 
        254.406
1 1 0.406 1 1 1 1 
       2015.940
1 0 1 1 1 1 1 0 1 0 1 1 1 1 1 1 1 1 1 0 1 1 1 1 1 1 0 1 0 1 1 0.380 1 1 1 1 1 0 1 1 1 1 1 1 1 1 1 
       1721.000
1 1 1 1 1 1 1 1 0 1 0 1 1 1 1 1 1 1 0.250 1 1 1 1 1 1 0 0 1 1 1 1 0 1 1 0 1 1 1 1 1 1 1 1 
       1610.852
1 1 1 0 0 1 1 1 1 0.685 1 1 1 0 1 0 1 1 1 1 1 1 1 1 0 1 1 1 1 1 1 0 1 1 1 
         16.605
0.791 
       1762.200
1 1 0 1 1 1 1 1 1 1 1 1 1 1 1 1 1 1 1 1 1 0 0 0 1 1 1 1 1 1 0.300 1 
        188.892
1 1 1 0.169 
        927.371
1 1 1 1 1 1 1 0.742 1 1 0 1 1 1 1 0 
        485.063
1 1 1 1 1 1 1 1 1 0.438 1 0 
       1494.000
1 1 1 1 1 1 1 1 1 1 1 1 1 1 0 1 1 0.091 0 1 1 1 1 1 1 0 1 1 
       1227.571
0 1 1 1 1 1 1 1 1 1 1 1 1 0 1 1 1 1 0 1 1 1 0 0 1 1 0.704 1 
       2684.821
1 1 1 1 1 1 1 1 1 1 1 1 0 1 1 1 1 1 1 1 1 1 1 1 0 0 0.768 1 1 1 1 1 1 0 1 1 1 1 1 1 1 1 1 1 1 0 1 1 1 0 
        177.787
0.426 1 1 
       1189.056
1 1 1 1 1 1 1 0 1 1 1 0 1 0.180 1 1 1 0 1 1 1 1 1 0 1 
        261.546
1 0.526 1 1 
        877.319
1 1 1 1 0 1 1 1 1 1 1 1 1 1 0.787 0 
       1647.615
1 1 1 1 1 1 1 1 0 0 1 1 1 0.538 1 1 1 1 1 1 1 0 1 1 1 0 1 1 1 1 0 1 1 1 1 1 1 
        988.170
1 1 1 1 1 1 1 1 0 1 1 1 1 1 1 1 0 1 1 1 0 1 0.245 1 1 
       1813.293
1 1 1 1 0 1 0.121 1 1 1 1 1 1 1 1 1 1 1 0 1 1 1 1 1 1 1 1 0 1 1 1 1 1 1 1 1 1 0 
       1895.857
1 1 1 1 1 1 1 1 1 1 1 1 1 1 1 1 1 1 0 1 0.327 1 1 1 1 1 1 1 0 1 0 1 1 1 0 0 1 1 1 
        197.273
0 1 1 1 0.636 
        699.036
1 1 1 1 1 0 1 1 1 1 1 1 0 1 0.536 1 1 1 
       1157.235
0 1 1 1 1 1 1 1 1 1 1 1 0 1 1 1 1 1 1 0 0.694 
       1072.828
1 0 1 1 1 0 1 1 1 0.838 1 1 1 0 1 1 1 1 1 0 1 1 1 
        813.987
1 0 1 0 1 1 0 1 1 1 1 1 0.653 1 1 1 1 1 
       1614.729
1 1 1 1 1 1 1 0 0 1 1 1 1 1 1 1 1 0.695 0 0 1 1 1 1 1 1 1 1 1 1 1 1 1 1 1 1 1 1 
       1403.659
1 0.505 1 0 1 1 1 1 1 1 1 1 1 1 1 1 0 1 1 1 1 1 1 1 0 0 0 1 1 
       1638.864
1 1 0 0 1 1 1 1 1 1 1 0 1 0 1 1 1 1 1 1 1 1 1 1 0 0.352 1 1 1 1 1 1 1 1 0 
        527.333
1 1 1 1 1 1 1 0 1 1 1 0.667 
       2061.870
1 0 0 1 0 1 1 1 1 1 1 1 1 1 1 1 1 1 1 0.174 1 1 1 1 1 1 1 0 1 1 1 1 0 0 1 1 1 1 1 1 1 1 1 0 1 1 1 
        136.036
1 1 1 0.458 1 0 
         53.338
1 0.521 1 1 
       2105.551
0 0 1 1 1 1 1 1 1 1 1 0 1 1 0 1 1 1 0 0 1 1 1 1 1 0.204 1 1 1 1 1 1 1 1 1 1 1 1 1 1 1 1 1 1 0 
       1635.438
1 0.034 1 0 1 1 1 1 1 1 0 1 1 1 1 1 1 1 1 1 0 1 1 0 1 1 1 1 1 1 1 1 
        629.829
1 0 0.776 1 1 1 1 0 1 1 1 1 
        860.000
0 1 1 1 1 1 1 1 0.152 1 1 1 1 1 1 
        113.900
1 0.633 
        885.091
1 0.818 1 1 1 1 1 1 1 1 0 1 1 1 1 0 1 1 1 
        387.535
1 1 1 1 0 0.451 1 
        595.295
1 0.253 0 1 1 1 1 1 1 1 1 1 1 1 1 
        934.551
1 1 1 1 0 1 1 1 1 1 1 1 1 1 0 1 1 1 0.754 1 1 
        760.589
0.768 1 1 1 1 1 1 1 1 1 0 1 
        474.286
1 1 1 1 1 0.857 1 1 0 1 
        814.135
1 1 0.541 1 1 1 0 1 1 1 1 1 1 1 1 0 1 
       1344.000
1 1 1 0 1 1 1 1 1 1 1 1 1 1 1 0 1 1 1 1 1 1 1 1 0 1 0 
       1986.333
1 1 1 1 0.655 1 1 1 1 1 1 0 1 1 1 0 1 1 1 1 0 1 0 1 1 1 1 1 1 0 0 1 1 1 1 1 
        226.871
1 1 0.386 1 
        646.616
1 1 1 1 1 1 0.980 1 1 0 1 1 1 0 1 
       1186.473
1 1 1 1 1 0 1 1 1 1 1 0 1 1 1 1 1 0.121 1 1 1 1 1 0 1 
        608.793
1 1 1 1 1 1 0 1 1 1 0.471 0 1 1 
       1803.823
1 1 1 1 1 1 1 1 1 1 1 1 1 1 0.339 1 1 0 0 1 1 1 1 1 1 1 1 0 1 1 1 0 
        465.386
1 1 1 0 1 0.145 1 1 1 
       2320.000
1 1 1 1 1 1 0.143 0 0 1 0 1 1 1 1 1 1 0 1 0 1 1 1 1 1 1 1 1 1 1 1 1 1 1 1 1 1 1 1 1 1 1 1 1 
       2114.813
1 1 1 0 1 0 1 1 1 1 1 1 1 1 1 1 1 0 1 1 0 1 0 1 0.646 1 1 1 1 0 1 1 1 1 1 1 0 1 1 1 1 1 1 0 1 1 1 1 
        127.884
0 1 1 0.488 1 
       1579.528
0 1 1 1 1 1 1 1 1 1 1 1 0 1 1 1 0.653 0 1 1 0 0 1 1 1 1 1 1 1 1 1 1 1 1 
        139.084
0.432 1 1 1 
       1850.962
0 1 1 1 1 1 1 1 1 1 1 1 1 1 0 1 0.628 1 1 1 1 1 1 1 0 1 1 1 1 1 0 1 1 1 0 1 1 0 
       2426.828
1 1 1 1 1 1 1 0.020 1 1 1 1 0 1 1 1 0 1 1 1 1 1 1 1 1 1 1 1 1 0 1 1 1 1 0 1 1 1 0 1 1 1 1 1 1 1 0 
       2023.636
1 0 0 1 1 1 1 1 1 1 1 0 0 1 1 1 1 1 1 1 1 0 1 1 0 1 1 0.091 1 1 1 1 1 1 1 1 1 1 1 1 
       1373.400
1 1 1 1 1 1 0 1 0.100 1 1 1 0 1 0 1 1 1 1 1 1 1 1 1 1 1 1 1 
       1119.565
1 0 0.457 1 1 1 1 1 1 1 1 1 1 1 1 1 1 0 1 1 1 1 0 
       2528.727
1 1 1 1 1 0 1 1 0.864 1 1 1 1 1 1 1 1 1 1 1 1 1 1 1 1 1 0 1 0 1 1 1 1 1 1 1 1 1 1 1 0 1 1 0 1 0 1 0 
       2555.000
0 0 1 1 1 1 1 1 1 1 1 1 1 1 0 0 1 1 1 1 1 1 1 1 1 1 0 1 1 1 1 1 1 1 1 1 1 0.348 0 1 0 1 1 1 1 1 1 1 1 1 
       1898.490
0 0 1 1 1 1 0 1 1 1 1 1 1 1 1 1 1 1 1 1 1 1 0.552 1 1 1 1 1 1 1 1 1 1 1 0 1 1 1 
       1655.230
1 0 1 1 1 1 1 1 1 0 1 1 1 1 1 1 0 0.131 1 1 1 1 1 1 1 1 1 1 1 
       1045.560
1 0 1 1 1 1 1 1 0.480 1 1 1 1 0 1 1 1 1 
       1231.540
1 1 1 1 1 0 0 0 1 0.780 1 1 1 1 1 0 1 1 1 1 1 1 1 
        317.533
0 1 1 0.947 1 1 
        986.842
1 1 1 1 1 1 0.895 1 1 1 0 0 1 0 1 1 1 1 1 1 
       2679.438
1 1 1 1 1 1 1 1 1 1 1 0 1 0 1 1 1 1 0 0.771 1 1 0 1 1 1 1 1 1 1 0 1 1 1 0 1 1 1 1 1 1 1 0 1 1 1 1 0 1 
       1933.753
1 0 1 1 0.989 1 1 1 1 1 1 1 1 1 1 1 1 1 1 1 0 1 1 1 1 1 1 1 1 1 1 0 1 1 1 0 
        258.796
1 1 1 0.376 1 
         92.893
1 0.482 1 
       1806.691
1 1 1 0 1 1 1 1 1 1 1 1 1 1 1 1 1 1 1 1 1 1 0 1 1 1 1 1 0.041 1 1 1 0 1 
        396.684
1 1 1 0.737 1 0 1 0 1 1 
        370.909
1 1 1 0 1 1 1 0.682 
        287.972
0.761 1 1 1 1 1 0 1 
        696.561
1 0 1 1 1 1 1 0.509 1 1 1 1 1 1 0 1 1 0 1 
       1873.557
1 1 1 1 1 1 1 1 1 1 1 1 1 1 1 1 1 1 1 1 0 1 1 1 1 1 1 0 1 1 1 0 1 1 1 1 0 0 0.807 1 1 
        424.818
0 1 1 1 1 1 1 0 1 1 1 0.515 
        462.922
1 0.922 1 1 1 1 0 0 1 1 
        306.056
0.211 1 1 1 1 1 
       1727.682
0 1 1 1 1 0 1 1 1 0 1 1 1 1 1 1 1 1 1 1 1 1 0 1 1 0 1 1 1 1 1 0.034 1 1 1 1 1 
       1873.914
1 1 1 1 1 1 0 1 1 0 1 1 1 1 1 1 1 1 0 1 1 1 1 1 1 1 1 0 1 1 1 0 1 1 1 1 1 1 1 1 0 1 0.951 
        334.472
1 0.094 1 1 1 1 
       1902.169
1 1 1 1 0 1 1 1 1 1 1 1 1 1 1 0 1 1 1 1 1 1 1 0 0 0 1 1 1 1 1 1 1 1 0 1 0.246 1 1 1 1 1 1 
        375.386
1 1 1 1 0.186 1 1 
       2407.216
1 1 1 1 1 1 0 1 1 1 1 1 0 1 1 0 1 1 1 1 1 1 1 0 1 1 1 0 1 0.757 1 1 1 1 1 0 1 1 1 1 1 1 1 0 1 1 1 1 1 
       1154.161
1 1 1 0 1 1 1 1 1 0 1 1 1 1 1 1 1 1 0 1 1 1 0.677 1 1 1 1 1 
       1470.182
1 1 1 1 1 1 1 1 1 1 1 1 1 1 0 1 1 1 1 1 1 1 0.091 1 0 1 1 1 1 1 
        424.826
1 0.217 1 1 1 1 1 1 1 
       1864.383
1 1 1 1 0 1 1 1 1 0 1 1 1 1 0 0 1 1 1 1 1 1 1 1 1 1 0.284 1 0 1 1 1 0 1 1 1 
        302.063
1 1 1 1 1 0.469 
       1412.812
1 0 1 1 1 1 1 1 1 1 1 1 1 1 0 1 1 1 1 1 1 1 0.029 0 0 1 1 1 1 
       2220.019
1 1 1 0 1 1 1 1 1 0 0 1 1 1 1 1 0 0 1 1 1 1 1 1 1 0 1 1 0.472 1 1 1 1 1 1 1 1 1 1 1 1 1 1 1 1 
        516.875
1 1 1 1 1 1 0.075 1 1 
       1579.312
0 1 0 1 1 1 1 1 1 1 1 0 1 1 1 1 0.494 1 1 1 0 1 1 1 1 1 1 1 1 1 1 0 1 
       2175.434
1 1 0.472 1 1 1 1 1 1 1 1 1 1 1 0 1 1 1 0 1 0 1 1 1 1 0 1 1 1 1 1 1 1 1 1 1 0 1 1 1 1 0 1 0 
        313.417
1 1 0.458 1 1 1 0 
        732.176
1 0 1 1 1 1 0 1 0.882 1 1 1 1 1 1 1 
        988.258
1 1 1 1 1 1 1 0 1 1 1 1 1 1 1 0.602 0 1 1 1 1 
       1267.195
0 1 1 1 1 1 1 1 1 1 0 0.506 1 1 0 1 1 1 1 1 1 1 1 0 1 
       1042.256
0.329 1 1 1 1 1 1 1 0 0 1 1 1 1 1 1 1 1 1 1 
       2739.532
1 1 1 1 1 1 1 0 1 1 1 1 1 1 1 0 1 0 1 1 1 0 1 1 1 1 1 1 1 1 1 1 0 1 1 1 1 1 1 1 1 0 0.809 1 1 1 1 1 0 1 
        885.578
1 1 0 1 1 1 1 0.344 1 1 1 1 1 1 1 
        162.850
0.450 1 1 
        165.417
0.292 1 1 1 
        228.143
1 1 0.405 1 1 
       1281.031
1 1 1 1 1 0 1 0 1 1 0 1 1 1 1 0.052 1 1 1 1 1 1 1 0 1 1 1 1 1 
       2311.941
1 0 1 1 1 1 1 1 0.529 1 1 1 1 1 1 1 1 1 1 0 1 1 1 0 1 1 1 1 1 1 1 1 1 1 1 1 0 1 1 1 1 1 1 0 1 1 0 
       1093.111
1 1 1 1 1 1 0 1 0 1 1 1 1 1 1 0 1 1 1 0.889 1 1 1 1 
        228.551
1 0.928 1 1 0 
       1955.870
1 1 0 1 1 1 0 1 1 1 1 1 1 0.043 1 1 1 1 1 1 1 0 1 1 1 1 1 1 1 1 1 1 1 1 0 0 1 1 1 0 1 1 1 
       1212.969
1 1 1 1 1 1 1 1 1 1 1 1 1 0 0.124 1 1 1 1 1 1 1 0 1 
        388.633
1 1 1 1 0.878 1 0 
        201.120
1 1 0.446 1 1 
        301.224
1 1 1 1 0.306 1 
        293.444
1 1 0.778 1 1 0 0 
       2227.036
1 1 1 1 0 1 1 1 1 1 1 1 1 1 1 1 0 1 0 1 1 1 0.614 0 1 1 0 1 1 1 1 1 1 1 1 1 1 1 0 1 1 1 
        846.603
1 1 0.632 1 1 1 1 1 1 1 1 1 1 1 0 0 
       2055.115
0 0 1 1 1 1 1 1 1 0 1 1 1 1 1 0 1 1 1 1 1 1 0 0.673 1 1 1 1 1 1 1 1 1 0 1 1 1 1 1 1 1 1 
       1502.922
1 1 1 0 1 0 1 1 1 1 1 1 1 1 1 1 1 0.344 1 1 0 0 1 1 1 1 1 1 1 1 1 1 
       1186.680
0 0.230 1 1 1 1 1 1 1 1 1 1 0 1 1 1 1 1 1 1 1 1 1 1 
       1656.247
0 1 1 1 1 1 1 0 1 1 1 1 0 1 1 1 0.014 1 1 1 1 1 1 1 1 1 1 1 1 1 1 1 
       1646.093
1 1 1 1 1 1 1 0 1 1 1 1 1 1 1 1 1 1 1 0 0 1 1 0.598 1 1 1 1 1 1 
        742.583
1 1 1 1 0.417 1 1 0 1 1 1 1 1 1 0 
        398.431
1 0.277 1 1 0 1 1 1 1 1 
       2459.667
1 1 1 0 1 1 1 1 1 0 1 1 1 1 0 1 1 1 1 1 1 0 1 1 0.583 1 0 0 1 1 1 1 1 1 1 1 1 1 0 1 1 1 0 1 1 1 1 1 
         77.409
1 0.705 
       2105.536
1 1 1 0 1 1 1 1 1 0 1 1 1 0 1 1 1 1 1 1 1 1 0 1 1 1 1 1 1 1 1 1 1 0.258 1 1 1 1 1 1 0 1 1 1 1 
       1422.654
1 1 1 1 1 1 1 0 1 1 1 1 1 1 1 1 0.987 1 1 1 0 1 1 1 0 1 1 1 0 
       1645.714
1 0.086 1 1 1 1 0 1 1 1 1 1 1 1 1 0 1 1 1 1 1 0 1 1 1 1 1 1 1 1 1 1 1 
       1085.465
1 1 1 1 0 1 0 1 0 1 1 0.626 1 1 1 1 1 1 
        302.841
0.683 1 1 1 1 1 0 
        685.932
1 1 0.123 1 1 1 0 0 1 1 1 1 1 1 
        346.235
1 1 1 1 1 0.024 1 
         75.300
1 0.725 
        218.966
1 0 1 1 1 0.586 
       1303.109
0 1 1 1 1 1 1 1 0 1 1 1 1 1 0 1 1 1 1 1 1 0.717 1 1 
        378.324
1 1 1 0 0.618 1 1 
         54.409
0 0.955 
        386.256
1 1 1 0.064 1 1 1 1 
       2288.541
1 0 1 1 1 1 1 1 1 1 1 1 1 0.027 0 1 1 1 1 1 1 1 1 1 1 0 1 0 1 1 0 1 0 1 1 1 1 1 0 1 1 1 
       1976.053
0 0 0 1 1 1 0 1 1 1 1 1 1 1 1 1 1 0 1 1 1 1 1 1 1 1 1 1 1 1 1 1 0 1 1 1 1 1 0.421 0 1 1 
       1275.970
1 1 1 1 1 1 1 1 1 1 1 1 1 1 0 1 1 1 1 1 0 0 1 1 1 0.848 0 1 1 1 
       1074.333
1 1 1 1 1 0 1 1 1 1 1 1 1 1 0 1 1 1 0.205 1 0 1 1 1 0 1 1 
        245.416
1 1 0.101 1 1 1 
       2039.105
1 1 1 1 0 1 0 1 1 0 1 1 1 1 1 1 1 1 1 0 1 1 1 1 0 1 1 0 1 1 0 1 1 1 0.974 1 1 1 1 
        148.674
0.558 1 0 1 
       2060.195
1 1 1 1 1 1 1 1 1 1 0 1 1 1 1 1 1 1 0 1 0 1 1 1 1 1 1 0 1 0 1 1 1 1 1 1 1 1 1 0.829 
       1298.935
1 1 1 1 1 1 1 0 0.484 1 1 1 1 1 1 1 1 1 0 1 1 1 
       1995.000
1 1 1 0 1 1 1 1 1 1 1 1 1 1 0 1 1 1 1 1 1 0 0 1 1 1 1 1 1 0.375 0 1 1 1 1 1 1 1 1 1 0 1 1 1 
       1723.374
1 0 1 0 1 1 1 1 1 1 1 0 1 1 1 1 1 1 0 1 1 1 1 0 1 1 1 0 1 1 1 1 1 1 1 1 1 1 0 1 0.293 1 
        890.000
1 1 1 1 0 1 1 0 1 1 1 0 1 1 1 1 
        887.600
1 1 1 1 1 1 0 1 1 1 1 1 1 1 0.371 1 1 1 1 1 1 0 
       1663.108
0 1 1 1 1 1 1 1 1 1 1 0 1 1 0 1 0.486 1 1 1 1 1 1 1 1 0 1 1 1 1 1 
        903.308
1 1 1 1 1 1 0 1 0 1 1 0 0.308 1 1 1 1 1 1 
       2234.966
1 1 1 1 0 0 1 1 1 1 1 1 1 1 1 1 1 1 1 1 1 1 1 0 1 0 1 1 1 1 0 1 1 1 1 1 0 1 1 1 1 0.563 
       1403.333
1 1 1 0 1 1 1 1 1 1 0 1 1 0 1 1 1 1 1 1 1 0.667 1 1 1 1 1 1 1 0 
        143.241
1 0.506 1 1 
       1124.356
1 1 1 1 0 1 1 1 1 1 1 1 0 0.789 1 1 1 1 1 1 1 0 1 1 
       2147.537
1 1 1 1 1 1 0.328 1 0 1 1 1 0 1 0 1 1 1 1 0 1 1 1 1 1 0 1 1 1 1 1 1 1 0 1 1 0 1 1 1 1 1 1 1 
       1854.182
1 1 1 1 1 1 0 1 1 1 1 1 1 1 1 0.104 1 1 1 1 1 1 1 1 1 0 0 1 1 1 0 1 1 1 1 1 0 1 1 
       1612.844
1 1 1 1 1 1 1 1 0 1 1 1 1 1 1 1 1 1 0 1 1 1 1 1 1 1 1 1 0 0.911 1 1 0 
        525.702
1 1 0.436 1 0 1 1 1 1 1 
        641.884
1 1 1 1 1 1 0 0.919 0 1 1 1 1 
       2321.110
1 1 1 1 1 1 1 0 1 1 1 0 1 1 1 0 1 0 1 1 1 1 1 1 1 1 0 1 1 1 1 1 1 1 1 1 1 1 0 0 1 0 1 1 0.671 1 1 1 1 1 
       1519.960
1 1 1 1 0.360 1 1 1 1 1 0 1 1 1 1 1 1 1 0 1 1 1 1 1 1 1 0 1 1 1 1 1 0 1 1 1 
       1060.442
1 1 1 1 1 1 1 0 1 0.905 1 1 1 1 1 0 1 1 1 0 
       1576.730
1 1 1 1 1 1 0.326 1 1 1 1 1 1 1 1 1 1 0 1 0 1 1 1 1 0 1 0 1 1 1 1 1 1 0 
        134.160
1 0.469 1 1 
        731.127
1 1 1 0 1 1 0.255 1 1 1 1 1 
       1753.650
1 1 0 1 1 1 0.390 1 0 1 1 1 1 1 0 1 1 0 1 1 1 1 1 1 1 0 1 1 1 1 1 1 1 1 1 1 1 
       1689.500
1 1 1 1 0.500 0 1 1 1 1 1 1 0 1 0 1 1 1 1 0 1 0 1 1 1 1 1 1 1 1 1 1 1 1 1 
       2262.558
1 1 1 1 0 1 1 1 1 0.814 1 1 1 1 1 0 1 0 1 1 1 1 1 0 1 1 1 0 1 1 0 1 1 0 1 1 1 1 1 1 1 
       1264.571
0 1 1 1 0 1 1 1 1 1 0.857 1 1 1 0 1 1 1 1 0 1 1 
       1086.245
1 1 1 1 1 1 1 1 1 1 1 1 1 1 1 1 1 0 0.327 0 1 1 1 1 
       2242.042
1 1 0 1 1 0 1 1 1 0.458 1 1 1 1 1 0 0 1 1 1 0 1 1 1 1 1 1 1 1 1 0 1 1 1 1 1 1 1 1 1 1 1 1 1 1 
       2095.667
1 1 1 1 1 1 0 0 0 1 1 0.630 1 1 0 1 1 1 1 1 1 1 1 0 1 0 1 1 1 1 1 1 1 1 1 1 1 1 1 1 1 1 1 0 1 
       1910.253
1 0 1 1 1 1 0 1 1 1 1 1 1 1 1 1 1 1 1 1 0 1 1 1 0.120 1 0 1 1 1 1 0 1 1 1 1 1 1 
        993.808
0 1 1 1 1 1 1 1 1 1 1 1 1 1 1 0.863 1 1 0 
       1903.714
1 0 1 1 1 1 1 0 1 1 0 1 1 1 1 1 1 0 1 1 1 1 1 1 0 1 1 1 1 1 1 1 1 1 0.357 1 1 1 
       2260.750
0 1 1 0 1 0 1 1 1 0.829 1 1 1 1 0 1 1 1 1 1 1 0 1 0 1 1 1 1 1 1 1 1 1 1 1 0 1 1 1 1 1 1 1 0 1 1 1 0 
        248.240
1 1 0.520 1 
       1290.279
1 0 1 1 1 1 1 0.838 1 1 1 0 1 1 1 1 1 0 1 0 1 1 1 
       2527.293
1 1 0 0 1 1 1 1 1 0 1 1 1 0.880 1 1 1 1 1 1 1 1 0 1 1 1 1 1 1 0 1 1 1 1 1 1 1 1 1 1 1 0 0 1 1 1 1 1 
       1110.852
1 1 1 1 1 1 1 0 1 0.654 1 1 0 1 1 1 0 1 1 1 1 1 1 1 1 1 1 0 
       1734.750
0 1 1 1 1 1 1 0 1 1 1 1 0 1 1 1 0.512 1 1 1 1 1 1 0 1 1 1 1 1 0 1 1 1 1 0 1 
       2525.378
1 1 1 1 1 1 1 1 1 1 1 0 1 1 1 1 1 1 1 0 1 1 1 1 1 1 1 0 1 1 1 1 1 1 0 1 0 0 1 0.919 1 1 1 1 1 0 1 1 1 
        357.320
0.155 1 1 1 1 1 1 
       1061.691
1 1 1 1 1 1 1 1 0 1 0.395 1 0 1 1 1 0 1 1 0 1 1 1 
        299.095
1 1 1 1 1 1 0.048 
       2121.176
1 1 1 1 1 1 0 1 1 1 1 0 1 0 1 1 1 1 1 1 1 1 1 1 1 1 1 1 1 1 1 1 1 0.647 1 1 0 1 1 0 1 1 1 0 0 
        724.692
0.297 1 1 1 1 1 1 1 1 1 0 
        432.530
0 1 0.554 1 1 0 1 1 1 1 1 1 
       1140.074
1 0.372 1 1 1 1 1 1 1 1 1 0 1 1 1 1 1 1 1 0 1 1 1 1 0 1 0 
        285.657
1 1 1 0.045 1 
        505.849
1 0 1 1 1 1 1 1 1 1 0.756 1 1 0 1 
        250.535
1 1 1 0.408 
       2129.189
1 0 1 1 1 0 1 1 1 1 1 0.057 1 1 1 1 1 1 1 1 1 1 1 1 1 1 1 1 1 1 1 1 1 1 1 1 1 0 0 1 0 
        272.043
0 0.649 1 1 1 1 
        883.758
1 1 1 0 1 1 1 1 1 1 1 0.055 1 1 1 1 1 
       1642.821
0.463 1 1 1 1 1 1 0 1 1 1 1 1 1 1 1 1 1 1 1 1 1 1 1 0 1 0 1 0 1 1 1 1 1 1 1 
        754.977
1 0.943 1 1 0 1 1 1 1 1 1 1 0 1 1 1 
       1170.546
0.825 1 1 0 1 1 0 1 0 1 1 1 1 1 1 1 1 1 1 1 1 1 
       2206.000
1 1 1 1 1 1 1 1 1 1 1 1 1 1 1 1 0 1 0 1 1 0 1 1 1 1 1 0 1 1 1 0 0 1 1 1 1 1 0.588 1 1 1 1 1 1 1 
        590.077
1 1 1 1 1 0 1 0.615 1 1 1 
        122.985
1 1 0.388 1 
       1221.730
1 1 1 1 1 1 1 1 1 0 1 1 0 1 0.203 1 1 0 1 1 1 1 
       1772.667
1 1 0 1 1 1 0 0 1 1 1 1 1 0.333 0 1 1 1 1 1 1 0 1 1 1 1 1 1 1 1 1 1 1 1 
       1673.264
1 0 1 1 1 1 1 1 1 1 1 0 1 1 0.835 1 1 1 1 1 1 1 1 1 1 1 0 1 
        562.486
1 1 0.054 0 1 1 1 1 1 1 1 1 
       1251.347
1 1 0 1 1 1 1 1 1 0.102 1 1 1 1 1 1 1 1 1 1 1 0 1 0 1 1 
       1611.374
1 0 1 1 1 1 0 1 1 1 1 0.010 1 1 1 1 1 0 1 1 1 1 1 1 1 1 1 1 
        290.156
1 1 1 1 0.344 
       1846.400
1 1 1 1 0 1 1 1 1 0.695 1 1 1 1 1 1 1 1 1 1 1 0 0 1 1 1 0 1 1 1 1 1 0 1 1 1 
        510.071
1 1 1 0 0 1 1 1 1 0.929 1 1 
       1282.820
1 1 1 1 1 0 1 1 1 1 0 1 1 1 0.426 1 1 1 1 1 0 1 1 1 1 1 
       1648.839
1 1 1 1 1 1 1 0 1 0 1 1 1 1 0 1 1 1 1 1 1 1 1 1 1 1 1 1 1 0 1 1 0.645 1 1 0 1 
       1532.678
1 1 1 1 1 1 1 0 1 1 1 1 1 1 1 1 0 1 1 1 0 1 0 1 0.747 1 1 1 1 1 
       1682.654
1 1 1 0 1 1 1 1 0 1 1 1 1 1 1 1 1 1 1 1 1 1 1 1 1 1 1 0 1 1 0 1 1 0.247 
       2169.000
1 0 0 1 1 0 0 1 1 1 1 1 1 0 1 1 1 1 1 1 1 1 1 1 1 1 1 1 1 1 1 0 1 1 1 1 1 0 1 1 1 1 1 1 1 
       1767.455
0.091 1 1 0 1 1 1 1 1 1 1 1 1 1 0 1 1 1 1 1 1 0 1 1 1 1 1 0 1 1 1 1 1 1 0 1 0 1 
        722.571
1 0 1 0.048 1 1 1 1 1 1 1 0 1 1 1 1 1 1 
       2008.600
1 1 1 1 1 1 0 0 1 1 1 1 1 1 1 1 0 0 0 1 1 1 1 0 1 1 1 1 1 1 1 1 1 1 1 0.400 1 1 
        793.056
1 1 1 1 1 0 1 1 1 1 1 1 0 0.611 1 1 1 
        431.412
1 1 0.141 1 1 1 1 
        870.333
1 0 1 1 1 1 0 1 1 1 1 1 0 1 1 1 1 1 1 0.467 
        752.098
1 1 0.770 0 0 1 1 1 1 1 1 1 1 1 1 1 
       2353.800
0 1 1 1 1 1 1 1 0 1 1 0 1 1 1 1 1 0 0 1 1 1 1 1 1 1 1 1 1 0 1 1 1 1 1 1 1 1 1 1 1 1 1 1 1 0.200 1 1 1 
       1956.873
1 1 1 1 0 1 1 1 1 1 0 1 1 1 1 0 0.492 1 1 1 1 1 1 1 1 1 1 1 1 1 0 0 1 1 0 1 1 1 1 1 
       1065.429
1 1 1 1 1 1 1 0 1 0 0.571 1 1 1 1 0 1 1 1 1 
       1296.724
1 1 1 1 0 1 0 1 1 1 1 1 1 1 1 1 1 1 1 0.897 1 1 1 0 1 1 1 1 
       2415.350
1 1 1 1 1 1 1 1 1 1 1 1 1 1 1 0 1 1 1 0 1 1 1 1 0 0 1 1 1 1 1 1 1 0.512 1 0 1 1 1 1 1 1 1 
        584.725
1 1 1 0.475 1 1 1 1 1 1 1 0 
       1738.563
1 1 1 1 1 1 0 1 0 1 1 1 1 0 1 1 1 0.104 1 1 1 1 0 1 1 0 1 1 1 1 1 1 1 1 1 1 1 1 1 1 1 1 0 
       2174.167
1 1 1 1 0 0.167 1 1 1 1 0 1 1 1 1 1 1 1 1 1 1 1 1 1 0 1 1 1 1 1 1 1 1 1 1 0 0 1 1 1 1 1 
       1866.836
1 1 1 1 1 1 1 1 1 1 1 1 1 1 0 1 1 1 1 1 1 1 1 0 0 1 1 1 1 0 1 1 0 1 1 1 1 0.131 1 1 1 1 1 0 1 
       2210.596
1 1 1 1 1 1 1 1 0 1 1 1 1 0.521 1 1 1 1 1 1 0 0 1 1 1 1 1 1 1 1 1 1 1 1 1 0 1 1 1 1 0 1 1 
       1610.061
1 0.184 1 1 0 1 1 1 1 1 0 1 1 1 1 1 1 0 1 1 0 1 1 1 1 1 1 1 1 1 1 0 1 
        701.521
1 1 0.372 1 0 1 1 1 1 1 1 
        142.552
0.655 1 
        268.768
1 1 1 1 0.283 1 1 
        461.013
0.848 1 1 1 1 1 1 0 1 0 
       1267.118
1 1 1 1 1 1 0 1 1 1 1 1 1 1 0 1 0 1 1 1 1 1 1 1 1 1 1 1 0.059 
       1912.636
1 1 1 1 1 1 1 1 1 0 0 1 1 1 1 1 0.636 1 0 1 1 1 1 1 1 1 1 1 1 1 1 1 1 1 1 1 0 1 0 0 1 1 
       1952.000
0 0 1 1 1 0 1 1 0 1 1 1 0 1 1 0 1 1 1 1 1 1 1 1 1 1 1 1 1 1 0 1 0 1 1 1 1 0 1 1 1 1 1 1 
       1969.903
1 0 1 1 1 0 1 0 1 1 1 1 0.968 1 1 1 1 1 1 1 1 1 0 1 1 1 1 1 1 1 1 1 1 1 1 0 1 1 1 
        691.660
1 1 1 1 1 1 1 1 1 1 1 1 0.426 0 1 
       1469.818
1 1 1 1 1 1 1 1 0 0.682 1 1 1 1 1 0 1 1 1 1 1 1 0 0 1 1 1 1 1 1 
       1254.521
1 1 1 1 1 1 1 1 1 1 0 1 0 1 0 1 1 0.670 1 1 1 1 1 1 
       1832.429
1 0 1 1 1 1 1 1 1 1 1 1 1 1 1 1 0 1 1 0 0 1 1 1 1 1 1 0 1 1 1 1 1 0.714 1 1 1 1 1 
       1678.063
1 1 1 1 1 0 0.563 1 1 1 1 1 1 1 0 1 0 1 1 1 1 1 1 1 1 0 1 1 1 1 1 1 1 1 1 1 0 
        864.547
1 1 1 1 1 0 1 1 1 1 1 1 1 1 1 1 0 0.198 1 
        117.411
1 0.678 
       2209.176
1 0.618 1 1 0 1 0 1 0 1 1 1 1 1 1 1 1 1 1 0 1 1 0 1 0 1 1 1 1 1 1 0 1 1 1 1 1 1 1 1 1 1 1 1 1 1 1 1 0 
        652.642
1 1 1 1 1 0 1 1 0.173 1 1 1 
        356.000
1 0.800 1 1 0 1 1 
        997.545
1 1 1 1 1 1 1 0 1 1 1 0 0.273 1 1 1 1 1 1 1 1 1 0 
       1402.333
0 1 1 1 1 1 0 1 1 1 1 1 0 1 1 1 1 1 1 0 1 1 1 0 1 0.872 0 1 1 
       1530.760
1 0.020 1 1 1 1 1 1 1 1 1 1 0 1 1 0 1 1 1 1 1 1 1 1 1 1 1 1 1 1 
       1971.390
1 1 1 1 1 1 1 1 1 1 1 1 1 1 1 1 1 1 0 1 1 1 1 0 1 1 1 1 0 1 1 1 1 1 1 0.407 0 1 
        532.412
1 0 1 1 1 1 0.619 1 0 1 
       1916.889
0 1 1 1 1 0.111 1 1 1 1 1 1 1 0 1 1 1 1 1 1 1 1 1 1 1 0 1 1 0 1 1 1 1 1 1 1 0 1 1 1 1 
       1173.571
1 1 1 1 1 0.762 1 1 1 1 0 1 0 1 1 1 1 1 1 1 1 
        318.074
1 0.704 1 1 1 0 0 1 1 1 
        696.195
1 1 1 0 1 1 1 0 1 1 0 1 0.805 1 1 1 
       1039.240
1 1 0 1 1 1 1 1 1 1 0 1 1 1 1 1 1 1 0.440 1 1 1 1 1 0 
       1915.143
0 0 1 0 1 1 1 1 0 1 1 1 1 1 1 1 1 1 1 1 1 1 1 1 1 1 0 1 0.929 1 1 1 0 1 1 1 1 1 1 0 1 0 
       1278.550
1 0 1 0 1 1 1 1 1 1 1 1 1 1 1 1 1 1 0.237 1 1 0 
        694.240
1 1 1 1 1 1 1 1 1 1 1 0 0 0.453 
          8.744
0.795 
       2023.290
1 1 1 0 1 1 1 1 1 0 1 1 0 1 1 1 1 1 1 1 0.968 1 1 0 1 1 1 1 1 1 1 1 1 1 1 1 1 1 0 
         44.800
0.800 
       2267.728
0 1 1 1 1 0 1 1 1 1 0 1 1 1 0 0.620 1 1 0 1 1 1 1 1 1 1 1 1 1 1 1 1 1 1 1 1 1 1 1 0 1 1 1 1 1 1 
       1724.188
1 1 0 1 1 1 1 1 0 1 1 1 1 1 0.781 0 1 1 0 1 0 1 1 1 1 1 1 1 1 1 1 1 1 1 1 1 1 
       1272.228
1 1 0.139 0 1 1 1 1 1 1 1 1 0 1 1 1 1 1 1 1 1 1 1 1 1 
       1566.398
0 1 1 1 1 1 1 1 1 1 1 0 1 1 1 1 0 1 1 1 1 1 1 1 1 0 1 1 1 1 1 1 0.235 1 
       1641.000
1 1 1 1 1 1 1 0 1 1 1 0 1 1 0 1 0.450 1 1 1 1 0 1 1 1 1 1 1 1 
       1273.000
1 0 1 1 1 1 1 1 0.500 1 1 1 1 1 1 1 1 1 1 0 1 1 0 1 1 
       1488.155
1 1 1 1 1 0 1 1 1 1 1 1 1 0 1 1 1 1 1 1 1 1 1 1 1 1 0 1 1 1 1 0 1 1 1 0.763 1 
       1446.318
1 1 1 1 1 0 1 0 1 0 1 1 0.045 1 1 1 1 1 0 1 1 1 1 1 1 1 1 1 1 1 1 1 
        437.500
1 1 1 0 1 1 1 1 1 0.750 
        545.088
1 1 0 0 1 1 0.735 1 1 1 1 1 1 1 1 
       1552.920
1 1 1 1 0 1 1 0 1 1 1 1 1 1 1 0 1 1 0 1 1 1 1 1 1 0.520 1 1 1 1 1 1 1 1 
       1176.383
1 1 1 1 1 1 1 1 1 1 1 1 1 1 1 1 1 0 1 1 0 0.086 1 1 
        631.159
0 1 1 1 0.795 1 1 1 1 1 
       1137.432
0 1 1 0 0.297 1 1 1 1 1 1 1 1 0 1 1 1 1 1 1 1 1 1 1 0 1 
       2699.277
1 1 1 1 1 0 1 1 1 1 0 1 1 1 1 0 0 0 1 1 1 1 1 1 1 1 1 1 1 1 0 1 1 1 1 1 1 1 0 1 0 0.851 1 1 1 1 1 1 0 1 
        518.810
0.190 1 1 1 1 1 1 1 0 
       1634.854
1 1 1 1 1 1 1 1 0 1 1 1 1 1 1 1 0 1 1 1 0 1 0.775 1 1 1 1 1 1 1 
       2077.864
0 0.489 0 1 1 1 1 1 0 0 1 1 1 1 1 1 1 1 1 1 1 1 1 0 1 1 1 1 1 1 1 1 1 1 1 1 1 1 1 1 1 1 1 1 
        174.767
0.603 1 1 
       1012.186
1 1 1 1 1 1 1 1 1 0 1 1 1 0.175 0 0 1 1 1 1 
       2538.408
0 1 1 1 1 0 1 0 1 1 1 1 1 1 1 0 0.127 1 1 0 1 1 1 1 1 1 1 1 1 1 1 1 1 1 1 1 1 1 1 1 1 1 0 1 1 1 1 1 1 
       1609.367
1 1 0 1 1 1 0.898 1 1 1 1 1 1 1 1 0 0 1 1 0 1 1 1 1 1 1 1 1 1 1 1 1 1 1 1 1 1 0 1 0 1 
        507.203
1 1 1 1 1 1 0 1 1 0 1 0.620 1 
        384.038
1 1 0.731 0 1 1 1 1 1 1 
       1313.600
1 1 1 1 1 0.650 1 1 1 0 1 1 0 1 1 1 1 1 1 1 1 1 0 1 1 1 0 1 
        892.842
1 1 1 0.684 1 1 1 0 1 1 1 1 1 0 1 1 1 1 
       2511.107
1 1 1 1 1 0 1 1 0 0 1 1 1 1 1 1 1 0 1 1 0 1 1 1 1 0 1 0.893 1 1 1 1 1 1 1 1 0 1 1 1 1 1 1 0 1 1 1 
        536.044
1 0.311 1 1 1 1 0 1 1 1 1 1 1 
       1934.217
1 1 1 1 1 1 1 1 1 0 1 0 1 1 0 1 1 1 1 0.511 1 1 1 1 0 1 1 1 1 1 0 1 1 1 1 1 1 1 1 1 
        500.947
1 1 1 0.053 1 1 1 1 
        841.323
1 1 0.462 0 1 1 1 1 1 1 0 1 0 1 1 1 1 1 
       1943.923
1 1 1 1 1 1 1 1 0 0.033 1 1 1 1 1 0 1 0 1 1 1 1 1 1 1 1 1 1 1 1 1 1 1 1 1 1 0 1 1 
        447.231
1 0 1 1 1 1 0 0.885 
        603.000
0.750 1 1 1 1 1 1 1 0 1 1 0 1 1 
       2465.742
1 1 1 1 1 1 1 1 1 1 1 0 1 0 1 1 1 0 1 1 1 1 1 1 0 1 1 1 0 1 0 1 0 1 1 1 0 0.979 1 0 1 
        984.411
0.642 1 1 0 1 1 0 1 1 0 1 1 1 1 1 1 1 1 1 1 1 
       1828.764
1 1 0 1 0 1 1 1 0 1 1 1 1 1 1 1 1 1 1 1 1 1 0 1 1 1 1 0 1 1 1 1 1 1 1 0 1 0.685 1 0 1 1 1 1 0 1 
        413.227
1 0.795 1 1 1 1 0 1 1 1 
       1357.070
1 0 1 1 1 1 1 1 1 1 1 1 1 1 1 1 1 1 0 1 0 1 1 0.410 1 1 1 
        161.337
0.314 1 1 1 
       2431.194
0 0 1 1 1 1 1 1 0 1 1 1 1 0.387 1 1 1 1 1 1 0 1 1 1 1 1 1 1 1 1 1 1 1 1 0 1 0 1 1 0 0 1 1 1 1 
       1605.273
1 1 1 1 0 1 1 1 1 0 1 1 1 1 1 0 1 1 1 1 1 1 1 1 0.136 0 0 1 1 1 1 1 1 1 1 1 1 
       2025.350
1 1 1 1 0 0.010 1 1 1 1 1 1 1 1 1 1 1 0 1 1 1 1 1 1 1 0 1 1 1 1 1 1 1 1 1 1 0 1 1 1 0 
       1138.390
1 1 1 1 1 1 0.881 1 0 1 1 1 1 1 1 1 1 0 1 1 0 1 1 1 1 0 
       1224.167
1 1 1 1 1 1 1 1 1 1 1 1 1 1 0 1 1 1 1 1 0 1 1 0 1 1 0.646 1 1 0 0 1 1 
       1775.523
0.068 1 1 1 1 1 1 1 1 1 0 1 1 0 1 1 1 1 1 1 1 1 1 1 1 0 1 0 1 
       1968.660
1 1 1 0.180 1 1 1 1 0 1 1 1 1 1 0 1 0 1 1 1 1 1 1 1 0 1 1 1 1 1 0 1 1 1 1 1 1 
       1621.195
1 1 1 1 0 0 1 1 1 1 1 1 1 0 1 1 1 0 1 0 1 1 1 1 1 1 1 1 1 1 1 1 1 0.951 1 1 
       1007.440
1 1 0.470 1 1 0 1 1 1 1 1 0 1 1 1 1 0 1 1 
       1847.333
1 1 1 1 1 1 0 1 0 1 0 1 1 1 1 1 1 1 1 1 1 1 1 0 1 1 1 1 1 1 0 1 0 1 1 1 1 1 1 0.196 1 
       1098.378
1 1 1 0 1 1 1 1 1 1 1 0 1 1 1 0.356 1 1 0 1 
       1678.000
1 1 1 1 0 1 1 1 1 1 1 1 0.700 0 0 1 1 1 0 1 1 1 0 1 1 1 1 1 1 1 1 1 1 1 1 1 1 
        195.188
1 1 0.385 1 
         63.531
1 0.656 
        447.459
0 1 1 1 1 1 1 1 1 0.378 
        941.859
1 0 1 1 1 1 1 1 1 1 1 0 1 1 0.437 1 1 1 
       1484.710
1 1 0 1 1 1 1 1 0.190 1 1 1 1 0 1 1 0 0 1 1 1 1 1 1 1 1 1 1 1 1 1 1 
       1701.559
1 1 1 1 1 1 1 1 1 1 1 0 1 1 0 1 1 0 1 1 1 1 1 1 1 0 1 1 0.206 1 1 0 1 1 1 
        189.370
0.065 1 1 1 
        601.710
1 1 0.871 0 1 1 1 1 1 
       2166.000
1 1 1 1 1 1 1 1 1 1 1 0 1 1 1 1 1 0 1 1 0 1 1 1 1 1 1 0 1 1 0 1 1 1 1 1 1 0 1 1 1 1 
       2007.290
1 0 1 1 1 1 1 1 1 0 0 0 1 0 1 1 1 0 1 1 1 1 0 1 1 1 1 1 1 1 1 1 0.978 1 1 1 1 1 1 1 
       1313.638
0 0 1 1 0.468 1 1 1 1 1 1 1 1 1 1 0 1 1 1 1 1 1 1 
       1339.075
1 1 1 1 1 1 1 1 1 1 1 1 1 0 1 0 1 1 0 1 1 1 1 0.567 1 
        546.000
0 1 1 1 0 1 0.919 1 1 1 1 
       1442.909
1 0 0.727 1 1 1 1 1 1 1 1 1 1 1 1 1 1 1 1 0 1 1 1 1 0 1 
        393.568
1 1 0.330 1 1 1 1 1 
        406.253
1 1 1 1 1 1 0.189 
       2233.750
0 1 1 1 1 1 1 0 1 1 1 1 1 1 1 1 1 1 1 0 1 1 1 1 1 1 1 0 1 0 1 1 1 1 0 1 0.625 1 1 1 1 1 1 
        334.223
0.074 1 1 1 1 1 1 1 
       1908.063
1 1 0 1 0 1 1 1 1 1 0 1 1 1 1 1 0 1 1 1 1 1 1 1 1 1 1 1 0 0 1 1 1 1 0 1 1 1 1 0.698 1 0 1 1 1 1 1 
        456.733
1 1 1 0.378 1 1 1 1 
        784.809
1 0.787 1 1 1 0 1 1 1 1 0 1 1 1 1 1 1 
       1802.297
1 1 0 1 1 1 1 1 1 1 1 0.109 1 1 1 1 1 1 1 0 1 1 1 1 0 1 1 1 1 1 1 1 1 0 1 
       1486.000
0 1 1 1 0 1 1 1 1 1 1 1 1 1 1 1 1 1 1 1 1 1 1 0 0 1 1 0 
        823.909
0 1 1 1 1 0.966 1 1 1 1 0 1 1 1 1 1 1 0 1 
       2376.894
1 1 1 1 1 1 1 0 1 1 1 1 1 1 1 1 1 0 0.652 1 1 0 1 1 1 1 1 1 1 1 0 1 1 1 1 0 1 0 1 1 0 0 1 
        136.623
1 0.679 1 
        471.675
0 0.075 1 1 1 1 1 1 
       1860.218
1 1 1 1 1 1 1 1 1 1 1 1 0 1 1 1 1 1 1 1 0 1 1 1 0 0 1 1 1 1 1 0.736 1 1 1 1 0 1 
       1153.740
0 1 1 1 1 0 1 1 1 0 1 1 1 1 1 0.980 1 1 1 0 1 1 1 1 
       1101.000
1 1 1 0.650 1 1 1 1 1 1 1 0 1 1 1 0 1 1 1 
        760.435
1 1 1 1 1 1 1 1 0.826 1 1 0 1 0 
       1527.000
1 1 1 1 1 1 1 1 1 1 1 0 1 1 1 1 0 1 1 1 1 0 1 1 1 1 1 1 0 1 0.346 0 0 1 
        639.174
0.435 1 1 0 0 1 1 1 1 1 1 1 1 1 1 
        628.654
1 0 1 1 1 1 1 1 0.877 1 1 1 1 1 1 1 0 1 
        708.012
1 1 0.376 1 1 1 1 1 0 1 1 1 1 1 1 1 
       1513.351
1 1 1 1 1 1 1 1 0 1 1 1 0.052 1 1 1 0 1 1 0 1 1 1 1 1 1 
        370.062
1 1 1 1 0 1 1 1 0.169 1 1 
        859.143
1 1 1 1 1 1 1 1 1 1 0.490 1 0 1 1 1 0 
        743.900
1 1 1 1 1 1 1 1 0 1 1 1 0.825 1 0 1 
        286.059
1 1 0.255 1 1 1 
        890.558
0 1 1 1 1 1 1 1 1 1 1 0.327 0 1 0 1 1 1 
       1667.417
1 0 1 1 0 1 1 1 1 1 1 1 0 0.155 1 1 1 1 1 1 1 1 1 1 1 1 1 1 1 1 
       2129.274
0 0 1 1 1 1 1 1 1 1 1 1 1 1 1 1 1 1 0 1 1 1 1 0 1 1 1 0 0.558 1 1 1 1 1 1 1 1 1 1 1 0 1 1 
       1189.750
1 1 1 1 1 1 1 1 1 1 1 1 1 1 1 1 1 0 1 1 0 0.875 0 1 
        956.200
1 1 1 1 1 1 1 1 0 1 0 1 1 0.744 1 1 1 0 1 1 
       1561.368
1 1 1 1 1 1 1 1 1 1 1 1 1 1 1 1 1 1 0 1 1 1 1 1 1 1 0 1 0 1 1 0.253 
       1932.655
1 1 1 1 1 1 1 0 1 1 0 1 1 1 1 1 1 0 0.966 0 1 1 1 1 0 1 1 1 1 1 1 1 1 1 1 1 1 0 1 1 1 1 
       1896.882
1 0 1 1 1 1 1 1 1 1 1 1 0.471 1 1 1 1 1 1 1 0 1 1 0 1 1 1 1 0 1 1 1 1 1 1 0 1 0 1 1 
        488.727
1 0.974 1 1 0 1 1 1 0 
       1976.319
1 1 1 1 1 1 1 0 1 0 1 1 1 0.116 1 1 1 1 1 1 1 0 0 0 1 1 1 1 1 1 1 1 1 1 1 1 1 1 1 1 
        278.353
0.941 0 1 1 1 
       1327.048
0 1 1 1 1 1 1 1 1 1 1 1 0.157 0 1 1 1 1 1 1 0 1 1 1 
       1397.989
1 1 1 1 1 1 1 0 1 1 0 0.674 0 1 1 1 1 1 1 1 1 1 0 1 1 1 
       2124.211
1 1 1 1 1 1 1 0 1 1 1 0 1 1 1 1 1 1 0 0.268 1 1 1 1 1 0 1 1 1 0 1 1 1 1 1 1 1 1 1 1 1 1 1 
       2237.158
1 0 1 1 1 1 0 1 0 1 1 1 1 1 1 1 1 1 1 1 1 1 1 1 1 1 1 0.763 0 1 1 1 1 1 1 1 0 1 1 1 0 1 1 
        541.923
0 1 1 0 1 1 1 0.538 1 1 1 
       1478.892
1 1 1 1 1 1 1 1 1 0 1 1 1 0 1 1 1 0 1 1 1 1 1 1 1 1 0 1 0 0.135 
       2494.701
1 1 1 1 1 1 1 1 0 1 1 1 1 1 0 1 1 1 1 1 1 1 1 0 0 1 1 0 1 0.908 1 1 1 1 1 1 1 0 0 1 1 1 1 1 1 1 0 1 1 1 
         84.895
1 1 0.561 
       1347.143
1 1 1 1 0 0 1 1 1 1 1 1 1 1 1 1 1 1 1 1 1 0 0 1 1 1 1 0.595 1 1 1 1 
       2182.685
1 1 1 1 0 1 1 0 1 0 0 1 1 1 1 1 1 1 1 0.795 1 1 0 1 1 1 1 1 1 1 1 1 1 1 1 1 1 1 1 1 1 1 
        648.727
1 1 1 1 0.182 1 1 1 0 1 1 1 1 1 1 
       1490.117
1 1 1 1 1 1 1 1 1 1 1 1 1 1 1 1 0 1 0 1 1 0.208 1 1 1 0 1 1 0 1 1 1 
       1653.733
1 1 1 0 1 1 1 1 1 0 1 1 1 0 1 1 1 1 1 1 0 1 1 1 0 1 1 1 1 0.911 1 1 
        180.805
0.195 1 1 
        779.690
1 1 1 0.726 1 0 1 1 1 1 1 0 1 1 1 
       1793.116
1 0 1 1 1 1 0 1 1 1 1 1 1 0 1 1 1 0 0.814 1 1 1 1 1 1 1 1 1 1 
        265.044
0.311 1 1 1 
       1489.167
1 0 1 1 1 0 1 1 1 1 1 1 1 1 1 1 1 0 1 0.806 1 1 1 1 0 1 1 1 1 1 1 0 1 1 1 
       2421.750
1 1 1 1 0 1 1 1 1 1 1 1 1 1 1 1 0 0 1 1 0.083 1 1 1 1 0 1 1 1 1 0 1 1 1 1 1 1 1 1 1 1 1 0 1 1 1 
        647.156
1 1 0.494 1 1 1 1 0 1 1 1 1 1 
         50.286
0.786 
       1618.080
1 1 1 1 1 1 1 1 1 1 0 1 1 1 1 1 0 1 0 1 1 0.580 1 1 1 1 1 1 1 
       1762.271
1 0 1 1 1 1 1 1 1 0 1 1 0 1 1 1 1 1 1 1 1 1 1 1 1 1 1 0 1 0 1 1 1 1 1 1 1 1 1 0.448 1 1 1 1 0 1 
       1573.143
0 0 1 1 1 1 1 0 1 1 1 1 1 0 1 1 1 1 0 1 1 1 1 1 1 1 1 1 0.571 1 1 1 1 1 1 
       1420.971
1 0 0 1 0.559 1 1 1 1 1 1 0 1 1 1 1 1 1 1 1 1 1 1 1 1 1 0 1 1 
        303.600
1 1 1 0 1 0.900 
       1502.333
1 0 1 1 0 0 1 1 1 1 1 0 1 1 1 1 0.444 1 1 1 1 0 1 1 1 1 1 1 1 
       2231.466
1 0 1 1 0 1 1 0.983 1 1 1 1 0 1 1 1 1 1 1 1 1 1 1 1 1 1 1 1 1 1 1 1 0 1 1 0 0 1 1 1 1 1 1 0 1 
        984.684
1 1 1 1 1 1 0 1 1 1 1 0 0 1 1 0.908 1 1 1 1 1 
        928.479
1 0 1 1 1 1 1 0 0 1 1 1 1 1 1 1 1 0 0.883 1 1 1 1 1 1 
       2285.281
1 1 1 1 1 1 1 1 1 1 0 1 1 1 1 0 0 1 1 1 1 1 1 1 1 1 0 1 1 1 1 1 1 0 1 1 1 1 1 1 1 1 1 1 0.156 0 1 
       1497.024
0 1 1 1 0 1 1 1 1 1 1 1 1 0.317 1 1 1 1 1 1 1 1 0 0 1 1 1 1 
        308.744
1 1 0.395 1 
       2245.653
1 0 0.986 1 1 1 1 1 0 1 1 1 0 1 1 1 1 1 1 0 0 1 1 1 1 1 1 1 0 1 1 1 1 0 1 1 1 1 1 1 1 1 1 1 1 1 1 1 1 0 
        891.277
1 0.319 1 1 1 1 1 0 0 1 1 0 1 1 1 1 1 1 1 1 1 1 1 
       2246.182
1 1 0 1 1 1 1 1 1 1 0 1 1 1 0 1 1 1 1 1 1 0 0 1 1 1 1 1 1 1 1 1 0.532 1 1 1 1 0 1 1 1 1 1 1 1 
       1601.882
1 1 1 1 1 1 1 1 1 1 1 1 1 1 1 1 1 1 0.482 0 1 1 0 1 1 1 1 0 0 1 
       1019.404
1 1 1 1 1 1 1 1 1 1 0 1 1 1 0.957 1 0 1 1 1 1 0 
        683.588
1 1 1 1 1 1 1 1 1 1 0 1 1 0 0.824 1 1 
        104.440
0.613 1 1 
       2215.073
1 1 1 1 1 1 0 1 1 1 1 1 1 0 1 0.195 1 1 0 1 1 1 1 1 1 0 1 1 0 1 0 1 1 1 1 1 1 1 1 1 1 1 1 1 1 1 
        257.263
1 1 1 0.404 1 0 1 1 
        189.231
1 1 0.077 1 1 1 
        869.202
1 1 1 1 1 1 1 0.685 0 1 1 1 1 1 
       2353.375
0 1 1 1 1 1 0 1 1 1 1 1 1 0 1 1 1 1 1 1 1 1 0 1 1 1 1 1 1 1 1 1 1 0.521 1 1 1 1 1 1 0 1 1 1 1 
       1520.672
1 1 0.311 1 1 1 1 1 0 1 1 1 1 1 1 1 1 1 1 1 0 1 0 0 1 1 1 1 1 1 
       1053.849
0.965 1 1 1 1 1 1 1 1 0 1 0 1 1 1 1 1 1 1 1 1 1 
       1311.222
1 1 1 1 1 1 1 1 0 1 0.079 1 1 1 1 1 1 1 0 1 1 0 1 1 
        503.180
0 1 1 0.540 1 1 1 1 1 1 1 
       1620.143
1 1 1 1 1 1 1 1 1 1 1 1 1 0 1 1 1 1 1 1 1 1 1 1 0 0.405 1 1 1 0 1 
       2357.425
1 1 1 1 1 1 1 1 0.175 1 1 1 1 1 1 1 1 0 1 1 1 1 0 1 1 1 1 1 1 1 1 0 1 1 1 1 1 1 1 1 1 1 0 0 1 1 1 1 
        681.519
0.568 1 1 1 1 0 1 1 1 1 1 1 1 
       1140.571
1 1 1 1 1 1 1 1 1 0 0 1 1 1 1 0 1 1 0.786 1 1 1 1 
        866.098
1 1 1 1 1 1 1 1 1 0 1 1 0.171 1 0 1 1 1 
        603.359
1 1 1 1 1 1 0 1 1 0.685 
        864.571
1 1 0 1 1 1 1 1 0.381 0 1 1 1 1 1 1 1 1 
       1481.295
1 1 1 0.977 0 1 1 1 1 1 1 1 1 1 1 1 0 1 0 0 1 1 1 0 1 1 1 1 1 0 1 
       1023.429
1 0 1 1 1 1 1 0 1 1 1 1 1 0.190 1 1 1 
       1007.802
1 1 1 0 1 1 0.868 0 1 1 1 1 1 1 1 1 1 
        342.021
1 1 1 1 0.274 1 1 
       2289.989
1 1 0 1 1 0 1 0 1 1 1 0.652 1 1 1 0 1 1 1 1 1 1 1 1 1 1 1 1 0 0 1 1 1 1 1 1 1 1 0 1 1 1 1 1 1 1 1 
       1383.886
1 1 1 1 1 1 1 1 1 1 1 0 1 1 1 0 1 1 1 1 0 1 1 1 1 0 0 1 1 0.829 0 1 1 
        457.563
1 1 0 1 1 1 1 0.535 1 1 1 
       1214.813
1 1 1 1 0 1 1 1 1 1 1 1 0 1 1 1 1 0 0 1 1 1 1 1 1 0.781 1 1 
       2676.357
1 0 1 0 1 1 1 1 1 1 1 1 1 0 1 1 1 1 1 1 1 1 1 1 1 0.357 1 1 0 0 1 1 1 1 1 1 1 0 1 1 1 1 1 1 1 1 1 1 1 0 
       2354.274
1 1 1 1 1 1 1 0 0 1 1 1 1 1 1 1 0 1 0 1 1 1 1 1 1 1 1 1 1 1 1 0 0 0 1 1 1 1 1 1 1 1 0.832 1 
       2203.588
0 1 1 0 1 1 1 1 1 1 1 1 1 0.162 1 1 1 1 0 1 1 1 1 1 1 1 1 1 1 1 1 1 0 1 1 1 1 1 1 1 1 1 1 1 0 
       1839.276
0.897 1 1 0 1 1 1 1 1 1 1 1 1 1 1 1 1 1 1 1 1 1 1 1 1 1 1 1 1 0 0 1 0 1 1 1 0 1 1 1 
       1837.568
1 1 1 1 1 1 1 1 1 0 1 1 1 1 1 0 1 1 1 1 0 1 1 1 1 1 1 1 1 1 1 0.383 1 
       2010.571
1 1 0 0 1 1 0 1 1 1 1 0 1 1 1 0 0 1 1 1 1 1 1 1 0 1 1 1 1 1 1 1 1 1 0.429 1 1 1 1 1 1 0 
       2268.269
0 1 1 1 1 1 1 1 1 1 1 1 1 1 0.038 1 1 1 1 1 1 1 1 1 1 1 1 1 1 1 0 0 1 1 1 1 1 0 1 
       1224.881
1 1 1 1 1 1 1 1 0 1 0 1 0.493 1 1 1 1 1 0 1 1 1 1 1 1 
         79.200
0.900 0 
        238.436
1 1 0.436 1 1 1 
        105.000
0.733 1 
       2079.050
0 1 1 1 1 1 0 1 1 1 1 1 1 1 0 1 1 1 1 1 1 1 0 1 0.925 1 0 1 1 1 0 1 0 1 0 1 1 1 1 1 1 1 1 1 1 0 1 1 1 
        572.235
0.741 1 1 1 1 1 0 1 1 1 0 1 
        582.466
1 1 1 1 1 1 1 1 0.205 1 1 0 
       1697.310
1 1 1 0.172 1 1 1 1 1 1 1 1 1 1 1 1 1 1 0 1 1 1 1 0 1 1 1 0 0 1 1 1 
       1233.237
1 1 0 1 1 1 1 1 1 1 1 1 1 0 1 1 1 0 1 1 1 1 0.712 1 1 1 1 0 
       1787.390
1 1 1 1 1 1 0 1 0 1 0 1 0 1 1 1 1 1 0 0 1 1 0 1 1 1 1 1 1 1 1 1 1 1 1 1 0.763 1 0 1 
        882.932
1 0 1 0 1 1 1 1 0.523 1 1 1 1 1 1 1 
         42.128
0.795 
       1345.750
0.250 1 1 1 0 1 1 1 1 1 1 1 1 0 1 1 1 0 1 1 1 1 1 1 1 0 
       1592.447
1 1 0 1 1 1 1 1 1 1 1 0 1 1 1 0 1 0.171 1 1 1 1 1 1 1 1 1 1 1 0 0 1 1 
        310.433
1 0.299 1 1 1 
       2178.540
0 1 1 0 1 1 0 1 1 0 1 1 1 1 1 1 0.397 1 1 0 1 1 1 1 1 1 0 1 1 1 1 1 1 0 1 1 1 1 1 1 1 1 1 1 
        285.000
1 1 1 1 0 1 
       1862.582
1 1 1 1 1 0 1 1 1 1 1 1 1 1 1 1 1 0.439 1 1 1 1 1 1 1 1 1 1 0 1 1 0 1 0 1 1 1 1 1 0 1 
        868.969
1 1 1 1 1 1 1 1 0 1 1 1 1 1 1 1 0.844 0 1 1 1 0 1 1 0 
        268.667
1 0.333 1 1 1 1 1 
        882.172
1 1 0.859 1 1 1 1 1 1 1 1 1 1 1 0 1 1 1 0 1 0 
       1440.978
1 1 0 0 1 0 0 1 1 1 1 0 1 1 1 1 1 1 1 1 1 1 1 1 1 1 1 1 0.582 
       1341.500
1 1 1 1 1 1 1 1 1 1 1 1 1 0 1 1 0 0.750 1 1 1 0 1 1 1 1 
       2279.940
1 0 1 1 1 1 1 1 1 1 1 1 1 1 1 1 0 1 0 1 1 1 1 1 1 1 1 1 1 0 1 1 1 0 1 1 1 0.140 1 1 1 0 1 1 1 1 1 1 0 1 
       1732.535
1 1 1 0 1 1 1 1 1 1 1 1 1 1 1 1 1 1 1 1 1 1 0 0.949 1 1 1 1 0 1 1 1 0 1 
       1208.807
1 1 1 0 1 0.361 1 1 1 1 0 1 1 1 1 1 1 1 1 1 1 1 
         46.400
0.800 
       2235.903
1 1 1 1 1 0 1 1 1 1 0 1 1 1 1 0.065 1 1 1 1 1 1 1 0 0 1 1 1 1 1 1 1 1 1 1 1 1 1 1 1 0 1 0 1 1 1 1 0 
        552.918
1 1 0 1 0.153 1 1 1 1 1 1 1 1 1 
        878.194
1 1 1 1 1 0 0 1 1 1 0.955 1 1 1 1 0 1 1 1 1 1 1 
       1612.446
1 1 1 1 1 1 1 1 0 1 1 1 1 1 0.203 1 1 1 1 1 1 1 1 1 1 1 0 1 1 1 0 0 1 1 1 
        737.759
1 1 0 1 1 0.177 1 1 1 1 1 1 
       1017.760
1 1 1 1 1 1 0.760 1 1 0 1 1 0 1 1 1 0 1 1 1 1 
       1535.578
1 1 0 1 1 1 0 1 1 0 1 1 1 1 0.844 1 1 1 1 1 1 1 1 1 1 1 0 1 1 1 
        697.020
0.838 0 1 1 1 1 1 1 1 1 1 0 1 
        278.970
1 1 1 1 0.323 1 
       1006.091
1 1 1 1 1 0.091 0 0 1 1 1 1 1 1 1 1 0 1 1 1 
        822.179
0 1 1 0 1 1 1 1 1 1 1 1 1 1 1 1 0.732 1 1 
        184.056
0.506 1 1 1 
       2022.866
0 1 0 1 1 1 1 1 1 1 1 1 1 0 1 1 1 1 0 1 1 1 0.340 1 1 1 1 1 1 1 1 1 1 1 1 1 1 0 1 1 1 1 
       1717.643
1 1 0 1 1 0 1 1 1 1 1 1 1 1 1 1 1 0 1 1 1 1 1 1 1 0 1 1 1 1 1 1 0 1 0.655 
       1237.795
1 1 1 1 1 1 1 1 1 0 1 1 0 1 1 0.436 0 0 1 1 1 1 1 1 1 
       1487.150
1 1 0 1 0.550 1 1 1 1 1 1 1 1 0 1 1 0 1 1 1 1 1 1 1 1 1 0 1 1 1 1 
         44.169
0.789 
        572.100
1 0.883 1 1 0 1 1 1 1 1 1 
        445.876
1 0 1 1 1 1 0.685 1 
       2445.263
1 1 1 1 1 1 1 1 1 1 1 1 1 1 1 0 1 1 1 1 0 1 1 1 1 0 1 0.105 1 1 1 1 1 1 1 1 1 1 1 1 1 0 1 0 
          8.585
0.780 
       1922.719
1 1 1 1 0 1 1 0.266 1 0 1 1 1 1 1 1 1 1 1 1 1 1 1 1 1 1 1 0 1 1 0 0 1 1 1 0 1 1 1 1 1 1 1 
        505.523
1 0 1 0 1 1 1 1 1 0.756 1 1 
       2164.011
1 1 1 1 0 1 1 1 1 1 1 0 1 1 1 1 1 1 1 1 1 1 1 0.640 1 1 1 1 0 1 1 1 1 1 1 1 1 1 0 1 1 1 1 0 0 1 1 0 1 
       1459.522
1 1 1 1 1 0 1 1 1 1 1 0 0 1 1 1 1 1 0.739 1 1 1 1 1 1 1 1 0 
        648.000
1 1 1 1 0.667 1 1 1 1 0 1 
        376.812
1 1 0 1 1 1 1 0.859 0 
       2047.780
1 1 0 1 1 1 1 1 1 1 1 1 1 1 0.341 0 1 1 1 1 1 1 1 1 1 1 1 1 1 1 1 1 0 0 1 1 0 1 1 
       1941.041
0 1 1 0.567 1 1 1 0 1 0 1 1 1 1 1 1 1 1 0 1 1 1 1 1 1 1 1 1 0 1 1 1 1 1 1 1 1 1 1 
       1804.291
0 0 1 1 1 1 1 1 1 0 1 1 1 1 1 0 1 1 1 1 1 1 1 0 1 1 1 1 1 1 1 0.436 0 1 1 1 
        442.040
0 1 1 1 1 0.626 1 1 1 1 
       1615.323
0.492 1 1 1 1 1 1 1 1 1 1 1 1 1 0 1 1 0 1 1 1 1 0 1 1 1 1 0 1 
       2249.298
1 1 0 0 0 1 1 0.681 1 1 1 1 1 1 1 1 1 1 1 1 1 1 1 1 1 1 1 1 1 1 1 1 1 1 0 1 1 1 0 1 1 1 1 1 
       2430.884
1 1 1 1 1 1 1 1 1 1 1 1 0 1 0 1 1 0 1 1 1 1 0 1 0.449 1 1 1 1 1 1 1 1 1 1 1 0 1 1 1 1 1 1 1 1 1 1 0 
        365.049
1 1 0.016 1 1 1 1 1 1 
       1177.200
0.700 1 1 1 1 1 1 1 1 1 1 1 0 1 0 1 0 0 1 1 1 1 
        286.648
1 1 1 0 0.758 1 1 
        823.474
0 1 1 1 1 1 1 1 1 1 1 1 1 1 1 1 0.144 1 
       2325.824
0 1 1 1 0 1 1 1 1 1 1 1 1 1 1 1 1 1 1 1 0.176 0 1 1 1 1 1 1 1 1 1 1 1 1 1 0 1 1 1 1 1 1 1 1 0 
        243.414
1 1 1 1 0.161 1 
       1943.333
0 1 1 1 1 1 1 0 1 1 1 1 1 1 1 1 1 1 1 0.667 0 1 1 1 1 0 1 1 1 1 1 0 1 1 1 1 1 1 1 
        458.950
1 1 1 0.275 0 1 1 1 0 1 
       1887.767
1 1 1 1 0 1 1 1 1 1 1 1 1 1 0 1 1 1 1 1 0 1 1 0 1 1 1 1 1 1 1 0 0.791 1 1 1 1 1 1 0 1 1 1 1 1 
        771.571
1 1 1 0 1 1 1 1 0 1 1 1 1 1 0.286 1 1 
        348.714
1 1 1 0.276 1 1 
       1380.348
1 1 1 1 1 1 1 1 1 1 0 1 1 0 0.090 1 1 1 1 1 1 1 1 1 1 0 1 
       2093.673
1 0 1 1 1 1 1 1 1 1 1 1 1 1 0.949 1 1 0 1 1 1 1 1 1 1 0 1 1 1 1 0 1 1 0 1 0 1 0 1 1 1 0 1 
       2274.000
1 1 1 1 1 1 1 1 0 1 0 1 1 1 1 0 0 1 1 1 1 0 1 1 1 1 0.875 1 1 1 1 1 1 1 0 0 1 1 1 1 1 1 1 1 
       1541.676
0 1 1 1 1 1 1 1 1 1 1 0 1 1 1 1 1 0.618 1 1 1 1 0 0 1 1 1 1 1 1 1 1 1 0 1 
        383.886
0.089 1 1 1 1 1 1 
        673.423
1 0.536 1 1 1 1 1 1 1 1 0 
       1267.962
1 1 1 0 1 0 1 1 1 1 1 1 1 1 1 1 0 1 1 1 0 1 0.115 1 
       1806.889
0.241 1 1 1 1 1 1 1 1 1 1 0 1 1 1 1 1 0 1 1 1 1 1 1 0 1 1 1 1 1 1 0 1 1 0 1 1 1 
        266.857
1 1 1 1 0.771 1 0 
       1536.234
1 1 1 1 1 0 1 1 1 1 1 0 1 1 1 1 1 1 0.202 1 1 1 1 1 1 1 1 1 1 0 0 1 1 
       1828.868
1 1 1 1 0 0 1 1 0 0.802 1 1 1 1 1 1 1 1 0 1 1 1 1 1 0 1 1 1 1 1 1 1 1 1 
       1044.891
1 1 1 1 1 1 1 0 0.418 1 1 1 1 1 0 0 1 1 1 
        606.447
1 0.289 1 1 1 1 1 0 1 1 1 1 
       1981.320
1 1 1 1 1 1 1 1 1 1 1 1 1 1 1 1 1 1 1 1 1 1 1 0 1 1 1 0 1 0 1 0 1 1 1 1 0 1 0.880 0 
       1877.798
1 1 1 1 1 0 1 1 0.090 1 1 1 1 1 0 1 1 1 1 1 1 1 1 1 1 1 1 1 1 1 0 1 1 1 1 0 0 1 
       2049.894
1 1 1 0 1 1 0.043 1 1 1 1 1 1 1 1 1 0 1 1 1 1 0 1 1 0 1 1 1 1 1 1 1 1 0 1 0 1 1 1 
       1244.219
1 1 1 1 1 1 1 1 1 1 1 1 1 1 0 1 1 1 1 1 0 0 0.047 1 
       1553.500
1 1 1 1 0 1 1 1 1 1 1 1 0 1 0.750 1 1 0 1 1 1 1 0 1 1 0 1 1 1 1 
        643.922
1 1 1 1 1 1 1 1 0 0.610 1 
        632.905
1 1 1 1 1 1 1 1 1 1 1 1 0 1 1 0.159 1 
       2146.692
1 1 1 1 1 1 1 0 1 1 1 1 1 0 1 1 1 0 0 1 1 1 0 1 1 1 1 1 1 1 0 1 1 1 1 1 1 1 1 1 0.835 0 1 1 1 1 1 
       1694.182
1 1 1 0 1 1 1 0 1 0 1 0.716 1 1 0 1 1 1 1 1 1 1 1 0 1 1 1 1 1 1 1 1 1 
        312.941
1 0 1 0.824 1 1 1 1 
       1430.129
1 1 1 1 1 1 1 1 1 1 0 0 1 1 1 1 1 1 1 1 0.011 1 0 1 1 1 1 1 1 0 0 1 1 1 
        846.309
1 1 1 1 1 1 1 1 1 1 1 1 0.309 1 1 0 
       2194.340
0 1 1 1 0 0 1 1 1 1 1 1 1 1 1 0 0.319 1 1 1 1 1 1 1 1 1 1 1 0 1 1 1 1 1 1 1 1 1 1 1 
        848.750
1 1 1 1 1 0.107 1 1 1 1 1 1 1 1 0 0 1 
       1097.000
0.960 1 1 1 1 1 1 1 1 0 1 1 0 1 1 1 1 1 0 1 1 1 
       1902.462
1 1 1 1 1 1 1 1 1 1 0.526 1 1 1 1 0 1 1 1 0 1 0 1 1 1 1 0 1 1 1 1 1 0 1 1 1 1 0 1 1 1 1 1 1 1 1 
        193.286
0.095 1 1 1 
       1940.800
0 1 1 1 1 1 1 0 1 1 1 1 0 1 0.100 1 1 1 1 1 1 1 1 1 0 1 1 1 1 1 1 1 1 1 0 1 
       2052.851
1 1 1 1 1 1 1 1 1 1 1 1 0 1 1 1 1 1 1 1 0 1 0.403 1 1 1 0 0 1 1 1 1 1 1 1 1 1 1 0 1 1 
       1494.500
1 1 1 0 1 1 1 1 1 0 1 1 1 0 1 1 1 1 1 1 1 0.250 1 1 1 1 1 1 
       1651.000
1 1 0 1 1 0 1 1 1 1 1 1 0.667 0 1 1 1 0 1 1 1 1 1 1 1 1 1 1 1 1 1 1 
        860.596
1 1 1 1 0 1 0 1 1 0.085 1 1 1 1 1 1 1 1 1 1 
        496.803
1 1 1 0 1 1 1 1 1 1 1 0.311 
       2065.227
1 1 1 1 1 0 1 1 1 1 1 1 1 0 1 1 1 1 1 1 1 1 0 1 0.348 1 1 0 1 1 1 1 0 1 1 1 1 1 1 
       1563.348
1 1 0.921 0 1 1 0 1 1 0 1 1 1 0 1 1 1 1 1 0 1 1 1 1 1 1 1 1 1 0 1 1 1 1 1 1 1 
         57.057
0.792 
       2286.143
1 1 0 0 1 1 1 1 1 0 1 1 1 1 1 1 1 1 1 1 0 1 1 1 1 1 1 1 1 1 1 1 1 1 1 0 1 1 1 0.071 1 0 0 1 1 1 1 
       1706.341
1 1 1 0 1 0 0 1 1 1 1 1 1 1 1 1 0.953 1 1 0 1 1 1 1 1 0 1 1 0 1 1 1 1 1 1 1 
       1200.125
0.625 1 1 1 1 1 1 1 1 1 1 1 1 1 1 1 0 0 1 1 1 1 1 1 0 1 0 1 
       1270.344
1 0 1 1 1 1 1 0 1 1 1 1 1 1 1 1 1 1 1 1 1 1 1 1 1 0 0.189 1 1 
       1012.202
1 0 1 1 0.697 1 1 1 1 0 1 1 1 1 1 0 1 1 1 
       1329.400
1 1 1 1 1 1 0 1 0.560 1 1 0 1 1 1 1 1 1 1 1 1 1 1 1 1 1 0 1 0 1 1 1 
       2223.071
0 1 0 1 1 0 0 1 1 1 1 1 1 1 0 1 0 1 1 1 1 1 1 1 1 1 0.679 1 1 1 1 1 1 0 1 1 1 1 1 1 1 1 1 1 1 1 1 
        167.400
1 1 1 0.200 1 
       1901.420
1 1 1 1 0 1 1 1 1 1 1 1 1 1 1 0 1 1 1 1 0 1 1 0 1 1 1 1 1 0.457 1 1 1 1 1 1 1 
       1128.667
1 1 1 0 1 1 0.270 0 1 1 1 1 1 1 1 1 1 1 1 0 1 1 1 1 1 
       2230.049
1 1 1 0 1 1 1 1 0 1 1 0.610 1 1 1 1 1 1 1 1 1 1 1 0 0 1 1 1 1 1 1 1 1 1 0 1 1 0 0 1 1 1 1 1 1 
       1214.894
1 1 1 1 1 1 1 1 1 1 1 1 1 0 1 1 0.024 0 1 1 1 1 1 1 
       1945.600
1 1 1 1 1 1 1 1 1 0 1 1 1 1 1 1 0 1 0.600 1 0 1 0 1 1 0 1 1 1 1 1 1 1 0 1 1 1 1 
       1924.894
1 1 1 1 1 1 1 1 1 1 1 1 1 1 1 1 1 1 0 1 0 1 1 1 1 1 1 1 0 1 0 1 1 1 1 0 1 0.424 1 0 1 1 0 1 
        611.667
1 1 0 1 1 1 1 1 1 1 0.417 1 1 1 
       1976.433
1 1 1 0 1 1 1 0 1 1 1 0.031 1 1 1 1 1 1 1 0 1 1 1 1 1 1 1 1 1 0 1 1 1 1 1 1 
       2673.500
1 1 0 1 1 1 1 1 1 1 1 1 1 0.679 1 1 0 1 1 1 1 1 1 1 1 1 1 1 0 1 1 0 1 1 1 0 1 1 0 1 1 1 1 1 1 0 1 1 1 
       2140.571
1 1 1 1 1 1 1 1 1 1 1 1 1 1 1 0 1 1 1 1 1 1 0 1 1 1 1 1 1 1 0.592 0 1 1 0 1 1 1 1 
       2075.234
1 1 1 0 1 1 1 1 1 0.330 0 1 1 1 1 1 0 1 1 1 1 1 1 0 1 0 1 1 1 1 1 1 1 1 1 1 1 1 0 1 1 1 1 1 1 1 
        366.769
0.154 1 1 0 1 1 1 
        201.537
1 1 1 1 0.134 
       1267.202
1 0 1 1 1 1 1 1 1 0.293 1 0 1 1 1 1 1 1 1 1 1 1 0 1 1 
       1081.737
1 1 0 1 1 1 1 1 1 1 1 1 1 0.386 0 1 1 1 1 1 1 1 1 
        483.831
1 1 1 1 0 1 0.494 0 1 1 1 1 
       1086.976
0 1 1 1 1 1 1 1 1 1 1 0.415 1 0 1 1 1 1 1 1 1 1 1 
         86.864
1 0.773 
        337.948
0.135 1 1 1 1 1 1 1 1 
        947.852
1 1 1 1 1 1 1 1 1 0 1 0 1 1 0 1 1 1 0.074 
       1856.140
1 1 1 1 1 1 1 1 1 0 1 1 1 1 1 1 1 0 1 1 1 1 1 0 0 1 1 1 1 0.740 1 1 1 1 1 1 
       1059.420
1 0 1 0 0 1 0 1 1 1 1 0 1 1 1 1 1 1 0 1 0.590 1 1 1 1 1 1 
       1889.162
1 1 0 1 1 1 1 1 1 1 1 1 1 1 1 1 1 1 1 1 1 1 1 1 1 1 1 0 0.103 0 1 1 1 1 1 1 0 1 0 1 1 0 1 1 1 1 
        216.508
1 1 0.127 1 1 1 
       1900.408
0 0.355 1 1 1 1 1 1 1 1 0 1 1 1 1 0 1 1 1 1 0 1 1 1 1 1 1 1 1 0 1 1 0 1 1 
       1571.768
1 1 1 0.084 1 1 1 1 1 1 1 1 1 0 0 1 1 1 1 1 1 0 1 1 1 0 1 1 1 1 1 
        893.271
1 1 1 1 1 1 1 1 1 1 0.323 1 1 1 1 0 0 
