38
1 2 3 4 5 6 7 8 9 10 11 12 13 14 16 17 18 19 20 21 22 23 24 25 26 27 29 30 31 32 33 34 35 37 39 40 41 42 
52
1 2 3 5 6 8 9 11 12 13 15 16 18 20 21 22 24 25 26 28 30 31 32 34 35 36 38 39 40 43 44 45 46 47 48 49 50 51 53 54 55 56 57 58 59 60 62 65 66 67 70 74 
73
1 2 3 4 5 6 7 8 9 10 11 12 13 14 15 17 18 19 21 22 23 24 25 26 27 29 30 31 32 33 34 35 37 38 39 40 41 42 43 44 46 47 48 50 51 52 54 55 57 59 60 61 63 64 65 67 68 69 71 73 74 75 76 77 78 79 80 81 82 83 84 85 86 
3
1 2 3 
1
3 
15
1 2 3 4 5 6 13 14 15 16 17 19 20 22 23 
12
1 2 3 4 6 7 8 9 12 14 15 16 
62
1 2 3 5 6 9 10 11 12 13 14 15 17 19 20 21 23 26 27 28 29 30 31 32 33 35 36 37 39 40 41 42 43 44 45 46 47 48 49 50 51 54 55 56 57 58 62 64 67 68 69 70 71 72 74 75 76 78 79 80 81 82 
8
1 2 3 6 8 9 11 12 
7
6 10 16 19 41 43 45 
71
1 2 3 4 6 8 9 10 12 13 15 16 18 19 21 22 24 25 26 27 28 29 31 33 34 37 38 39 42 43 45 48 50 51 52 53 54 56 57 58 59 61 63 64 65 66 67 70 74 75 76 77 78 79 80 81 82 84 85 87 88 89 90 91 92 93 94 96 97 98 99 
11
5 6 7 11 13 15 16 19 21 22 24 
22
3 5 6 7 11 14 15 17 24 25 26 27 31 32 33 36 42 47 49 51 57 60 
16
2 6 11 19 23 24 30 39 42 43 44 46 59 67 70 73 
25
1 4 5 6 8 10 12 14 15 19 20 28 29 30 32 34 40 41 43 44 45 47 49 50 51 
10
1 2 3 6 7 10 11 12 13 14 
16
1 2 3 5 8 9 10 11 12 13 14 15 16 17 18 19 
74
1 2 3 4 7 8 9 10 11 12 14 16 17 18 19 20 21 22 24 25 27 28 29 30 31 32 33 34 35 36 37 38 39 40 41 42 43 44 47 48 49 50 51 52 54 55 56 57 58 59 60 61 62 63 66 67 68 69 70 72 73 74 75 77 78 79 80 81 82 83 84 87 88 89 
78
1 2 3 4 5 6 7 8 9 10 11 12 13 14 15 16 17 19 20 21 22 23 24 25 26 27 28 29 30 32 34 35 36 37 38 39 40 41 42 43 44 45 46 47 49 52 55 56 57 58 59 60 61 62 63 65 66 67 68 69 70 71 72 73 74 75 76 77 78 79 82 84 86 88 89 90 91 93 
37
2 5 6 7 9 11 14 19 24 26 29 33 36 39 40 41 42 43 44 49 51 53 55 56 57 59 60 63 64 65 67 68 69 70 72 73 74 
10
2 6 7 8 9 10 12 13 14 15 
33
1 3 6 7 8 15 16 17 18 20 21 22 24 25 27 29 32 33 35 36 40 42 44 45 46 47 48 49 51 52 53 55 57 
49
2 3 4 6 7 8 10 11 13 14 15 16 17 18 19 20 21 22 23 24 25 26 27 28 29 30 31 32 33 36 37 38 40 41 42 43 44 45 46 47 48 49 50 53 55 58 60 61 62 
35
1 2 3 5 7 9 10 11 12 17 18 26 28 29 30 33 41 46 47 48 51 54 55 58 60 61 62 65 66 67 68 70 71 73 75 
2
1 5 
34
2 3 4 6 7 9 11 12 14 16 17 20 21 22 24 25 29 30 31 32 34 35 36 37 38 39 41 42 43 44 45 46 47 48 
38
2 3 5 6 7 9 10 11 12 13 14 17 18 19 22 23 24 27 28 29 30 32 33 35 36 37 38 39 40 43 44 45 46 47 48 49 50 51 
18
4 10 18 20 22 24 28 33 38 41 43 48 51 52 54 59 63 66 
32
3 5 8 9 10 11 12 15 16 17 20 21 22 23 24 25 26 28 30 31 33 34 35 36 38 39 40 41 42 43 44 45 
62
1 2 4 5 6 7 8 9 11 13 14 15 16 17 18 19 21 22 23 25 26 28 31 32 33 34 35 36 37 38 39 40 41 44 45 46 47 48 49 50 51 52 53 55 56 57 60 62 63 64 65 66 67 68 70 71 72 73 75 76 77 78 
21
1 3 4 5 8 9 10 11 12 13 14 16 17 18 23 24 25 26 27 28 30 
7
1 5 6 7 9 11 12 
35
1 3 4 5 7 9 10 13 18 22 23 28 30 34 36 39 42 43 44 51 52 53 56 59 62 67 70 78 79 82 84 90 92 94 96 
59
2 3 4 5 8 10 12 14 16 17 18 20 21 22 24 30 31 32 33 34 36 38 39 41 43 44 45 46 47 48 49 50 53 54 55 57 58 59 60 61 62 63 64 66 68 73 75 76 78 79 80 81 84 85 86 88 89 90 91 
50
1 2 3 4 6 7 8 9 11 12 13 14 16 18 19 22 23 24 25 26 27 28 29 30 31 33 35 37 39 40 42 44 46 47 49 52 53 54 55 56 57 58 61 62 64 65 66 67 68 69 
24
1 2 3 4 5 7 8 9 11 15 16 19 23 25 26 28 31 32 33 34 36 37 41 42 
2
6 16 
26
1 2 11 16 18 19 21 22 23 28 30 32 34 37 38 40 46 48 49 56 57 58 60 62 64 66 
33
1 2 3 4 6 7 8 10 11 12 13 14 16 17 19 20 21 22 23 27 28 29 34 35 36 37 38 39 40 42 44 46 47 
76
1 2 3 4 5 6 7 9 10 11 12 14 15 18 20 22 23 24 25 26 27 28 30 31 33 34 35 36 38 39 40 41 42 44 46 47 48 49 50 51 52 53 54 55 56 58 59 60 61 63 64 65 66 67 68 69 71 72 73 74 76 77 78 80 81 82 83 84 86 87 88 89 90 92 93 94 
35
1 2 3 4 5 6 7 8 9 11 12 14 16 18 19 20 24 26 27 28 29 32 33 36 37 38 39 40 41 43 44 45 46 47 48 
1
2 
10
1 2 4 9 11 12 14 16 18 22 
2
3 4 
38
1 2 3 4 5 8 11 12 13 17 21 22 25 26 27 28 29 31 34 37 38 39 42 46 48 50 52 55 56 60 63 64 66 67 68 69 72 75 
61
3 6 7 8 9 10 11 13 17 18 20 21 23 24 26 27 28 29 31 32 33 35 36 37 38 39 42 43 44 51 53 54 55 56 57 58 59 60 61 62 64 66 68 72 73 74 76 78 79 81 82 83 84 85 86 87 88 89 90 92 96 
13
2 5 10 12 17 19 20 21 24 27 29 32 33 
24
1 3 4 5 7 9 10 12 13 15 16 17 18 19 20 22 23 24 25 26 27 29 30 31 
4
4 6 8 9 
36
3 5 6 10 13 15 16 17 18 20 21 23 24 25 26 27 30 33 34 36 37 39 40 42 44 46 47 48 49 50 51 52 53 54 55 58 
50
2 3 4 6 7 8 12 14 15 16 17 21 23 26 27 30 31 32 35 36 37 38 39 42 43 44 47 48 50 51 52 53 54 55 56 57 58 60 61 62 63 65 66 68 70 73 75 77 79 80 
2
3 6 
70
2 4 6 9 10 11 13 14 15 16 17 19 20 21 22 23 24 25 28 29 30 31 33 35 36 37 38 39 41 43 44 45 46 47 48 49 50 51 52 53 55 57 58 59 60 61 62 65 66 68 69 70 71 72 73 74 75 76 77 78 79 80 82 83 85 86 88 89 90 91 
41
1 8 9 12 13 14 20 22 24 25 28 29 30 36 37 38 43 45 47 51 56 57 58 65 67 68 69 73 74 76 78 79 80 81 86 87 90 91 92 93 94 
33
2 7 8 9 10 13 19 20 23 24 26 28 29 32 33 35 36 39 40 44 48 50 51 52 54 55 57 58 59 62 64 68 69 
3
6 9 11 
39
1 4 5 7 12 14 15 17 18 19 20 21 22 23 25 26 28 29 30 32 33 34 36 38 39 40 41 43 44 45 46 48 49 52 53 54 55 57 58 
62
3 4 5 6 8 9 10 11 12 13 14 15 16 18 20 21 22 24 25 26 28 30 33 34 35 37 39 40 41 42 43 44 45 46 49 50 51 52 54 55 56 57 59 60 62 63 64 65 66 67 68 69 70 71 72 73 74 75 76 77 78 79 
35
1 2 4 5 6 7 9 10 11 12 13 14 15 16 18 20 22 23 24 25 26 27 28 30 31 32 33 35 36 37 38 40 41 42 43 
77
1 2 3 4 5 6 7 10 11 12 13 14 15 16 17 18 19 20 21 22 23 25 26 27 28 29 31 32 33 34 35 36 37 38 39 40 42 43 44 45 46 47 50 51 52 54 55 56 57 58 59 60 61 62 63 64 65 66 67 68 69 70 71 73 74 76 78 79 80 81 82 83 84 85 86 87 88 
34
1 4 7 9 11 12 14 16 18 19 23 24 26 28 29 33 34 39 45 47 48 49 52 53 54 55 58 60 61 62 63 64 67 72 
8
1 2 3 4 7 8 9 12 
34
1 2 3 4 5 7 10 12 13 14 15 16 17 18 19 20 23 24 25 26 28 29 30 31 32 33 34 36 37 38 39 40 41 42 
22
1 2 3 4 5 7 8 9 10 11 13 14 15 17 18 19 20 22 24 25 26 27 
49
1 3 4 5 6 7 8 10 12 13 14 16 17 18 19 20 21 22 23 25 27 29 31 32 33 35 36 37 38 40 41 42 44 45 46 48 50 58 59 60 61 62 63 64 65 66 67 68 69 
44
1 3 4 5 6 9 10 11 12 14 15 16 17 18 20 21 22 23 24 25 27 29 30 31 32 34 35 36 37 39 40 41 43 44 45 46 47 48 49 50 55 60 61 64 
8
1 3 5 7 9 10 12 13 
25
2 3 4 5 6 7 9 10 11 12 13 14 16 18 20 22 23 25 26 27 28 29 32 34 35 
37
1 2 3 4 5 6 7 9 12 13 16 17 19 21 23 24 25 28 29 30 31 34 35 36 37 41 42 45 46 47 48 49 50 52 53 54 55 
3
1 2 5 
23
1 2 3 4 6 10 12 15 16 18 19 21 23 24 26 31 34 35 36 37 38 39 41 
31
2 4 5 6 7 8 10 11 12 13 14 16 17 18 19 20 22 23 24 25 26 27 28 29 30 31 33 34 35 36 37 
11
1 3 4 5 7 8 10 11 12 13 14 
13
1 2 3 6 9 10 11 12 13 14 15 16 17 
34
4 5 6 7 8 10 11 13 16 19 22 31 34 37 38 41 42 43 45 46 51 53 54 59 60 61 64 65 69 70 74 75 76 81 
6
3 4 5 6 7 9 
45
2 3 4 5 7 10 11 13 15 16 18 20 26 27 30 32 34 37 38 39 44 45 49 50 51 52 54 55 57 62 63 66 67 72 76 77 80 81 82 89 90 91 93 95 97 
47
1 3 4 5 6 7 8 9 11 12 13 14 15 17 20 21 22 24 27 30 31 32 33 34 35 37 38 39 41 42 45 48 50 51 52 53 55 57 58 62 64 65 69 71 73 75 76 
48
1 2 3 4 5 6 7 8 9 10 11 12 13 14 15 16 17 18 19 21 22 24 25 26 27 28 29 30 31 32 33 34 36 37 40 41 42 43 44 45 47 48 49 50 51 52 53 54 
10
2 6 7 9 10 15 16 17 19 20 
7
10 12 17 30 31 46 53 
33
4 5 8 11 12 14 16 19 22 23 24 25 29 30 37 40 41 44 48 50 51 52 54 55 57 59 62 66 67 80 82 83 86 
13
1 3 5 6 7 8 10 11 12 13 15 16 17 
28
3 4 7 8 9 16 19 21 22 29 31 32 33 34 35 37 41 48 51 53 60 63 64 69 71 75 76 78 
19
3 4 5 9 11 12 17 25 26 27 28 35 37 46 48 49 50 51 53 
36
1 3 5 6 9 10 13 15 16 17 19 20 25 26 30 32 33 35 36 39 41 44 46 47 48 49 52 53 57 59 60 61 63 68 72 74 
3
1 3 4 
2
2 5 
24
1 5 13 14 16 21 22 24 25 26 27 32 33 34 36 37 38 39 41 43 46 50 56 57 
No answer!
23
2 3 4 5 7 8 9 10 11 12 13 14 15 16 17 18 20 23 24 25 26 27 28 
3
9 11 16 
46
1 3 4 5 6 7 9 10 11 12 13 14 15 16 18 19 22 23 24 26 27 28 29 30 31 32 34 36 37 39 40 41 42 43 44 45 46 47 48 49 50 51 52 53 54 55 
4
8 14 16 19 
11
1 2 3 4 6 7 8 9 11 15 17 
50
1 2 3 4 5 6 7 8 9 10 12 13 14 15 16 17 20 23 24 27 28 31 32 33 34 38 39 40 41 42 43 44 46 48 50 55 56 57 58 60 61 64 66 67 69 71 72 73 75 78 
15
1 2 3 4 7 8 9 10 12 13 15 16 17 18 19 
10
5 6 7 8 9 11 12 13 17 18 
51
2 4 6 8 10 13 15 19 20 21 22 23 25 26 27 28 31 33 34 35 37 39 40 44 45 46 47 48 51 52 56 58 59 60 62 63 64 65 67 71 72 73 75 76 77 79 80 83 85 86 91 
39
2 5 8 9 10 11 13 15 16 17 18 20 21 22 23 24 27 29 31 32 35 36 38 40 41 42 43 44 46 47 48 50 52 53 54 55 56 57 58 
25
1 2 10 11 15 16 18 24 25 26 27 29 30 34 37 39 41 48 50 52 53 54 57 58 59 
28
1 2 3 4 6 7 9 10 11 12 13 17 18 19 20 21 24 25 27 30 32 33 35 36 39 40 41 43 
46
1 2 3 4 6 7 13 14 19 20 22 23 24 28 30 31 32 34 36 37 38 40 42 43 44 47 48 49 51 52 53 54 56 57 60 62 63 65 67 68 70 72 73 74 77 78 
43
4 5 7 9 10 12 18 19 20 21 22 25 27 29 30 35 36 37 39 42 43 45 46 47 49 51 52 53 54 56 59 62 64 68 69 70 73 75 76 77 78 79 84 
57
1 4 5 6 7 8 9 10 13 14 16 17 18 19 21 22 23 24 25 26 27 28 30 31 34 35 37 38 40 41 42 44 46 47 48 49 50 51 53 54 62 63 64 65 66 69 70 71 72 73 74 76 77 78 80 81 84 
52
1 4 5 8 9 10 11 12 14 15 16 18 19 20 21 25 26 27 28 29 31 32 33 35 36 37 39 41 42 43 44 45 46 48 50 51 53 55 56 58 59 61 63 66 67 70 71 72 74 75 76 77 
13
6 11 12 14 15 17 18 19 21 22 23 24 26 
23
1 2 3 4 5 7 8 9 10 11 12 13 14 15 16 17 18 19 20 21 23 25 26 
15
2 4 5 8 11 13 14 16 18 19 20 21 22 24 25 
14
1 8 12 20 21 23 40 42 43 45 62 65 66 69 
81
1 3 4 5 6 8 9 10 11 12 13 14 15 17 18 19 20 21 22 23 24 26 28 29 31 32 35 36 37 38 39 40 42 43 44 45 46 47 49 50 52 53 55 56 57 58 59 60 62 63 64 65 67 68 69 70 71 72 73 74 75 77 79 80 81 82 83 84 85 87 89 91 92 93 94 95 96 97 98 99 100 
54
1 2 3 4 5 6 7 8 10 14 15 17 18 20 21 22 23 24 25 26 27 28 29 30 31 32 33 36 37 38 40 42 43 44 46 47 48 49 50 53 54 55 57 58 61 62 63 65 66 69 70 71 72 74 
57
1 2 3 4 6 9 10 11 12 16 18 20 21 23 24 25 28 30 32 33 34 35 36 37 42 44 45 49 50 51 52 53 54 55 56 57 58 59 60 61 62 63 66 67 68 69 70 71 72 74 75 76 77 78 80 83 84 
26
1 3 4 5 6 8 13 14 15 16 17 18 20 21 24 25 26 27 29 32 33 34 38 40 46 47 
11
1 2 9 10 20 53 77 79 82 83 90 
4
5 35 45 66 
39
1 2 3 4 6 7 10 11 12 13 14 15 16 17 18 19 20 21 22 23 24 25 26 27 28 29 30 31 32 33 34 35 36 37 38 39 41 43 44 
10
1 4 5 7 8 10 13 15 21 22 
28
1 3 4 6 7 8 9 11 12 13 16 18 19 20 21 22 24 25 26 27 29 30 31 32 33 34 36 37 
42
2 3 4 8 9 12 14 15 19 20 22 26 28 29 32 33 35 36 37 38 40 41 42 52 53 55 57 59 61 64 67 70 72 74 75 76 78 80 81 82 84 87 
36
1 3 4 5 6 8 9 10 11 13 14 15 16 17 18 20 21 22 24 25 26 27 28 31 34 40 43 44 45 46 49 51 53 54 64 65 
33
3 4 5 7 8 9 10 11 12 13 14 16 17 19 21 23 24 25 26 27 28 30 31 33 34 36 39 40 41 42 43 48 53 
59
1 2 3 4 5 6 7 8 9 13 14 15 16 17 18 19 20 21 22 24 25 26 27 28 29 31 33 34 35 36 37 38 39 40 41 42 43 44 46 47 48 49 50 51 52 53 54 55 56 57 58 59 60 61 62 63 65 66 67 
15
2 3 5 7 8 9 10 11 13 14 15 16 18 20 21 
16
20 22 32 34 41 42 43 54 56 57 68 72 73 76 78 81 
70
1 2 3 4 5 6 8 9 10 11 12 13 16 18 19 20 21 22 23 24 25 27 28 29 30 31 32 33 34 36 37 38 40 42 43 46 48 49 50 51 53 55 56 57 58 60 61 62 63 64 66 67 68 69 70 71 73 75 76 77 78 80 81 82 83 84 85 87 88 89 
19
1 5 7 14 16 19 29 33 34 44 56 61 63 64 72 73 96 97 98 
30
1 2 3 5 6 7 8 9 10 11 13 15 16 17 18 20 21 23 27 28 29 30 31 32 33 34 35 36 37 38 
61
1 2 3 4 7 9 12 14 15 16 17 18 19 20 21 24 26 27 29 30 32 33 34 35 36 37 38 39 40 41 42 43 45 46 47 48 51 54 55 56 57 61 62 63 64 65 67 68 69 70 71 72 75 76 77 80 86 87 88 89 91 
52
1 2 4 5 6 7 8 9 10 11 12 13 14 16 17 18 20 21 22 23 24 26 27 30 31 32 33 34 35 36 37 38 39 40 41 42 43 44 45 46 47 48 49 50 51 52 53 54 57 58 59 60 
40
1 3 4 5 7 8 9 10 13 14 16 18 20 21 22 23 24 25 27 29 31 32 33 34 35 38 40 41 43 44 45 46 47 48 50 55 57 58 60 61 
41
1 2 3 4 6 7 9 10 11 12 13 14 15 16 17 18 19 21 22 23 24 25 26 27 28 29 30 31 32 35 36 38 39 40 41 42 44 45 46 47 48 
18
3 4 6 8 9 10 11 14 16 17 18 19 20 23 24 27 28 31 
64
1 2 5 6 7 8 9 10 11 12 15 16 17 19 21 23 24 25 26 27 29 30 31 33 35 36 38 40 41 42 43 44 45 46 49 50 51 53 54 55 56 57 58 60 62 63 64 66 68 69 70 71 73 74 75 76 77 78 79 80 81 82 83 84 
40
1 2 3 4 5 6 8 9 11 12 13 14 15 16 17 18 19 20 21 22 23 24 25 27 28 29 30 31 32 33 34 35 36 37 38 41 42 43 44 45 
3
1 3 5 
45
2 3 5 6 8 13 15 16 18 19 20 21 22 24 25 26 27 29 31 32 33 34 35 37 38 39 40 41 42 44 46 47 48 49 51 52 53 55 56 57 59 60 61 62 65 
70
1 2 3 4 5 6 7 8 9 10 11 12 13 15 17 19 20 21 22 23 24 25 26 27 28 29 31 33 34 35 37 39 40 41 42 43 44 45 47 49 50 52 53 54 55 57 58 59 60 61 62 63 64 65 67 68 69 70 71 73 74 75 76 77 79 80 81 82 83 88 
4
5 8 9 10 
73
1 2 3 4 5 7 8 9 10 13 14 16 17 18 19 20 22 23 24 25 26 28 29 30 31 32 33 34 35 36 37 38 40 42 43 44 45 47 48 50 51 52 53 54 55 56 57 58 59 60 61 62 63 64 65 67 68 69 70 71 72 73 74 75 76 78 79 81 82 83 85 86 89 
40
1 3 4 5 6 7 8 10 12 13 14 17 19 20 21 22 23 24 25 26 27 28 30 32 33 35 36 37 38 39 40 41 43 44 45 46 47 48 49 50 
11
1 2 3 4 5 6 7 8 10 11 12 
68
1 2 3 5 6 7 8 9 10 12 13 14 16 17 18 19 20 22 23 25 26 28 29 30 31 32 33 35 36 38 39 40 41 42 44 45 46 47 48 49 50 51 52 53 54 55 56 57 58 60 61 62 64 65 66 68 69 70 71 72 74 75 76 78 79 81 82 83 
54
5 6 8 9 11 14 15 16 18 20 21 22 23 25 27 28 32 33 34 36 38 40 43 44 45 46 47 49 50 51 52 53 54 56 57 58 60 61 62 63 67 68 69 70 73 77 79 80 84 85 86 87 88 89 
2
9 15 
17
1 2 3 4 6 7 8 9 10 11 12 15 16 18 23 24 26 
22
2 3 4 5 6 7 10 12 14 15 18 19 21 22 23 25 26 27 28 29 32 33 
22
1 3 6 7 9 11 12 13 15 16 19 22 25 31 33 35 36 41 46 47 48 52 
67
1 2 3 4 6 7 8 9 10 11 12 13 15 16 17 18 20 21 22 23 24 25 27 29 31 32 33 36 38 39 41 43 44 46 48 49 50 53 54 57 58 60 61 62 63 64 65 66 71 72 73 74 75 77 78 79 81 83 84 85 86 87 88 89 90 91 92 
2
1 2 
27
1 2 3 4 5 7 8 9 10 11 12 14 15 16 18 20 21 22 23 26 27 28 30 31 32 33 35 
12
1 2 3 5 6 9 10 11 13 14 15 16 
14
1 4 6 14 19 23 24 32 34 35 37 38 39 44 
22
1 2 3 4 5 6 7 8 9 10 11 13 15 16 17 18 19 20 21 22 24 26 
30
1 2 3 4 6 8 10 11 12 13 15 16 17 18 19 20 21 22 23 24 25 27 28 29 30 31 32 33 35 37 
11
4 7 8 9 12 18 24 30 32 37 38 
45
1 2 5 6 7 9 10 12 13 16 17 19 20 22 23 27 28 29 30 31 32 33 34 35 36 39 40 41 42 43 45 47 49 50 52 53 54 55 56 57 59 60 62 66 67 
59
1 2 3 4 5 6 7 9 11 12 13 14 15 16 17 18 19 20 21 22 23 24 25 26 27 28 29 30 32 33 34 35 36 37 38 39 40 43 44 45 46 47 48 51 52 53 54 55 56 57 58 59 60 62 63 65 66 67 68 
75
1 4 5 6 7 8 12 13 14 15 16 17 18 19 20 21 22 24 25 26 27 28 29 30 31 32 33 34 35 36 37 38 40 41 42 43 45 46 47 48 49 50 51 53 56 57 59 60 61 62 63 64 66 70 71 72 73 75 76 77 78 80 81 83 84 85 87 88 89 90 92 93 94 95 96 
27
2 8 9 10 12 14 15 16 19 21 22 24 30 31 32 33 34 36 37 41 42 44 45 46 47 48 49 
39
2 6 8 9 10 11 12 13 14 16 18 20 21 22 25 26 27 28 29 30 32 33 34 35 36 38 39 40 44 46 51 52 53 54 58 59 61 63 64 
4
2 3 5 8 
26
2 3 4 6 7 8 10 11 12 13 14 15 16 17 19 20 21 22 23 24 25 28 29 30 31 32 
57
2 3 4 5 7 8 9 10 12 15 16 18 19 23 24 26 27 28 29 31 32 33 34 35 36 37 38 40 41 42 43 44 45 46 50 51 52 54 56 59 61 63 65 66 69 70 71 72 73 74 76 77 78 79 80 81 82 
27
3 8 11 14 15 23 25 26 27 28 29 31 33 35 36 37 41 42 43 46 47 48 49 53 61 62 64 
53
1 3 4 5 7 11 16 18 21 22 24 25 26 28 29 30 31 33 34 35 36 37 40 41 45 46 48 52 54 56 57 58 59 60 61 64 66 67 70 71 72 76 77 78 79 80 83 85 90 91 93 94 96 
5
2 3 4 5 6 
18
3 4 7 8 9 10 12 14 21 23 25 26 29 30 31 36 38 42 
35
1 3 4 5 6 7 8 11 12 13 14 15 16 17 18 19 21 22 23 24 25 28 29 30 31 32 33 34 35 36 37 38 39 40 41 
16
8 10 12 17 23 25 27 29 33 34 35 45 50 53 54 60 
12
2 3 6 8 10 12 13 14 17 18 24 25 
41
1 3 5 7 8 9 11 12 13 15 19 22 23 24 25 26 28 29 31 32 33 34 37 42 43 45 46 47 50 51 52 53 57 62 63 64 65 66 67 74 77 
6
2 4 5 7 8 10 
18
1 5 6 12 17 18 19 20 23 27 28 30 31 33 38 43 46 49 
19
1 3 6 12 13 14 15 16 18 21 23 26 30 33 40 42 43 47 55 
6
1 2 4 5 7 8 
24
5 8 15 18 20 21 23 26 32 34 39 40 61 62 64 65 71 78 80 90 94 95 96 98 
1
2 
2
2 6 
10
1 2 4 5 6 7 9 10 11 12 
4
1 5 9 10 
61
3 4 5 6 7 8 9 10 11 12 13 15 16 17 18 22 23 25 26 28 29 32 33 34 35 36 38 42 43 44 48 49 50 52 53 54 55 56 58 59 60 62 63 64 65 68 69 70 71 72 73 74 75 77 78 79 80 81 83 84 85 
7
1 5 8 9 11 13 14 
40
1 2 3 6 7 8 9 10 14 15 16 20 21 22 25 27 28 31 34 35 36 37 39 40 41 47 48 49 50 53 55 56 57 58 59 63 65 66 68 69 
10
2 4 5 7 8 10 11 12 14 15 
28
1 2 4 8 10 12 13 14 15 17 18 20 22 25 26 27 28 29 31 32 33 34 35 37 38 39 42 44 
41
3 6 7 9 10 12 14 19 23 24 25 26 27 29 30 33 34 35 36 42 43 45 48 49 50 51 53 54 56 57 58 61 64 65 67 70 77 79 80 82 85 
19
1 2 3 4 5 6 8 10 11 12 13 15 16 17 18 19 20 21 22 
2
32 38 
7
1 2 3 5 7 8 9 
6
1 3 12 16 19 21 
42
2 3 6 7 8 10 11 12 13 15 16 17 18 19 20 21 22 23 24 27 28 29 31 33 34 35 38 39 41 42 44 45 46 49 50 52 54 55 56 58 61 62 
61
1 2 3 4 5 6 8 9 10 11 12 13 14 15 16 17 21 22 23 24 25 28 29 30 31 33 34 35 36 37 38 39 40 42 43 44 45 46 47 48 49 50 51 53 59 60 61 62 63 66 67 68 69 70 71 73 74 75 76 78 80 
54
1 3 5 6 8 9 10 14 15 16 17 18 19 20 21 24 26 27 28 29 30 31 32 34 35 36 37 38 40 41 42 44 46 48 50 51 53 54 55 57 58 59 60 62 63 64 65 68 69 70 71 74 76 77 
No answer!
4
1 2 5 6 
1
4 
39
1 3 4 5 6 7 8 9 10 11 12 15 16 17 18 19 20 21 25 26 27 28 29 30 31 32 33 34 35 36 37 38 39 40 41 43 44 46 47 
5
16 33 50 53 57 
64
1 2 3 4 5 7 9 10 12 13 14 15 16 17 18 19 21 22 23 24 26 27 28 29 30 31 34 35 36 37 38 39 41 42 43 44 45 46 47 48 49 50 51 52 53 54 55 56 57 59 60 62 63 64 66 67 68 69 70 72 73 74 75 76 
7
1 2 3 4 5 7 8 
29
1 3 5 6 7 8 9 10 12 13 14 16 17 20 21 22 23 25 28 29 30 31 32 33 35 37 38 39 41 
73
1 2 6 7 8 9 10 12 13 14 15 16 17 18 20 21 22 23 24 25 26 27 28 29 30 32 34 35 36 37 38 39 40 41 43 44 45 46 47 48 49 50 52 55 56 57 58 60 61 64 65 66 67 68 69 70 72 73 76 77 78 79 80 81 82 85 86 87 88 89 90 91 92 
44
4 7 9 11 12 13 14 16 19 20 21 22 23 25 26 27 28 29 32 34 35 36 38 40 42 43 46 47 48 49 50 51 52 54 56 57 60 61 62 63 64 65 69 71 
68
2 3 4 7 8 11 12 13 14 15 17 18 19 24 25 26 27 28 29 30 31 32 33 34 35 37 38 39 40 42 43 44 45 46 47 48 49 50 51 53 55 56 58 59 60 61 62 63 64 65 66 67 68 71 72 73 75 76 77 80 81 82 84 85 86 87 88 89 
18
3 4 6 7 8 9 10 12 13 14 15 16 17 18 20 21 22 24 
6
1 2 3 4 5 6 
25
1 3 4 5 6 7 8 9 10 11 13 15 16 17 18 19 20 21 22 23 24 26 27 28 30 
15
1 2 4 7 8 9 12 13 14 15 16 23 24 25 26 
34
1 3 4 6 7 8 11 16 17 20 22 23 24 25 28 31 32 34 35 39 40 42 43 48 50 52 53 54 55 62 63 64 67 73 
10
1 2 3 4 6 7 8 9 10 12 
38
1 3 11 13 14 16 19 21 22 24 27 29 32 37 41 42 43 45 50 54 55 56 59 62 66 68 74 75 76 77 82 84 86 87 89 91 93 95 
78
1 2 3 4 6 7 8 9 10 11 12 13 14 15 16 18 19 20 21 22 23 25 27 28 30 31 32 33 34 35 36 37 38 39 40 41 42 43 44 45 46 47 48 49 50 51 55 56 57 58 59 60 61 62 63 65 66 67 68 69 70 71 72 73 74 75 76 77 78 79 80 81 82 83 84 85 88 89 
No answer!
59
1 2 3 4 5 7 8 9 10 11 12 13 14 16 17 18 19 21 22 23 24 25 26 27 28 30 31 32 34 35 36 37 38 39 40 41 42 43 44 46 47 49 50 51 52 53 54 56 57 58 59 60 61 62 63 64 65 66 67 
4
1 2 5 12 
68
1 2 3 4 5 6 7 8 10 11 13 16 17 18 20 21 22 24 25 26 27 28 29 30 31 34 35 36 37 38 41 43 44 46 47 48 50 51 53 54 55 57 58 59 60 62 63 64 65 66 67 68 69 70 72 74 77 78 82 85 86 87 91 92 93 94 95 96 
21
1 2 3 4 7 8 9 10 11 12 13 14 15 17 18 19 20 21 22 23 26 
45
1 3 5 10 11 12 13 15 16 19 20 21 22 23 28 30 35 37 38 39 43 44 45 48 50 52 53 54 56 57 58 62 64 65 66 67 69 70 71 72 73 74 75 76 77 
6
2 4 9 14 15 18 
72
1 3 4 5 6 7 8 9 10 11 12 13 14 15 17 18 19 20 21 22 23 24 27 28 29 30 31 32 33 34 35 36 37 38 39 40 41 42 43 44 45 46 47 50 51 52 53 54 55 56 57 58 59 61 62 63 64 65 66 67 68 69 70 72 73 75 76 77 78 79 81 85 
72
1 2 4 6 8 9 11 12 14 15 16 18 19 20 21 22 23 24 25 26 27 32 33 34 35 36 37 39 40 41 42 43 44 45 46 47 49 50 51 52 53 54 55 57 58 59 60 61 62 63 64 65 66 67 68 69 70 71 72 73 74 75 76 77 80 81 82 83 84 85 86 88 
35
1 2 5 6 7 8 10 11 13 14 15 16 17 18 20 21 23 24 25 26 27 28 29 30 32 34 35 36 38 39 40 41 43 45 46 
49
3 4 5 6 8 9 10 12 13 15 17 21 23 25 26 27 28 29 30 32 34 35 36 39 41 42 46 47 48 49 50 51 53 54 55 57 58 60 61 62 64 65 66 67 68 69 72 74 75 
36
2 4 5 6 7 8 9 12 14 15 16 17 18 19 20 22 23 24 25 27 28 29 30 31 32 33 34 35 37 38 39 40 41 42 43 44 
66
2 3 4 5 6 8 9 10 11 12 13 14 15 16 19 20 21 22 23 26 27 29 30 31 32 33 35 36 37 39 40 41 42 44 45 46 47 48 49 50 52 54 55 56 57 58 59 60 62 63 64 68 69 70 71 72 73 74 75 76 77 78 79 81 82 83 
24
9 11 12 16 20 21 28 34 36 45 49 55 56 60 61 63 67 68 72 73 74 77 79 82 
3
1 2 4 
9
5 9 11 15 18 21 24 28 32 
27
1 3 5 7 8 9 10 12 13 14 17 18 19 22 23 25 26 27 28 29 30 32 33 34 35 37 40 
77
1 2 3 4 5 6 7 8 9 11 12 13 17 18 19 21 22 23 24 25 26 27 28 29 30 31 32 33 34 35 36 37 38 39 40 42 43 44 45 46 47 48 49 50 51 53 54 55 56 57 58 59 61 62 63 64 65 66 67 68 69 70 72 73 74 76 77 78 80 81 83 84 85 86 87 89 90 
3
4 6 24 
58
1 2 3 4 5 6 10 11 12 13 14 16 18 20 23 25 26 27 30 31 32 33 34 35 36 38 39 41 47 49 50 51 53 54 57 58 59 60 61 62 63 65 66 67 68 69 71 74 75 77 80 82 83 84 85 87 88 89 
11
3 13 14 20 21 23 26 27 28 34 49 
14
2 3 8 10 11 12 14 15 17 18 20 21 23 24 
3
1 3 6 
11
1 2 3 4 6 7 8 9 12 13 14 
11
6 7 17 19 26 29 45 46 48 50 53 
5
14 17 48 53 73 
38
2 4 5 10 17 18 22 23 26 30 33 34 35 38 39 40 41 42 43 44 45 46 50 51 55 61 63 64 66 67 72 73 76 79 80 82 84 85 
16
1 3 7 9 15 17 20 23 26 28 30 31 32 33 34 35 
61
1 2 3 4 5 6 7 8 9 10 11 13 15 16 17 18 19 20 21 22 23 24 25 26 27 28 30 31 32 33 34 35 36 37 40 41 42 43 44 45 47 48 49 50 51 52 53 54 55 56 58 59 60 61 62 63 64 65 66 67 68 
12
1 9 11 12 13 15 17 20 21 24 25 27 
28
4 5 7 9 10 12 13 15 16 17 19 20 24 25 32 33 34 35 36 37 39 40 41 42 44 45 46 47 
16
2 3 4 5 6 8 10 14 15 16 17 18 19 21 22 23 
5
1 2 4 5 6 
69
3 5 7 9 10 13 14 15 16 17 18 19 21 22 23 24 27 28 29 31 32 33 34 35 39 41 42 43 44 45 47 49 50 51 53 54 55 57 58 59 60 61 62 63 64 66 67 68 69 70 71 73 74 75 76 77 78 79 81 83 84 85 86 87 88 89 90 93 98 
2
1 2 
1
8 
29
3 4 7 11 13 16 17 19 21 25 26 28 29 31 33 36 38 39 40 43 46 49 50 51 52 53 58 59 61 
13
2 3 5 7 11 14 15 16 17 20 22 23 24 
12
2 3 4 6 7 12 14 16 18 19 21 22 
49
1 3 4 5 6 7 10 12 15 17 18 20 21 23 29 30 32 34 35 38 40 43 45 46 47 49 54 56 57 58 59 61 64 66 68 70 76 78 79 82 85 86 87 88 89 90 92 93 94 
21
1 2 3 4 8 10 14 15 17 18 20 23 24 26 27 30 31 34 36 37 40 
44
1 2 4 6 7 15 17 19 20 21 22 26 28 29 30 31 32 34 36 42 43 44 45 46 51 56 58 59 60 61 62 65 67 71 76 77 78 82 86 88 89 90 92 94 
23
2 5 7 8 9 10 11 12 14 15 16 17 18 19 20 21 22 23 24 27 28 29 30 
51
1 2 5 7 9 10 11 12 13 14 15 16 19 24 25 26 28 30 31 32 35 36 37 39 42 43 44 45 46 49 50 52 53 54 56 57 58 59 63 64 65 66 67 68 69 70 72 73 74 75 79 
71
1 2 3 4 6 8 9 10 11 12 13 14 16 17 20 21 22 23 24 25 26 28 29 31 34 35 36 37 38 39 40 41 42 43 44 45 46 47 49 50 51 52 53 54 56 58 59 60 61 62 63 64 65 66 67 68 69 70 71 73 75 76 77 78 79 80 82 83 84 85 86 
35
3 8 11 12 13 15 21 22 23 24 25 26 27 30 31 32 33 40 42 45 47 48 49 51 54 56 58 59 60 61 62 65 71 73 75 
51
1 3 4 5 6 7 8 9 10 12 13 14 15 16 17 18 19 20 21 22 24 25 26 27 28 29 30 31 32 33 34 35 37 38 39 40 41 45 46 49 50 51 53 54 55 56 57 58 59 60 61 
11
2 3 4 6 7 16 17 18 22 24 25 
14
15 21 27 34 45 46 47 60 64 65 66 77 80 86 
31
2 3 7 13 14 17 19 21 23 31 33 37 39 40 45 47 53 61 63 64 66 67 71 73 74 75 79 84 89 92 95 
53
1 2 4 5 6 8 10 11 12 13 16 17 18 21 22 23 24 26 30 31 33 34 35 36 37 38 39 40 42 43 48 49 51 52 53 54 55 56 57 58 59 60 61 63 64 65 67 68 71 72 73 75 77 
22
2 3 4 6 7 9 10 11 12 13 14 17 18 19 21 24 26 27 28 30 32 33 
72
1 2 3 4 5 6 7 8 9 10 11 12 13 14 16 17 18 19 20 22 23 24 25 26 27 28 29 31 32 33 34 35 36 37 38 39 41 42 43 44 45 46 47 49 50 51 52 53 54 55 56 57 58 59 60 61 62 63 64 65 66 67 68 69 70 71 72 73 75 76 77 78 
48
1 2 3 5 6 7 9 10 11 12 13 16 17 18 21 22 23 24 25 26 27 30 31 32 34 36 37 40 41 42 43 44 45 47 48 50 54 55 56 57 59 61 62 63 65 66 68 69 
15
3 4 5 7 8 10 12 13 14 16 17 19 20 22 23 
18
3 6 12 18 19 21 23 24 31 32 33 36 41 44 59 60 62 67 
17
2 3 7 8 15 18 21 23 24 26 28 32 33 34 40 42 43 
6
2 3 5 6 7 8 
7
1 3 5 7 11 13 16 
17
2 7 8 9 11 13 14 18 19 20 21 28 29 31 34 35 36 
19
2 3 6 7 9 10 11 12 13 15 18 19 24 27 28 29 33 35 36 
35
1 2 3 5 6 7 8 10 11 12 13 16 18 19 20 21 23 25 26 28 29 30 31 32 33 35 36 40 42 44 46 47 48 50 51 
34
1 3 9 10 12 13 16 17 18 22 25 26 28 31 33 37 42 44 46 49 52 54 55 56 57 64 65 66 70 72 73 74 75 76 
69
2 3 4 5 6 7 8 9 10 11 12 14 15 17 18 19 20 21 22 23 26 27 28 30 32 34 35 36 37 38 39 40 41 42 43 45 46 47 49 50 52 53 54 55 56 58 59 60 61 62 63 65 66 67 68 69 71 74 75 77 78 80 81 82 83 84 85 86 87 
16
4 6 9 20 23 32 37 40 41 47 50 54 77 85 86 90 
3
6 15 17 
20
8 11 14 17 23 24 25 26 28 29 31 33 36 40 42 43 45 47 49 50 
2
1 4 
2
40 62 
11
1 2 4 6 7 12 15 19 20 27 28 
1
4 
38
1 3 6 7 9 10 14 17 21 23 25 26 28 29 31 32 33 38 40 42 46 48 50 51 53 56 59 62 63 67 69 70 71 72 74 77 81 82 
50
1 3 4 5 7 10 11 13 14 17 18 19 20 21 22 23 24 25 26 27 28 29 31 32 33 34 35 36 37 38 39 40 41 43 44 45 46 48 50 51 52 53 55 57 58 59 60 62 64 66 
50
3 4 5 6 8 9 10 11 13 16 19 22 24 25 28 29 31 33 34 37 39 41 46 47 49 50 52 53 55 56 58 60 61 64 66 67 68 69 70 71 72 73 76 77 78 79 81 82 84 85 
3
9 11 12 
46
1 2 3 5 6 9 10 12 13 15 16 18 19 20 22 26 27 28 29 30 31 33 34 35 36 38 40 41 42 43 44 47 49 50 53 54 55 58 59 60 61 63 64 65 66 68 
30
2 4 5 7 10 12 15 17 18 19 20 21 22 24 25 26 27 28 29 33 34 37 38 40 41 43 44 46 47 48 
62
1 2 5 6 7 8 9 10 11 13 14 15 16 17 18 19 20 21 22 24 25 26 27 28 30 31 32 33 34 35 38 39 40 41 42 44 45 46 47 48 49 50 51 52 53 54 55 56 57 58 59 60 64 65 67 68 69 71 72 73 74 75 
28
1 2 3 4 6 7 8 10 11 12 13 14 15 16 17 18 19 20 21 24 25 26 28 30 31 32 33 35 
38
1 3 5 6 16 17 18 20 21 23 25 27 28 29 31 32 33 35 36 37 39 45 54 55 56 58 60 63 65 68 69 70 71 72 73 74 75 77 
8
1 3 10 11 14 28 36 52 
29
2 3 6 7 8 9 10 11 12 13 14 15 16 18 19 21 22 24 26 27 28 29 30 31 32 33 35 36 37 
6
1 2 3 6 7 11 
29
1 2 3 4 5 6 7 9 10 13 14 16 17 18 19 20 21 23 24 26 27 29 30 31 32 34 38 39 40 
61
1 3 4 5 7 8 9 10 11 13 14 15 16 17 18 20 22 23 24 25 26 27 28 30 31 33 34 35 36 37 38 39 40 41 42 44 45 46 47 48 49 52 54 55 56 57 58 59 60 61 62 63 64 65 66 67 68 69 70 71 72 
1
2 
31
3 5 6 9 11 12 13 14 16 18 20 21 22 24 25 28 29 32 34 38 40 42 43 44 45 46 48 49 50 53 57 
26
1 5 7 8 9 10 11 12 13 14 15 16 18 24 25 26 30 31 32 34 36 37 38 39 41 44 
66
1 2 3 4 5 6 7 8 9 11 12 13 14 16 17 18 19 20 21 22 23 24 25 26 27 29 30 31 33 34 36 38 39 40 41 42 44 45 46 47 48 49 50 51 52 53 54 55 56 57 58 59 60 61 62 63 64 65 66 67 68 69 70 71 72 73 
58
2 3 5 6 7 8 9 10 11 12 13 15 16 18 19 20 22 25 26 27 28 30 31 32 33 34 35 37 38 39 40 41 42 43 47 48 49 50 51 52 54 55 57 58 59 60 61 63 64 65 66 67 68 69 71 72 73 74 
59
1 3 4 5 6 7 8 9 10 12 13 14 16 17 19 20 21 24 26 28 29 30 31 32 33 34 35 37 41 43 44 46 48 49 50 51 53 54 55 56 57 58 60 61 62 63 65 66 67 69 71 72 75 76 77 78 79 80 82 
43
1 2 4 5 6 7 8 9 11 12 13 15 16 17 18 19 20 22 23 24 26 27 28 29 30 34 35 36 37 38 39 42 43 44 45 46 47 49 52 53 55 56 57 
18
2 3 4 6 7 8 9 11 14 16 21 22 30 32 35 37 38 40 
15
1 2 3 4 5 6 7 9 10 11 12 18 19 21 22 
20
2 3 4 6 8 9 10 12 17 18 19 20 22 24 28 29 33 34 42 44 
61
1 2 6 7 8 10 11 13 16 20 21 22 23 24 26 27 28 34 35 37 38 42 43 47 48 49 50 51 52 53 54 58 59 60 61 62 63 64 65 67 68 69 70 71 72 74 75 76 77 78 79 80 82 85 86 88 89 90 91 94 96 
16
1 2 3 4 7 9 10 16 18 19 21 24 25 29 31 32 
36
1 2 3 5 6 8 10 11 12 13 16 18 19 22 25 27 28 29 31 32 33 34 35 38 39 41 44 45 48 49 51 52 53 55 60 61 
41
1 5 6 7 8 9 10 11 12 13 14 15 16 17 18 19 20 21 22 23 24 25 26 27 28 29 30 31 32 33 35 36 37 38 39 41 43 44 47 48 49 
39
1 2 4 7 8 10 12 14 15 20 21 22 23 25 26 28 37 38 39 41 48 50 51 54 55 58 59 61 63 67 70 71 74 75 77 78 81 89 91 
44
2 4 7 8 9 10 12 15 16 18 20 21 23 30 31 32 33 34 36 38 39 42 43 44 45 47 49 51 54 58 60 61 62 63 66 68 69 70 71 72 73 75 78 79 
11
9 21 22 23 28 50 64 67 75 78 83 
73
1 2 3 4 6 7 8 9 10 11 14 15 16 17 18 19 20 21 23 24 25 27 28 30 32 33 34 35 36 38 40 44 45 46 47 49 51 52 53 54 55 56 57 58 59 60 61 62 63 64 65 67 68 69 70 71 73 74 76 78 79 80 81 82 83 84 85 86 87 88 89 90 91 
No answer!
28
1 3 4 6 7 9 10 13 14 16 17 18 19 21 24 25 27 29 30 31 32 33 34 36 41 42 44 45 
2
1 4 
21
2 5 6 15 16 17 18 25 27 32 37 40 42 43 44 47 49 51 54 55 57 
55
2 3 4 6 7 8 12 13 14 15 16 17 18 19 21 22 24 25 26 27 28 29 30 31 33 34 35 36 37 38 39 40 41 42 44 45 47 48 49 50 51 52 53 55 56 57 58 59 60 61 62 63 64 65 66 
60
2 3 5 7 8 9 10 11 12 13 15 16 17 18 19 23 24 25 26 27 28 29 30 31 32 33 34 35 36 38 40 41 44 45 49 50 51 52 53 54 55 57 58 59 63 64 65 67 69 70 71 72 74 75 77 78 79 80 81 82 
33
6 9 10 11 16 18 19 22 23 24 28 30 35 36 39 43 44 45 46 48 51 52 55 56 58 59 62 66 67 69 70 73 75 
65
1 4 5 7 8 9 10 11 12 14 15 16 17 18 20 22 23 24 25 26 29 31 33 34 36 37 38 40 42 43 44 48 49 50 53 54 55 56 57 58 59 60 61 62 63 64 65 66 67 68 71 72 73 74 75 76 77 79 80 82 83 84 85 86 87 
3
1 4 6 
4
3 6 8 12 
57
1 3 4 5 6 8 10 11 12 13 14 15 17 20 21 29 30 31 32 35 36 37 38 39 40 41 42 43 44 45 46 52 53 54 56 58 59 61 66 70 75 77 80 81 82 83 84 85 88 89 90 91 92 93 94 95 96 
75
1 2 3 4 5 6 7 8 9 10 11 12 13 14 15 16 17 18 19 21 22 23 24 25 26 27 29 30 31 32 33 34 35 37 39 40 41 42 43 44 46 47 48 49 50 51 52 54 56 57 58 59 60 61 62 64 65 67 68 69 71 72 73 74 75 76 77 78 79 80 81 82 83 84 86 
5
2 3 5 6 7 
32
1 2 4 5 7 10 12 14 16 17 18 20 21 22 28 29 32 35 39 40 46 50 51 52 57 58 59 64 65 66 67 70 
2
1 3 
37
1 2 3 4 7 8 9 10 12 13 14 15 16 17 18 19 20 21 22 23 24 25 28 29 30 32 33 34 35 36 37 38 39 40 41 44 45 
31
1 2 6 7 8 11 14 15 16 17 18 20 21 23 24 25 29 33 34 35 37 38 39 40 41 43 44 46 47 48 49 
59
1 2 3 4 5 6 7 9 10 11 12 13 14 15 16 17 18 19 20 21 22 23 24 25 26 28 29 30 32 33 34 35 36 37 39 40 41 43 46 48 49 50 51 52 53 54 55 56 57 58 59 61 62 63 64 65 66 67 69 
57
1 2 4 5 6 7 9 10 11 16 17 18 20 21 24 25 28 29 30 32 33 34 35 36 37 38 40 42 43 44 45 46 47 48 49 51 52 53 57 58 59 61 64 65 68 72 73 75 77 78 79 81 83 84 86 89 93 
13
2 4 7 10 11 12 19 22 25 33 35 41 46 
8
1 3 5 8 10 12 15 16 
36
4 7 8 9 15 18 19 22 27 29 42 44 45 52 53 54 58 59 64 66 67 69 71 76 77 81 84 85 87 88 90 91 92 94 96 97 
15
1 3 4 5 6 7 8 9 11 12 13 15 16 19 20 
8
1 2 4 6 7 8 9 10 
16
1 2 3 6 7 9 10 11 12 13 14 15 16 18 19 20 
74
1 2 4 5 6 7 8 9 11 12 13 15 16 18 20 21 22 23 24 25 26 28 30 32 33 34 36 37 38 39 40 41 43 44 45 46 47 48 49 51 53 54 55 56 57 59 61 62 63 64 65 66 67 68 69 70 72 76 77 78 79 80 83 84 85 86 87 88 89 90 91 92 93 94 
72
1 3 5 6 7 8 9 10 11 12 13 14 15 16 17 21 23 24 25 27 28 29 31 35 36 37 38 39 40 41 42 43 44 45 48 49 50 51 53 56 58 60 61 62 63 64 65 66 67 69 70 71 72 74 75 76 77 78 79 80 81 83 85 86 87 88 89 90 91 92 93 94 
25
1 2 4 5 7 9 10 12 13 14 17 18 19 20 22 23 24 25 26 27 28 31 32 35 36 
19
2 5 13 15 30 31 32 33 50 54 56 57 64 68 74 75 87 92 100 
60
3 4 5 6 7 8 9 10 11 12 13 15 17 18 19 20 21 22 23 24 27 29 30 31 32 33 34 37 39 41 43 45 46 48 51 52 53 54 55 59 60 61 63 65 66 67 68 70 71 72 73 74 75 76 77 78 79 80 83 84 
28
1 2 3 4 5 6 7 8 9 11 12 13 14 15 16 18 20 21 22 23 25 27 28 29 30 31 32 34 
43
2 3 4 5 6 9 11 12 14 15 16 19 20 22 24 25 26 30 31 34 36 37 38 41 43 45 46 49 51 52 56 57 59 61 62 63 68 69 72 73 74 81 82 
67
1 3 4 6 7 8 11 13 14 15 16 17 19 20 21 22 23 25 26 27 28 29 30 31 33 35 36 37 38 39 40 42 45 46 47 48 49 54 57 60 62 63 64 65 66 67 68 69 71 72 73 74 75 76 77 81 82 83 87 88 89 90 91 92 93 94 96 
13
1 3 5 6 7 9 10 11 12 13 14 15 16 
8
1 3 4 5 6 7 8 9 
25
2 3 7 8 9 12 13 14 16 18 21 22 24 26 27 31 33 35 36 37 40 41 43 44 45 
No answer!
16
1 3 8 10 12 18 20 21 23 24 25 27 28 29 31 33 
53
1 2 4 5 11 12 14 16 17 18 22 23 24 25 26 29 30 32 34 35 37 39 40 41 42 43 46 48 49 50 52 53 54 56 57 59 60 64 67 68 69 70 73 75 81 83 88 89 90 92 95 96 97 
13
6 7 11 15 25 29 31 34 35 37 38 40 42 
58
1 2 3 4 5 6 10 11 14 15 16 17 19 20 21 22 23 24 26 27 28 29 31 32 33 34 35 36 37 38 39 41 43 44 45 46 47 49 50 51 53 54 55 56 57 58 59 60 62 63 64 65 66 67 70 72 74 75 
13
2 4 8 11 16 17 20 22 23 28 33 36 40 
13
2 3 4 5 6 8 9 10 14 15 17 18 19 
23
2 5 6 8 9 11 12 14 15 17 20 22 25 27 29 30 31 33 35 36 38 41 44 
20
1 2 3 4 6 7 8 9 11 12 13 14 15 17 18 20 22 23 24 26 
48
1 2 3 4 5 7 8 10 12 13 15 18 19 20 21 22 25 26 29 31 32 34 35 36 37 38 40 43 46 47 48 49 50 51 53 54 55 56 58 59 61 63 64 65 66 67 68 69 
53
2 3 5 8 10 12 13 14 15 16 18 20 21 23 24 25 27 28 30 32 35 37 38 39 40 41 42 43 45 46 47 48 49 50 51 52 53 54 55 56 60 61 62 64 65 67 68 69 70 71 73 74 75 
44
1 2 3 5 6 7 8 9 11 12 13 14 16 19 20 23 25 27 28 29 30 32 34 35 37 39 41 42 43 44 45 47 49 50 51 52 53 54 55 57 58 61 63 67 
23
1 2 3 4 5 6 7 8 9 10 11 14 15 17 18 19 20 21 24 25 26 27 28 
63
1 2 3 4 6 7 9 10 11 12 13 15 16 18 19 20 21 23 24 25 27 28 29 31 32 33 34 35 37 38 39 40 41 43 44 45 47 48 49 50 51 52 53 54 55 56 58 60 61 62 65 68 71 72 73 74 75 79 81 82 84 85 86 
53
1 5 6 8 9 10 12 13 19 22 24 25 27 29 31 32 33 34 38 41 42 44 45 46 48 50 52 53 54 56 57 60 61 62 67 69 71 74 75 76 77 78 80 81 82 84 85 88 90 92 93 95 96 
75
1 2 4 5 6 7 8 10 13 14 15 16 18 20 21 22 23 24 26 27 28 29 30 31 32 33 34 35 36 37 39 40 41 42 43 44 45 46 47 48 49 50 52 53 54 55 56 57 58 60 62 65 66 67 68 69 70 71 72 73 74 76 77 78 79 80 81 82 83 84 85 86 87 89 91 
42
1 2 3 4 5 7 8 9 10 12 14 15 16 17 18 19 21 24 26 27 28 29 32 33 34 35 36 38 39 41 42 43 44 46 47 48 49 50 51 52 53 55 
77
4 5 6 7 8 9 10 11 12 14 15 17 18 19 20 21 22 23 24 25 26 27 28 29 30 31 32 33 34 35 37 38 39 40 41 42 43 44 45 47 48 49 50 51 52 54 55 57 58 59 60 61 62 63 64 65 66 69 71 72 73 74 75 76 77 78 79 80 81 82 83 84 85 86 87 88 89 
14
1 7 10 14 16 24 28 34 51 53 59 70 83 84 
59
2 3 5 7 9 10 11 12 13 14 15 17 19 20 22 27 29 31 32 33 34 35 36 40 41 42 43 45 46 47 48 49 50 55 56 59 60 61 62 63 65 66 67 68 69 71 73 75 78 81 82 84 87 88 89 91 92 94 96 
40
3 4 6 8 12 13 14 15 16 18 19 20 22 23 25 26 27 28 30 31 32 33 34 35 36 38 40 42 44 45 46 48 49 50 51 53 55 56 60 61 
56
1 2 4 5 6 8 10 11 15 16 17 19 20 21 22 23 26 27 28 29 30 31 32 33 35 36 37 38 39 40 41 42 44 45 46 47 48 49 51 52 53 56 57 58 59 60 61 62 68 70 72 74 75 77 78 79 
35
4 5 13 18 20 23 24 25 27 28 31 35 36 37 39 43 46 49 51 54 57 59 61 64 66 67 69 71 72 75 76 78 83 87 88 
64
1 2 4 5 6 7 8 9 10 11 14 15 16 17 18 19 20 21 22 23 24 25 26 27 28 29 30 32 33 34 36 37 38 39 40 41 43 44 47 48 49 50 51 52 53 54 55 56 57 58 60 61 62 63 64 65 66 67 70 71 72 73 74 75 
8
1 3 6 7 8 9 10 14 
88
1 2 3 4 5 6 7 8 10 11 12 13 14 15 16 17 18 19 20 21 22 23 24 25 26 27 28 29 30 32 33 34 35 36 37 38 39 40 41 42 43 44 45 46 47 50 51 52 53 54 55 56 57 59 60 61 62 63 64 65 66 67 68 69 70 71 73 74 76 77 78 79 80 81 82 83 84 85 87 88 89 91 92 93 94 96 97 98 
61
1 2 3 5 6 7 8 9 11 12 13 14 15 17 18 19 20 23 24 25 26 27 29 31 32 33 34 36 37 38 39 40 41 42 43 44 45 46 48 49 51 54 55 57 58 59 61 62 67 68 70 72 73 74 76 78 81 82 85 86 88 
11
5 21 22 23 27 30 38 39 40 45 48 
43
3 4 7 8 9 14 15 17 19 24 29 30 31 32 33 35 37 40 42 43 44 46 48 50 51 58 61 63 64 70 71 73 75 76 77 79 80 82 85 86 87 89 91 
15
1 2 3 4 6 8 10 14 15 19 21 22 23 25 27 
16
2 3 10 11 13 14 16 22 23 24 28 29 31 36 37 39 
55
1 3 5 6 7 8 9 10 11 12 13 15 16 17 18 19 20 22 23 24 25 26 27 28 29 30 31 33 34 37 38 39 40 41 42 43 44 45 46 47 49 51 52 55 56 57 58 59 60 61 62 64 65 66 68 
7
11 20 32 37 41 46 47 
18
1 4 6 7 8 10 11 13 16 19 21 24 26 27 30 33 34 35 
31
2 5 6 8 11 13 15 16 19 21 22 23 28 29 32 35 37 38 41 45 46 50 53 54 56 60 65 67 70 73 74 
53
1 4 6 8 9 10 11 12 13 14 15 17 19 22 23 24 26 27 29 30 31 32 33 34 35 36 37 38 40 41 49 53 54 56 57 61 62 63 64 65 67 68 69 71 74 75 77 78 80 81 82 83 86 
48
1 2 3 4 5 6 7 8 10 12 13 14 15 17 19 21 22 23 25 26 27 28 30 31 32 33 34 35 36 37 38 39 41 44 45 46 48 49 54 55 56 57 61 62 64 65 66 67 
32
2 3 4 5 8 9 12 13 14 15 16 17 18 19 20 21 22 23 25 29 30 32 35 36 37 38 39 40 42 43 46 47 
33
1 2 3 4 5 7 8 9 10 11 14 15 17 18 19 21 22 23 24 25 26 27 29 31 32 34 35 36 37 38 39 41 42 
8
2 4 7 8 12 13 15 16 
32
2 3 5 9 11 12 14 15 16 17 18 20 21 25 27 29 33 36 42 43 44 45 50 53 54 55 56 58 59 60 61 62 
60
1 2 3 4 5 6 7 8 9 10 11 12 13 14 15 16 18 19 20 21 22 23 24 25 26 28 29 30 31 32 33 34 35 36 37 38 39 40 41 42 43 44 45 46 47 48 49 50 52 56 58 59 60 61 62 63 64 65 66 67 
7
1 2 3 4 5 6 7 
55
4 5 6 7 12 13 14 16 19 22 23 26 27 28 29 30 32 33 35 38 39 40 41 42 44 46 49 51 52 53 55 56 57 64 65 67 68 70 72 73 75 76 77 78 80 81 85 86 87 89 90 92 93 94 97 
20
1 4 8 9 11 12 13 14 17 21 23 24 25 29 31 32 37 38 40 41 
66
1 4 5 8 9 10 13 14 16 17 19 20 21 22 23 24 25 26 29 33 34 35 37 39 41 42 45 48 49 50 51 52 53 54 55 56 57 58 59 60 61 63 64 65 67 68 69 70 71 73 74 75 78 79 80 81 82 83 85 86 87 88 89 90 92 93 
53
3 5 6 7 8 9 10 12 13 14 15 16 19 20 22 23 25 26 27 28 30 31 32 33 35 36 38 39 41 43 44 45 46 47 48 49 50 51 52 53 54 55 56 57 59 60 61 62 63 65 66 67 70 
32
1 2 4 5 7 9 11 13 14 15 16 18 19 21 22 24 25 30 32 33 34 35 36 37 38 40 42 43 45 46 48 49 
13
1 2 3 4 5 6 7 8 9 10 11 12 14 
5
3 5 7 11 12 
78
1 2 3 4 5 6 7 8 9 10 11 12 13 14 15 16 17 18 19 20 21 22 24 25 26 27 28 29 30 31 32 33 34 35 36 37 38 39 40 41 42 43 47 48 49 50 51 52 54 56 57 59 60 61 62 64 65 66 67 68 69 70 71 72 74 75 76 77 78 79 80 81 82 83 85 86 87 88 
43
1 4 6 7 8 9 11 12 13 14 15 19 20 21 22 24 26 28 29 32 33 34 35 38 41 42 43 44 46 47 49 50 51 52 53 54 55 56 57 58 59 60 62 
16
1 2 3 5 6 7 9 10 12 13 14 15 16 17 18 19 
8
1 2 4 9 14 16 18 20 
43
2 4 5 10 11 13 14 15 17 18 19 20 21 22 23 24 25 29 30 31 32 33 34 35 36 37 38 39 41 45 46 48 49 51 52 53 55 58 59 61 62 64 67 
16
1 3 7 8 11 13 14 17 19 20 22 24 25 28 29 30 
1
2 
3
41 46 63 
17
2 4 9 12 13 14 15 19 20 21 27 29 33 40 44 45 46 
21
1 3 4 5 7 9 11 15 18 19 24 27 31 32 34 39 42 45 46 48 50 
20
2 3 5 6 8 10 11 12 13 15 16 17 19 20 21 23 24 25 26 27 
20
1 2 3 4 5 6 7 8 9 10 11 12 13 14 16 17 18 19 20 21 
43
1 2 3 4 5 6 7 8 9 11 12 13 14 15 16 20 21 22 23 24 26 27 28 29 30 31 32 33 35 36 38 39 40 41 42 43 44 45 46 47 49 50 51 
43
1 2 3 4 7 8 10 15 16 17 19 20 24 25 26 27 28 29 30 32 33 35 37 38 39 41 42 43 44 46 48 49 50 51 55 57 58 59 60 63 64 65 66 
62
1 3 4 6 9 10 11 13 14 15 16 17 18 19 20 21 23 24 25 26 28 29 30 31 32 33 36 37 38 39 40 41 42 43 44 45 46 48 49 50 51 52 53 54 55 56 57 59 60 61 62 63 64 65 66 67 68 69 70 71 72 74 
15
1 2 4 5 12 14 15 20 22 27 31 33 34 36 41 
4
7 8 11 13 
28
6 8 10 11 12 13 17 18 21 24 26 29 31 32 33 34 37 39 40 42 43 44 46 50 52 55 56 57 
27
1 2 3 4 6 8 10 13 14 16 21 23 24 25 26 30 31 32 33 34 35 37 38 39 40 41 42 
12
1 2 3 4 5 6 9 10 11 12 14 15 
7
3 5 6 7 8 10 11 
2
1 13 
20
1 2 3 4 5 7 8 9 10 11 12 13 14 15 16 17 18 19 20 22 
18
2 3 4 7 8 9 10 11 12 14 15 16 19 20 21 22 23 24 
31
1 2 7 10 12 15 21 22 27 32 33 34 35 38 45 46 51 52 53 65 67 69 72 81 84 86 87 89 90 91 92 
23
1 7 9 11 12 13 14 15 16 17 19 20 21 23 24 27 29 30 31 32 33 34 35 
28
1 3 6 9 10 11 12 13 14 15 19 21 22 24 25 26 27 31 33 34 35 37 39 44 48 49 52 54 
27
1 3 6 7 8 9 10 13 14 17 18 20 21 22 23 24 25 30 33 34 35 38 40 41 43 44 45 
31
1 2 4 6 7 8 11 12 13 15 16 17 18 19 20 23 24 25 26 28 29 30 31 32 33 35 36 38 39 40 41 
6
1 4 5 10 13 21 
47
1 2 3 4 5 6 7 8 9 10 11 12 13 14 15 16 17 20 21 22 24 25 26 27 28 29 30 31 32 34 36 37 38 39 40 41 43 44 45 46 47 48 49 50 52 53 55 
30
1 2 3 4 5 6 7 8 9 10 11 12 13 14 15 16 17 19 20 21 22 24 25 26 27 30 31 32 33 34 
33
2 4 5 6 8 9 10 11 13 15 16 17 18 19 22 23 25 26 29 30 33 35 38 39 41 42 44 45 46 48 50 51 52 
29
1 2 3 5 6 7 8 9 10 11 12 14 15 16 17 18 19 20 22 25 26 27 30 31 33 34 35 36 37 
64
2 3 4 5 6 9 10 11 12 13 14 15 16 18 19 20 21 22 23 24 25 26 31 33 34 36 37 38 40 41 42 43 44 46 48 49 50 52 53 55 57 58 59 60 61 62 63 64 65 67 68 70 72 73 75 76 77 78 79 80 81 82 84 85 
1
3 
64
2 3 4 6 7 9 10 12 15 16 17 18 21 22 23 24 25 26 27 28 30 31 32 33 34 35 36 37 38 39 41 42 43 44 45 46 47 48 50 52 53 54 55 57 58 59 60 61 63 64 65 66 67 70 71 72 74 75 77 78 80 82 83 84 
47
1 2 3 5 6 8 9 11 13 14 17 20 21 22 23 24 25 29 30 31 33 34 35 38 39 41 44 46 50 51 52 53 60 61 63 65 66 67 69 70 71 82 83 84 86 87 88 
18
2 3 4 5 6 8 10 11 12 13 15 16 18 20 21 22 23 24 
6
3 7 12 27 41 42 
8
2 3 4 6 7 8 10 12 
17
1 2 4 8 10 13 14 16 18 19 20 22 23 25 26 28 29 
6
2 3 17 20 21 23 
31
1 3 5 6 7 8 10 11 12 13 14 15 16 17 19 20 24 28 29 30 31 32 33 34 36 37 38 39 40 41 42 
3
1 4 5 
47
1 2 3 6 9 11 13 14 16 17 18 19 20 21 22 24 26 27 28 29 30 32 35 36 38 39 42 43 44 45 46 47 49 50 51 53 54 56 58 60 62 63 64 65 67 68 69 
43
1 2 3 5 6 7 8 10 15 17 20 21 23 26 28 30 32 34 38 40 44 46 47 48 52 54 56 59 63 64 65 68 69 70 74 76 77 78 80 83 84 85 86 
50
1 3 5 7 8 10 11 12 13 16 18 20 21 22 23 25 26 27 28 30 31 32 34 35 36 37 38 40 43 44 45 46 48 49 51 52 53 54 55 56 57 61 65 66 67 71 72 73 74 75 
14
1 2 3 4 7 8 11 12 13 14 15 16 17 18 
29
1 2 3 4 5 6 7 8 9 10 11 12 13 14 15 16 17 19 20 21 22 24 25 27 28 29 30 31 32 
51
1 2 3 4 5 6 7 8 9 11 12 13 14 15 16 18 19 20 21 22 23 24 27 28 30 32 34 35 36 39 40 41 42 44 45 46 47 48 49 51 53 54 55 56 57 58 60 61 62 63 64 
5
2 5 6 7 8 
47
1 2 3 9 11 15 18 19 23 26 27 30 32 35 37 38 39 41 42 43 46 48 49 50 51 53 54 55 58 59 61 63 64 65 68 70 71 72 74 76 77 81 84 85 86 89 90 
84
1 2 4 5 6 7 9 10 11 12 13 15 16 18 19 20 21 23 24 25 26 27 28 29 30 31 32 33 34 35 36 37 38 39 40 41 42 43 44 45 46 47 49 50 51 52 53 54 55 56 57 58 59 60 65 66 67 68 69 70 71 73 74 76 77 78 79 80 81 82 83 84 85 87 88 89 90 91 92 93 94 95 96 97 
1
4 
73
1 2 3 5 6 7 8 9 10 11 12 13 14 15 16 17 18 19 20 21 22 23 24 25 26 28 29 31 33 34 35 36 37 39 42 43 44 45 47 48 49 50 51 53 54 55 56 58 61 63 64 67 68 69 70 71 72 75 76 77 78 79 80 85 86 87 91 94 95 97 98 99 100 
11
1 2 3 4 11 13 14 15 16 18 19 
10
1 2 4 5 6 7 8 9 11 12 
44
5 7 9 11 13 18 19 21 22 25 27 28 30 31 33 34 36 39 42 43 44 45 48 49 54 57 58 59 60 61 64 65 67 69 71 72 75 76 77 79 81 85 86 88 
22
6 8 10 13 22 23 31 33 47 51 52 53 55 56 58 61 63 67 72 73 77 82 
29
1 3 4 8 10 12 13 19 21 26 27 35 36 37 40 43 47 48 50 53 54 64 66 68 69 70 71 75 80 
41
1 4 5 6 7 8 9 12 13 14 16 17 18 21 22 23 24 28 29 30 35 36 37 41 42 45 48 51 53 54 56 58 64 67 69 72 74 76 79 80 81 
25
1 2 12 22 23 24 25 35 40 45 46 49 52 54 58 62 65 67 73 74 76 77 82 83 86 
67
1 2 4 5 6 7 8 9 10 11 12 13 14 16 17 18 19 20 22 23 24 25 26 27 29 30 31 32 33 34 35 37 38 39 42 44 45 46 47 48 49 50 51 52 53 55 57 58 59 61 62 63 64 65 66 67 68 69 70 71 72 73 74 75 77 78 79 
9
2 4 6 9 12 18 20 22 24 
47
2 3 4 6 8 9 10 12 14 15 16 17 18 20 22 23 24 25 26 27 28 29 30 31 32 33 34 35 36 37 39 40 41 42 43 44 45 46 48 49 50 51 52 53 54 55 59 
3
2 11 12 
74
1 2 3 4 5 6 7 8 10 11 12 13 14 15 16 17 18 19 20 21 22 23 24 25 26 27 29 30 31 32 33 34 35 36 37 38 39 40 41 42 43 44 45 46 47 48 49 50 51 53 54 55 56 58 59 60 61 62 63 64 65 66 67 68 69 70 71 72 73 74 76 77 78 79 
30
2 3 6 9 15 16 17 18 20 22 24 25 33 39 49 50 53 54 55 57 66 70 71 78 80 82 83 85 86 96 
14
1 3 4 6 7 8 9 13 15 16 17 18 19 20 
24
2 3 5 6 7 8 9 10 12 13 14 16 17 19 20 21 22 23 24 26 27 28 29 30 
6
4 14 16 18 23 26 
4
1 3 13 16 
23
5 18 20 22 27 36 40 45 49 53 54 55 60 62 64 66 69 71 72 74 77 83 84 
29
3 4 5 10 11 16 22 24 27 28 29 38 47 50 52 56 57 59 60 62 64 70 75 78 79 82 84 85 88 
9
19 23 32 45 57 66 75 76 86 
12
1 2 3 4 7 8 9 10 11 13 15 16 
12
1 4 6 9 10 13 15 16 20 23 24 25 
78
3 4 5 6 7 9 10 11 12 13 15 17 21 22 23 24 26 27 28 29 30 31 32 33 34 37 38 41 42 43 44 45 46 47 48 49 50 52 53 54 55 56 57 58 59 61 62 63 64 65 66 67 68 69 70 71 72 73 74 75 77 78 79 80 82 83 84 85 86 89 90 92 93 94 95 96 97 98 
34
3 6 8 9 10 12 14 16 17 19 22 25 26 27 32 33 34 36 37 38 39 41 43 44 47 49 51 54 56 60 65 67 74 76 
23
1 2 3 4 5 7 8 9 10 11 12 14 16 17 19 20 21 24 25 26 29 30 31 
52
4 5 6 10 11 12 13 14 15 16 17 21 25 30 31 33 36 40 42 43 46 47 51 52 53 55 57 58 59 62 64 65 67 68 69 71 72 73 74 76 79 82 83 84 85 86 87 89 90 92 94 96 
36
1 2 3 4 6 8 9 12 13 14 19 20 21 23 24 29 31 32 35 36 37 39 41 45 47 48 49 50 52 54 55 56 57 58 61 62 
2
8 27 
41
1 2 3 4 5 6 7 8 9 10 15 19 22 26 29 32 33 34 36 38 40 42 43 44 45 48 49 50 51 54 55 56 57 58 60 61 63 64 66 68 70 
10
1 2 3 5 6 9 10 11 12 13 
42
2 4 5 6 8 9 10 11 12 13 15 16 18 20 22 25 26 28 29 34 41 42 44 45 47 48 51 58 59 60 62 63 64 66 68 75 79 83 84 85 88 90 
31
3 6 7 8 9 11 12 13 14 15 16 19 20 23 24 25 26 27 29 30 31 33 35 36 37 38 40 42 43 45 46 
34
1 3 4 7 14 17 18 19 20 21 26 27 28 29 30 32 34 35 36 37 38 39 42 44 45 46 47 50 52 53 55 56 57 58 
30
6 8 11 12 14 15 18 19 21 22 33 34 35 38 41 42 45 49 50 55 56 59 60 61 62 63 64 65 70 71 
54
1 2 3 4 5 6 7 8 9 10 11 12 13 14 15 16 17 18 20 21 23 24 25 26 27 28 29 30 31 33 34 35 36 37 38 39 40 41 42 43 44 45 46 47 48 49 50 51 52 53 54 55 56 57 
4
2 5 6 7 
17
1 2 3 5 7 9 11 13 14 16 17 18 19 20 21 22 25 
28
2 3 4 6 8 9 11 12 15 16 17 18 19 20 21 24 25 26 27 28 30 31 32 33 35 36 37 38 
42
1 2 3 6 7 8 10 11 12 13 14 15 16 18 19 20 21 22 25 26 27 28 29 30 31 32 33 35 37 38 39 40 42 43 44 47 48 50 51 52 54 55 
12
14 37 38 44 57 63 76 84 85 86 88 91 
19
5 6 9 11 13 17 19 28 29 32 37 45 50 51 63 66 67 69 72 
10
1 2 6 7 9 12 14 17 18 19 
34
1 3 4 6 7 10 11 12 13 14 16 17 20 26 32 40 43 45 47 48 50 58 59 62 64 65 66 67 68 70 73 74 78 79 
2
3 4 
37
1 4 5 7 8 10 11 12 15 19 21 22 23 24 25 27 28 32 34 35 37 38 39 42 44 45 47 48 49 50 53 54 55 56 57 58 61 
48
3 4 6 7 8 11 13 15 16 17 18 19 22 23 26 27 30 31 34 36 39 40 41 42 45 50 53 55 56 57 58 60 61 62 63 65 66 70 71 72 73 74 77 80 82 83 84 86 
49
1 5 6 9 10 12 13 14 17 19 20 21 22 24 26 27 28 30 31 32 33 34 35 36 37 38 39 41 42 44 47 48 50 52 55 56 57 58 59 60 61 62 65 66 67 68 69 70 71 
52
1 2 4 6 7 8 9 10 11 13 14 15 16 17 18 20 21 25 26 27 29 30 31 33 34 35 36 37 39 40 41 42 44 45 47 50 51 52 53 54 55 56 57 58 59 60 61 62 63 64 66 67 
69
1 2 3 5 6 7 8 9 10 11 12 13 14 18 19 21 22 23 25 27 28 30 31 32 35 36 37 39 40 41 42 43 44 45 46 47 48 49 50 51 53 54 55 56 57 59 60 61 62 63 65 66 67 68 71 72 74 75 76 78 79 80 81 82 83 84 86 87 88 
8
1 2 3 4 6 8 9 10 
8
3 5 7 11 13 14 16 24 
33
2 3 7 8 9 10 11 14 16 17 18 19 22 23 29 30 31 33 34 35 36 39 40 42 44 45 48 49 53 55 57 60 61 
40
1 2 4 6 7 9 11 12 13 14 17 18 20 22 23 24 25 28 29 30 31 32 34 35 37 38 39 40 42 44 45 46 47 48 50 51 52 53 54 55 
9
1 3 4 6 8 9 10 11 12 
59
2 3 4 5 6 7 8 9 12 13 14 15 16 17 19 20 21 22 23 24 25 26 27 28 29 30 31 32 33 34 35 36 37 38 39 40 41 42 43 44 45 47 48 49 50 51 57 58 59 60 61 63 65 66 67 68 69 70 71 
59
1 3 4 5 6 7 8 9 10 11 12 13 14 15 16 17 19 20 21 22 23 25 29 30 31 32 33 34 35 38 39 40 41 43 44 45 46 47 48 49 50 51 52 53 54 56 59 61 62 63 64 65 66 67 68 69 70 71 72 
7
4 9 10 12 13 23 24 
37
2 3 5 6 8 9 11 13 14 15 16 17 18 21 25 26 27 28 29 30 31 33 34 36 38 39 41 45 46 47 49 52 53 54 55 57 58 
3
1 4 8 
5
1 2 3 4 5 
23
1 7 9 11 29 41 42 43 45 47 50 53 57 67 71 72 73 74 76 79 80 86 89 
59
1 2 4 5 6 7 8 9 10 11 12 13 14 15 16 17 18 19 20 21 23 24 25 27 28 29 31 32 33 34 35 36 39 40 41 42 43 45 46 49 50 52 53 54 55 57 58 60 61 62 64 65 66 67 68 69 72 73 74 
36
2 5 6 14 17 19 23 30 32 36 37 40 44 46 47 48 49 52 54 58 59 64 65 66 67 70 75 80 82 84 85 86 87 94 95 96 
41
1 5 6 7 8 9 12 13 14 15 16 17 18 19 20 22 23 25 26 27 28 29 30 31 32 33 34 39 41 42 44 45 46 47 48 49 50 51 52 54 55 
24
3 4 5 6 7 8 9 10 13 14 15 16 17 19 20 23 28 29 33 34 36 37 40 44 
9
2 3 6 7 9 12 22 27 28 
51
2 5 6 9 10 11 12 13 16 19 20 21 23 26 27 28 29 30 32 33 34 37 38 39 40 41 42 43 44 45 46 47 48 49 51 52 54 57 59 61 62 63 64 65 67 69 70 71 74 75 76 
53
1 2 4 5 6 7 8 11 13 16 17 18 19 20 22 24 25 27 28 29 30 31 33 34 35 39 40 42 43 45 47 48 49 50 51 52 53 54 55 57 60 64 65 66 68 69 75 78 79 80 81 82 83 
1
2 
19
4 6 7 10 13 14 15 17 22 23 26 28 29 30 32 33 35 37 38 
40
1 4 6 8 9 10 14 15 20 22 24 30 32 39 40 41 42 43 44 45 47 49 50 54 55 56 58 61 63 64 67 68 69 72 75 76 78 81 82 84 
37
2 3 4 5 6 8 9 10 12 15 16 18 19 20 21 22 23 25 26 27 28 29 30 31 32 33 34 35 36 37 38 39 40 41 42 43 44 
25
2 3 6 9 12 15 17 19 20 25 29 30 33 35 37 38 40 44 47 56 58 59 61 62 63 
3
1 3 4 
9
3 5 7 8 9 12 14 17 18 
3
1 5 19 
12
3 7 21 23 24 30 33 36 41 50 52 54 
73
2 3 4 5 6 7 9 10 11 12 13 14 15 16 17 20 21 22 23 24 25 26 27 28 29 30 31 32 33 35 38 39 41 42 43 44 45 46 47 48 49 51 52 53 54 55 56 57 58 60 61 62 63 64 67 69 70 72 74 75 76 77 78 79 80 82 85 86 87 88 89 90 94 
1
5 
44
1 2 3 4 6 8 9 10 11 12 13 14 15 16 19 22 24 25 28 30 32 33 36 37 38 41 43 45 47 50 53 54 55 57 59 60 62 64 65 67 70 71 75 76 
20
1 3 4 5 6 8 9 10 11 12 13 14 16 17 18 19 20 21 22 23 
2
18 20 
35
1 2 3 4 5 7 8 9 11 12 13 14 17 18 19 21 26 28 30 33 34 35 36 37 38 41 42 45 46 48 49 52 53 54 55 
28
1 7 13 15 17 19 20 21 22 24 26 37 40 43 45 46 47 48 54 57 60 61 63 64 68 69 70 72 
4
7 15 21 34 
15
4 5 10 15 20 24 25 31 33 49 62 64 65 67 68 
45
1 2 3 4 5 6 9 10 11 13 15 17 18 19 20 22 23 24 25 26 27 28 29 30 31 32 33 34 36 37 39 40 41 42 43 44 45 46 49 50 51 52 53 54 56 
58
3 4 6 7 8 13 14 15 16 18 19 21 23 24 25 26 27 28 29 33 34 35 42 43 44 46 47 48 51 53 55 58 60 61 62 63 64 65 66 67 68 69 72 73 76 77 78 79 80 81 84 85 86 89 90 92 94 95 
1
1 
16
2 7 17 22 24 27 31 40 50 55 56 58 64 66 75 76 
21
6 11 13 14 15 20 23 25 34 37 38 39 42 46 48 52 54 59 61 65 66 
81
1 2 3 4 7 8 9 10 11 12 13 14 15 16 17 18 19 20 23 25 26 27 28 29 33 34 35 36 37 38 39 40 41 42 44 48 49 50 51 52 53 54 55 56 57 59 60 61 63 64 65 66 67 68 69 70 72 73 74 76 77 78 79 80 81 82 83 84 85 86 87 88 89 90 92 93 94 95 96 99 100 
7
1 2 4 5 6 10 12 
23
2 3 4 5 8 9 11 14 16 17 19 21 22 25 27 28 30 33 34 35 37 38 40 
31
2 3 5 7 8 14 15 16 17 24 25 28 29 30 32 33 34 37 38 39 40 42 44 45 47 50 51 52 53 54 57 
32
3 8 12 15 17 18 21 24 25 26 28 30 31 32 34 35 36 38 40 42 45 48 49 52 54 59 64 67 69 77 80 82 
28
1 2 3 5 7 15 17 18 21 22 24 25 26 27 28 31 32 33 35 36 37 38 39 40 41 43 45 46 
34
2 3 4 6 11 12 16 18 19 21 22 30 31 32 33 34 35 36 41 42 45 47 48 51 56 58 64 66 71 73 75 79 80 82 
20
5 15 22 23 25 32 39 44 46 55 56 65 79 80 87 89 90 91 93 98 
50
1 2 3 4 5 6 7 8 9 10 11 14 16 17 20 21 22 23 25 26 27 28 29 30 31 32 33 36 37 38 39 40 41 43 44 45 46 47 48 49 50 51 52 53 54 55 56 57 58 59 
5
1 2 3 6 7 
23
1 2 3 5 6 7 8 9 10 11 12 13 14 15 16 17 18 20 21 22 23 24 25 
9
1 3 4 5 7 11 12 13 14 
29
1 2 4 5 6 7 8 10 11 12 13 14 15 16 18 19 21 22 23 24 25 26 27 28 29 30 31 32 33 
39
1 4 5 7 8 9 10 11 12 13 15 16 17 20 21 22 23 24 25 26 27 28 29 30 31 32 33 34 35 36 37 38 39 40 41 42 44 46 47 
26
2 3 4 6 7 8 9 10 13 14 17 18 19 20 21 22 23 24 25 27 28 29 30 32 33 34 
19
2 3 5 6 7 9 10 11 14 17 18 24 27 28 31 35 36 39 40 
47
2 3 4 5 6 7 8 9 10 11 12 13 14 15 16 17 18 19 21 22 23 24 25 26 27 30 31 32 33 34 35 36 37 38 41 42 44 45 46 49 50 51 52 53 54 55 56 
24
4 11 13 17 18 20 29 41 43 53 57 60 61 63 66 68 69 73 79 80 82 85 88 91 
8
3 6 8 18 19 20 31 39 
No answer!
40
1 2 4 5 6 8 9 10 12 13 14 15 16 17 18 19 20 21 22 24 25 26 27 28 29 30 31 32 33 34 35 36 37 38 39 40 41 42 43 44 
74
1 4 5 6 7 8 9 10 11 12 13 14 15 16 18 19 20 21 22 23 24 25 26 27 28 29 30 31 32 34 35 36 37 38 39 40 41 42 43 44 45 46 47 48 49 51 52 53 54 56 57 58 59 61 62 63 64 65 66 67 68 69 70 71 72 73 75 76 77 79 81 82 83 84 
8
1 9 12 14 22 24 27 28 
17
8 10 11 13 15 17 18 24 25 26 27 29 31 33 36 37 39 
37
1 3 4 6 8 11 12 14 16 20 23 25 28 29 30 31 33 34 36 37 38 39 47 48 52 53 54 55 57 59 60 61 62 63 68 69 72 
56
1 2 3 4 6 7 8 9 10 11 13 14 17 18 20 21 22 23 24 25 26 27 28 29 31 32 33 34 36 37 39 40 43 45 46 49 51 52 55 56 59 63 64 65 71 72 74 75 77 78 79 80 81 85 86 90 
25
1 3 6 9 12 13 17 20 22 32 33 34 36 38 39 42 48 52 55 56 57 59 65 70 77 
12
1 2 3 5 7 10 11 12 13 17 21 22 
11
4 7 9 10 11 20 22 31 38 42 47 
39
1 2 3 4 5 6 7 8 9 10 11 12 13 14 16 18 19 20 21 22 23 26 28 29 31 32 34 35 36 37 38 39 41 43 44 46 47 49 50 
25
2 3 4 5 6 7 8 10 11 12 13 14 16 17 18 19 20 21 23 24 25 26 27 28 31 
34
1 2 4 5 7 8 9 10 11 12 13 14 15 16 18 19 20 21 22 23 24 25 26 28 29 30 31 32 33 34 36 37 38 39 
56
1 4 5 6 7 8 9 10 12 13 14 15 16 17 18 19 20 21 22 23 25 26 27 28 29 30 31 32 33 34 35 36 37 38 39 40 41 42 43 44 45 46 47 48 50 51 52 53 54 55 56 57 58 59 61 62 
3
1 3 5 
55
1 5 6 7 8 10 12 14 18 19 21 24 27 30 32 33 34 35 38 39 41 44 47 48 50 53 55 56 57 59 62 63 64 65 66 67 69 70 71 72 73 74 75 79 80 81 82 83 84 85 86 87 89 90 93 
10
3 6 10 18 23 28 30 31 38 41 
37
1 3 10 11 14 16 18 19 20 24 25 26 27 28 31 33 34 35 36 38 39 40 41 42 44 45 46 47 49 50 53 54 55 57 58 60 61 
42
1 2 4 7 8 10 13 14 15 17 21 22 23 24 25 26 28 30 32 33 37 41 42 45 48 49 53 54 55 57 58 61 62 64 65 66 67 68 69 71 72 74 
26
3 6 9 11 19 21 23 24 25 29 32 33 34 35 39 41 43 46 47 49 56 58 59 61 63 64 
47
1 2 5 12 16 17 21 24 30 32 34 35 36 39 42 43 44 45 49 50 52 53 54 57 58 59 60 61 62 64 65 66 67 68 69 70 71 72 73 74 75 76 78 80 81 82 83 
8
2 4 5 6 7 8 9 10 
15
4 9 14 15 20 25 26 32 36 38 40 49 61 64 70 
5
3 12 14 16 20 
20
1 4 6 7 11 12 13 16 17 29 32 33 42 43 48 49 54 55 57 59 
44
2 3 4 5 7 8 9 10 12 15 16 17 20 21 22 23 25 27 28 29 34 35 36 37 41 43 45 46 47 50 52 55 56 57 59 60 65 66 67 74 77 79 81 83 
7
1 2 4 6 7 9 12 
7
1 2 6 11 14 15 17 
40
2 7 8 11 15 16 17 18 21 24 31 34 35 37 39 42 47 48 49 50 52 55 56 57 58 60 61 66 67 68 73 75 79 80 81 83 84 88 89 91 
17
1 3 5 10 12 13 21 22 24 30 39 41 42 43 44 48 52 
28
1 2 3 4 5 6 7 8 9 11 12 13 14 15 16 17 18 21 23 25 26 27 28 29 30 31 32 33 
39
1 3 4 5 6 7 8 9 10 11 12 13 14 15 16 17 18 19 20 21 22 23 24 25 26 28 29 30 31 32 33 35 36 37 39 40 41 42 44 
20
1 3 5 8 10 13 14 16 19 21 22 25 29 31 33 34 35 39 42 45 
11
1 4 5 6 7 8 9 10 11 12 14 
53
1 2 5 6 7 8 10 11 12 15 16 18 19 20 21 22 23 24 25 26 27 28 29 30 32 33 35 37 38 39 40 42 43 45 46 47 48 49 50 53 54 55 59 62 63 64 65 66 68 69 71 72 73 
32
1 4 5 6 7 8 12 16 17 19 22 23 24 27 29 31 34 36 37 38 39 42 45 47 48 49 51 53 54 55 58 59 
72
1 2 3 4 5 8 9 10 11 12 13 14 15 16 18 19 20 21 23 24 25 26 27 28 29 31 32 33 34 35 36 38 39 41 43 44 45 46 49 50 52 53 54 55 56 57 58 60 61 62 63 64 65 66 67 68 69 70 72 73 74 75 76 79 80 81 82 83 84 85 86 87 
8
1 5 6 18 31 37 42 45 
43
1 3 6 8 10 11 12 13 14 17 19 20 22 23 25 26 30 31 33 34 35 36 37 38 41 43 44 46 52 55 57 58 59 61 63 65 66 67 69 71 73 74 75 
58
2 3 4 6 7 8 10 11 12 13 14 15 16 17 18 19 20 21 22 23 24 26 28 31 32 35 36 37 38 40 41 42 43 44 46 47 48 50 51 52 54 55 56 58 60 61 63 66 67 68 69 72 74 75 77 79 80 83 
45
4 5 6 8 12 13 15 17 21 23 24 25 27 29 30 31 33 34 35 37 42 44 45 48 51 52 56 64 65 66 67 68 71 73 75 76 77 81 83 84 87 89 93 94 96 
23
2 3 5 7 8 9 11 12 13 14 16 17 20 21 22 23 24 25 26 27 28 29 30 
14
3 7 13 42 43 44 53 62 71 77 84 87 90 91 
45
1 2 4 5 7 10 11 12 14 16 17 18 19 22 24 26 27 28 29 30 31 32 33 35 36 37 38 40 41 42 46 47 50 51 52 54 55 57 58 59 60 62 63 64 65 
1
8 
60
1 2 3 4 5 6 7 8 9 10 11 12 13 14 15 16 18 19 20 21 22 23 25 26 27 28 29 30 31 32 33 35 36 37 38 39 40 41 42 43 44 45 47 48 49 50 52 54 55 56 58 59 60 61 62 63 64 65 66 67 
46
1 5 7 8 9 10 12 13 16 17 19 22 24 25 26 28 29 30 31 32 33 37 40 47 49 50 52 53 55 56 57 58 60 62 63 64 65 66 67 69 70 71 72 77 79 81 
36
2 4 5 6 7 8 9 10 11 12 13 14 15 16 17 18 19 20 23 24 25 26 27 28 29 30 31 32 33 34 36 38 39 40 42 45 
8
4 8 12 16 28 30 36 41 
21
2 3 9 12 17 18 21 23 24 28 32 39 42 49 50 53 61 62 63 65 67 
36
1 7 8 10 11 12 13 14 15 16 17 18 19 20 21 22 23 24 27 28 31 32 34 36 38 39 41 42 43 45 47 49 50 51 53 55 
28
1 4 5 6 9 11 13 14 15 16 17 18 19 21 23 24 25 26 27 28 29 30 31 32 33 34 35 36 
8
2 9 11 16 28 29 35 36 
11
1 2 5 6 7 8 9 10 11 13 15 
14
3 4 9 14 23 27 28 30 34 37 38 43 47 50 
17
1 2 3 4 5 6 7 8 11 12 14 15 16 19 20 21 22 
21
2 3 5 6 7 9 11 13 14 15 17 19 21 22 23 26 27 29 30 32 33 
69
1 2 5 6 7 10 12 14 16 19 22 24 26 27 28 29 30 31 33 34 35 36 38 40 41 42 43 45 46 47 49 50 51 52 53 54 55 56 57 59 60 61 63 64 66 67 68 69 70 71 72 73 74 75 77 78 79 80 84 85 86 87 89 90 91 92 93 94 96 
70
1 2 3 5 6 7 8 9 10 11 14 15 17 18 19 20 21 22 23 24 25 26 27 28 29 30 32 33 34 36 37 38 39 40 41 42 44 47 48 49 50 51 54 56 57 58 60 61 63 64 65 66 67 68 70 73 75 76 77 79 80 81 83 84 85 87 88 89 90 91 
14
3 9 10 11 19 21 22 23 24 25 27 41 43 46 
16
2 4 7 10 13 17 20 21 23 26 33 34 40 41 44 46 
49
1 3 4 6 7 8 9 10 11 13 15 16 17 18 19 20 22 23 26 27 28 29 31 32 33 34 35 36 37 39 40 41 43 45 47 48 49 51 52 53 54 55 57 58 59 60 62 63 64 
8
1 2 4 5 7 8 9 10 
75
1 2 3 4 5 6 7 8 9 10 11 13 14 15 16 17 18 19 20 21 22 23 24 25 26 29 30 31 32 33 35 36 37 38 40 41 42 43 44 45 46 47 48 50 51 52 53 54 56 57 58 59 61 62 63 64 65 68 69 70 72 73 74 75 76 77 78 80 83 84 86 87 88 89 90 
27
2 3 5 8 9 12 25 29 33 34 37 39 47 49 50 54 58 61 62 63 65 67 72 78 82 85 92 
25
1 5 6 7 8 9 10 16 17 19 20 21 24 26 27 28 30 31 32 33 34 35 36 38 39 
76
1 2 3 4 5 7 8 9 10 11 12 13 14 16 17 19 21 22 23 24 25 26 27 28 29 30 31 33 34 35 37 38 39 40 41 42 44 45 46 47 48 49 51 53 54 56 57 58 59 60 61 62 63 64 65 66 67 69 70 71 72 73 74 75 76 77 79 80 81 82 85 87 88 89 91 92 
10
4 6 7 8 9 12 14 18 20 22 
No answer!
49
1 2 3 4 5 8 9 11 12 13 15 16 18 19 20 21 23 24 25 26 29 30 32 33 34 35 36 37 38 39 41 42 43 46 48 49 50 52 53 55 56 57 58 59 60 61 62 63 64 
6
1 2 3 4 5 6 
No answer!
15
2 4 9 11 12 13 15 18 19 20 21 23 24 28 29 
3
1 4 8 
9
9 11 24 28 31 38 40 41 43 
12
1 4 5 6 7 8 9 11 13 14 15 16 
36
1 2 3 4 5 6 7 8 9 10 12 13 14 15 16 17 19 20 21 22 23 25 27 28 29 32 33 34 37 39 40 41 42 43 44 46 
18
1 2 3 4 5 6 8 9 10 11 12 13 14 17 18 19 20 21 
3
1 3 4 
32
2 3 10 13 18 19 25 26 28 30 33 36 37 39 40 42 43 52 62 63 64 68 70 74 75 77 79 80 82 90 91 93 
36
2 4 6 7 14 15 16 17 19 20 21 24 27 29 33 34 35 37 38 45 48 50 53 54 58 62 63 64 65 69 75 76 80 82 83 84 
6
7 20 29 42 77 95 
51
2 3 5 7 9 12 13 14 17 19 21 22 24 26 27 28 29 30 31 32 33 34 37 41 43 44 45 51 54 55 56 58 59 60 61 62 64 67 68 69 70 72 73 74 78 79 80 82 84 85 87 
18
1 2 3 4 5 6 7 8 9 10 11 12 13 14 16 17 18 19 
20
1 4 5 7 8 9 11 12 13 14 15 17 18 20 22 23 24 26 27 29 
57
1 2 3 4 6 7 8 9 10 11 12 13 14 15 16 17 18 20 21 22 23 24 27 28 29 30 31 32 34 35 37 40 42 43 44 46 47 48 49 50 52 53 54 55 56 57 58 59 60 61 62 63 66 67 68 69 70 
17
1 2 8 10 11 12 13 15 16 18 20 21 22 23 27 28 33 
60
2 3 4 6 7 8 12 13 14 17 18 20 22 23 26 28 30 32 34 35 36 38 40 42 43 44 45 46 47 48 49 50 53 55 56 58 60 61 64 65 66 69 70 71 72 73 75 76 77 79 80 81 83 87 88 90 91 93 94 95 
22
3 9 12 19 20 23 24 25 28 29 31 34 38 40 44 45 46 55 57 60 64 70 
28
1 2 4 5 10 11 14 15 16 18 19 21 22 23 24 25 26 27 28 32 34 35 40 42 44 45 48 49 
6
1 2 4 6 15 17 
34
1 3 4 5 7 8 9 10 12 13 14 22 24 26 27 32 33 35 36 38 39 41 43 44 45 46 47 48 50 51 52 53 54 55 
54
1 2 3 4 6 7 8 9 10 11 12 13 14 15 16 17 18 19 20 22 24 25 26 29 30 32 33 34 36 37 39 40 41 42 43 44 45 46 47 48 49 50 52 53 54 55 56 57 58 60 62 63 64 65 
31
1 2 3 4 7 8 9 10 14 15 16 17 18 19 20 21 22 23 25 26 27 29 31 32 34 35 36 37 38 39 40 
51
3 4 6 7 8 9 13 16 21 22 25 27 29 30 31 33 35 36 37 38 40 42 43 44 45 46 48 50 52 54 60 61 62 63 64 65 66 67 70 71 72 73 74 75 77 82 84 85 89 90 91 
58
3 4 6 7 8 9 10 12 13 14 15 16 17 18 19 20 23 24 25 26 27 28 29 30 31 32 34 36 37 40 41 42 44 45 46 47 48 50 51 53 54 55 56 57 58 59 60 62 63 64 65 66 67 68 70 71 72 73 
14
1 3 4 9 10 12 13 16 17 19 20 21 22 23 
19
2 4 5 6 7 8 9 10 11 12 13 14 16 17 18 19 20 21 22 
15
13 15 17 24 28 32 33 34 46 48 51 67 73 74 75 
7
1 3 15 16 19 23 32 
58
2 4 5 8 10 11 13 15 16 17 20 22 24 25 27 28 29 30 31 34 37 38 39 40 41 43 44 46 47 48 50 51 52 53 54 55 56 57 59 60 61 62 63 64 65 68 69 70 72 74 77 80 81 82 84 85 87 89 
17
3 9 24 26 27 29 36 39 48 51 52 54 59 62 66 71 73 
4
6 19 25 35 
20
1 2 4 5 7 8 9 10 11 14 15 17 20 21 22 23 24 25 26 27 
28
2 3 7 9 13 14 20 23 26 34 39 42 45 46 51 52 53 56 57 58 61 64 67 77 78 80 85 87 
29
4 7 12 15 16 21 23 24 27 34 37 39 40 41 44 45 52 61 65 66 67 68 70 72 73 78 80 84 92 
41
2 4 5 6 7 9 10 12 14 15 16 19 20 24 26 28 29 31 36 37 39 42 43 48 53 54 55 56 57 61 64 66 67 71 73 75 76 77 83 86 90 
8
2 3 4 5 7 11 12 16 
20
5 6 13 15 17 19 20 21 22 23 24 25 28 29 30 31 32 33 38 39 
17
2 3 5 6 7 8 10 11 12 14 15 16 17 19 20 21 23 
28
1 2 14 18 19 20 23 24 26 27 30 33 36 43 45 47 49 51 55 58 59 60 64 65 67 71 76 78 
29
2 7 8 9 10 11 12 14 15 16 18 19 22 23 24 27 28 29 30 33 36 42 43 46 47 48 50 51 52 
15
2 3 4 5 6 7 8 9 10 12 13 14 15 17 18 
22
1 3 8 10 11 15 21 28 38 39 40 42 50 51 55 58 60 67 70 73 74 81 
9
4 6 9 10 12 16 18 20 21 
30
1 2 6 7 8 9 10 11 14 16 17 18 20 21 22 24 25 26 27 31 33 34 37 38 39 40 41 42 43 46 
38
1 2 3 4 5 7 9 10 11 13 15 17 22 24 25 26 27 33 34 35 37 38 39 42 46 47 48 49 50 51 52 53 54 55 56 57 59 60 
5
2 4 5 6 7 
48
1 2 4 6 7 8 9 12 14 15 16 17 18 19 20 21 22 24 25 26 27 28 29 30 31 32 33 35 36 39 40 41 42 43 47 48 49 50 51 52 53 54 57 58 61 63 64 66 
19
2 3 4 5 6 9 10 11 12 13 14 15 16 17 18 20 21 22 24 
15
3 4 5 8 10 11 12 14 17 18 19 20 22 25 26 
77
1 3 5 6 7 8 9 10 11 14 15 16 17 18 19 20 21 22 23 24 25 26 27 28 29 30 31 32 33 34 36 37 38 39 40 41 42 43 44 45 47 49 52 53 54 56 57 58 59 60 61 64 66 67 68 69 70 71 72 73 74 75 76 77 78 79 80 81 82 83 85 86 89 90 92 95 96 
50
1 2 4 5 6 7 8 9 10 13 14 15 19 23 27 28 30 31 33 34 35 39 40 41 43 45 47 48 49 55 56 57 58 59 60 61 62 63 65 67 68 69 70 72 73 74 80 82 84 85 
54
1 2 4 6 7 9 10 12 13 14 15 17 20 21 22 23 25 26 27 28 30 31 32 33 34 35 37 39 40 41 42 43 44 45 46 47 48 50 53 55 57 58 59 61 62 63 64 66 68 69 72 73 74 75 
21
1 2 3 4 5 6 7 8 9 10 11 12 13 14 16 17 18 19 20 21 22 
5
2 3 12 14 21 
15
2 3 4 9 11 13 14 15 16 17 18 19 20 21 23 
23
1 6 7 10 11 14 15 17 18 26 28 29 32 37 38 39 40 58 66 70 71 75 80 
16
6 11 12 19 20 21 29 31 32 34 37 38 43 44 47 57 
22
1 2 3 5 6 7 8 9 10 11 12 13 14 16 17 18 19 20 21 22 23 24 
4
1 4 6 8 
47
1 4 5 6 7 9 10 11 12 13 15 16 17 19 20 24 25 26 27 28 29 30 31 32 36 37 38 39 40 42 43 45 48 51 53 54 55 56 57 58 59 60 62 64 65 66 69 
58
1 2 3 4 5 6 8 10 13 14 15 16 18 19 22 23 24 26 27 28 29 30 33 34 35 36 37 39 40 41 42 43 44 45 46 47 48 49 50 51 52 53 54 55 58 59 60 61 62 63 64 65 68 69 70 71 72 73 
3
2 3 6 
62
1 2 3 4 6 8 9 10 13 15 16 17 19 20 21 22 24 25 26 27 28 29 30 32 33 34 35 36 37 38 39 40 42 43 44 45 46 47 48 49 50 51 52 53 54 55 56 57 59 60 62 63 64 65 66 67 68 69 70 71 72 73 
87
1 2 3 4 5 6 7 8 9 10 11 12 13 14 15 16 17 18 19 20 21 22 23 24 25 27 29 30 31 32 33 34 35 36 37 38 39 40 41 42 43 44 45 46 47 48 49 50 51 53 54 56 57 58 59 60 61 62 63 64 65 66 67 68 69 70 71 72 73 74 75 76 77 78 79 81 82 83 84 85 86 87 88 90 91 92 93 
27
1 3 4 5 6 9 10 11 14 15 16 18 19 20 21 22 23 24 25 26 27 29 30 31 33 35 37 
37
1 2 3 4 5 6 7 11 13 14 17 20 25 28 29 30 34 36 37 38 43 44 46 49 50 53 55 61 62 63 65 66 69 74 75 77 79 
27
1 2 4 5 6 8 9 10 12 13 14 15 16 17 19 20 23 24 26 30 31 33 36 37 38 39 40 
72
1 2 3 5 6 7 8 9 10 11 12 13 14 15 16 17 19 20 21 22 24 25 26 27 28 29 30 32 33 34 35 37 38 39 40 42 43 44 45 46 47 49 50 51 52 53 54 55 56 57 58 59 60 61 62 63 64 65 66 67 68 72 73 74 76 77 78 79 80 81 82 83 
2
3 5 
29
1 3 4 6 8 9 11 12 13 14 17 18 19 20 22 23 26 27 28 29 30 32 33 35 36 37 38 39 40 
1
2 
46
1 2 3 5 6 7 8 10 11 12 13 14 17 18 19 20 21 22 24 25 26 27 28 29 30 31 32 33 36 37 39 40 44 45 46 47 48 49 53 55 58 60 61 62 63 64 
44
1 4 6 7 8 11 12 14 15 16 17 18 19 21 27 28 29 30 31 34 35 36 42 43 44 46 48 49 50 52 53 54 55 56 57 58 59 60 62 63 65 66 68 69 
8
3 4 5 6 8 9 10 11 
34
2 5 7 8 11 12 13 14 15 16 17 18 19 20 21 22 25 29 30 32 33 34 35 36 38 40 41 43 45 47 48 49 51 52 
50
1 3 4 5 6 7 9 10 13 15 17 18 19 20 21 23 25 26 27 28 31 32 35 37 40 41 42 43 44 45 46 47 48 49 50 53 54 56 57 58 59 60 62 63 64 66 67 68 69 70 
8
4 8 9 10 11 13 15 16 
55
6 7 8 9 11 13 17 19 20 21 23 24 25 28 29 30 32 33 34 35 40 41 42 44 46 47 49 51 52 53 55 58 60 63 64 65 66 68 70 71 73 74 76 78 79 80 81 82 85 87 89 90 92 94 95 
33
1 2 4 5 6 7 8 9 10 11 13 14 16 20 21 22 23 26 28 29 30 32 33 34 35 36 38 39 40 41 43 44 47 
16
1 2 4 5 6 9 11 12 13 15 16 19 21 22 23 24 
29
1 2 4 7 8 10 11 12 13 14 15 16 17 19 20 21 22 23 24 25 28 29 32 33 36 37 38 39 40 
11
2 3 4 5 6 7 8 10 11 15 16 
13
2 3 5 6 7 8 9 12 13 14 15 17 18 
12
1 4 6 8 9 13 14 15 17 18 22 23 
29
1 2 3 4 5 6 8 10 11 13 14 15 17 18 19 20 24 26 27 29 33 34 36 38 39 41 42 43 46 
46
3 4 8 11 13 14 16 18 19 21 23 24 26 27 32 33 34 35 36 37 39 43 44 47 48 49 50 52 53 54 56 57 61 63 64 66 69 70 71 72 73 76 77 79 80 83 
65
2 3 4 6 8 9 10 11 12 13 15 17 18 19 20 21 22 24 25 26 27 28 30 31 32 33 35 37 38 39 40 41 42 45 46 47 48 49 52 53 54 55 56 57 58 59 61 62 63 64 65 66 67 68 69 70 74 75 76 77 78 79 81 84 85 
7
3 5 10 17 22 25 27 
71
1 2 3 4 5 6 8 9 11 12 13 14 15 16 17 18 20 22 23 24 25 26 28 29 30 31 32 33 36 37 40 41 44 45 46 48 50 51 53 54 55 56 57 58 59 60 61 62 63 65 66 67 69 70 71 72 73 74 75 76 78 79 80 81 84 85 86 87 88 89 90 
27
2 3 6 7 8 10 11 13 15 17 18 19 21 22 23 25 26 28 29 30 31 33 34 38 39 43 44 
38
1 2 3 4 6 9 11 12 13 14 16 17 18 19 20 21 22 24 25 27 28 29 30 31 32 33 34 36 37 39 40 42 45 47 50 51 53 54 
18
2 5 6 7 8 16 18 27 35 36 37 39 43 44 47 48 53 54 
11
2 6 11 16 21 24 30 33 36 39 42 
22
1 2 4 5 7 8 9 10 11 15 17 18 19 20 22 25 27 29 30 35 37 38 
48
1 3 4 5 6 7 8 11 12 13 14 15 16 17 18 19 20 22 24 25 26 27 28 29 30 31 32 33 34 35 36 37 38 39 40 41 42 45 46 47 50 51 52 53 54 55 56 57 
55
3 5 7 8 9 10 12 13 14 15 19 20 24 25 26 31 32 33 38 39 40 41 42 43 44 46 47 48 49 50 54 57 61 63 64 65 68 70 71 72 74 77 79 82 85 86 87 88 89 90 91 93 94 95 97 
39
2 3 5 6 7 8 12 17 20 22 24 25 28 31 32 39 40 44 47 49 52 55 57 58 59 62 65 67 70 71 72 73 74 75 78 84 85 86 89 
12
1 2 3 5 7 9 11 13 14 19 21 22 
60
1 5 6 8 10 11 13 14 15 16 17 19 21 22 23 26 27 29 30 31 33 34 35 36 37 38 40 41 42 43 45 46 48 49 51 52 55 56 58 59 63 64 66 67 70 71 74 75 76 77 78 81 82 83 84 87 88 89 91 92 
20
3 5 7 15 18 19 23 34 38 40 42 58 62 64 65 70 77 80 86 95 
2
7 8 
9
3 4 7 8 10 11 12 14 15 
28
2 4 5 6 7 9 12 13 14 17 18 21 23 25 27 28 30 32 33 34 35 36 37 38 40 41 42 46 
48
1 2 3 4 5 6 9 10 11 12 13 15 16 17 18 19 21 22 23 25 26 27 29 30 31 32 33 34 35 36 37 38 40 41 43 44 45 47 48 49 51 52 53 54 56 58 59 60 
24
5 6 9 15 17 19 20 21 26 29 32 38 40 44 45 46 47 50 52 53 55 56 63 66 
9
4 5 12 25 28 41 45 49 55 
14
1 2 3 4 5 6 10 11 12 13 14 15 16 18 
11
1 7 9 10 11 12 13 15 18 19 20 
3
2 5 6 
61
3 4 5 6 7 8 9 10 12 13 14 15 17 18 20 21 22 23 24 27 28 30 31 32 34 35 36 37 38 41 43 45 48 49 51 52 55 57 58 59 61 62 63 64 67 68 69 70 72 73 74 75 76 77 78 81 82 83 84 85 86 
64
3 4 5 7 9 10 11 12 15 16 18 19 21 22 23 24 25 27 28 29 30 31 32 33 34 35 36 37 38 39 40 41 42 43 44 45 46 47 49 51 53 54 55 56 57 58 59 60 61 62 63 67 68 69 70 71 73 74 75 77 78 79 80 81 
32
1 2 4 5 6 8 9 10 11 12 13 15 19 20 21 23 24 25 26 30 33 39 40 41 43 44 49 51 53 57 58 59 
60
1 2 4 5 6 8 9 10 11 12 13 14 16 17 18 20 21 22 23 24 26 27 29 31 33 35 36 37 38 39 40 43 45 46 47 48 49 50 51 52 54 55 56 58 59 61 62 63 64 66 67 68 69 71 72 74 75 77 78 79 
74
1 2 3 4 5 6 7 8 9 10 11 12 13 14 15 16 19 20 22 23 24 25 27 28 30 31 32 33 34 35 36 37 38 39 41 43 44 45 46 47 48 49 50 51 52 54 56 57 59 62 63 64 65 66 67 68 71 72 73 76 77 78 79 81 82 83 84 85 87 88 89 90 91 92 
54
1 2 3 4 7 8 9 10 11 14 15 17 18 19 20 21 22 23 24 26 28 29 30 31 32 33 34 37 38 40 41 42 44 45 46 47 48 50 51 52 53 55 56 57 58 61 63 64 66 67 68 69 72 73 
6
3 4 5 6 7 9 
2
1 2 
23
2 3 5 7 8 9 10 11 13 15 16 18 19 20 21 23 25 26 27 31 34 35 39 
68
1 2 3 4 5 6 8 9 10 11 12 13 14 15 16 17 18 19 20 22 24 25 26 28 29 30 31 32 33 34 35 36 37 38 39 41 43 44 45 46 47 48 49 50 51 52 53 54 55 56 57 58 60 61 62 64 65 66 67 68 70 71 72 73 74 75 76 77 
39
2 3 5 6 7 8 9 10 13 15 16 18 20 23 24 26 27 31 32 33 36 37 38 44 47 49 53 57 58 60 61 62 63 64 66 69 72 74 77 
57
4 5 7 8 10 11 14 16 17 18 19 20 21 22 23 25 27 29 30 31 34 36 37 38 40 41 42 43 46 49 50 52 53 59 60 61 62 63 65 66 67 68 69 71 73 75 77 78 79 81 82 85 86 87 89 92 93 
73
1 2 3 4 7 8 9 10 11 13 14 15 16 17 19 21 22 23 25 26 27 28 29 31 32 33 34 36 39 40 41 43 44 45 46 47 48 50 51 52 54 55 56 57 58 59 60 61 62 63 64 65 67 68 69 70 71 72 73 75 76 77 79 80 81 82 83 84 85 86 88 89 90 
57
2 3 6 7 9 10 11 12 16 17 19 22 23 25 26 27 28 31 33 34 35 37 38 39 41 42 45 46 48 50 51 52 53 54 56 57 58 59 60 61 63 64 66 67 68 69 70 74 75 78 79 80 81 82 84 85 86 
51
1 2 4 5 6 7 9 10 12 14 15 16 17 18 19 20 22 23 24 25 26 28 29 30 32 33 35 36 37 38 39 40 42 43 45 46 47 48 49 50 51 53 54 55 56 57 58 59 60 61 62 
5
1 4 5 7 9 
63
1 2 3 4 5 9 12 13 14 15 16 18 19 20 21 23 24 26 27 28 29 30 31 32 35 39 40 42 43 45 47 50 52 54 55 56 57 58 59 60 61 62 63 64 65 66 67 68 70 71 74 77 78 81 82 83 84 85 86 88 89 90 91 
50
2 3 5 6 7 8 9 11 12 13 14 15 16 18 19 21 25 26 27 28 29 31 34 35 36 39 40 43 45 46 50 51 54 55 57 58 59 60 63 68 69 70 71 74 75 76 81 83 85 86 
63
1 3 4 6 8 10 12 13 14 15 16 19 20 21 22 23 27 28 29 30 31 32 34 37 38 39 41 42 43 46 48 50 51 52 53 55 56 57 58 60 61 63 64 66 67 68 69 70 71 72 73 74 76 77 78 81 82 83 84 85 86 90 91 
9
3 6 7 21 24 40 43 47 53 
No answer!
28
4 8 9 14 15 17 18 20 21 22 24 25 26 27 28 29 30 32 33 35 36 37 40 41 42 43 45 46 
26
1 5 6 8 10 11 14 16 18 20 21 22 23 25 26 27 28 30 31 32 34 35 39 40 42 44 
86
1 2 4 5 6 7 8 10 11 12 13 14 15 17 18 19 20 21 22 24 25 26 27 28 29 30 32 33 34 35 36 37 38 39 40 41 42 43 44 45 48 50 51 52 53 54 55 56 57 58 60 61 62 63 64 65 66 68 69 70 71 72 73 74 75 76 77 78 79 80 81 82 83 84 85 86 87 88 89 90 91 92 93 94 95 96 
21
7 8 11 16 17 22 25 26 30 34 35 39 40 42 43 46 47 49 50 51 52 
2
1 3 
26
1 2 3 4 5 9 10 12 13 15 18 19 20 23 26 27 29 30 32 33 34 35 37 38 40 42 
7
1 2 4 5 7 10 31 
41
3 4 5 7 8 9 10 11 12 13 14 15 16 17 18 20 21 22 23 25 26 27 28 29 30 31 32 33 34 35 36 37 38 40 41 43 44 46 48 49 50 
7
4 5 6 13 14 16 22 
3
1 5 6 
17
1 2 4 5 6 7 8 9 10 11 13 14 15 16 17 20 21 
42
1 2 3 5 7 15 16 18 19 21 24 26 27 28 29 31 32 34 35 38 39 42 46 47 49 50 53 55 58 59 64 65 67 70 72 74 79 81 82 84 87 89 
24
2 4 5 7 8 11 12 14 15 16 18 19 20 21 22 23 24 26 29 31 32 33 34 35 
5
3 4 5 6 13 
41
1 2 4 6 10 13 14 15 16 19 20 21 23 24 25 27 28 29 30 32 34 35 37 38 40 42 43 44 45 47 48 49 50 51 52 53 54 55 56 57 58 
34
1 2 4 5 7 8 9 11 14 15 16 17 19 20 21 22 24 25 26 27 28 29 31 32 33 34 35 37 40 42 45 47 48 49 
2
1 2 
42
2 3 5 8 9 10 11 12 14 15 16 17 18 20 22 23 26 27 30 33 38 40 41 42 43 44 47 48 49 50 51 52 53 54 55 57 58 59 60 61 62 63 
1
3 
6
2 5 6 9 11 13 
53
2 3 4 5 6 9 10 11 12 13 14 15 16 17 18 19 20 21 23 24 26 27 28 30 31 32 33 34 35 36 38 39 40 41 42 44 45 46 47 48 50 52 53 54 55 56 57 58 59 60 61 62 63 
2
9 10 
24
2 3 4 5 6 7 8 11 12 13 14 15 16 17 18 19 20 21 22 24 25 26 27 28 
No answer!
4
1 3 4 8 
17
2 3 4 6 7 9 10 13 14 15 16 17 19 20 22 23 24 
48
1 2 3 4 5 6 7 8 9 10 11 13 14 15 18 19 20 21 22 23 25 26 27 28 29 30 32 34 35 36 37 38 39 40 41 42 43 44 45 46 47 48 49 50 51 52 53 54 
20
1 2 5 8 12 13 14 18 19 23 27 28 33 36 37 40 42 44 45 47 
47
3 5 8 13 14 15 16 22 29 30 37 39 41 42 43 44 45 46 49 52 53 56 57 58 59 60 62 63 64 66 68 73 74 75 78 79 80 81 82 83 84 86 90 91 92 93 98 
8
10 16 20 25 37 40 44 45 
35
3 4 7 9 10 11 12 13 15 19 21 23 24 27 30 31 32 33 34 38 41 43 44 45 47 49 52 53 54 57 58 61 62 63 64 
47
1 2 3 4 5 6 9 10 11 12 13 14 15 16 17 18 19 21 26 29 30 31 32 33 34 35 36 37 38 39 40 42 43 44 46 48 49 51 52 53 54 56 58 59 60 61 62 
43
1 2 3 4 6 7 9 10 11 12 13 14 15 16 18 19 20 21 22 23 24 25 26 27 28 31 32 33 34 35 37 38 39 41 42 43 44 45 46 47 48 50 51 
18
2 3 5 6 8 11 13 14 17 20 22 23 26 29 33 34 36 38 
33
1 2 7 8 9 10 11 12 14 15 17 19 20 21 22 25 27 30 31 32 33 36 39 40 41 42 43 48 50 52 53 57 60 
66
1 3 4 5 7 8 9 10 11 12 15 16 17 20 21 22 23 24 26 27 28 33 34 35 36 38 39 40 41 42 43 45 46 48 49 50 51 53 54 55 56 57 58 59 60 61 62 63 64 65 66 69 70 71 72 74 75 76 77 78 79 80 81 83 84 85 
11
1 4 8 9 11 13 16 17 18 24 26 
62
1 2 3 4 5 6 7 8 9 11 12 13 15 16 17 19 21 22 23 24 25 26 27 28 30 31 32 33 34 35 36 37 38 39 41 42 43 45 46 47 48 49 51 52 53 54 55 56 58 59 60 61 63 64 66 67 68 69 70 71 72 73 
38
1 4 6 7 8 9 10 11 12 14 16 19 20 21 22 23 26 27 30 32 33 34 37 38 39 40 41 42 43 44 47 50 54 55 57 58 59 60 
6
6 15 20 22 29 30 
7
2 4 5 7 10 11 13 
37
1 2 3 5 6 7 8 9 10 11 12 13 14 15 18 19 20 22 25 28 29 30 31 33 34 36 38 39 40 42 43 44 45 46 47 48 49 
28
6 9 13 15 16 18 19 21 22 24 25 28 29 30 31 36 37 38 40 44 49 59 61 68 69 70 71 72 
15
1 2 3 4 5 6 7 9 10 11 13 14 15 16 17 
13
3 4 9 11 12 13 14 16 17 18 19 20 24 
24
5 7 8 11 16 17 21 23 25 26 30 33 34 42 44 46 48 50 51 54 55 58 59 61 
17
1 11 23 29 38 41 46 49 51 56 59 66 73 77 82 83 88 
1
3 
48
1 2 3 5 6 7 9 12 13 14 16 17 20 22 23 24 27 28 29 30 31 33 34 35 36 38 40 41 43 44 45 46 47 48 50 51 52 54 55 56 57 58 59 60 63 64 65 66 
7
4 6 7 12 19 20 21 
16
1 3 6 7 9 11 12 14 16 19 23 27 30 31 32 33 
17
1 2 3 4 5 6 7 8 9 10 11 15 16 17 18 19 20 
78
1 2 3 4 5 6 7 8 9 10 11 12 13 14 17 18 20 21 22 23 24 25 26 27 29 30 31 32 34 36 37 39 41 42 43 45 46 47 48 49 50 51 52 53 54 56 59 60 63 65 66 67 68 69 70 71 72 73 74 75 76 77 78 79 80 82 84 85 88 89 90 91 92 93 94 95 96 98 
9
2 6 8 15 16 18 23 30 31 
45
1 2 3 5 6 7 9 12 13 14 15 17 20 21 23 24 25 28 29 30 31 32 33 34 35 37 38 39 40 41 42 43 44 46 47 48 50 51 52 53 54 55 57 58 60 
30
1 2 3 5 7 8 10 11 12 16 17 18 21 22 25 27 28 31 32 33 34 35 37 38 40 44 46 50 51 53 
26
3 4 5 9 10 11 14 17 19 20 21 30 31 32 36 37 40 41 45 48 49 50 51 55 58 61 
20
1 2 3 4 6 8 9 10 11 12 13 14 16 17 18 19 20 21 22 23 
20
2 7 15 24 27 34 35 38 39 50 53 54 57 61 64 65 73 83 87 89 
12
1 2 5 8 13 15 16 17 18 19 20 21 
28
4 8 11 12 17 21 25 26 28 31 36 38 45 46 48 49 50 52 55 58 60 62 66 69 70 71 72 73 
51
1 2 5 6 7 8 9 10 11 12 13 15 16 18 20 26 28 29 30 31 32 33 34 35 37 38 40 41 42 43 44 45 46 49 50 51 52 53 54 55 56 61 62 63 64 66 68 69 71 73 74 
34
1 3 4 5 6 8 9 10 12 13 16 17 18 20 21 22 24 25 27 29 30 31 33 34 36 37 38 39 40 41 42 43 44 45 
21
2 3 4 7 8 10 13 14 15 16 18 19 20 21 22 23 24 26 27 30 31 
74
1 2 4 5 6 7 9 10 11 12 13 14 15 16 17 18 20 23 24 26 27 29 31 32 34 35 36 37 38 39 40 41 42 43 44 45 46 47 48 50 51 52 54 57 58 59 62 63 64 67 68 69 70 71 72 73 76 78 79 81 83 84 85 86 87 89 91 92 93 94 96 97 99 100 
17
3 4 7 8 9 11 13 16 18 20 22 24 28 31 32 33 34 
53
1 2 5 6 8 9 11 12 14 15 16 18 19 21 23 25 26 27 29 30 33 36 37 38 39 44 47 48 49 52 53 55 58 59 60 62 63 64 65 66 67 68 73 77 78 79 80 82 83 85 86 87 88 
26
2 8 10 13 14 16 17 18 19 21 29 31 35 36 37 38 52 59 62 64 65 66 67 68 72 76 
40
2 4 6 7 9 10 12 13 14 15 16 17 18 21 22 23 24 25 26 27 28 29 31 32 33 34 35 36 37 38 39 40 41 43 44 45 46 47 48 49 
19
1 7 8 10 12 13 16 17 18 19 20 22 23 25 26 27 28 29 30 
71
1 2 3 4 5 6 8 9 10 11 12 13 15 16 17 18 19 20 21 22 23 24 25 26 27 28 29 30 32 33 34 36 38 39 40 42 43 44 46 47 48 50 51 52 53 54 55 56 57 58 59 61 62 63 64 65 66 67 68 69 70 71 72 73 74 75 76 77 78 79 80 
27
1 4 7 8 12 15 17 19 23 25 30 31 40 42 43 45 47 52 57 58 59 65 66 69 70 73 78 
51
1 3 5 6 7 9 10 11 12 13 14 15 16 18 21 22 23 25 27 30 32 34 35 36 37 39 40 41 42 45 46 48 49 50 52 53 54 55 56 57 58 59 60 61 62 63 64 66 68 69 70 
10
2 4 6 11 15 18 19 20 21 22 
5
24 29 31 41 59 
2
2 4 
7
1 2 5 6 8 9 11 
4
21 27 31 34 
38
1 2 3 4 6 7 8 10 11 13 14 15 17 18 20 21 22 23 24 26 27 28 29 30 31 32 33 35 36 37 38 39 41 42 43 44 46 47 
45
2 4 5 7 9 11 13 14 15 16 17 20 21 22 24 25 26 28 29 30 31 32 33 34 35 36 37 40 42 44 45 47 48 49 50 51 52 53 54 56 58 59 61 64 65 
21
2 3 11 12 13 17 22 23 32 35 38 39 40 42 45 48 50 52 55 61 67 
31
2 3 4 5 6 7 8 9 10 11 12 13 15 18 23 28 29 30 31 33 34 36 39 40 43 45 48 51 52 54 58 
36
1 4 5 6 8 9 11 13 15 16 18 22 24 25 26 31 33 34 35 36 39 41 42 43 44 45 47 49 51 52 53 54 56 57 58 60 
60
2 3 4 5 8 9 11 13 14 15 16 18 19 20 25 26 29 30 31 32 33 36 37 39 40 41 44 47 48 50 52 53 54 55 56 57 58 59 60 61 62 63 64 66 67 69 70 71 72 73 74 78 79 80 81 82 84 85 89 91 
8
2 4 6 7 8 11 13 14 
19
1 5 6 9 10 11 13 14 15 16 17 20 21 23 24 25 26 29 31 
26
1 3 5 8 9 10 11 13 15 16 17 18 19 20 21 22 23 24 26 27 29 32 33 34 37 38 
3
2 3 5 
51
1 2 4 5 6 7 8 9 10 11 15 16 17 18 19 20 21 22 23 25 27 29 30 31 32 33 34 35 36 38 39 41 42 43 45 46 47 48 50 51 52 53 54 56 58 59 61 62 63 64 67 
30
1 2 3 4 8 9 10 11 15 17 20 28 30 32 33 35 37 39 40 41 42 43 44 46 47 48 51 53 54 55 
23
12 14 21 23 24 31 32 33 35 37 38 39 43 46 47 54 55 56 57 58 59 64 66 
43
3 4 5 6 7 8 9 10 12 14 15 17 18 20 21 22 23 25 26 27 28 29 30 32 33 34 36 37 38 39 42 43 44 45 46 47 48 49 50 51 52 53 54 
42
1 3 8 9 12 13 14 15 16 17 18 22 23 24 25 32 33 34 35 36 37 38 39 40 41 44 48 49 51 53 54 56 57 58 59 61 63 64 65 66 67 68 
9
1 3 4 5 6 7 8 9 10 
33
1 6 7 12 14 19 20 27 28 30 31 32 36 39 42 45 47 48 49 50 52 53 55 59 60 61 63 64 69 70 71 72 76 
44
1 2 3 4 5 6 7 8 9 10 11 12 13 14 15 16 17 18 19 20 21 22 23 24 25 26 27 28 29 30 31 32 33 34 35 36 37 38 39 41 42 43 44 46 
9
1 2 3 4 6 7 8 11 12 
2
8 12 
30
1 3 4 6 8 10 11 13 14 15 16 19 20 21 22 23 25 27 28 30 31 32 34 35 36 37 39 41 42 43 
4
1 2 4 5 
26
1 8 15 16 18 20 30 31 38 44 45 46 48 53 54 56 59 65 67 72 77 80 86 87 88 90 
48
1 2 3 4 6 7 8 10 11 13 14 15 16 18 19 20 22 23 24 25 26 27 28 29 30 32 33 36 37 38 41 45 46 47 48 49 51 52 53 54 55 57 61 62 63 64 65 66 
43
2 3 4 5 6 10 11 12 17 18 26 29 31 32 36 37 38 40 46 47 48 49 50 51 53 54 57 60 62 63 64 66 67 68 71 73 74 75 80 81 82 83 84 
9
1 5 7 8 9 12 13 14 16 
40
1 2 3 4 5 7 8 9 10 11 12 13 15 16 17 19 20 21 22 23 24 25 26 27 28 29 30 31 32 34 36 37 38 39 40 41 42 43 44 45 
4
1 5 6 7 
40
3 4 5 6 7 8 9 10 11 12 14 17 18 19 20 21 22 25 27 29 31 32 33 36 37 38 39 40 42 44 52 54 55 56 58 59 61 62 63 64 
7
3 4 17 23 26 30 44 
72
1 4 6 7 8 9 10 11 12 13 14 15 16 17 21 22 23 24 25 26 28 29 31 32 33 35 36 38 39 42 43 45 46 47 49 50 51 52 53 54 55 57 58 59 60 61 62 63 64 65 66 67 68 70 72 73 74 75 76 77 78 79 84 85 86 87 88 89 90 91 92 93 
8
2 3 4 8 9 10 11 12 
27
1 12 14 17 18 20 21 22 27 28 30 35 37 41 45 46 49 52 55 65 66 69 80 83 86 90 92 
6
1 3 4 5 7 8 
24
2 5 8 9 11 12 14 15 17 21 22 25 26 27 28 32 34 35 36 37 40 43 44 46 
68
1 2 4 8 9 10 11 12 14 18 19 20 23 24 26 27 28 29 30 31 32 33 34 35 39 42 45 46 47 48 49 50 51 52 54 55 57 58 60 62 63 64 65 66 68 71 72 73 74 76 77 78 79 80 82 83 84 87 88 90 91 92 93 95 96 98 99 100 
33
1 4 5 6 7 9 11 13 14 15 17 18 19 23 24 25 26 28 30 31 34 35 36 38 39 40 41 42 44 48 49 51 52 
31
1 2 3 4 5 9 10 11 12 13 14 18 20 22 23 24 25 27 28 30 31 32 34 35 37 38 39 41 42 43 44 
86
1 2 3 4 7 8 9 10 11 12 13 14 15 16 17 18 19 20 22 23 24 25 26 27 28 29 30 31 32 34 35 36 37 39 40 41 42 43 44 46 48 49 50 51 52 53 54 55 56 57 58 59 60 62 63 64 65 67 68 69 70 71 72 73 74 75 76 77 78 79 80 81 82 83 84 85 86 87 88 89 90 92 93 94 95 96 
18
2 4 5 7 8 10 11 14 15 16 17 19 20 21 22 23 26 27 
55
1 2 3 4 7 9 11 14 15 16 20 22 24 28 30 33 34 37 39 40 42 44 45 46 49 51 52 53 54 56 59 60 61 62 63 65 66 67 68 69 71 72 74 76 78 83 85 90 91 92 94 96 97 98 99 
34
1 4 5 8 9 10 11 12 13 14 16 18 19 20 21 22 23 27 28 29 30 31 33 34 35 36 37 38 39 40 42 43 44 45 
16
2 4 7 8 10 11 12 13 15 18 19 20 21 22 24 25 
4
2 5 9 16 
55
3 4 5 6 7 8 10 11 12 15 16 18 19 20 21 24 28 29 31 34 35 36 37 38 41 42 43 44 46 47 50 51 54 56 58 59 60 62 63 64 65 66 69 70 74 75 77 79 82 85 86 87 88 91 92 
17
1 3 5 6 7 8 9 10 12 13 18 19 20 21 22 23 24 
49
2 3 4 5 7 9 10 11 12 15 16 17 18 19 20 21 25 28 30 31 32 33 34 35 39 42 43 45 46 47 48 50 51 52 55 56 58 60 62 63 64 65 67 68 69 70 71 72 73 
17
3 7 8 34 38 43 44 46 47 53 56 74 79 82 84 85 88 
11
1 2 4 5 9 10 11 12 17 18 19 
25
2 5 7 9 16 17 18 19 20 24 26 27 30 32 43 48 50 55 56 61 63 65 66 69 71 
9
1 5 8 13 23 33 34 47 50 
43
1 2 3 5 6 7 8 9 11 12 15 16 17 19 23 29 32 33 37 38 39 41 42 43 44 45 46 49 53 54 57 58 60 67 70 71 72 76 78 80 81 82 83 
9
1 18 29 31 45 51 52 55 79 
70
1 3 4 5 6 8 9 10 11 12 15 16 17 18 19 20 22 23 24 25 27 28 30 31 32 34 35 36 37 38 39 40 41 42 43 44 46 47 48 49 51 52 54 55 56 57 61 62 63 64 65 66 68 70 71 72 73 75 76 77 78 79 80 82 86 87 88 89 90 92 
47
1 2 3 4 7 8 9 10 11 12 13 14 15 16 17 18 19 21 22 23 24 26 27 28 29 30 31 32 33 34 35 37 38 40 42 43 44 45 47 48 49 50 51 53 54 55 56 
55
1 2 4 5 7 8 11 12 13 15 16 17 20 21 22 23 24 25 26 27 31 33 35 36 38 41 43 45 47 49 55 56 57 62 67 68 69 70 71 76 78 79 81 83 84 87 88 89 90 91 93 94 95 99 100 
6
3 4 11 20 26 32 
10
1 5 7 10 15 16 18 20 23 24 
3
1 3 6 
11
4 6 12 14 15 17 18 20 21 23 26 
62
1 2 5 6 7 10 11 13 15 16 17 18 19 20 21 24 25 27 28 29 31 32 34 35 37 38 39 40 41 42 43 44 45 46 47 48 49 50 51 52 53 55 57 58 59 60 62 63 64 67 68 69 71 74 75 76 77 79 80 82 83 84 
42
1 2 3 4 5 6 7 8 9 10 11 13 14 16 17 18 19 21 22 23 24 26 27 28 32 33 34 35 36 37 39 40 41 43 44 45 46 47 48 50 51 52 
30
1 2 6 16 17 18 19 21 25 27 29 31 32 33 39 41 47 48 52 53 54 55 57 61 62 63 66 69 71 75 
63
2 3 6 7 8 9 11 12 14 15 17 18 19 20 21 22 23 24 25 28 32 33 34 36 38 41 42 43 46 47 48 50 52 54 57 59 60 61 63 64 66 67 68 70 71 72 75 76 77 79 80 81 82 84 85 86 87 88 89 90 91 92 95 
48
1 2 3 4 5 6 8 10 11 12 13 14 15 16 17 18 19 20 21 22 23 25 26 27 28 29 30 31 32 33 34 35 36 37 38 39 40 42 44 45 46 48 49 51 52 54 55 56 
21
3 4 5 6 8 11 13 14 15 18 20 22 24 27 29 31 35 38 39 40 41 
35
1 2 3 4 5 6 7 8 9 10 11 12 13 14 15 16 19 20 22 23 25 26 27 29 30 31 32 33 34 37 38 39 40 41 42 
47
2 3 5 6 7 8 9 12 14 19 23 24 28 29 30 33 34 36 37 39 41 42 48 49 50 52 54 55 56 57 58 59 63 64 66 72 73 74 76 77 78 81 82 83 85 86 87 
46
1 2 3 5 6 7 8 10 11 12 13 14 15 16 17 19 21 23 24 25 26 27 28 29 30 31 32 33 34 35 36 37 38 39 40 41 42 43 44 45 46 47 48 49 50 51 
54
1 3 4 5 6 7 8 9 10 11 12 13 14 15 16 17 18 19 20 22 27 28 29 30 31 32 33 34 35 36 37 39 40 41 42 45 47 48 49 52 53 54 56 57 58 59 62 63 64 65 66 67 68 69 
43
5 7 12 17 19 21 26 29 30 33 35 36 39 41 42 44 45 46 49 50 51 53 54 55 56 58 59 60 62 63 70 75 78 80 81 82 85 87 89 90 91 92 93 
9
1 2 3 4 6 7 8 10 11 
5
1 4 5 6 7 
19
1 3 4 5 6 9 10 11 13 14 15 17 19 20 21 22 23 27 29 
78
1 3 4 5 6 7 8 10 11 14 15 16 17 18 19 20 21 22 23 24 25 26 27 28 29 30 31 32 34 36 37 38 39 40 41 42 43 44 45 46 47 48 49 50 51 52 53 54 55 56 58 59 61 62 64 65 66 67 68 69 70 71 72 73 75 76 77 78 79 81 82 83 84 85 87 88 89 90 
54
1 2 4 5 6 8 10 11 15 16 17 19 20 21 22 23 24 25 27 28 29 30 31 33 35 40 41 43 45 46 47 49 50 52 53 54 56 58 60 61 62 63 64 65 68 69 70 71 72 73 74 75 76 77 
9
2 4 5 7 8 10 11 12 15 
51
1 2 3 5 6 7 8 9 11 12 15 16 17 18 19 21 23 25 27 28 30 31 34 36 37 38 41 42 43 46 47 49 50 51 53 54 55 56 57 59 60 61 63 64 65 68 69 74 75 76 78 
44
3 5 6 7 10 17 18 19 21 22 23 24 27 28 30 32 33 34 38 40 42 44 45 47 48 51 53 54 56 59 62 63 70 71 75 77 80 82 84 86 87 88 90 91 
14
1 2 5 6 7 8 10 12 13 17 19 20 23 26 
7
1 4 5 6 8 10 11 
76
1 2 4 5 6 7 8 9 10 11 12 13 14 15 17 18 19 20 21 22 23 25 26 27 28 29 30 32 33 34 35 36 37 39 40 41 42 43 44 45 46 48 49 50 52 53 54 55 56 57 58 60 61 62 63 64 65 66 69 70 71 72 73 74 75 76 77 78 79 80 81 82 83 84 85 86 
58
1 2 3 4 7 8 9 10 11 12 13 14 15 16 17 18 19 20 22 24 25 26 27 28 30 32 33 34 35 37 38 39 40 41 45 46 47 48 50 51 52 53 54 56 57 58 60 61 62 64 65 66 67 68 69 70 71 72 
23
2 3 5 6 7 9 10 11 12 15 16 18 20 21 22 25 26 27 28 29 32 34 35 
2
1 3 
1
5 
30
1 2 3 4 5 6 7 8 9 10 12 13 14 15 16 17 18 19 24 25 27 28 29 30 32 33 34 36 38 40 
18
2 3 6 7 8 11 13 15 16 19 20 22 23 24 25 26 27 28 
14
1 5 6 8 9 11 13 15 16 17 19 20 21 22 
8
1 5 7 9 12 14 16 18 
1
2 
58
3 4 5 7 8 9 10 11 12 13 14 17 21 22 23 25 26 30 32 37 38 40 43 44 48 49 50 51 52 53 54 55 56 57 59 60 61 62 64 65 66 67 68 70 71 73 75 76 77 79 80 82 83 84 85 87 88 89 
35
2 3 4 5 6 7 8 11 12 13 14 15 17 18 19 20 22 25 26 27 28 29 31 32 33 34 36 37 38 39 40 41 42 44 46 
2
2 4 
1
5 
2
1 2 
11
3 4 7 8 10 13 17 21 22 26 27 
13
3 4 6 9 10 12 13 17 18 19 21 22 23 
32
4 6 8 9 16 17 18 21 22 24 27 28 29 32 35 38 40 41 42 54 57 60 62 65 67 68 71 76 79 80 81 83 
5
1 2 4 5 6 
9
3 13 23 25 27 30 37 39 46 
35
1 2 4 5 6 7 8 9 11 12 13 14 15 16 19 22 23 24 25 26 27 30 31 33 34 35 36 37 38 39 40 41 44 45 46 
12
1 23 32 41 45 49 51 71 80 85 86 88 
2
2 3 
2
1 2 
37
1 2 3 4 7 8 9 10 11 12 13 15 16 17 18 20 25 26 27 28 31 33 34 35 36 37 38 39 40 42 46 47 49 50 53 55 57 
3
4 15 19 
6
28 34 37 61 81 93 
45
2 5 14 15 17 18 19 22 24 26 28 32 36 37 38 39 42 43 46 50 52 53 57 58 60 61 62 63 69 71 75 76 77 78 79 80 85 86 87 89 90 91 94 95 96 
51
1 2 3 4 5 6 7 8 11 12 13 14 15 17 18 19 20 21 23 24 25 27 28 29 30 31 33 34 35 36 37 39 41 42 43 44 45 46 48 49 50 51 52 53 54 55 56 60 61 64 65 
35
1 2 4 6 7 10 11 12 13 14 15 18 19 20 21 22 23 25 26 27 29 33 34 37 38 41 42 43 44 45 46 47 48 49 50 
7
3 4 5 7 10 11 13 
38
1 3 4 6 7 9 10 11 12 13 14 15 16 17 18 19 20 22 23 24 25 26 28 29 31 34 35 36 38 39 40 41 42 43 44 45 46 47 
58
1 3 4 5 6 7 8 9 11 12 14 15 16 17 18 19 21 22 23 25 26 27 28 30 31 36 38 39 40 42 44 45 46 48 50 51 52 53 56 57 58 59 61 62 63 65 66 67 68 69 70 71 72 73 77 79 80 81 
37
1 2 4 5 6 7 8 11 12 15 16 18 19 20 21 22 24 25 26 27 28 29 30 32 34 36 37 38 41 42 44 45 46 47 48 49 50 
12
2 11 17 19 23 25 27 32 34 38 43 62 
81
1 2 4 5 6 7 8 9 11 12 13 15 16 17 18 19 20 21 22 23 24 25 26 27 28 29 30 31 32 33 35 36 37 38 39 40 41 42 43 45 46 47 48 49 50 51 52 53 54 55 57 60 61 62 63 64 65 66 67 68 69 70 71 72 73 75 76 77 78 79 80 81 82 84 85 87 89 90 91 92 93 
48
4 5 6 8 9 11 14 15 17 23 24 26 28 30 31 33 35 36 39 46 47 48 49 50 51 53 55 56 57 58 59 65 66 67 68 70 72 73 74 79 80 81 84 85 87 88 89 91 
1
2 
22
1 3 5 6 8 10 11 12 13 14 16 17 19 20 23 24 25 26 27 29 30 31 
18
5 11 20 22 24 27 39 41 46 50 51 55 56 58 61 62 65 70 
53
3 5 9 10 11 14 15 18 19 20 21 22 24 25 29 30 31 32 33 34 36 37 38 39 40 41 43 44 47 48 50 52 54 57 58 59 60 62 64 65 67 68 73 74 75 76 77 78 79 81 82 83 84 
67
1 2 3 5 7 8 9 10 11 14 15 16 17 18 19 20 21 25 26 27 28 29 31 32 34 35 36 37 38 39 40 42 43 46 47 48 49 50 51 52 53 54 56 57 58 59 60 61 62 64 65 66 67 68 69 70 71 72 73 74 75 76 77 79 80 81 83 
4
6 8 26 27 
65
1 2 3 4 5 6 9 10 11 12 13 14 15 16 17 18 20 21 22 23 25 26 27 29 30 31 33 34 35 36 37 39 40 41 42 43 44 45 46 47 48 49 50 51 53 54 55 56 57 58 59 60 61 62 63 64 65 66 67 68 71 72 73 74 75 
42
3 4 5 6 7 8 9 10 12 13 14 16 17 18 20 21 22 24 25 26 27 28 29 30 31 32 33 34 36 37 38 39 40 41 42 43 44 45 46 48 49 50 
35
1 2 4 5 6 7 8 9 12 13 14 15 18 19 20 21 22 24 26 27 28 29 30 32 33 35 37 38 39 40 43 44 47 48 49 
13
2 4 6 10 11 13 20 26 28 29 33 38 45 
No answer!
20
2 4 9 11 13 15 17 21 24 25 27 30 31 34 36 43 44 46 47 48 
3
1 2 3 
15
7 15 17 25 33 37 45 53 60 62 65 67 72 74 76 
17
1 2 3 5 6 7 8 9 11 12 13 14 15 16 17 19 20 
26
1 2 7 9 10 11 13 14 22 27 31 36 37 40 47 60 65 72 73 78 80 81 82 84 90 92 
20
1 2 3 6 8 9 10 11 12 13 14 15 18 19 20 21 22 23 26 27 
46
1 3 9 10 11 13 14 18 19 22 23 26 27 28 29 31 33 34 35 36 40 41 42 44 48 50 52 54 55 57 58 59 61 62 63 64 66 72 73 74 79 80 84 85 86 88 
33
1 3 4 5 6 7 8 9 10 11 12 13 14 15 16 17 18 19 20 21 22 23 24 25 27 32 33 34 35 36 39 40 41 
46
1 3 5 6 7 9 11 12 14 16 17 19 21 22 23 26 27 28 30 32 33 35 39 41 42 44 45 47 48 49 50 51 55 56 57 59 60 61 62 65 66 67 69 70 71 73 
12
2 3 4 9 14 17 18 20 21 23 27 29 
39
1 2 4 9 10 11 12 13 14 17 19 24 25 28 29 30 31 32 33 34 35 39 40 41 43 45 49 51 52 54 56 58 59 62 64 65 66 68 69 
10
9 16 18 21 24 26 27 28 29 32 
6
1 2 3 6 8 12 
9
6 27 29 42 43 47 66 76 80 
52
3 4 5 7 10 12 14 15 16 18 19 20 22 23 24 25 26 27 28 30 34 35 38 39 40 42 44 45 50 51 54 55 58 59 62 66 67 68 69 70 72 74 75 76 79 80 81 84 86 87 88 91 
1
2 
22
5 6 7 8 12 13 15 20 21 30 33 38 39 42 44 48 49 50 52 53 63 67 
7
1 2 3 5 7 8 9 
6
5 8 10 11 16 18 
28
1 5 8 9 17 20 24 26 27 32 34 35 40 42 50 51 55 60 61 66 73 74 75 83 85 87 89 90 
60
2 3 4 5 6 7 8 9 10 13 14 15 17 19 20 21 22 25 26 29 31 33 34 37 40 41 42 43 45 47 48 49 50 51 54 56 57 59 60 61 63 65 66 67 68 69 70 71 72 73 74 75 77 80 82 84 85 86 87 91 
57
2 3 8 10 11 12 13 14 15 17 18 22 23 25 28 29 31 32 33 34 35 36 37 38 39 40 41 42 43 44 45 47 48 50 51 52 55 57 58 60 62 63 64 65 66 67 69 71 72 74 75 77 81 83 85 86 89 
9
2 19 20 30 33 40 46 49 55 
