1 3
3 6
6 4
3 2
2 5

1 2
1 4
4 3
3 5

1 4
4 6
6 5
6 2
2 3

1 4
4 6
6 5
6 2
2 3

1 4
1 3
3 2
2 7
7 6
6 5

1 4
4 2
2 3

1 6
1 2
2 4
2 5
2 3

1 2
1 5
1 3
3 4

1 3
3 6
3 4
4 2
4 7
3 9
7 10
3 5
5 8

1 2
1 4
4 5
5 3

1 3
1 4
4 2

1 4
4 3
3 5
1 2

1 8
8 5
1 6
8 7
7 9
5 4
4 2
1 3

1 3
3 2
2 5
3 4

1 2
2 3
2 4
4 5

1 2
2 6
6 4
2 3
3 5

1 2
1 4
4 5
4 3

1 5
5 3
3 4
5 2

1 6
6 4
4 3
3 5
3 2

1 10
10 7
1 2
1 5
5 4
5 6
2 8
4 9
9 3

1 3
3 4
1 7
1 6
4 2
6 5

