1 3
4 6
2 5
3 6
2 3
15
1 2
3 5
4 3
1 4
70
6 5
4 1
6 2
6 4
2 3
134
6 5
4 1
6 2
6 4
2 3
134
5 6
2 7
1 4
3 1
7 6
3 2
312
3 2
2 4
4 1
128
2 4
5 2
3 6
1 6
2 3
164
2 1
1 5
4 3
1 3
188
6 3
4 2
4 7
3 4
5 8
3 9
7 10
1 3
3 5
259
2 3
2 1
1 4
5 3
42
2 4
3 1
1 4
107
1 3
3 5
1 2
4 3
85
6 1
1 8
6 7
9 7
5 8
4 5
4 2
3 1
288
2 3
3 4
1 3
5 2
175
3 5
2 3
4 2
1 2
98
6 4
5 3
1 2
2 6
2 3
167
5 4
2 1
1 4
3 4
157
5 3
3 4
1 5
2 5
105
6 4
3 4
1 6
3 5
2 3
187
4 5
7 10
1 10
5 6
2 1
1 5
2 8
9 4
9 3
461
3 5
3 1
4 3
1 7
1 6
2 4
112
