10 50 30 60 
2<--1
3<--4<--1
4<--1
5<--3<--4<--1
226 320 50 137 220 
2<--5<--4<--1
3<--2<--5<--4<--1
4<--1
5<--4<--1
6<--5<--4<--1
226 320 50 137 220 
2<--5<--4<--1
3<--2<--5<--4<--1
4<--1
5<--4<--1
6<--5<--4<--1
209 115 38 375 326 244 
2<--3<--4<--1
3<--4<--1
4<--1
5<--6<--7<--2<--3<--4<--1
6<--7<--2<--3<--4<--1
7<--2<--3<--4<--1
88 74 129 
2<--3<--1
3<--1
4<--2<--3<--1
55 102 70 125 47 
2<--1
3<--2<--1
4<--2<--1
5<--2<--1
6<--1
27 79 141 51 
2<--1
3<--1
4<--3<--1
5<--1
70 53 65 139 88 72 153 91 115 
2<--4<--3<--1
3<--1
4<--3<--1
5<--3<--1
6<--4<--3<--1
7<--4<--3<--1
8<--5<--3<--1
9<--3<--1
10<--7<--4<--3<--1
160 90 5 60 
2<--3<--5<--4<--1
3<--5<--4<--1
4<--1
5<--4<--1
208 137 63 
2<--3<--4<--1
3<--4<--1
4<--1
29 82 153 93 
2<--1
3<--1
4<--5<--3<--1
5<--3<--1
186 92 127 180 161 67 18 246 
2<--4<--7<--8<--1
3<--8<--1
4<--7<--8<--1
5<--4<--7<--8<--1
6<--7<--8<--1
7<--8<--1
8<--1
9<--5<--4<--7<--8<--1
161 61 105 94 
2<--5<--1
3<--1
4<--3<--1
5<--1
84 94 163 102 
2<--1
3<--2<--1
4<--5<--3<--2<--1
5<--3<--2<--1
24 89 83 127 71 
2<--1
3<--2<--1
4<--6<--2<--1
5<--3<--2<--1
6<--2<--1
96 145 42 71 
2<--4<--1
3<--5<--4<--1
4<--1
5<--4<--1
72 45 57 39 
2<--1
3<--5<--1
4<--3<--5<--1
5<--1
139 207 47 259 29 
2<--4<--6<--1
3<--2<--4<--6<--1
4<--6<--1
5<--3<--2<--4<--6<--1
6<--1
128 385 200 69 113 209 198 292 28 
2<--10<--1
3<--9<--8<--2<--10<--1
4<--2<--10<--1
5<--1
6<--5<--1
7<--6<--5<--1
8<--2<--10<--1
9<--8<--2<--10<--1
10<--1
103 70 95 51 24 19 
2<--5<--1
3<--6<--1
4<--5<--1
5<--1
6<--1
7<--1
