18
157
1177
1152
1237
340
2706
516
2367
3186
641
1440
1617
184
1085
1003
1819
137
2138
672
2343
566
752
475
2577
494
1278
269
1374
1018
303
3827
1122
1493
1206
1088
203
1246
436
200
46
2223
686
800
76
563
893
1483
1599
1851
1304
2378
2260
1774
196
527
112
434
564
2543
150
2487
452
2600
1933
864
585
1074
186
122
630
513
54
111
736
733
786
328
205
1624
182
61
130
733
49
3056
814
124
1167
797
2259
123
3254
1343
2275
81
2849
283
34
1830
1254
433
1333
397
1103
1506
425
1444
2164
455
1474
489
2476
2259
1798
172
359
655
3482
147
235
578
2030
1166
345
1882
41
524
1377
2971
1720
3095
3043
747
351
2687
2848
1642
113
1882
884
1688
1087
3235
632
147
306
674
197
2355
51
481
1407
1781
2007
1909
263
747
1183
524
170
878
49
1389
218
2222
644
1124
2116
2243
2859
220
356
364
3216
695
1298
377
402
642
2534
356
657
769
2643
2395
1223
2235
1134
4370
339
2056
1897
4080
2011
1406
505
726
3164
787
827
1739
2261
845
2857
1606
36
2949
277
547
3417
40
1097
3767
2130
178
1835
452
408
2416
2470
273
2480
539
1783
1651
2130
305
3494
1169
2304
341
821
1694
2442
474
1983
372
3466
314
311
1323
2363
812
562
916
757
42
206
1474
131
1625
1964
