220
220
2173
2079
189
1074
1222
2491
278
278
1595
704
1159
1726
1540
1394
1374
1300
1792
997
1025
2142
1686
610
1136
1638
1386
1439
1143
888
1614
1135
1847
2453
1272
175
1830
2081
1091
2177
149
68
417
1054
2333
1793
2208
1971
1752
113
2003
1363
891
935
154
2304
589
1109
912
950
1736
1674
1538
550
688
1000
1889
0
2131
2565
302
1289
628
238
1273
443
755
993
779
923
1638
757
160
2289
2261
2618
748
1038
1844
1433
858
544
1756
1691
748
1080
1773
2874
1437
1743
2180
1274
501
203
1380
1690
679
765
394
799
1949
54
2271
1425
629
887
1208
962
1472
2523
2325
1229
2022
1237
1860
1584
1784
1489
2218
0
1903
1360
987
612
1313
1219
1746
1979
953
2274
2176
1549
1624
819
1979
340
644
1453
1850
287
1629
1633
2417
1811
2301
289
1439
1407
796
515
2520
147
1399
2449
632
1759
1924
2675
824
293
109
141
666
2334
127
859
1693
692
984
1387
753
310
977
381
1205
240
1603
0
2088
2581
1278
254
2015
1719
1608
0
1758
185
891
482
1490
1225
2680
165
1186
230
872
1643
984
1811
1889
183
691
1148
1062
808
1610
1400
1637
512
2061
131
45
2101
1635
606
853
74
881
376
591
924
746
464
804
1344
1973
218
632
1182
592
1794
457
2319
2112
125
1576
127
1842
2426
2021
1371
1116
2523
2547
1888
1653
1031
1225
273
971
2675
1929
246
90
1805
384
349
272
693
1867
422
436
305
1727
1873
334
1897
371
2400
1151
1468
417
1861
279
1412
2217
515
1575
2166
308
711
972
1257
1041
2736
878
148
159
223
1280
2306
1093
219
1955
1210
324
198
300
285
2223
834
2049
1495
1183
1656
1638
734
394
2455
76
2102
1409
1644
1072
301
681
346
68
210
1293
368
8
386
2288
1974
1271
1072
244
2025
125
2056
1296
1992
1720
890
885
1653
898
2230
1395
127
1115
2139
1852
1610
519
619
2314
1516
1047
1574
129
724
1748
1688
2247
1244
1082
2237
2090
1907
986
1895
2257
203
1273
2520
1106
1732
2519
355
1058
299
2119
713
430
1136
284
504
228
2128
244
882
1631
746
1164
2197
579
116
1212
1764
1654
562
1249
1611
285
1841
504
1278
1648
1523
1679
2169
1764
722
2004
790
730
430
861
750
2349
1949
1054
1286
2408
570
1738
2171
1865
2204
1609
687
97
260
443
1267
1911
1952
1961
684
1462
1246
1827
1667
860
72
2208
644
342
991
1399
1530
1960
515
1914
1157
310
687
1034
1908
1270
682
0
2003
0
2264
1721
1270
1561
1634
1268
1487
1446
433
537
1546
1175
596
1130
2691
515
1627
2076
138
1005
2536
1606
502
372
1304
888
2506
532
1926
500
833
1943
441
599
2454
975
1824
389
1350
156
2427
1602
2025
1126
1222
1773
1967
1608
1000
1845
1092
1672
179
45
435
934
1483
1698
188
570
2166
2001
1305
1330
528
1435
385
404
2226
334
1903
442
774
1800
1486
819
2370
121
471
1851
1149
1092
753
1525
637
626
705
1512
366
847
734
283
885
1662
2120
1177
946
1550
1927
1891
455
1974
247
1320
1382
2121
2232
518
1477
2491
63
1342
2174
646
1487
1644
173
755
1768
247
1485
2420
645
0
1617
1760
1567
1419
281
1493
2226
980
922
2282
1491
287
2241
890
2242
1597
1007
676
75
2211
250
189
833
2346
1516
1035
1309
494
1613
2352
673
1126
862
575
854
1471
1020
1002
336
2284
1378
449
1212
2671
2346
2201
1833
1831
2006
2267
1217
10
238
39
2076
556
580
1693
1224
1786
873
0
1343
1588
292
2174
285
1859
865
268
880
1440
1333
2277
1728
1207
0
2235
552
871
1609
725
1011
1525
694
278
1004
816
179
2014
1710
1236
1480
0
568
426
2444
0
1919
503
2161
1448
639
329
2043
1938
1796
435
1604
2245
2421
365
1174
277
819
2323
241
1940
454
1880
768
341
1379
2080
2267
1532
383
647
1266
1804
263
1533
1817
1029
605
1973
1876
2049
1243
1534
625
631
2145
1691
308
1430
846
2187
848
1083
1898
193
1938
2048
1488
1644
860
494
2063
1556
0
2285
1703
1197
1266
1003
1326
2219
167
1895
1123
2230
1214
1936
1917
602
1976
2669
2128
2070
364
201
1259
1071
479
1072
15
337
946
1850
1055
1887
216
1888
1570
881
