31
1 2 
362
1 2 3 4 5 6 7 8 9 10 11 12 13 14 15 17 
351
1 2 3 4 5 6 7 8 9 10 11 12 13 14 16 17 
92
1 2 3 4 5 
242
1 2 3 4 5 6 9 10 11 12 14 15 16 
199
1 2 3 4 5 6 7 8 9 10 
298
1 2 3 4 5 6 7 8 9 10 12 14 17 
173
1 2 3 4 6 10 11 
274
1 2 3 4 5 6 7 8 9 10 11 12 13 
374
1 2 3 4 5 6 7 8 9 10 11 12 13 14 15 16 17 18 19 
292
1 2 3 4 5 6 7 8 9 10 11 12 13 14 15 
161
1 2 3 4 5 6 8 9 
200
1 2 3 4 5 7 8 12 
92
1 4 5 6 
40
1 2 
373
1 2 3 4 5 6 7 8 9 10 11 12 13 14 19 
246
1 2 3 4 5 6 7 8 9 10 12 15 
209
1 2 3 4 5 6 7 8 11 12 13 
116
1 2 4 5 
176
1 3 4 5 6 7 10 
44
2 3 
396
1 2 3 4 5 6 7 8 9 10 11 12 13 14 15 16 17 19 
111
1 2 3 5 7 
241
1 2 3 4 5 6 7 8 9 10 11 12 13 14 
439
1 2 3 4 5 6 7 8 9 10 11 12 13 14 15 16 18 
361
1 2 3 4 5 6 7 8 9 10 11 12 13 14 15 
24
3 
85
1 3 4 5 
278
1 2 3 4 5 6 7 8 9 10 11 12 13 14 
293
1 2 3 4 5 6 7 8 9 10 11 12 14 15 
333
1 2 3 4 5 6 7 8 9 10 11 12 13 14 15 16 17 18 19 20 
92
1 2 3 4 5 6 
301
1 2 3 4 5 6 7 8 9 10 11 12 13 14 15 16 
9
1 3 
359
1 2 3 4 5 6 7 8 9 10 11 13 14 16 17 19 
292
1 2 3 4 5 6 7 8 9 10 11 14 
297
1 2 3 4 5 6 7 8 9 10 11 12 13 14 15 16 17 18 
208
1 2 3 4 5 6 10 12 
99
1 2 4 5 6 
375
1 2 3 4 5 6 7 8 9 10 11 12 13 15 16 17 18 19 
278
1 2 3 4 5 6 7 8 9 10 11 12 14 18 
142
1 2 4 5 6 
6
1 
67
1 3 4 
156
2 3 4 5 6 7 8 10 
331
1 2 3 4 5 6 7 8 9 10 11 12 13 14 15 16 
29
1 2 3 
318
1 2 3 4 5 6 7 8 9 10 11 12 13 14 17 
51
1 3 
118
1 2 3 4 5 6 
205
1 2 3 4 5 6 7 8 9 10 11 12 13 
46
1 2 3 4 
158
1 2 3 4 7 8 
198
1 2 3 4 7 10 11 
79
1 3 4 
405
1 2 3 4 5 6 7 8 9 10 11 12 13 16 17 18 19 
127
1 2 3 4 5 6 7 
277
1 2 3 4 5 6 7 8 9 10 11 13 14 15 
228
1 2 3 4 5 6 7 8 9 11 12 
155
1 2 3 6 7 8 
190
1 2 3 4 5 6 7 8 9 10 
448
1 2 3 4 5 6 7 8 9 10 11 12 13 14 15 16 17 18 19 20 
200
1 2 3 4 5 7 8 9 10 
54
2 3 
310
1 2 3 4 5 6 7 8 9 10 11 14 15 
14
2 
318
1 2 3 4 5 6 7 8 10 11 12 13 14 
72
2 4 5 
30
1 3 
29
1 2 
248
1 2 3 4 5 6 7 8 9 10 11 12 
173
1 2 3 4 5 6 7 9 
345
1 2 3 4 5 6 7 8 9 10 11 12 16 
129
1 2 3 4 5 6 7 8 
311
1 2 3 4 5 6 7 8 9 10 11 12 13 14 15 16 17 
27
2 
137
1 2 3 4 5 
170
1 2 3 4 5 6 7 8 9 
77
2 3 4 
186
1 2 3 4 5 6 7 8 9 10 11 12 
200
1 2 3 4 5 6 7 8 9 10 11 12 13 14 
264
1 2 3 4 5 6 7 8 9 12 14 15 
53
1 3 
45
1 2 3 
48
2 3 
36
2 3 
350
1 2 5 6 7 8 9 11 12 13 14 15 16 
86
1 2 4 
13
2 
278
1 2 3 4 5 6 7 8 9 10 11 12 13 14 15 
86
1 2 5 
165
1 2 4 5 6 8 9 
144
1 3 4 5 6 
167
1 2 4 5 6 7 
210
1 2 3 4 5 6 7 8 10 12 13 
262
1 2 3 4 5 6 7 8 9 10 11 12 13 14 15 16 
234
1 2 3 4 5 6 7 8 10 11 13 
78
2 3 4 
111
1 2 3 4 5 6 7 
23
3 
166
1 2 3 4 5 6 7 8 9 
47
1 2 3 4 
234
1 2 3 5 6 7 8 9 10 11 12 
119
1 2 3 4 5 7 8 
10
2 
106
1 2 3 5 6 
380
1 2 3 4 5 6 7 8 9 10 11 12 13 14 15 16 17 18 
304
1 2 3 4 5 6 7 8 9 10 11 12 13 14 15 16 17 18 
90
1 2 3 4 
82
1 2 3 4 5 
39
2 
388
1 2 3 4 5 6 7 8 9 10 11 12 13 14 15 16 17 18 19 20 
75
1 3 
193
1 2 3 4 6 7 8 9 10 
65
1 2 3 
113
1 2 3 5 6 
145
1 2 3 4 5 6 7 8 
145
1 2 3 4 5 6 7 8 
46
1 3 
412
1 2 3 4 5 6 7 8 9 10 11 12 13 14 15 16 17 18 19 20 
44
1 2 
314
1 2 3 4 5 6 7 8 9 10 11 12 13 14 15 16 17 
71
1 3 4 
217
1 2 3 4 5 6 7 8 9 10 11 
209
1 2 3 4 5 6 7 8 9 10 11 12 
129
1 2 3 4 5 7 
118
1 2 3 6 
213
1 2 3 5 6 7 9 10 11 12 
271
1 2 3 4 5 7 8 9 10 11 12 13 14 15 
141
1 2 3 4 5 6 7 8 9 
34
2 
88
1 2 3 4 5 
114
1 2 3 4 5 6 7 
337
1 2 3 4 5 6 7 8 9 10 11 12 13 14 15 16 17 18 19 20 
276
1 2 3 4 5 6 7 8 9 10 11 12 13 14 15 16 17 
130
1 3 4 5 6 7 
149
1 2 3 4 5 6 7 8 9 
47
2 3 
250
1 2 3 4 5 6 7 9 10 11 15 
237
2 3 4 5 6 7 8 9 10 11 12 13 14 
152
1 2 3 6 7 8 
210
1 2 3 5 6 8 9 10 11 
391
1 2 3 4 5 6 7 8 9 10 11 12 13 14 15 16 17 18 19 20 
84
1 2 3 4 5 
195
1 2 3 4 5 6 7 8 9 10 11 12 13 
328
1 2 3 4 5 6 7 8 9 10 11 12 13 14 15 16 
81
1 3 4 5 
108
1 2 3 4 5 6 7 
79
1 2 3 4 5 
261
1 2 3 4 5 6 7 8 10 12 13 15 
453
1 2 3 4 5 6 7 8 9 10 11 12 13 17 18 19 
26
2 3 
211
1 2 3 4 5 7 8 10 12 13 
495
1 2 3 4 5 6 7 8 9 10 11 12 13 14 15 16 17 18 19 20 
53
1 2 3 
358
1 2 3 4 5 6 7 8 9 10 11 12 13 14 15 16 17 
107
1 2 3 4 
40
1 2 3 
171
1 2 3 4 5 6 7 8 9 10 11 12 
250
1 2 3 4 6 8 9 10 11 
376
1 2 3 4 5 6 7 8 9 10 11 12 13 14 15 16 17 18 
41
1 2 3 
39
1 3 
47
2 3 
219
1 2 3 4 5 6 10 11 
177
1 2 3 4 5 6 7 8 9 10 11 
251
1 2 3 4 5 7 8 10 11 12 
57
1 2 4 
60
1 2 3 
181
1 2 3 5 6 7 8 9 
107
2 3 4 5 
92
2 3 4 
89
1 2 3 
52
1 2 3 4 
150
1 2 3 4 5 6 7 
157
1 2 3 4 5 6 7 
20
2 3 
241
1 2 3 4 5 6 7 8 9 11 15 
301
1 2 3 4 5 6 7 9 13 14 
138
1 3 4 5 7 
369
1 2 3 4 5 6 7 8 9 10 11 12 14 15 16 18 
125
1 2 3 4 6 7 8 
326
1 2 3 4 5 6 7 8 9 10 11 12 13 14 15 16 17 18 19 20 
169
1 2 3 4 5 6 7 8 
85
1 2 3 4 5 
336
1 2 3 4 5 6 7 8 9 10 11 12 13 14 15 16 17 18 19 
182
1 2 3 4 6 8 11 12 
131
1 2 3 4 5 
112
1 2 4 6 
302
1 2 3 4 5 6 7 8 9 10 11 12 14 16 17 18 
58
1 2 3 4 5 
336
1 2 4 5 6 7 9 10 11 12 13 14 15 16 
328
1 2 3 4 5 6 7 8 9 11 12 13 14 15 
284
1 3 5 6 7 8 9 10 11 12 13 14 15 
246
1 2 3 4 5 6 7 8 9 13 14 
337
1 2 3 4 5 6 7 8 9 10 12 13 14 
6
2 3 
34
3 
122
1 2 3 4 5 6 7 8 9 
81
1 3 4 
287
1 2 3 4 5 6 7 8 9 10 11 12 13 14 15 16 
3
1 
225
1 2 3 4 5 6 7 8 9 11 12 13 
140
1 2 3 4 5 6 7 8 
153
1 2 3 5 6 7 8 
386
1 2 3 4 5 6 7 8 9 10 11 12 13 14 17 19 20 
272
1 2 3 4 5 7 8 9 11 12 13 14 
5
1 
324
1 3 4 5 6 7 8 9 10 11 12 13 14 
38
1 2 
224
1 2 3 4 5 7 10 11 
23
1 2 3 
317
1 2 3 4 5 6 7 8 9 10 11 12 13 15 16 17 20 
150
1 2 4 5 7 8 
135
1 2 3 4 5 6 7 8 
388
1 2 3 5 6 7 8 9 10 11 12 13 14 15 16 
160
1 2 4 6 7 8 9 
159
1 2 3 4 5 6 7 8 9 
146
1 3 4 5 6 7 
217
1 2 3 4 5 6 7 9 10 11 12 13 
345
1 2 3 4 5 6 7 8 9 10 11 12 13 14 15 16 17 18 
239
1 2 3 4 5 6 7 8 9 10 11 12 
171
1 2 3 4 5 7 
0
1 2 3 
16
3 
155
1 2 3 4 5 6 7 8 9 10 11 
93
1 3 4 5 6 
200
1 2 3 4 5 6 8 9 10 
143
1 2 3 4 5 6 8 
330
1 2 3 4 5 6 7 8 9 10 11 12 13 14 16 17 18 19 20 
337
1 2 3 4 5 6 7 8 9 10 11 12 13 16 18 19 
336
1 2 3 4 5 6 7 8 9 10 11 12 13 14 15 16 17 
330
1 2 3 4 5 6 7 8 9 10 12 13 14 15 
426
1 2 4 5 6 7 8 10 11 12 13 14 15 17 18 19 20 
309
1 2 3 4 5 6 7 8 9 10 11 12 13 14 15 17 18 
113
1 2 3 5 
103
1 2 3 4 5 6 7 
146
1 2 3 4 5 6 7 8 9 10 11 
153
1 2 3 4 5 8 10 
14
2 
343
1 2 3 4 5 6 7 8 9 10 11 12 13 14 15 16 
99
1 2 4 5 
286
1 2 3 4 5 6 7 8 9 10 11 12 13 14 16 17 18 
90
1 2 4 5 
295
1 2 3 4 5 6 7 8 9 10 11 12 13 14 15 
174
1 2 3 5 6 9 10 
79
1 2 3 4 5 
374
1 2 3 4 5 6 7 8 9 10 11 12 14 15 16 19 
206
1 2 3 4 6 7 8 11 12 
156
1 2 3 4 6 7 
326
1 2 3 4 5 6 7 8 9 10 11 12 13 14 
122
1 2 3 4 5 6 7 8 
336
1 2 3 4 5 6 7 8 9 10 12 13 14 16 
134
1 2 4 5 6 
141
1 2 4 5 7 9 
173
1 2 3 4 5 6 7 8 9 
156
1 2 3 4 5 6 7 10 
133
1 2 3 4 5 6 
46
1 2 3 
136
2 3 4 5 7 8 
310
1 2 3 4 5 6 7 8 9 10 11 12 13 14 15 16 17 18 
16
3 
317
1 2 3 4 5 6 7 8 9 11 12 13 18 
9
1 2 3 
272
1 2 3 4 5 6 7 8 9 12 14 
91
1 2 4 5 
65
1 2 
269
1 2 3 5 6 7 8 9 10 11 12 13 14 
127
1 2 3 5 8 
119
1 2 3 5 6 7 
359
1 2 3 4 5 6 7 8 9 10 11 12 13 14 15 16 17 18 
66
1 2 3 4 
125
1 2 3 4 7 
290
1 2 3 4 5 6 7 8 10 11 14 15 
301
1 2 3 4 5 6 7 8 9 10 11 12 13 14 16 19 
434
1 2 3 4 5 6 8 9 10 11 12 13 14 15 16 18 19 
46
1 2 3 
174
1 2 4 5 6 7 8 
184
1 2 3 4 5 6 9 11 12 
235
1 2 3 4 5 6 7 8 9 10 11 12 13 
160
1 2 3 4 5 6 7 8 9 
92
1 2 3 4 5 6 7 
355
1 2 3 4 5 7 8 9 10 11 12 13 14 15 16 17 
320
1 2 3 4 5 6 7 8 9 10 11 12 13 14 15 16 
299
1 2 3 4 5 6 7 8 9 10 11 12 13 14 15 16 17 
89
2 4 5 
120
1 3 4 5 6 
320
1 2 3 4 5 6 7 8 9 10 11 12 15 17 
238
1 2 3 4 5 6 7 8 9 11 12 
358
1 2 3 4 5 6 7 8 9 10 11 12 13 14 15 18 19 
56
1 2 3 
89
1 2 4 
41
1 3 
0
1 3 
266
1 2 3 4 5 6 7 8 9 10 11 12 13 14 
131
1 2 3 4 5 
343
1 2 3 4 5 6 7 8 9 11 14 15 16 
33
1 2 
8
3 
44
1 3 
182
1 2 3 4 5 6 7 8 9 10 11 
328
1 2 3 4 5 6 7 8 9 10 11 12 13 14 15 16 17 18 
44
1 2 
210
1 2 3 4 5 6 7 8 10 11 12 
65
1 2 3 4 
63
2 3 4 
121
1 2 3 4 5 
173
2 3 4 5 6 8 9 
346
1 3 5 6 7 8 9 10 11 12 13 14 
238
1 2 3 4 5 6 7 8 9 10 11 12 13 14 15 16 17 
228
1 2 3 4 5 6 7 8 9 10 11 
115
1 2 3 5 6 
177
1 2 3 4 6 7 8 
365
1 2 3 5 6 7 8 9 10 11 12 13 14 15 16 17 18 
273
1 2 3 4 5 6 7 8 9 10 11 12 13 14 15 
137
1 2 3 4 5 6 7 8 
422
1 2 3 5 6 7 8 9 10 11 13 14 15 16 17 
289
1 2 3 4 5 6 7 8 9 10 11 12 
230
2 3 4 5 6 7 8 9 
217
1 2 3 4 5 7 8 9 10 12 
208
1 2 3 4 5 6 7 8 9 10 11 
119
1 2 4 6 7 
142
1 2 5 6 7 
19
1 2 
200
1 2 3 5 7 8 
17
3 
289
1 2 3 4 5 6 7 8 9 10 11 12 13 14 15 
415
1 2 3 4 5 6 7 8 9 10 11 12 13 15 16 17 18 19 
284
1 2 3 4 5 6 7 8 9 10 12 13 14 
413
1 2 3 4 5 6 7 8 9 10 11 12 13 15 16 18 19 
261
1 2 3 4 5 6 7 8 9 10 11 12 13 14 15 
134
2 3 4 5 6 
307
1 2 3 4 5 6 7 8 9 10 12 17 18 
81
1 2 3 4 5 
91
1 2 3 4 5 
225
1 2 3 4 5 6 7 8 9 10 11 12 
243
1 2 3 4 5 6 7 8 9 10 11 12 13 
175
1 2 3 4 5 6 7 8 9 
393
1 2 3 4 5 6 7 8 9 10 11 12 13 14 15 16 17 
204
1 2 3 4 5 6 7 8 9 10 
186
1 2 3 4 5 6 7 8 9 
317
1 2 3 4 5 6 7 8 9 10 11 13 14 15 16 17 18 
138
1 2 3 4 6 
103
1 2 3 4 5 6 7 
252
1 2 3 4 5 6 7 8 9 10 11 12 
313
1 2 3 4 5 6 7 8 9 10 11 12 13 14 16 17 
114
1 2 3 5 
250
1 2 3 4 5 7 8 10 13 
270
1 2 3 4 5 6 7 8 9 10 11 12 15 16 18 
137
1 2 3 4 5 6 
218
1 2 3 4 5 6 7 8 9 10 11 12 13 14 15 16 17 
7
1 
19
2 
270
3 4 5 6 7 8 9 10 11 
258
1 2 3 4 5 6 7 8 9 15 
326
1 2 4 5 6 7 8 9 10 11 12 13 14 
297
1 2 3 4 5 6 7 8 9 10 11 12 13 14 
171
1 2 3 4 5 6 7 8 9 10 11 12 
102
1 3 4 5 6 
60
2 4 
92
1 2 4 5 
233
1 2 3 4 5 6 7 8 9 10 11 
254
1 2 3 4 5 6 7 8 9 10 11 12 13 
97
1 2 4 5 
301
1 2 3 4 5 6 7 8 9 10 11 12 13 14 15 16 17 
234
1 2 3 4 5 6 7 8 9 10 
112
1 2 4 5 
328
1 2 3 4 5 6 7 8 10 11 12 13 14 16 
34
1 
242
1 2 3 4 5 6 8 10 11 12 13 14 15 16 
67
1 2 3 
30
1 
246
1 2 3 4 5 6 7 8 9 10 11 12 13 14 
271
1 2 3 4 5 6 7 8 9 10 11 12 13 14 15 16 
289
1 2 3 4 5 6 7 8 9 10 11 12 14 
443
1 2 3 4 5 6 7 8 9 10 11 12 14 15 16 19 20 
189
1 3 4 5 6 7 9 10 
215
1 2 3 4 5 7 9 11 
130
1 2 3 4 5 6 7 
33
2 
21
1 2 3 
264
1 2 3 4 5 7 8 10 11 
209
1 2 3 4 5 6 8 10 11 12 
167
1 2 3 5 8 10 11 
17
3 
21
2 
273
1 2 3 4 5 6 7 8 9 10 11 13 14 15 16 
37
1 2 3 4 5 6 
226
1 2 3 4 5 6 7 9 14 15 
298
1 2 3 4 5 6 7 8 9 10 11 12 13 16 17 
5
1 
0
1 
408
1 2 3 4 5 6 7 8 9 10 11 12 13 14 15 16 17 18 19 20 
208
1 2 3 4 6 7 8 9 11 
255
1 2 3 4 5 6 7 8 9 10 11 
338
1 2 3 4 5 6 7 8 9 10 11 12 14 16 17 18 
47
1 3 
80
1 2 3 4 5 
180
1 2 3 4 5 6 7 8 9 10 11 
248
1 2 3 4 5 6 7 8 9 10 11 12 13 14 15 
138
1 2 3 4 5 6 7 
153
1 2 3 4 5 6 7 
64
1 2 3 4 
248
2 3 4 5 6 7 8 9 10 11 12 
158
1 2 5 6 7 9 10 
341
1 2 3 4 5 6 7 8 9 10 11 12 13 14 15 16 17 18 19 20 
336
1 2 3 4 5 6 7 8 9 10 11 12 14 18 19 
33
2 
40
3 
299
1 2 3 4 5 6 7 8 10 12 13 14 
142
1 2 3 4 5 6 9 
27
3 
21
1 2 
200
1 2 3 4 5 6 7 8 9 10 11 
156
1 2 3 4 5 6 7 
87
1 2 3 4 5 6 
264
1 2 3 4 5 6 7 8 9 10 11 12 13 14 
307
1 2 3 4 5 6 7 8 9 10 11 12 13 
263
1 2 3 4 5 6 7 8 9 10 12 14 15 
218
1 2 3 4 5 6 7 8 9 10 11 12 13 14 
133
1 2 3 4 5 
109
1 2 4 6 7 
228
1 2 3 4 5 6 7 8 10 
2
1 
187
1 2 3 4 5 6 9 12 
89
1 2 3 4 5 6 7 
183
1 2 3 4 5 6 7 11 12 
121
1 3 4 6 
139
1 2 3 4 5 6 7 8 
201
1 2 3 4 5 6 7 8 9 10 11 12 13 14 
65
1 2 3 
281
1 2 3 4 5 6 7 8 9 12 
187
2 3 4 5 6 7 8 10 
39
1 
32
1 2 3 4 
51
2 3 
249
1 2 3 4 5 6 7 8 9 10 11 12 13 14 15 16 
63
1 2 3 
188
1 2 3 4 5 6 7 8 9 10 
376
1 2 4 5 8 9 10 11 12 13 14 15 16 17 18 
246
1 2 3 4 5 6 7 8 9 11 12 14 
142
1 2 3 5 8 9 
30
2 
268
1 2 3 4 5 6 7 8 9 10 13 14 16 
286
1 2 3 4 5 6 7 8 9 10 11 12 13 14 15 16 17 18 
8
1 3 
238
1 2 3 4 5 6 7 8 9 10 11 12 
298
1 2 3 4 5 6 7 8 9 10 11 14 15 16 19 
76
1 3 4 
18
1 2 
345
1 2 3 4 5 6 7 8 9 10 11 12 13 14 16 19 
166
1 2 3 4 5 6 8 11 
286
1 2 3 4 5 6 7 8 9 10 11 12 13 18 
117
1 2 3 5 
68
1 2 3 4 
305
1 2 3 4 5 6 7 8 9 10 11 12 15 17 
149
1 2 3 4 5 7 
83
1 2 3 4 
119
1 2 3 4 5 6 
330
1 2 3 4 5 6 7 8 9 10 11 12 14 15 16 
44
2 3 
286
1 2 3 4 5 6 7 8 9 10 11 12 13 14 15 
209
1 2 3 4 5 6 7 8 9 10 11 12 13 14 
287
1 2 3 4 5 6 7 8 9 10 11 12 13 14 
36
1 2 
43
1 3 
198
1 2 3 4 5 7 8 9 12 
210
1 2 4 5 6 7 8 9 10 11 12 
90
1 2 3 4 5 6 
136
1 2 3 4 5 6 7 
49
2 3 
27
2 3 
114
1 2 5 6 7 
211
1 2 3 5 6 7 9 11 12 13 14 
279
1 2 3 4 5 6 7 8 9 10 11 13 15 17 18 
207
1 2 3 4 5 6 7 8 9 10 11 12 13 
67
1 2 3 4 
359
1 2 3 4 5 6 7 8 9 10 12 13 14 15 17 
363
1 2 3 4 5 6 7 8 9 10 12 16 18 19 
179
2 3 4 5 6 7 8 10 
132
1 2 3 4 5 6 7 8 
130
1 2 3 4 5 6 
72
1 2 3 4 
14
2 
37
2 3 
157
1 2 3 4 5 6 7 8 9 10 
38
2 3 
275
1 2 3 4 5 6 7 8 9 10 11 12 13 14 15 16 
126
1 2 3 4 7 8 
75
2 4 5 
93
1 2 5 
238
1 2 3 4 5 6 7 8 9 10 11 12 13 14 15 
159
1 2 3 4 5 7 10 
47
1 3 
307
1 2 3 4 5 6 7 8 9 10 11 13 17 
133
1 2 3 6 
48
2 3 
49
2 4 
51
1 3 
320
1 2 3 4 5 6 7 8 9 10 11 12 13 14 15 16 17 18 19 20 
336
1 2 3 4 5 6 7 8 9 10 11 12 13 14 
400
1 2 3 4 5 6 7 8 9 10 11 12 13 14 15 16 17 18 19 20 
269
1 2 3 4 5 6 7 8 9 10 11 12 13 14 15 16 
81
1 3 4 
60
1 2 3 4 
123
1 2 3 4 5 6 7 8 
188
1 2 3 4 5 6 7 8 9 10 11 12 
294
1 2 3 4 5 6 7 8 9 10 11 12 13 
34
1 2 3 
184
2 3 4 5 6 7 8 
334
1 2 3 4 5 6 7 8 9 10 11 12 13 14 15 16 17 
407
1 2 3 4 5 6 7 8 10 11 12 13 14 15 16 17 18 19 20 
346
1 2 3 4 5 6 7 8 9 10 11 12 14 15 
195
1 2 3 4 5 6 9 13 
78
1 2 3 4 5 
245
1 2 3 4 5 6 7 8 9 11 14 15 
93
2 5 6 
275
1 2 3 4 5 6 7 8 9 10 11 12 14 15 16 
254
1 2 3 4 5 6 7 8 9 10 11 12 13 14 15 
49
1 2 
262
1 2 3 4 5 6 7 8 9 10 11 12 13 14 15 
42
1 3 
276
1 2 3 4 5 6 7 8 9 11 13 14 
135
1 2 3 4 5 6 7 
90
1 2 4 
143
1 3 4 5 6 8 9 
90
1 2 3 4 5 6 
81
1 4 5 
293
1 2 3 4 5 6 7 8 9 10 11 12 15 
243
1 2 3 4 5 6 7 8 10 12 14 
122
1 2 3 4 5 6 7 8 
316
1 2 3 4 5 6 9 11 12 13 14 15 
112
1 2 3 4 5 6 7 
38
1 
201
1 2 3 5 6 7 8 9 10 
251
1 2 3 4 5 6 7 8 9 13 14 
30
2 
392
1 2 3 4 5 6 7 8 9 10 11 12 13 14 15 16 17 18 
137
2 3 6 7 8 
33
1 2 3 
141
1 2 3 4 5 6 7 
165
1 2 3 5 6 7 8 9 
85
1 3 4 
149
1 2 3 4 5 6 7 8 9 10 11 
181
1 2 3 4 5 6 7 8 9 10 11 12 13 
317
1 2 3 4 5 6 7 8 9 10 11 12 13 14 15 16 17 
278
1 2 3 4 5 6 7 8 9 10 11 12 14 16 
67
1 2 3 4 5 
95
2 3 4 6 
266
1 2 3 4 5 6 7 8 9 10 11 12 
373
1 2 3 4 5 6 7 8 9 10 11 12 14 16 17 18 
307
1 2 3 4 5 6 7 8 9 10 11 18 
250
1 2 3 4 5 6 7 8 9 10 11 12 13 14 15 16 17 
285
1 2 3 4 5 6 7 8 9 10 11 15 17 
126
1 2 4 6 7 8 
364
1 2 3 4 5 6 7 8 9 10 11 12 17 18 
237
1 2 3 4 5 6 7 8 9 10 11 12 13 
198
1 2 3 4 5 6 7 8 9 10 11 12 13 
283
1 2 3 4 5 6 7 8 9 10 11 12 13 14 
233
1 2 3 6 7 8 9 10 11 12 13 
95
1 2 3 6 
250
1 2 3 4 5 7 8 9 10 11 
224
1 2 3 4 5 8 9 10 11 12 13 
72
1 3 4 
263
1 2 3 4 5 6 7 8 9 10 11 12 13 14 15 16 17 18 19 
310
1 2 3 4 5 6 7 8 9 11 12 13 15 
12
1 
48
1 2 
55
1 2 
232
1 2 3 4 5 6 7 8 10 11 12 14 
256
1 2 3 4 5 6 7 8 9 10 11 12 
217
1 2 4 5 6 7 8 9 
122
1 3 4 5 8 
239
1 2 3 4 5 6 7 8 9 10 11 12 13 
82
1 2 3 4 5 6 7 
98
1 2 4 5 6 
177
1 2 3 4 5 6 7 8 9 10 
207
1 2 4 5 6 7 8 9 10 
265
1 2 3 4 5 6 7 8 9 10 11 12 13 14 
277
1 2 3 4 5 6 7 8 9 10 11 12 13 
141
1 2 3 4 5 6 7 8 
23
2 3 
141
2 3 5 6 8 
139
1 2 3 4 6 7 8 
128
1 2 3 6 7 
181
1 2 3 4 5 7 8 10 
253
1 2 3 4 5 6 7 8 9 10 11 12 13 14 15 
199
1 2 3 4 5 6 7 8 9 
30
1 2 3 
186
1 2 3 4 5 6 7 8 9 10 
126
1 2 3 4 5 6 
161
2 3 4 5 6 7 
262
1 2 3 4 5 6 7 9 10 11 13 14 16 
136
1 2 3 4 5 6 7 8 
150
1 2 3 4 5 6 7 8 9 
240
1 2 3 4 5 6 7 8 9 10 11 
105
3 4 5 6 
196
2 3 4 5 6 7 8 9 10 11 
268
1 2 3 4 5 6 7 8 9 11 14 16 
148
1 2 3 4 5 6 8 
61
2 3 4 
6
1 2 
96
1 3 4 5 
12
1 2 3 
41
1 2 3 4 
149
1 2 3 4 5 6 7 8 9 10 11 12 
288
1 2 3 4 5 6 7 8 9 10 11 13 15 17 18 19 
148
1 2 4 6 7 8 
93
2 3 4 
119
1 2 3 4 5 6 7 8 9 
250
1 2 3 4 5 6 7 8 9 10 11 12 13 14 15 
0
1 2 3 
170
1 2 3 5 7 8 9 
244
1 2 3 4 5 6 7 8 9 11 12 13 
359
1 2 3 4 5 6 7 8 9 10 11 12 13 14 15 16 17 18 
122
2 3 4 5 6 7 
50
1 2 3 
32
2 
275
1 2 3 4 5 6 7 8 9 13 
233
1 2 4 5 6 7 8 9 10 11 12 13 14 
406
1 2 3 4 5 6 7 8 9 10 11 12 13 14 15 16 17 18 19 20 
263
1 2 3 4 5 6 7 8 9 11 12 14 15 
288
1 2 3 4 5 6 7 9 10 15 
217
1 2 3 4 5 6 7 10 12 
97
1 2 3 4 
190
1 2 3 4 5 6 7 8 9 
39
2 
58
1 3 
284
1 2 3 4 5 6 7 8 9 10 11 12 14 15 16 
143
1 2 4 8 
110
1 2 3 4 5 6 
15
2 
258
1 2 3 4 5 6 7 8 9 10 12 
281
1 2 3 4 5 6 7 8 10 12 14 
174
1 2 3 4 5 6 7 8 
51
1 2 3 
46
1 2 3 
74
1 2 3 4 
162
1 2 4 5 6 7 
209
1 2 3 5 7 8 9 10 
93
1 2 3 4 5 
40
1 3 
125
1 2 3 4 6 
282
1 2 3 4 5 6 7 8 9 10 11 12 13 14 15 
111
1 2 3 4 5 6 7 8 9 10 
94
1 3 4 5 6 
364
1 2 3 4 5 6 7 8 9 10 11 12 13 14 15 16 17 18 19 20 
236
1 2 3 4 5 6 7 8 9 12 13 14 
309
1 2 3 5 6 7 8 10 11 12 13 
180
1 2 3 4 5 6 7 8 
150
1 2 4 5 6 7 8 9 
36
2 
217
1 2 3 4 6 7 8 9 10 11 12 13 
128
1 2 3 4 5 6 
318
1 2 3 4 5 6 7 8 9 10 11 12 13 14 15 16 17 
237
1 2 3 4 5 6 7 8 9 10 11 12 13 
363
1 2 3 4 5 6 7 8 9 10 12 13 14 15 16 17 18 19 
373
1 2 3 4 5 6 7 8 9 10 11 12 13 14 15 16 17 18 19 
250
1 2 3 4 5 6 7 8 10 12 13 14 
116
1 2 4 5 6 
126
1 2 3 4 5 7 
13
1 2 
47
1 3 
136
1 2 3 4 5 6 7 
321
1 2 4 5 6 7 8 9 10 12 13 14 15 
275
1 2 3 5 6 8 10 11 12 13 
258
1 2 3 4 5 6 7 10 14 
51
1 3 
147
1 2 3 4 5 6 8 
136
1 2 3 4 5 6 7 8 9 
123
1 2 3 4 5 6 
116
1 2 3 4 5 6 7 
62
1 2 3 4 
232
1 2 3 4 5 6 7 8 9 10 11 
89
1 2 3 4 5 6 
247
1 2 3 4 5 6 7 8 9 10 11 12 
256
1 2 3 4 5 6 7 8 9 10 12 13 15 
30
2 
342
1 2 3 4 5 6 7 8 9 10 11 14 15 17 18 
338
1 2 3 4 5 6 7 8 9 10 11 12 13 14 15 16 17 18 19 20 
132
1 2 3 4 6 
236
1 2 3 4 5 6 7 8 9 13 
169
1 2 4 5 6 7 8 
382
1 2 3 4 5 6 7 8 9 10 11 12 14 17 18 19 20 
261
1 2 3 4 5 6 7 8 9 11 13 14 16 17 
322
1 2 3 4 5 6 7 8 9 10 12 15 
391
1 2 3 4 5 6 7 8 9 10 11 12 13 14 15 16 17 18 19 
14
2 
120
1 2 3 4 5 
328
1 2 3 4 5 6 7 8 9 10 11 15 16 17 
46
1 3 
169
1 2 3 4 5 6 7 8 9 10 11 
140
1 2 3 4 5 6 
151
1 2 3 4 5 6 7 
347
2 3 4 5 6 7 8 10 11 12 13 14 15 16 
136
1 2 3 4 5 6 7 8 
67
1 2 3 4 
124
1 2 3 4 5 6 7 
289
1 2 3 4 5 6 7 8 9 10 11 12 13 19 
213
1 2 3 4 5 6 7 8 
57
1 2 3 4 
76
2 3 4 5 
378
1 2 3 4 5 6 7 8 9 10 11 12 13 17 18 20 
269
1 2 3 4 5 6 7 8 9 10 11 12 13 
123
1 2 3 4 5 6 7 8 
101
1 2 3 4 5 6 7 8 
114
1 2 3 4 5 6 
127
1 3 4 5 6 7 
13
2 
107
1 2 3 4 5 6 7 
100
1 2 4 5 6 
34
1 2 3 
128
1 2 3 4 6 7 
210
1 2 3 4 5 6 7 8 9 10 11 12 13 14 
431
1 2 3 4 5 6 7 8 9 10 11 12 13 14 15 16 17 18 19 20 
221
1 2 3 4 5 6 7 8 9 10 11 12 13 
436
1 2 3 4 5 6 7 8 9 10 11 12 13 14 15 16 17 18 19 20 
156
1 2 3 4 6 7 8 10 
315
1 2 3 4 5 6 7 8 9 10 11 12 13 14 15 16 
231
1 2 3 4 5 6 7 8 9 10 
255
1 2 3 4 5 6 7 9 10 11 12 13 
92
1 2 3 4 5 6 7 
389
1 2 3 4 5 6 7 8 9 10 11 12 13 14 15 16 17 18 19 
260
1 3 4 5 6 7 9 10 11 
246
1 2 3 4 5 6 7 8 9 14 
131
1 2 3 4 6 7 
204
1 2 3 4 5 6 8 9 
32
1 2 3 
210
1 2 3 4 5 6 7 10 12 13 
215
1 2 3 4 5 6 8 9 11 12 14 
267
1 2 3 4 5 6 7 8 9 10 11 12 13 
291
1 2 3 4 5 6 7 8 9 10 11 12 13 14 15 16 
59
1 2 3 4 
8
1 
246
1 2 3 4 5 6 7 9 10 11 12 
38
2 
299
1 2 3 4 5 6 7 8 9 10 11 12 13 14 15 16 17 
214
1 2 3 4 5 6 7 8 9 11 
103
1 2 4 
19
1 3 
239
1 2 3 5 7 8 9 10 11 12 
98
1 2 3 4 5 6 
85
1 3 4 
189
1 2 3 4 5 6 8 10 11 12 
44
2 3 
4
1 
182
1 2 3 4 5 6 7 8 9 
317
1 2 3 4 5 6 7 8 9 10 11 12 13 14 15 16 17 18 
101
1 2 3 4 5 
110
2 3 5 
144
1 2 3 4 7 8 9 
94
1 2 3 4 5 6 7 
80
2 3 4 5 
37
1 3 
135
1 2 3 4 5 6 7 
79
1 3 4 
163
2 3 4 5 6 8 
12
1 
161
1 2 3 6 7 8 9 
232
1 2 3 4 5 6 7 8 10 11 13 
249
1 2 3 4 5 7 8 9 11 12 13 14 15 
41
1 3 
323
1 2 3 4 5 6 7 8 9 10 11 12 13 14 15 
275
1 2 3 4 5 6 7 8 9 10 11 12 15 18 
215
1 2 3 4 5 6 7 11 13 
109
2 3 4 5 6 
166
1 2 4 5 6 7 8 
292
1 2 3 4 5 6 7 8 9 10 11 12 13 14 15 17 18 
308
1 2 3 4 5 6 7 8 9 10 14 15 16 
154
1 2 3 4 5 7 8 9 
30
3 
374
1 2 3 4 5 6 7 8 9 10 11 12 13 14 15 16 
106
1 2 3 4 5 6 7 8 
376
1 2 3 4 5 6 7 8 9 10 11 12 13 14 15 16 17 
171
1 2 3 4 6 7 8 
12
2 
150
1 2 3 4 5 6 7 
324
1 2 3 4 5 6 7 8 9 10 11 12 13 14 17 19 
285
1 2 3 4 5 6 7 8 9 10 11 12 13 14 15 16 
378
1 2 3 4 5 6 7 8 9 10 11 12 13 18 19 
308
1 2 3 4 5 6 7 8 9 10 12 15 
126
1 3 4 5 6 7 8 
261
1 2 3 4 5 6 7 8 9 11 12 13 
269
1 2 3 4 5 6 8 9 11 12 13 14 15 
140
1 3 4 5 7 8 9 
156
1 2 3 5 6 7 9 
194
1 2 3 4 5 6 7 8 9 10 11 12 13 
58
1 3 4 
245
1 2 3 4 5 6 7 8 9 10 11 12 13 
344
1 2 3 4 5 6 7 8 9 10 11 12 13 14 15 16 17 18 19 20 
302
1 2 3 4 5 6 7 8 9 10 11 12 13 14 15 17 18 
348
1 2 3 4 5 6 7 8 9 10 11 12 16 19 
89
2 3 5 6 
161
1 2 3 4 5 6 8 
309
1 2 3 4 5 6 7 8 9 10 11 12 13 14 15 16 
18
2 
210
1 2 3 4 5 6 7 8 9 11 12 
103
1 2 3 4 5 
163
1 2 3 4 7 10 
348
1 2 3 4 5 6 7 8 9 10 11 12 13 14 15 16 
161
2 3 4 5 6 7 
141
1 2 3 4 5 6 7 8 9 10 
149
1 2 3 4 6 9 
226
1 2 3 4 5 6 7 8 9 10 11 12 13 14 15 
37
1 2 
225
1 2 3 4 5 6 7 10 13 15 
122
3 4 5 6 8 
53
1 3 
66
1 2 
392
1 2 4 5 6 7 8 9 10 11 12 13 14 15 16 17 18 19 
292
1 2 3 4 5 6 7 8 9 10 12 13 
175
1 2 3 4 7 9 10 
270
1 2 3 4 5 6 7 9 10 12 13 14 
276
1 2 3 4 5 6 8 10 11 13 14 15 
88
1 2 3 4 5 6 
31
1 
151
1 2 3 4 5 8 9 10 
117
1 2 3 4 5 6 
107
1 2 3 4 5 6 7 
35
1 2 3 
236
1 2 3 4 5 6 7 8 9 10 11 12 
39
1 2 
223
1 2 3 4 5 6 7 8 9 10 11 
156
1 2 3 4 5 6 7 8 9 
117
1 2 3 5 
241
1 2 3 4 5 6 7 8 9 10 11 12 13 
411
1 2 3 4 6 7 8 9 11 12 13 14 15 16 17 18 19 
69
3 4 
36
3 
387
1 2 3 4 5 6 7 8 9 10 11 12 13 14 15 16 17 18 19 20 
324
1 2 3 4 5 6 7 8 9 10 11 12 13 14 15 16 17 18 
205
1 2 3 4 5 6 7 8 9 10 11 12 13 
94
1 2 5 6 
41
1 2 3 
276
1 2 3 4 5 6 7 8 9 10 12 13 15 16 17 
275
1 2 3 4 5 6 7 8 9 10 12 13 14 16 
128
1 2 3 4 5 6 7 8 
297
1 2 3 4 5 6 7 8 9 10 11 16 
223
1 2 3 4 5 6 7 8 9 10 11 12 13 14 
284
1 2 3 4 5 7 9 11 13 14 15 
229
1 2 3 4 5 6 7 9 12 13 15 
349
1 2 3 4 5 6 7 8 9 10 11 12 13 14 15 16 17 18 19 
242
1 2 3 4 5 6 7 8 9 10 12 
57
2 3 
45
1 2 3 4 5 
294
1 2 3 4 5 6 7 8 9 10 11 12 13 14 15 16 
272
1 2 3 4 5 6 7 8 9 10 12 14 15 16 
203
1 2 3 4 5 6 7 8 9 10 11 12 13 
41
1 2 
140
1 2 4 6 7 
59
1 2 4 
138
2 3 4 5 6 7 
141
1 2 3 4 5 7 8 9 
170
2 3 5 6 7 
146
1 2 4 5 6 7 8 9 
175
1 2 3 4 5 6 7 8 9 10 
432
1 2 3 4 5 6 7 8 9 10 11 12 13 14 15 16 17 18 19 
15
2 
330
1 2 3 4 5 6 7 8 9 10 11 14 15 18 19 
299
1 2 3 4 5 6 7 8 9 11 12 13 14 15 16 
90
1 3 4 5 
218
1 2 3 4 5 6 7 9 
67
2 3 4 
85
1 2 3 4 5 6 
251
1 2 3 4 5 6 7 8 9 10 11 12 13 14 
265
1 2 3 4 5 6 8 9 10 11 12 
197
1 2 3 4 6 7 8 9 10 11 
313
1 2 3 4 5 6 7 8 9 10 11 12 13 14 15 16 
363
1 2 3 4 5 6 7 8 9 10 11 12 13 15 17 18 
123
2 3 4 5 6 
262
1 2 3 4 5 7 9 11 12 13 
5
1 3 
160
1 2 3 4 5 6 7 8 9 
408
1 2 3 4 5 6 7 8 9 10 11 12 13 14 15 16 17 18 19 20 
321
1 3 4 5 6 7 8 9 12 13 14 15 
350
1 2 3 4 5 6 7 8 9 10 11 12 13 14 15 16 17 18 
286
1 2 3 4 5 7 8 9 10 11 12 13 14 15 16 
227
1 2 3 4 5 6 7 8 9 10 11 12 13 14 
65
1 2 3 4 
161
1 2 3 5 6 9 10 
167
1 2 4 5 6 7 9 10 11 
361
1 2 3 4 5 6 7 8 9 10 11 12 13 14 16 17 18 19 
36
1 2 3 
153
1 2 3 4 5 6 
309
1 2 3 4 5 6 7 8 9 10 11 12 13 14 16 18 19 
250
1 2 3 4 5 6 7 8 9 10 11 
94
1 2 4 5 
330
1 2 3 4 5 6 7 8 9 10 11 12 13 14 15 16 17 
133
1 2 4 5 6 7 
337
1 2 3 4 5 6 7 8 9 10 11 12 16 17 18 
107
1 2 3 4 5 6 
289
1 2 3 4 5 6 7 8 9 10 11 12 13 14 15 
75
2 3 4 
58
2 3 
170
1 2 3 4 5 6 7 8 9 10 
0
1 2 3 
45
1 2 
288
1 2 3 4 5 6 7 8 9 10 11 12 13 14 15 16 
129
1 2 3 4 5 6 7 8 
132
1 2 3 4 6 
255
1 2 3 4 5 6 7 8 12 13 15 
142
1 2 4 6 7 
253
1 2 3 4 5 6 7 8 9 10 11 15 
113
2 3 4 5 6 7 
147
1 2 3 4 5 6 7 8 9 10 
255
1 2 3 4 5 6 7 8 9 10 11 12 13 14 
167
1 2 3 4 5 9 10 
378
1 2 3 4 5 6 7 8 9 10 11 12 13 14 15 16 
42
1 3 
24
1 2 3 
175
1 2 3 5 6 7 8 
13
2 
357
1 2 3 4 5 6 7 8 9 10 11 12 13 14 15 16 17 18 19 
16
1 
201
1 2 3 4 5 6 7 13 
148
1 2 3 4 5 6 7 8 9 
84
1 2 4 5 
46
1 2 3 
272
1 2 3 4 5 6 7 8 9 10 11 12 13 16 17 18 
0
1 2 3 
189
1 2 3 4 5 6 7 8 9 
216
1 2 3 4 5 6 7 8 9 10 11 
209
1 2 3 4 5 6 8 10 
375
1 2 3 4 5 6 7 8 9 10 11 12 15 16 17 18 
71
2 4 
13
1 
69
1 2 3 
153
1 2 3 4 5 6 7 8 
350
1 2 3 4 5 6 7 8 9 10 11 12 17 18 
113
2 3 4 5 6 
140
1 2 3 4 5 6 7 8 
286
1 2 3 4 5 6 7 8 9 10 17 
195
1 2 3 4 5 7 9 12 
272
1 2 3 4 5 6 7 8 9 10 11 12 13 14 
14
1 3 
304
1 2 3 4 5 6 7 8 9 10 11 12 14 15 18 
273
1 2 3 4 5 6 7 8 9 10 11 12 13 14 15 16 17 
54
1 2 3 4 
230
1 2 3 4 5 6 7 8 9 10 11 
337
1 2 3 4 5 6 7 8 9 10 11 12 13 14 15 16 17 18 
467
1 2 3 4 5 6 7 8 9 11 12 13 14 15 16 17 18 19 
187
1 2 4 5 6 7 8 9 10 
151
1 2 3 4 5 6 7 8 
98
1 2 4 5 
405
1 2 3 4 5 6 7 8 9 10 11 14 15 16 17 18 
347
1 2 3 4 5 6 7 8 9 10 11 12 13 14 15 
129
1 2 4 5 6 8 
214
1 2 3 4 5 6 8 10 11 
192
1 2 3 4 5 6 7 8 
292
1 2 3 4 5 6 7 8 9 11 12 14 15 16 
285
1 2 3 4 5 6 7 8 9 10 11 12 13 14 
362
1 2 3 4 5 6 7 8 9 10 11 12 13 14 15 16 17 
216
1 2 3 4 5 6 7 9 10 11 
291
1 2 3 4 5 6 7 8 9 10 11 12 13 14 15 
211
1 2 3 4 5 6 7 8 9 10 11 12 
198
1 2 3 4 5 6 7 11 
314
1 2 3 4 5 6 7 8 9 10 12 14 17 
232
1 2 3 4 5 6 7 8 9 12 13 14 
229
1 2 3 4 5 6 7 8 9 11 12 
65
1 2 3 4 
315
2 4 5 6 7 8 9 10 11 13 15 
191
1 2 3 5 6 7 8 9 
327
1 2 3 4 5 6 7 8 9 10 11 12 15 16 17 
162
1 2 3 6 7 8 10 
78
3 4 5 
280
1 2 3 4 5 6 7 8 9 10 11 12 13 
210
1 2 3 4 5 6 7 12 
149
1 2 3 4 5 6 7 8 9 10 11 12 
22
1 3 
107
1 2 3 4 5 6 
332
1 2 3 4 5 6 7 8 9 10 11 12 13 15 16 17 19 
396
1 2 3 4 5 6 7 8 9 10 11 12 13 14 16 20 
202
1 2 3 4 7 9 10 11 
255
1 2 3 4 5 6 7 8 9 12 13 15 16 
7
2 
356
2 3 4 5 6 7 8 9 10 11 12 13 14 15 16 17 
280
1 2 3 4 5 6 7 8 9 10 11 12 14 15 16 18 
303
1 2 3 4 5 6 7 8 11 12 13 14 15 
164
1 2 3 4 5 7 9 10 
293
1 2 3 4 5 6 7 8 9 10 11 12 13 14 
393
1 2 3 4 5 6 7 8 9 10 11 12 13 14 15 16 17 18 19 20 
46
1 2 3 
212
1 2 3 4 5 6 7 8 9 10 11 
325
1 2 3 4 5 6 7 8 9 10 11 12 13 16 18 
28
1 2 3 4 
246
1 2 4 5 7 8 9 10 11 12 13 
293
1 2 3 4 5 6 7 8 9 10 11 12 13 14 15 16 17 
188
1 2 3 5 7 8 10 
385
1 2 3 4 5 6 7 8 9 10 11 12 13 14 15 16 17 18 
442
1 2 3 4 5 6 7 8 9 10 11 12 13 15 16 17 18 
154
1 2 3 4 5 6 7 8 9 10 11 
313
1 2 3 4 5 6 7 8 9 10 11 12 13 14 15 16 
103
1 2 3 4 6 
232
1 2 3 4 5 6 7 8 9 10 11 
184
1 2 3 4 5 6 7 8 9 
92
1 3 4 
295
1 2 3 4 5 6 7 8 9 10 11 12 13 14 15 
126
1 2 3 4 5 
102
1 2 3 4 6 
309
1 2 3 4 5 6 8 9 10 11 12 13 14 16 17 19 
