2 2 6 
6 4 
11 4 18 10 10 
11 4 18 15 5 
11 4 10 15 8 5 
11 4 10 15 3 10 
11 4 10 15 8 5 
11 4 15 8 5 10 
11 4 15 8 5 10 
11 4 8 3 8 14 5 
11 18 10 14 
11 18 8 3 8 5 
11 18 14 10 
11 10 15 3 14 
11 10 8 14 10 
11 10 3 14 5 10 
11 10 8 14 10 
11 15 8 14 5 
11 15 3 14 10 
11 15 8 14 5 
4 18 10 8 3 10 
4 18 10 8 8 5 
4 18 10 3 8 10 
4 18 15 8 3 5 
4 18 15 8 8 
4 18 15 3 8 5 
4 18 8 8 5 10 
4 10 15 8 3 8 5 
4 10 15 14 10 
4 15 8 3 8 5 10 
18 10 15 10 
18 10 8 3 14 
18 10 3 8 14 
18 8 3 14 10 
18 8 8 14 5 
18 3 8 14 10 
10 8 3 8 14 10 
15 8 3 8 14 5 
15 7 16 5 1 2 2 20 16 18 20 
15 7 16 5 1 2 2 20 17 19 18 
15 7 16 5 1 2 2 20 16 18 20 
15 7 16 5 1 2 2 17 19 18 20 
15 7 16 5 1 2 20 17 19 20 
15 7 16 5 1 2 20 17 19 20 
15 7 16 5 2 2 20 16 19 20 
15 7 16 5 2 2 20 17 18 20 
15 7 16 5 2 2 20 16 19 20 
15 7 16 5 2 20 19 18 20 
15 7 16 5 2 20 19 18 20 
15 7 5 1 2 2 20 16 17 19 18 
15 7 5 1 2 2 20 16 16 18 20 
15 7 5 1 2 2 20 17 16 19 18 
15 7 5 1 2 2 16 17 19 18 20 
15 7 5 1 2 2 17 16 19 18 20 
15 7 5 1 2 20 16 17 19 20 
15 7 5 1 2 20 17 16 19 20 
15 7 5 1 2 20 16 17 19 20 
15 7 5 1 2 20 17 16 19 20 
15 7 5 1 20 17 19 18 20 
15 7 5 2 2 20 16 17 18 20 
15 7 5 2 2 20 16 16 19 20 
15 7 5 2 2 20 17 16 18 20 
15 7 5 2 20 16 19 18 20 
15 7 5 2 20 16 19 18 20 
15 7 5 2 20 16 19 18 20 
15 7 5 2 20 16 19 18 20 
15 16 5 16 17 16 19 18 
15 16 1 2 2 16 17 16 19 18 
15 16 1 2 20 16 17 16 19 
15 16 1 2 16 17 16 19 20 
15 16 1 2 20 16 17 16 19 
15 16 1 2 16 17 16 19 20 
15 16 1 20 16 17 19 18 
15 16 1 20 16 16 18 20 
15 16 1 20 17 16 19 18 
15 16 1 16 17 19 18 20 
15 16 1 17 16 19 18 20 
15 16 2 2 20 16 17 16 18 
15 16 2 2 16 17 16 18 20 
15 16 2 20 16 17 16 20 
15 16 2 20 16 16 19 18 
15 16 2 16 16 19 18 20 
15 16 2 20 16 17 16 20 
15 16 2 20 16 16 19 18 
15 16 2 16 16 19 18 20 
15 16 20 16 17 18 20 
15 16 20 16 16 19 20 
15 16 20 17 16 18 20 
15 1 20 16 17 16 19 18 
15 1 16 17 16 19 18 20 
15 20 16 17 16 18 20 
7 16 5 1 2 2 20 16 17 16 20 
7 16 5 1 2 2 20 16 16 19 18 
7 16 5 1 2 2 16 16 19 18 20 
7 16 5 1 2 20 16 17 18 20 
7 16 5 1 2 20 16 16 19 20 
7 16 5 1 2 20 17 16 18 20 
7 16 5 1 2 20 16 17 18 20 
7 16 5 1 2 20 16 16 19 20 
7 16 5 1 2 20 17 16 18 20 
7 16 5 1 20 16 19 18 20 
7 16 5 1 20 16 19 18 20 
7 16 5 2 2 20 16 17 19 18 
7 16 5 2 2 20 16 16 18 20 
7 16 5 2 2 20 17 16 19 18 
7 16 5 2 2 16 17 19 18 20 
7 16 5 2 2 17 16 19 18 20 
7 16 5 2 20 16 17 19 20 
7 16 5 2 20 17 16 19 20 
7 16 5 2 20 16 17 19 20 
7 16 5 2 20 17 16 19 20 
7 16 5 20 17 19 18 20 
7 16 1 2 2 20 17 19 18 20 
7 5 1 2 20 16 17 16 18 20 
7 5 1 2 20 16 17 16 18 20 
7 5 1 20 16 16 19 18 20 
7 5 2 2 20 16 17 16 19 18 
7 5 2 2 16 17 16 19 18 20 
7 5 2 20 16 17 16 19 20 
7 5 2 20 16 17 16 19 20 
7 5 20 16 17 19 18 20 
7 5 20 17 16 19 18 20 
7 1 2 2 20 16 17 19 18 20 
7 1 2 2 20 17 16 19 18 20 
16 20 16 17 16 19 18 
16 16 17 16 19 18 20 
6 10 9 18 
6 10 7 14 6 
6 9 7 1 14 6 
10 9 18 6 
10 18 1 14 
No Solution!
