1 3 
220
2 3 
220
1 2 
220
2 3 
220
1 2 3 4 6 7 8 9 10 11 12 14 15 16 17 18 19 21 22 23 24 25 26 27 28 29 31 32 33 34 35 36 37 39 40 41 42 
2173
1 3 4 5 6 7 8 9 10 12 13 14 15 16 18 19 20 21 22 23 24 25 26 27 28 29 31 32 33 34 35 36 37 38 39 40 
2079
1 3 
189
1 2 3 4 5 6 7 8 9 10 11 12 13 14 15 16 18 19 21 22 
1074
2 3 4 5 6 8 9 10 11 12 14 15 16 17 18 19 20 21 22 23 24 
1222
1 2 4 5 6 7 8 9 10 12 13 14 15 16 17 18 19 20 21 22 23 24 26 27 28 31 32 33 34 35 36 37 38 39 40 41 42 43 45 46 47 48 49 50 
2491
1 3 4 5 
278
1 2 4 5 6 
278
1 3 4 5 9 10 11 12 14 15 16 17 18 19 21 22 23 24 25 26 27 28 29 30 31 32 33 34 
1595
1 2 3 4 6 7 9 10 11 12 13 14 15 
704
1 2 3 5 6 7 8 9 10 11 12 14 15 16 17 19 20 21 23 24 
1159
1 2 3 4 5 7 8 9 10 13 14 15 16 17 18 19 21 22 23 24 25 26 27 28 30 31 32 33 34 35 
1726
1 2 3 4 5 6 7 8 9 12 13 14 15 17 19 20 21 22 23 24 25 26 27 28 29 
1540
2 3 5 6 7 8 9 10 12 13 14 15 16 17 18 19 20 21 22 23 24 26 28 29 30 
1394
1 3 4 5 7 8 9 10 12 13 14 16 19 20 21 22 23 24 26 27 28 29 30 31 32 33 34 35 
1374
1 2 3 4 5 6 8 10 12 13 15 18 19 20 21 22 23 24 25 26 27 28 29 30 
1300
1 2 3 6 7 8 10 11 12 14 15 16 17 18 20 21 23 24 26 27 28 29 30 31 32 34 35 36 37 38 39 40 41 42 43 44 
1792
1 2 3 4 6 7 8 9 10 12 13 14 15 16 
997
1 3 5 6 7 8 9 10 11 12 13 14 17 18 19 20 21 22 23 24 25 26 27 
1025
1 2 3 6 8 9 10 11 12 13 14 16 17 18 19 22 23 24 25 26 27 28 29 30 31 32 33 34 35 36 37 38 39 40 41 43 44 
2142
2 3 4 5 6 7 8 9 10 11 12 13 14 15 16 18 19 20 21 22 23 24 25 26 27 30 31 32 34 35 
1686
1 2 4 5 6 7 8 9 10 11 
610
1 3 4 5 6 7 8 10 11 12 14 15 16 17 18 19 20 21 22 23 
1136
1 2 3 5 6 7 8 9 10 11 12 14 15 16 17 18 19 20 21 22 23 24 25 26 27 28 29 31 33 
1638
1 2 3 4 5 6 8 9 10 11 12 13 14 15 17 18 20 21 22 23 24 25 27 28 30 
1386
1 2 3 4 5 6 7 8 10 11 12 14 16 17 18 19 20 21 23 24 25 26 27 28 29 
1439
1 3 4 5 6 7 8 9 10 11 12 13 15 16 17 19 20 21 22 
1143
1 2 3 4 6 7 8 10 12 13 14 15 16 
888
1 2 3 4 5 6 7 9 11 12 13 14 15 16 17 19 20 21 22 23 24 26 27 29 
1614
1 2 3 4 5 6 7 8 9 10 11 12 13 14 16 18 19 21 
1135
1 2 3 5 6 7 8 9 11 12 13 15 16 17 19 20 21 22 23 24 25 26 27 29 30 31 32 33 
1847
1 2 3 4 5 6 7 8 9 10 12 13 14 15 16 18 19 20 21 23 24 25 26 27 28 30 32 33 34 35 36 37 39 40 42 43 44 
2453
1 2 3 5 6 7 8 9 10 11 12 14 15 16 17 20 21 22 23 
1272
1 3 
175
1 2 3 5 6 7 9 10 11 12 13 14 15 17 18 19 21 23 24 25 26 27 28 29 30 31 32 34 35 36 37 38 39 40 41 
1830
1 3 4 5 6 7 8 10 11 12 13 15 16 17 18 20 21 22 23 24 25 26 27 28 29 31 32 33 34 35 36 37 38 39 40 
2081
2 3 4 5 6 8 9 11 12 13 14 15 16 17 18 19 20 21 22 23 24 
1091
3 5 6 7 8 9 10 11 12 13 14 15 16 17 18 19 20 22 23 24 26 27 28 29 30 31 32 33 34 35 36 37 38 40 41 43 44 45 46 
2177
1 3 
149
2 
68
1 3 4 5 6 7 
417
1 2 3 5 6 7 9 10 11 12 13 14 16 17 18 19 20 
1054
1 2 3 4 5 6 7 8 9 10 11 12 13 14 15 16 17 18 19 20 21 22 23 25 26 27 28 29 31 32 33 35 40 41 42 43 44 45 
2333
1 2 3 4 7 8 9 10 11 12 13 14 15 16 17 18 21 22 23 24 25 26 27 29 30 31 32 
1793
1 3 4 5 6 7 8 9 10 11 12 14 15 16 17 18 19 20 21 22 23 24 25 26 27 28 29 30 31 33 34 35 38 39 
2208
1 2 3 4 5 6 7 8 9 10 11 12 13 16 17 18 20 21 22 23 25 26 27 28 29 30 31 32 35 
1971
1 2 3 4 5 6 7 8 9 10 13 14 15 16 17 18 19 20 21 22 23 25 26 27 28 29 30 31 32 35 
1752
1 2 
113
1 2 3 4 5 6 7 8 9 10 11 13 14 15 16 17 18 19 20 22 24 25 26 27 29 31 32 33 34 35 36 38 39 40 41 42 43 44 
2003
2 3 4 5 6 7 8 10 11 13 14 15 16 18 19 20 21 22 23 24 25 27 28 29 30 31 32 33 
1363
1 2 3 4 5 6 7 8 9 10 12 13 14 16 17 
891
1 2 3 4 5 6 7 9 10 12 13 14 15 16 17 
935
1 2 4 
154
1 2 4 5 6 7 8 9 10 11 12 13 14 15 16 17 18 20 21 22 23 24 25 26 27 28 29 32 33 34 35 36 39 41 42 43 44 45 46 47 48 
2304
2 3 4 5 6 8 9 10 11 12 
589
2 3 4 5 6 7 8 9 11 12 13 14 15 17 18 19 20 
1109
1 2 5 6 7 8 9 10 12 14 15 16 17 18 19 20 
912
1 2 3 4 5 6 7 8 9 11 14 15 16 17 19 20 
950
1 2 3 4 5 6 7 8 9 10 11 12 13 14 15 16 17 18 19 20 21 22 23 24 26 29 30 31 32 33 35 
1736
1 2 4 5 7 8 9 10 11 12 13 14 15 16 17 18 19 21 22 23 24 25 27 28 29 30 
1674
1 2 3 4 5 6 7 8 9 10 12 13 14 16 17 18 19 20 21 22 23 26 27 29 30 31 32 33 34 
1538
1 2 3 5 6 7 8 9 10 12 
550
1 2 3 5 6 8 10 11 12 13 14 15 16 17 18 
688
2 3 4 5 6 7 8 9 10 11 13 14 15 16 17 18 19 22 
1000
1 2 5 6 7 9 10 11 12 14 15 16 17 18 19 20 21 22 23 24 25 27 28 30 31 32 33 34 35 36 37 38 
1889
1 2 4 5 7 8 9 10 12 13 14 15 17 18 19 20 21 22 23 24 25 26 27 28 29 30 32 34 35 36 37 38 39 40 41 42 
2131
1 2 3 4 5 6 7 8 9 10 11 12 13 14 16 18 19 22 23 24 25 26 27 28 29 32 33 35 36 37 38 39 40 41 42 43 44 45 46 47 48 
2565
1 2 3 5 
302
1 3 4 5 6 8 9 11 12 13 14 15 16 17 18 20 21 22 23 
1289
1 3 4 5 6 7 8 9 10 11 12 14 
628
3 4 5 6 7 
238
2 3 5 6 8 9 10 11 12 14 15 16 17 18 19 20 21 22 23 24 
1273
2 3 4 5 6 7 8 
443
2 3 4 5 6 8 9 10 11 12 13 15 16 18 19 
755
2 3 4 5 7 8 9 10 11 12 13 14 15 16 17 19 20 
993
1 2 3 4 5 6 7 8 9 10 12 13 14 16 17 
779
1 2 3 4 5 6 7 8 9 10 12 14 15 16 17 
923
1 2 3 5 7 8 10 11 12 13 14 15 16 17 18 19 20 22 24 25 26 28 29 30 31 32 33 34 35 36 37 
1638
1 2 3 4 5 7 8 9 11 12 13 14 15 
757
2 3 
160
1 2 3 4 5 7 8 9 11 12 13 14 15 17 20 21 22 23 24 25 26 28 29 30 31 32 33 34 35 36 37 38 39 41 42 44 45 46 47 48 49 50 
2289
1 2 3 4 5 6 8 9 10 12 13 14 16 17 18 19 20 21 22 23 24 25 26 27 28 29 32 33 34 35 36 38 40 41 
2261
1 3 4 5 6 7 8 9 11 12 13 14 15 16 17 19 20 21 22 23 25 26 27 28 29 30 31 32 36 37 38 39 40 41 43 44 45 46 47 
2618
1 2 3 6 7 8 9 10 11 12 14 15 16 
748
1 2 4 6 7 9 10 11 12 13 14 15 16 17 18 
1038
1 2 4 5 6 7 8 9 10 11 12 13 14 15 17 18 19 21 22 23 24 26 27 28 29 30 31 32 33 34 35 36 
1844
2 3 4 5 6 8 9 10 11 12 13 14 15 17 18 19 20 21 24 25 26 27 28 29 
1433
1 3 4 5 6 7 8 9 10 11 12 13 14 15 17 
858
1 2 3 5 6 7 8 9 11 12 13 14 
544
1 3 4 5 6 7 8 9 10 11 12 13 14 16 17 18 20 21 22 23 24 25 27 28 29 31 33 34 35 36 37 38 39 40 
1756
1 3 4 5 6 7 8 9 10 11 12 13 14 15 16 17 19 20 21 22 23 24 26 27 28 29 30 
1691
1 3 4 5 7 8 9 10 11 12 13 14 15 17 18 
748
1 3 4 5 7 8 9 10 11 13 14 15 16 17 18 19 20 21 
1080
1 2 3 4 5 7 8 9 10 11 12 13 14 15 16 17 18 19 21 23 24 25 26 27 28 29 30 32 33 34 
1773
1 2 3 4 6 8 9 10 11 12 14 15 16 17 18 19 20 21 23 24 25 26 27 28 30 31 32 33 34 35 36 37 38 39 40 42 43 44 45 46 47 48 49 
2874
1 3 4 5 7 8 9 10 11 12 13 14 15 16 17 18 19 20 21 22 24 28 29 30 32 
1437
2 3 4 5 6 7 8 9 11 12 13 14 15 16 18 19 20 21 22 24 26 27 28 29 30 31 32 33 34 
1743
1 2 3 4 5 6 7 8 9 10 12 13 14 15 17 18 19 20 21 24 25 26 28 29 30 31 32 33 34 35 36 37 38 39 40 42 44 45 46 
2180
2 3 5 6 7 8 9 11 12 14 15 16 17 18 19 20 21 22 23 24 25 26 
1274
1 2 3 4 5 7 8 9 11 
501
1 3 4 
203
2 4 5 6 7 8 9 10 11 12 13 14 15 16 17 18 21 22 23 24 25 26 27 
1380
1 2 3 4 5 6 7 8 9 10 12 13 14 16 17 18 19 20 22 23 25 26 27 28 29 30 31 32 33 34 
1690
2 3 4 5 6 8 9 10 11 13 14 15 
679
1 2 3 4 5 6 8 9 10 12 13 14 15 
765
1 2 3 6 7 8 9 
394
1 2 3 4 6 8 9 10 11 12 13 15 16 
799
1 2 3 4 5 6 8 9 11 12 13 14 16 17 19 20 21 22 23 24 25 27 28 29 30 31 32 33 34 35 36 37 38 
1949
2 
54
1 2 3 5 6 7 8 9 10 11 12 14 15 16 17 19 21 22 23 24 25 27 28 29 31 32 34 35 36 37 38 40 41 42 43 44 45 46 
2271
1 3 4 5 6 7 8 9 10 11 12 13 14 15 16 17 18 19 21 22 23 27 
1425
1 2 3 4 5 6 8 9 11 12 13 14 
629
1 2 3 4 6 7 8 10 11 12 13 14 15 16 
887
1 3 4 5 6 7 8 10 11 12 13 14 15 16 17 18 19 21 
1208
1 2 3 4 5 6 7 8 9 11 12 13 14 16 18 19 20 21 
962
1 4 6 7 8 9 10 11 13 15 17 18 19 20 21 22 23 24 25 26 27 28 31 32 
1472
1 2 3 4 5 6 7 8 9 10 11 13 14 15 16 18 19 20 21 22 23 24 26 27 28 29 30 31 34 35 36 37 38 40 41 42 43 44 46 47 48 
2523
1 3 4 5 6 7 10 11 12 13 15 16 17 18 19 20 21 22 23 24 25 26 28 31 32 34 35 36 37 38 39 40 42 43 44 45 46 47 
2325
1 2 3 4 5 6 7 8 10 11 12 14 15 16 17 18 20 21 22 23 
1229
1 3 4 5 6 7 8 9 10 12 13 14 15 16 19 21 23 24 25 26 27 28 29 30 31 32 33 34 36 37 38 39 40 41 42 43 44 
2022
1 2 3 5 6 7 8 9 10 12 13 14 15 17 18 19 20 21 22 23 25 26 
1237
2 3 4 5 6 8 9 10 11 12 13 14 15 16 17 19 20 21 22 23 25 26 27 28 29 31 32 33 34 35 36 37 38 39 
1860
1 2 3 4 5 6 7 8 10 11 12 13 14 15 16 17 18 19 21 22 23 24 25 27 29 
1584
1 2 5 6 8 9 10 11 13 14 15 16 17 19 20 21 22 23 24 25 26 27 28 29 30 31 33 35 36 37 38 39 40 
1784
2 4 6 7 9 10 11 12 13 14 16 17 18 19 20 21 22 23 24 25 26 27 28 29 30 31 32 33 34 35 37 38 39 41 
1489
1 2 3 4 5 6 7 8 9 10 11 12 13 14 15 16 17 18 20 21 22 23 24 26 27 28 30 32 33 34 35 36 37 38 40 41 43 44 45 
2218
1 2 3 5 6 7 8 9 10 11 12 14 15 16 17 18 19 20 22 24 26 27 28 29 30 31 32 33 34 35 37 39 40 41 42 43 44 45 
1903
1 3 4 6 7 9 10 11 12 13 14 16 17 18 19 20 21 22 24 25 26 27 28 
1360
2 3 4 5 6 7 9 10 11 12 13 14 15 16 18 19 20 21 
987
1 2 3 4 5 7 8 9 10 11 12 13 15 
612
1 2 3 5 6 7 8 9 10 11 12 13 14 15 16 19 20 21 23 24 25 26 27 28 29 
1313
2 3 4 5 6 7 8 9 10 11 12 13 14 15 17 18 19 21 22 23 24 
1219
1 3 4 5 6 7 8 9 10 11 12 13 14 15 17 19 20 21 22 23 24 26 27 28 29 30 31 33 34 35 36 37 38 39 
1746
1 2 4 5 7 8 9 11 12 13 14 15 16 17 18 19 20 21 22 23 24 25 26 27 28 29 30 31 32 34 35 36 38 39 41 42 43 44 45 
1979
3 4 5 6 7 11 12 13 14 15 16 17 19 
953
1 2 3 4 5 6 7 8 9 10 11 13 14 15 17 18 19 20 21 22 23 24 25 26 27 29 30 31 32 33 34 35 36 38 40 41 43 44 45 47 48 
2274
1 2 3 4 5 6 7 8 10 11 12 13 15 17 18 19 20 21 23 24 25 26 27 28 30 32 33 34 35 36 37 38 40 41 42 43 44 46 
2176
1 3 5 6 7 8 9 10 11 12 13 16 17 18 19 20 21 22 23 24 25 26 27 28 30 31 32 33 34 35 
1549
1 2 3 4 5 7 9 10 11 12 13 14 15 16 17 18 19 20 21 22 23 25 26 27 28 29 30 
1624
1 2 3 4 5 6 8 9 10 11 12 13 14 16 
819
2 4 5 6 7 9 10 11 12 13 14 15 17 18 19 20 21 22 23 24 25 26 28 29 30 31 32 33 34 36 37 38 39 
1979
2 3 4 5 6 7 8 9 
340
1 2 4 5 6 7 8 9 10 11 12 14 
644
2 4 6 7 9 10 11 12 14 15 16 17 18 19 20 21 22 23 24 25 26 27 28 29 30 31 32 33 34 
1453
2 3 5 6 7 8 9 11 12 13 14 16 17 18 19 20 21 22 23 25 27 28 29 30 31 32 33 34 35 36 37 38 39 40 
1850
1 3 4 5 7 
287
1 2 3 4 5 6 7 9 10 11 12 13 14 15 16 17 18 19 21 22 23 24 26 27 28 29 30 31 32 33 36 37 38 
1629
1 2 3 4 5 6 7 8 9 10 15 16 17 18 19 20 21 22 23 25 26 27 28 29 30 31 32 34 35 36 37 38 39 
1633
2 3 4 5 6 7 8 9 10 12 13 14 15 16 17 18 19 20 21 22 24 25 27 28 29 30 31 32 33 35 36 37 38 39 42 43 44 47 48 49 
2417
1 2 3 4 5 6 7 8 9 10 12 13 14 15 17 18 19 20 22 23 25 26 27 28 29 30 31 32 33 36 37 38 39 
1811
1 2 3 4 5 6 7 8 9 10 11 12 14 15 16 18 19 20 21 22 23 24 25 26 28 29 30 31 32 33 34 35 36 37 40 41 43 45 46 
2301
1 2 3 5 6 
289
1 2 3 4 5 6 8 9 10 11 12 13 14 15 16 18 19 20 21 22 24 
1439
1 3 4 5 6 7 8 9 10 12 13 16 17 18 19 20 21 22 23 25 26 27 28 
1407
1 2 3 4 5 6 9 10 11 12 13 14 15 16 17 
796
1 2 3 4 5 6 7 8 11 
515
1 2 3 4 5 6 7 8 9 10 11 12 14 15 16 17 18 19 20 21 23 24 25 26 27 28 29 32 36 37 38 39 41 42 43 44 45 46 47 48 
2520
1 2 3 4 6 7 
147
1 2 3 4 5 6 7 8 9 10 11 12 14 15 16 17 18 19 20 23 24 26 27 28 29 
1399
2 3 4 5 6 7 8 9 10 11 12 13 14 15 16 17 18 20 21 22 23 24 27 28 30 31 32 33 34 35 36 37 38 39 40 42 43 44 45 46 47 48 50 
2449
1 2 3 4 6 7 8 9 10 12 13 14 
632
1 2 4 5 6 7 8 10 11 12 13 14 15 16 17 18 19 20 21 22 23 24 26 27 28 30 31 32 34 35 36 37 
1759
1 2 3 5 6 7 8 10 11 12 13 15 16 18 19 20 21 22 23 24 25 26 27 28 29 31 32 33 35 36 37 38 39 40 
1924
1 2 3 4 5 6 7 8 9 11 12 13 14 15 16 17 18 19 20 21 23 25 26 27 29 30 31 32 33 35 36 37 38 39 41 42 43 44 
2675
2 3 4 5 6 7 8 10 11 12 14 15 
824
1 2 3 4 5 7 
293
1 3 
109
1 2 
141
1 2 3 4 5 6 7 8 9 10 12 
666
1 2 4 5 6 7 8 9 10 12 13 14 15 16 17 18 19 21 22 23 24 25 26 27 28 29 30 32 33 34 35 37 38 39 40 41 43 44 45 46 47 49 
2334
2 3 4 
127
1 3 4 5 6 7 8 9 10 11 12 13 15 17 18 19 20 
859
1 2 3 4 5 6 7 8 9 10 11 12 13 14 15 16 17 18 19 21 22 24 26 27 28 30 31 32 33 34 35 
1693
1 2 3 4 6 7 8 9 11 12 13 
692
1 2 3 4 5 6 7 8 9 10 11 12 13 15 17 18 19 
984
2 3 4 5 7 8 9 10 11 12 13 14 15 16 17 18 19 20 21 22 23 25 26 28 
1387
1 2 3 5 6 7 8 9 10 11 12 13 15 16 17 
753
1 2 3 5 
310
1 2 3 4 6 8 9 10 11 12 13 14 15 16 17 19 20 21 22 
977
2 3 4 5 6 7 
381
1 2 3 4 6 7 9 10 13 14 15 16 17 18 19 20 21 22 
1205
1 2 3 4 6 
240
1 3 4 5 6 7 10 12 14 15 16 17 18 19 20 21 22 23 24 25 26 27 28 29 30 32 33 34 35 36 
1603
1 2 4 5 6 7 8 9 10 11 12 14 16 17 18 20 21 22 23 24 25 26 29 30 31 32 34 35 36 37 38 39 40 41 42 43 45 
2088
1 2 3 4 5 6 7 9 11 12 13 14 15 16 17 18 19 20 21 22 23 24 25 26 28 29 31 32 33 34 36 37 38 39 40 41 42 43 44 45 46 
2581
1 2 3 4 5 6 7 8 9 10 11 12 13 15 16 17 18 19 23 24 25 26 27 28 29 30 31 32 33 
1278
1 2 4 5 6 7 
254
1 2 3 4 5 6 7 9 11 12 13 14 15 16 17 18 19 21 22 23 24 25 26 28 30 31 33 34 35 36 37 39 40 41 42 43 44 45 46 47 
2015
1 2 3 4 5 6 7 8 10 12 13 14 15 16 17 18 20 21 22 23 24 25 28 29 30 31 33 34 36 37 38 39 40 41 42 43 
1719
1 2 3 6 7 8 9 11 12 13 15 16 17 18 19 20 21 22 23 24 26 27 28 29 30 31 33 34 35 
1608
1 2 4 5 6 7 8 9 10 11 12 13 14 15 16 17 18 19 20 21 25 26 27 28 29 30 32 
1758
1 2 3 
185
1 2 3 4 5 6 7 9 10 12 13 14 15 
891
1 2 3 4 5 6 7 8 9 11 
482
1 2 3 4 5 6 7 8 9 10 11 12 13 14 16 17 20 21 22 23 24 25 27 28 
1490
2 3 4 5 6 7 8 9 10 11 12 13 14 15 16 17 18 20 21 22 23 25 26 28 
1225
1 2 3 4 5 6 7 8 9 10 11 12 13 14 15 16 17 18 19 20 21 22 23 24 28 29 30 31 32 33 35 36 37 38 39 40 41 42 43 44 45 47 48 49 
2680
2 3 
165
1 2 3 4 5 6 7 9 10 11 13 15 16 17 19 20 21 22 23 25 
1186
1 3 4 
230
2 3 4 6 7 8 9 10 11 12 13 14 16 
872
1 2 3 4 5 6 7 8 11 12 13 15 16 17 18 19 20 21 23 24 25 27 28 29 30 31 32 33 34 35 36 37 
1643
1 2 3 4 5 6 7 8 10 11 12 13 14 15 16 18 19 20 22 24 25 
984
1 2 3 4 6 8 9 10 11 12 13 14 15 16 17 18 20 21 22 23 24 25 26 27 29 30 31 32 33 34 35 36 37 
1811
1 2 3 4 5 6 7 8 9 10 11 12 13 14 15 16 17 18 20 22 23 24 25 26 27 28 30 32 33 34 37 38 39 
1889
1 2 3 4 
183
1 2 3 4 5 7 8 9 10 11 12 14 16 17 18 
691
2 3 4 5 6 7 8 9 11 12 14 15 16 17 18 19 21 
1148
1 3 4 5 6 7 8 9 11 12 13 15 16 17 18 19 21 22 23 
1062
1 3 4 5 8 9 10 11 12 13 14 15 16 17 18 
808
1 2 3 4 5 6 7 10 11 12 13 14 15 17 18 21 22 23 24 25 26 27 28 29 30 31 32 33 34 35 36 37 38 
1610
1 3 5 6 7 8 9 10 11 12 13 14 15 16 18 19 20 21 22 23 24 27 28 29 
1400
1 2 5 6 7 8 9 10 11 13 14 15 16 17 18 19 20 21 22 23 24 27 28 29 30 31 32 33 34 
1637
1 2 3 4 5 6 7 9 10 11 
512
1 4 6 7 8 9 10 11 12 13 14 15 16 17 18 19 21 22 23 24 25 26 27 29 30 31 32 35 36 37 38 39 40 41 42 43 45 46 47 
2061
1 2 3 5 
131
1 3 4 
45
3 4 5 6 7 9 10 11 13 14 16 17 18 21 22 23 24 25 26 27 28 29 30 31 32 33 34 35 36 37 38 39 40 41 42 43 44 
2101
1 3 5 6 7 8 9 10 12 13 14 15 16 17 18 19 20 22 23 25 26 27 28 29 30 31 32 
1635
1 3 5 6 7 9 10 11 12 
606
2 3 4 5 6 7 8 10 11 12 13 14 15 
853
1 
74
1 3 4 5 6 7 8 9 10 12 13 14 15 17 18 19 
881
1 2 3 4 5 7 
376
1 4 5 6 7 8 9 10 11 12 13 14 15 
591
1 2 3 4 6 7 8 9 10 11 12 13 14 16 17 18 20 21 
924
2 3 4 5 6 7 8 9 10 12 
746
1 2 3 4 5 7 8 10 
464
1 2 3 4 5 6 8 9 10 11 12 14 15 17 
804
1 2 3 5 6 7 8 9 10 11 12 13 14 15 17 18 19 20 21 22 23 24 26 
1344
1 2 3 4 6 7 8 9 10 11 13 14 15 17 18 19 20 22 24 25 26 27 28 29 30 32 33 34 35 36 
1973
1 2 4 
218
1 2 3 5 6 7 8 9 11 12 13 15 
632
1 2 3 4 5 7 8 9 10 11 13 14 15 16 17 19 20 21 22 23 25 
1182
1 2 3 4 5 6 8 9 10 12 13 14 
592
1 2 3 4 5 6 7 8 9 10 11 12 13 14 16 17 20 21 22 23 24 25 26 27 29 30 31 
1794
1 2 3 5 7 8 9 
457
1 2 3 4 5 6 10 12 13 14 15 16 17 19 21 22 23 24 25 26 27 28 29 30 31 32 33 34 35 36 37 38 39 40 41 42 43 44 
2319
1 2 3 5 6 7 8 9 10 11 12 13 14 15 16 17 19 20 22 24 26 27 28 29 31 32 33 34 35 36 38 39 40 41 42 43 45 46 47 48 
2112
1 2 3 5 
125
2 3 4 5 6 7 8 9 10 11 12 14 15 16 19 20 21 23 24 25 26 27 28 29 30 31 32 33 34 
1576
2 3 4 
127
2 3 4 5 6 7 8 9 10 11 12 13 14 16 17 18 19 20 21 23 24 26 27 28 29 30 32 33 34 36 37 
1842
1 2 3 4 5 6 7 9 10 11 12 14 15 16 18 19 20 21 22 23 24 25 26 27 28 29 31 32 33 34 36 37 38 40 41 42 43 44 45 46 
2426
1 4 5 6 7 8 9 10 11 14 15 16 17 18 19 20 21 23 24 26 27 29 30 31 32 33 34 35 36 37 38 39 40 
2021
1 2 3 4 5 6 8 10 11 12 14 16 17 18 19 20 21 22 23 24 25 26 27 28 
1371
1 4 5 6 7 8 9 10 11 12 13 14 15 16 17 19 20 21 22 23 
1116
1 2 3 4 5 7 8 9 10 11 12 13 14 15 16 17 18 19 20 21 22 23 24 25 26 28 30 31 32 33 35 36 37 38 39 40 42 43 45 47 
2523
3 4 5 6 7 8 9 10 11 12 13 14 17 18 19 20 21 22 23 24 25 26 28 29 30 31 32 33 34 35 36 37 40 42 43 44 45 46 47 48 49 50 
2547
3 4 5 6 8 9 10 11 12 13 14 15 16 17 18 19 20 21 22 24 25 26 27 28 29 30 31 32 33 34 36 37 38 
1888
1 3 4 5 6 7 8 9 11 12 13 14 15 16 19 20 21 22 23 24 25 26 27 28 29 
1653
1 3 4 5 6 7 8 10 11 12 13 14 15 16 17 18 
1031
1 2 3 4 5 9 11 12 13 14 15 16 17 18 19 20 21 22 23 
1225
1 2 3 5 6 
273
1 2 3 4 5 6 7 8 9 10 13 15 16 17 19 20 
971
1 2 3 4 5 6 7 8 9 10 11 13 15 16 17 18 19 21 22 24 25 26 27 28 29 30 32 33 34 36 37 38 39 40 41 42 43 44 45 46 47 49 
2675
1 3 4 5 6 7 8 9 10 11 12 13 14 15 16 17 18 19 20 22 23 24 25 26 28 29 30 31 33 34 35 
1929
1 2 3 5 
246
1 3 
90
1 2 3 5 6 7 8 9 10 11 12 13 14 15 16 17 18 19 20 21 22 24 25 26 27 28 30 31 32 34 
1805
1 2 3 4 7 9 10 
384
1 3 5 6 7 8 
349
2 3 4 5 6 8 
272
1 3 4 5 6 7 9 10 11 12 13 14 16 17 19 
693
1 2 3 4 5 6 7 8 9 10 11 12 13 14 15 16 17 18 19 20 22 23 24 25 26 27 29 30 31 33 34 36 39 40 41 
1867
2 3 4 5 6 7 8 9 10 11 
422
2 3 4 5 6 8 9 10 
436
2 3 4 5 6 
305
2 3 4 5 7 8 9 11 12 13 14 15 16 17 18 19 20 21 22 24 25 27 28 29 30 31 33 34 35 36 37 
1727
1 2 3 4 5 6 7 8 9 11 12 13 14 15 16 17 18 20 21 22 23 24 25 26 27 29 30 31 33 34 35 36 37 38 39 40 42 
1873
1 3 4 5 6 
334
1 2 3 4 6 7 8 9 10 11 12 13 14 15 17 18 19 20 21 22 23 27 28 29 30 31 32 33 34 36 38 39 40 41 42 43 
1897
1 3 4 5 6 7 
371
1 2 3 4 5 6 8 9 10 11 12 15 17 18 19 20 21 22 23 25 26 27 29 30 31 32 33 34 35 37 38 39 40 41 42 43 45 46 47 48 49 
2400
1 3 5 6 7 8 9 11 12 13 14 15 16 17 18 20 21 22 23 24 25 26 27 28 
1151
1 2 3 4 5 6 7 8 9 10 11 12 13 14 16 17 18 19 20 21 22 24 26 27 28 29 30 
1468
1 3 4 5 6 7 8 9 
417
1 2 3 4 6 7 8 9 10 11 12 13 14 17 18 19 20 21 22 23 24 25 26 28 30 31 32 34 35 36 
1861
1 2 4 5 6 
279
1 3 4 5 6 7 8 9 10 11 12 13 14 16 17 18 19 20 21 22 26 27 28 29 
1412
1 2 3 5 6 7 8 9 12 13 14 15 16 19 20 21 22 23 25 27 28 29 30 31 32 33 34 35 36 38 39 40 41 42 43 44 45 
2217
1 2 3 4 5 6 8 9 
515
1 2 4 5 6 7 8 9 10 11 13 14 15 18 19 20 22 23 24 25 26 27 28 29 30 31 33 
1575
1 2 4 5 6 7 8 9 10 11 12 13 14 16 17 18 20 22 23 24 25 27 28 29 30 31 32 33 34 35 36 38 39 40 41 43 
2166
1 2 4 5 6 7 
308
1 3 4 5 6 8 10 11 12 13 14 15 16 
711
1 2 3 4 5 6 7 9 10 11 12 13 14 15 18 19 20 21 
972
1 2 3 4 5 6 7 8 9 10 12 13 14 16 17 18 19 20 22 23 25 
1257
1 2 3 4 5 6 8 11 12 13 14 15 16 17 18 19 20 
1041
1 2 3 4 5 6 7 9 10 11 12 13 14 15 17 19 20 21 23 24 25 26 27 28 29 30 31 32 35 36 37 38 39 40 41 43 44 45 46 47 48 50 
2736
1 2 4 5 6 7 9 10 11 12 13 14 15 
878
2 3 
148
2 3 4 
159
2 3 4 5 
223
1 2 3 4 5 7 9 10 12 13 14 15 17 18 19 20 21 22 23 25 26 27 28 29 
1280
1 3 5 6 7 8 9 10 11 12 13 14 15 16 17 18 19 21 22 23 25 26 27 28 29 30 31 32 33 34 35 36 38 39 40 41 42 43 45 46 
2306
1 2 3 4 5 6 7 8 10 11 12 13 14 15 17 18 19 21 22 23 24 
1093
1 3 4 5 
219
1 2 4 5 6 8 9 10 11 12 13 15 16 17 18 19 20 21 23 24 25 26 27 28 29 30 31 32 33 34 37 38 39 41 42 43 
1955
1 2 3 4 5 6 7 8 9 10 11 12 13 16 17 18 19 20 21 22 24 
1210
1 3 4 5 6 
324
1 2 4 5 
198
1 2 3 4 6 
300
1 2 4 5 7 
285
1 2 3 4 6 7 8 9 10 11 12 13 14 15 16 18 20 21 22 25 26 28 29 30 31 32 33 34 35 36 37 38 39 40 41 42 
2223
1 2 3 4 5 6 7 9 10 11 12 13 14 
834
3 5 6 7 8 9 11 12 13 14 15 16 17 18 19 20 21 22 24 25 26 27 28 29 30 31 32 33 35 36 37 38 39 40 41 42 
2049
1 2 3 5 7 8 9 10 11 12 13 14 15 16 17 19 20 23 24 25 26 27 28 29 30 31 32 
1495
3 4 5 6 7 8 9 10 11 12 14 15 16 17 18 19 20 21 22 23 24 
1183
2 3 4 5 6 7 9 10 11 12 14 15 16 18 19 20 21 22 23 24 25 26 27 28 29 30 31 32 
1656
1 2 3 4 5 6 7 9 10 11 12 14 15 16 17 18 19 22 23 24 25 26 27 28 29 30 
1638
1 2 3 4 5 6 7 9 10 11 12 13 
734
1 3 4 6 7 8 9 10 
394
1 2 3 5 6 7 8 9 11 12 13 14 16 17 18 19 20 21 23 24 26 29 30 31 32 33 34 35 36 37 38 40 41 42 44 45 46 47 48 
2455
1 
76
1 2 3 5 6 7 8 9 11 12 13 14 15 16 17 18 19 20 21 22 24 25 26 27 28 29 30 31 32 33 36 37 38 39 40 42 43 44 45 
2102
1 2 3 4 5 6 7 8 9 10 11 12 13 14 15 16 18 19 20 22 23 24 26 27 28 
1409
1 3 4 5 6 8 9 10 11 12 13 14 15 17 18 19 20 21 23 24 25 26 27 28 29 30 31 32 33 
1644
1 2 3 4 5 6 8 9 10 11 13 14 15 16 17 18 
1072
1 2 4 5 6 
301
1 2 4 5 6 9 10 11 12 13 14 
681
1 2 3 4 5 7 
346
2 
68
1 2 3 4 5 
210
2 3 4 5 6 7 8 10 11 12 13 14 15 16 17 18 19 20 21 23 24 
1293
1 2 3 4 6 7 
368
1 
8
1 2 3 5 6 7 8 
386
1 3 4 5 6 7 8 9 10 11 12 13 16 17 18 19 20 21 22 23 24 25 27 29 30 32 34 35 36 37 38 40 41 42 
2288
1 4 5 6 8 9 10 11 12 13 14 15 16 17 19 20 21 22 23 24 25 26 27 28 29 30 31 32 34 35 36 37 38 41 42 
1974
1 2 3 4 5 6 7 8 10 11 12 13 14 15 16 17 18 19 20 23 24 25 26 28 29 
1271
1 2 3 4 5 7 8 9 10 11 12 13 14 16 17 18 20 21 22 23 24 26 27 
1072
1 2 4 5 6 
244
1 2 3 4 6 8 9 11 12 13 14 15 16 17 18 19 21 22 23 24 26 27 29 30 31 32 34 35 36 37 38 39 
2025
2 3 4 
125
1 2 3 4 5 6 7 8 9 10 12 13 14 15 16 17 18 19 20 22 23 24 25 26 27 29 31 32 33 34 35 36 37 38 39 
2056
1 2 3 4 5 6 7 9 10 11 12 13 14 15 16 17 18 20 21 
1296
1 2 3 5 6 7 8 9 10 11 12 13 14 16 17 18 19 20 21 25 26 27 28 29 30 32 33 34 35 36 37 38 39 40 42 43 
1992
1 3 5 6 7 8 9 10 11 13 14 15 16 17 18 20 21 22 23 25 26 27 29 30 31 32 33 34 35 36 37 38 40 41 
1720
1 2 3 4 6 7 9 10 11 13 14 15 16 
890
1 2 3 4 5 6 8 9 10 11 12 13 14 16 17 18 19 20 21 
885
2 3 4 5 6 7 8 9 10 11 13 14 16 17 18 19 20 21 22 23 24 25 27 28 29 30 
1653
1 2 3 4 5 6 7 8 10 11 14 15 16 17 18 19 
898
1 2 3 4 6 7 8 9 10 11 12 13 14 15 16 17 18 19 20 21 22 23 25 27 28 29 30 32 33 34 35 36 38 39 40 41 
2230
1 2 3 5 6 7 8 9 10 11 12 13 15 16 17 18 20 21 22 23 24 25 27 28 29 
1395
2 3 4 
127
1 2 3 4 6 7 8 9 10 11 12 14 16 17 18 19 20 21 22 23 24 
1115
1 2 3 4 5 6 8 10 11 12 14 16 17 18 19 21 22 23 24 25 27 28 29 30 31 32 33 35 36 38 39 40 41 42 43 44 
2139
1 2 3 4 5 6 8 9 10 11 12 13 14 15 17 18 19 20 21 22 23 24 25 28 29 30 32 33 34 35 36 38 39 
1852
1 2 3 4 5 6 7 8 10 11 12 13 14 15 16 17 18 20 21 22 23 24 25 26 27 28 31 32 33 
1610
1 2 3 6 7 8 9 10 
519
1 2 3 4 5 6 8 10 12 13 
619
1 2 3 4 5 6 7 9 10 11 13 14 15 17 19 20 21 22 23 24 25 26 28 29 30 31 32 33 34 35 36 37 38 41 42 43 44 46 47 48 49 50 
2314
1 2 3 4 6 7 8 9 10 12 13 14 15 16 17 18 20 21 22 23 24 25 26 28 29 30 31 32 34 35 36 
1516
1 2 3 4 5 6 7 9 11 12 13 14 15 17 18 19 20 
1047
1 2 3 4 5 6 7 8 9 10 11 12 13 14 16 17 19 21 22 23 24 26 28 29 30 31 32 33 
1574
1 3 4 
129
1 2 3 5 6 8 9 10 11 12 
724
1 2 4 5 6 7 8 10 12 13 14 16 17 19 20 21 22 23 24 25 27 28 29 30 31 32 33 34 35 36 37 
1748
1 2 3 4 7 8 9 10 11 12 14 16 17 18 19 20 21 23 24 25 26 27 28 29 30 31 32 33 34 35 
1688
1 2 3 4 5 6 7 8 9 10 11 12 13 14 15 17 19 20 21 22 23 25 27 29 30 32 33 34 35 36 37 38 39 40 41 
2247
2 3 4 6 8 9 10 11 12 13 14 16 17 18 19 21 22 
1244
1 2 3 4 5 6 7 8 9 10 11 12 13 14 15 16 17 21 22 23 24 
1082
1 2 4 5 7 8 9 11 12 13 14 15 18 19 20 22 23 24 25 26 27 28 29 30 32 33 34 35 36 37 38 39 40 41 42 43 44 45 
2237
1 2 3 4 5 6 10 11 13 14 16 17 18 19 20 21 22 23 25 27 28 29 30 31 32 33 34 35 36 37 38 39 40 41 42 43 45 
2090
1 3 4 5 6 8 9 10 11 12 13 14 15 16 17 18 19 20 22 23 24 26 28 29 30 31 33 34 35 36 37 38 
1907
2 3 4 5 6 7 8 9 10 11 12 13 14 16 17 18 
986
1 3 4 5 6 7 10 12 13 14 15 16 17 19 20 21 22 23 24 26 27 28 29 30 31 32 33 34 35 36 37 38 
1895
1 2 3 5 7 8 9 11 12 13 14 16 17 18 19 20 21 23 25 26 27 28 29 30 31 32 33 34 35 37 38 39 40 41 42 43 45 46 47 
2257
1 2 4 
203
1 2 3 4 5 6 7 9 10 11 13 14 15 16 17 19 21 22 23 
1273
1 2 3 5 6 7 8 9 11 12 13 15 16 17 18 19 20 21 22 24 25 26 27 28 29 31 32 33 34 35 36 37 38 39 40 41 44 45 46 47 48 
2520
1 2 3 4 5 6 7 8 9 11 12 14 15 16 18 19 20 21 22 23 24 25 26 27 
1106
2 3 4 5 6 7 9 10 11 12 14 15 16 17 18 19 21 22 23 25 26 27 28 29 30 31 32 33 34 36 
1732
1 3 4 5 6 7 8 9 10 11 13 14 15 16 17 18 19 21 22 23 24 25 26 27 29 30 31 32 33 34 36 39 40 41 42 43 44 45 47 48 49 
2519
2 3 4 5 6 7 
355
1 2 3 4 5 6 7 8 9 10 12 14 15 16 18 19 21 22 23 
1058
1 2 3 4 5 6 
299
1 2 3 4 5 6 8 9 10 11 13 15 16 17 18 19 21 22 23 24 25 26 27 28 29 30 31 32 33 34 35 36 39 41 42 43 
2119
1 2 3 5 6 7 8 9 10 
713
2 4 5 6 7 8 9 10 11 12 
430
1 3 4 5 6 7 8 9 10 11 13 14 15 16 17 18 19 21 22 23 24 26 27 
1136
1 2 3 5 
284
1 3 4 5 6 7 8 10 11 12 13 15 
504
1 3 4 
228
1 3 4 5 7 8 9 10 11 13 14 15 16 17 18 19 20 21 22 23 24 25 26 27 28 29 30 31 32 33 34 35 36 37 40 
2128
2 3 5 6 
244
1 2 3 5 6 7 8 9 10 11 13 14 15 16 17 
882
1 2 3 4 5 6 7 9 10 11 12 13 14 15 16 17 18 19 20 21 23 24 26 28 30 31 32 33 34 35 36 
1631
1 2 3 4 6 7 8 9 10 11 12 14 15 
746
2 3 4 5 6 8 10 11 12 13 14 15 16 17 18 19 20 21 22 
1164
1 2 3 4 5 6 7 8 9 10 11 12 13 14 15 16 18 20 21 22 23 24 25 26 27 29 30 31 34 35 36 37 38 40 41 42 43 44 45 46 
2197
1 2 3 4 5 7 8 9 10 
579
1 2 4 
116
1 2 3 4 5 6 7 8 9 11 12 14 16 17 19 20 21 22 
1212
1 2 4 5 6 8 9 10 11 12 13 16 17 18 19 20 21 23 24 25 26 27 28 29 30 31 32 33 34 
1764
1 3 4 5 6 7 8 9 10 11 13 14 15 16 17 19 20 21 22 23 24 25 26 28 
1654
1 2 5 6 7 8 9 10 11 12 
562
1 2 4 5 6 7 8 9 11 12 13 14 15 16 17 18 19 20 21 23 25 26 
1249
1 3 4 5 6 8 9 10 11 13 14 15 16 17 19 20 21 22 23 24 25 26 27 28 
1611
1 2 3 4 
285
1 2 3 4 6 7 8 9 10 11 12 14 15 16 17 18 19 20 21 24 25 26 28 29 30 31 32 34 35 36 
1841
1 2 3 5 6 7 8 9 11 12 
504
1 2 3 4 5 7 8 9 12 13 14 15 16 17 18 19 20 22 23 24 25 26 
1278
1 2 3 4 5 6 7 9 11 12 13 16 17 18 19 20 21 22 23 24 25 26 27 28 29 31 32 33 34 35 37 
1648
1 2 3 4 5 6 7 9 10 11 12 13 14 15 18 19 20 22 24 25 26 27 28 29 30 
1523
1 2 3 5 6 7 8 10 11 12 13 14 15 16 17 18 19 20 21 23 24 25 26 27 29 30 32 33 34 
1679
1 4 5 8 9 10 11 12 13 15 16 17 18 19 20 21 22 23 24 25 26 27 28 29 30 31 33 34 35 36 37 39 40 41 42 43 44 45 
2169
2 3 5 6 7 8 9 10 11 12 13 14 16 17 18 19 20 21 23 24 25 26 27 29 30 31 32 33 34 36 38 
1764
1 3 5 6 7 8 9 10 11 13 14 15 16 17 18 
722
1 2 3 4 5 6 9 10 11 12 13 14 15 16 20 21 22 23 25 26 27 28 30 31 32 33 34 35 36 37 38 
2004
1 2 3 4 5 7 8 9 10 11 12 15 16 17 
790
1 2 3 5 6 7 8 9 10 12 13 15 16 
730
1 2 4 5 6 7 
430
1 3 4 5 6 8 9 10 11 12 14 15 16 17 18 19 
861
1 2 4 6 7 8 9 10 11 12 13 14 15 16 
750
2 3 4 5 6 7 8 10 11 13 14 15 16 17 20 21 22 23 24 25 26 27 28 29 31 32 33 34 35 36 37 38 39 40 41 42 43 44 45 47 48 49 
2349
1 2 3 4 6 7 8 9 10 12 13 14 15 18 19 20 21 22 23 24 25 26 27 28 29 30 33 34 36 37 38 39 40 
1949
1 2 3 4 5 6 7 9 10 12 13 14 15 17 18 19 20 
1054
1 2 3 4 6 8 9 10 11 12 13 14 15 17 18 19 20 21 22 23 25 26 27 28 
1286
1 2 3 4 5 6 7 8 9 10 11 12 13 14 15 17 18 19 21 22 23 24 27 28 30 31 32 33 35 36 37 38 39 40 41 42 43 
2408
1 2 3 5 6 7 8 9 10 11 
570
1 2 3 4 5 6 8 10 11 12 13 15 16 17 19 20 21 22 24 25 26 27 28 29 30 31 32 33 34 35 36 37 38 39 40 41 42 
1738
1 2 3 4 7 8 9 10 12 13 14 15 16 17 18 19 20 21 22 23 24 26 27 28 29 30 31 32 33 34 35 38 39 40 41 42 
2171
1 2 3 4 5 6 7 8 9 10 11 12 13 14 16 17 18 19 20 21 22 23 26 27 28 29 31 32 34 35 36 37 39 40 41 42 43 45 
1865
1 2 3 4 5 7 8 9 10 11 12 13 14 15 16 17 18 19 20 23 24 25 26 27 28 29 30 31 32 33 34 35 37 38 39 40 42 43 
2204
1 3 4 6 7 8 9 10 12 13 14 15 16 17 19 20 22 23 24 25 26 27 28 29 30 31 32 33 
1609
1 2 4 6 7 8 9 10 11 
687
1 
97
1 2 3 4 6 7 
260
2 3 4 5 6 7 8 9 
443
1 2 3 4 5 6 8 9 10 11 12 13 14 16 18 19 20 21 22 23 24 25 26 27 28 
1267
1 2 3 4 5 6 7 8 9 12 13 14 15 16 18 20 21 22 23 24 25 26 27 28 29 30 31 32 33 34 35 36 38 40 41 42 
1911
3 4 5 7 8 10 11 12 14 15 17 18 19 20 21 22 23 24 25 26 27 28 29 30 32 34 35 36 37 39 40 41 42 43 44 
1952
1 3 4 5 6 7 9 10 11 12 14 15 16 17 18 19 20 21 22 24 25 26 27 28 29 30 31 32 33 34 35 37 38 39 
1961
1 2 3 4 5 6 7 8 9 10 11 12 15 
684
1 2 3 4 5 6 7 8 10 11 12 13 14 15 18 19 20 21 22 25 26 27 28 29 30 
1462
1 2 3 4 5 6 7 9 10 11 12 14 16 17 18 19 20 21 22 23 24 
1246
1 2 3 4 5 6 7 8 9 10 11 12 13 14 15 16 18 19 22 23 24 25 26 27 29 30 31 32 33 35 36 37 38 39 
1827
1 2 3 4 5 8 9 10 11 12 13 14 15 16 18 19 20 21 22 23 24 25 27 28 29 30 31 32 33 34 35 36 
1667
1 2 3 4 5 7 8 9 10 11 12 13 14 15 16 19 
860
1 
72
1 3 4 6 7 8 10 11 12 13 14 15 16 17 18 19 21 22 24 26 27 28 29 30 31 33 34 35 36 37 38 39 40 41 42 43 44 45 46 47 48 
2208
1 2 3 4 5 7 8 10 11 12 
644
1 3 4 5 6 7 
342
1 2 3 4 5 6 7 9 10 11 14 15 16 17 18 19 20 21 22 
991
2 3 4 5 6 8 9 10 11 12 14 15 16 17 18 19 21 22 23 26 28 29 
1399
1 3 4 5 6 7 8 9 10 11 12 14 15 17 18 19 20 21 22 23 24 25 26 27 28 29 30 
1530
1 2 3 4 5 6 7 8 9 10 11 12 13 14 15 16 17 18 20 21 22 23 25 26 27 28 30 31 32 33 34 35 38 
1960
1 2 3 4 5 6 8 10 
515
2 3 4 6 7 8 9 10 11 12 13 15 16 17 18 19 20 21 22 23 24 25 27 28 30 31 32 33 34 35 36 38 39 40 41 
1914
1 2 3 4 5 6 7 8 9 10 12 14 15 16 17 19 20 21 
1157
1 2 3 5 9 10 
310
1 2 5 6 7 9 10 11 12 13 14 15 16 
687
1 2 3 4 5 7 8 10 12 13 14 15 16 17 18 20 21 22 23 24 
1034
3 5 6 7 8 10 11 12 13 14 15 16 17 18 19 20 21 22 23 24 25 26 28 30 31 32 33 34 35 36 37 38 39 41 
1908
1 3 5 6 7 8 9 10 11 12 13 14 15 16 17 18 20 21 
1270
1 2 3 4 5 6 7 8 9 10 11 
682
1 2 3 5 6 7 8 9 11 12 14 15 16 17 18 19 20 21 22 23 25 26 28 29 30 31 32 33 34 35 36 37 38 39 
2003
2 3 4 5 7 8 9 10 11 12 13 14 17 20 21 22 23 24 25 26 27 28 29 30 31 32 33 34 35 36 37 38 39 41 42 44 45 46 
2264
1 2 4 5 6 7 8 9 10 11 12 13 14 17 18 20 22 23 24 25 26 27 28 29 30 31 32 33 34 35 36 37 
1721
1 2 5 6 7 8 9 10 11 12 14 15 16 17 18 19 20 21 22 23 24 25 
1270
2 3 4 5 6 7 8 9 10 11 13 14 15 16 18 19 20 21 22 23 24 25 27 28 29 30 31 32 34 
1561
1 2 3 4 5 6 7 9 10 11 13 14 15 16 18 19 20 21 23 24 25 26 28 29 
1634
1 3 4 5 6 7 8 10 11 12 13 14 15 16 17 18 19 21 22 24 25 
1268
1 2 3 4 5 7 8 9 10 11 12 13 15 16 17 18 19 20 21 22 23 24 25 26 28 29 30 31 32 33 34 35 37 
1487
1 2 3 4 5 7 9 11 12 14 15 16 17 18 20 21 22 23 24 25 26 27 28 29 30 31 32 
1446
1 2 3 5 6 7 8 9 
433
1 2 5 6 8 9 10 11 12 13 14 15 
537
1 2 3 4 6 7 8 9 10 11 12 13 15 17 18 20 21 22 23 24 25 27 28 29 30 31 32 33 34 
1546
1 2 3 4 5 6 7 8 9 10 11 12 13 14 15 16 17 19 20 23 24 
1175
1 2 3 4 6 7 8 9 10 
596
2 3 6 7 8 9 10 11 12 13 15 16 17 18 19 20 21 22 23 24 26 
1130
1 2 3 4 5 7 8 9 10 12 13 14 15 19 20 21 22 23 24 25 26 27 28 29 30 32 33 34 35 36 37 38 39 40 41 43 44 45 46 47 48 50 
2691
2 3 4 5 6 7 8 
515
1 2 3 4 5 7 8 9 10 11 12 13 14 15 16 18 19 20 22 24 25 26 27 28 29 30 
1627
2 4 5 6 7 8 11 12 13 14 15 16 17 18 19 20 21 22 23 26 27 28 29 30 31 32 33 34 35 36 37 38 39 40 41 42 43 44 
2076
2 3 
138
1 2 3 4 5 6 7 8 9 11 12 13 17 18 19 20 
1005
2 3 4 5 7 9 10 11 12 13 14 15 18 19 21 22 23 24 25 26 27 28 29 30 31 32 33 34 35 36 37 38 39 40 41 42 44 45 46 47 48 49 
2536
1 2 4 5 6 7 8 9 10 11 12 13 14 18 19 21 22 23 24 25 26 27 28 29 30 31 32 33 34 35 36 37 39 41 
1606
1 2 3 4 5 6 7 8 9 11 13 
502
2 3 5 6 7 8 9 10 
372
1 2 3 4 6 7 9 11 12 14 15 16 17 18 19 20 21 22 24 25 26 28 
1304
1 2 3 5 6 7 9 10 11 12 13 14 15 16 17 18 
888
1 2 4 5 7 8 11 12 13 14 15 16 17 19 20 22 23 24 25 26 27 29 30 31 32 33 34 35 36 38 39 40 41 42 43 45 46 47 
2506
1 3 4 5 6 8 9 10 11 12 13 
532
1 2 3 4 5 6 7 8 9 11 12 13 14 16 17 18 19 21 22 23 24 26 27 28 29 30 32 33 34 35 36 37 38 39 40 
1926
1 2 3 5 6 7 8 
500
1 2 5 6 7 8 9 10 12 14 15 16 17 18 
833
1 2 3 4 5 6 7 8 11 12 13 14 15 17 19 20 21 22 23 24 25 26 27 28 29 30 31 32 33 34 35 36 38 39 
1943
1 2 3 4 5 6 
441
1 3 4 5 6 7 8 9 10 11 13 14 
599
1 2 3 4 5 6 7 8 9 10 11 13 15 16 17 18 19 20 21 22 23 24 26 27 28 30 32 34 35 36 39 41 
2454
2 3 5 6 8 9 10 11 12 13 14 15 16 17 18 19 20 21 
975
1 2 4 6 7 8 10 11 12 13 14 15 16 17 18 19 20 21 22 24 25 26 27 29 30 31 32 33 34 35 37 39 41 42 43 44 45 46 
1824
1 2 4 5 6 8 9 10 
389
1 3 4 5 6 7 8 9 10 11 12 13 14 15 16 17 18 20 22 23 24 25 27 
1350
2 3 4 
156
2 3 4 5 6 7 8 10 11 12 13 15 16 17 18 19 20 22 23 24 25 26 27 28 29 30 31 32 34 36 38 39 42 43 44 45 
2427
1 2 3 4 6 7 8 9 11 12 13 14 15 17 18 19 20 21 22 23 24 28 29 30 31 32 33 34 35 36 37 
1602
1 2 3 4 7 8 9 10 11 12 13 14 15 16 17 19 20 21 22 23 24 25 27 28 29 30 31 32 33 34 35 36 38 39 40 
2025
2 3 4 5 6 7 8 9 10 11 12 13 14 15 16 17 19 20 22 23 24 25 
1126
1 2 3 4 5 6 7 8 9 10 11 12 13 14 16 17 18 19 20 22 23 25 26 28 29 30 32 33 
1222
2 3 4 5 6 7 8 9 10 12 13 15 16 17 18 19 20 21 22 23 24 25 27 29 
1773
1 2 3 5 6 7 8 9 10 11 12 13 14 16 18 19 20 21 22 23 24 26 27 28 29 30 32 33 34 35 36 37 
1967
1 2 3 4 5 7 9 10 11 12 13 15 16 17 19 21 22 23 24 25 26 27 28 29 30 31 32 34 35 36 
1608
1 2 4 5 7 8 9 10 11 12 13 14 15 16 18 19 
1000
1 2 3 4 5 6 8 10 12 13 14 15 16 17 18 19 20 21 22 23 25 26 27 28 29 30 32 34 35 36 38 39 40 41 
1845
1 2 3 5 6 7 8 9 10 11 12 13 14 15 17 18 20 
1092
1 2 3 4 6 7 8 9 10 11 12 13 16 17 18 20 21 22 25 26 27 28 29 30 31 32 33 34 35 36 37 
1672
1 2 4 
179
2 
45
2 3 4 5 6 7 8 9 
435
1 3 4 5 6 7 8 9 10 11 13 14 16 17 18 
934
1 2 4 5 6 7 8 10 11 12 13 15 16 19 20 21 22 23 24 25 26 27 28 29 30 31 32 
1483
1 2 3 5 6 7 8 9 10 11 13 14 16 17 19 20 21 22 23 24 25 26 27 28 30 31 33 34 35 
1698
2 3 4 
188
1 2 4 6 7 8 9 
570
1 2 3 4 5 6 7 8 9 10 11 13 14 15 16 17 19 20 22 23 24 25 26 27 29 30 32 33 34 35 36 37 39 40 41 42 
2166
1 3 4 5 6 7 8 9 13 15 16 19 20 21 22 24 25 26 27 28 29 30 31 32 33 34 35 36 37 38 39 40 
2001
3 4 5 6 7 8 9 10 11 12 13 14 15 17 18 19 20 21 23 
1305
1 2 3 4 5 6 7 8 9 10 11 12 13 15 17 18 20 21 22 23 25 
1330
2 3 6 7 8 9 10 11 
528
1 3 5 6 7 8 9 10 11 12 13 14 15 16 17 18 19 21 22 23 24 26 
1435
1 2 4 5 6 7 8 
385
1 2 3 4 6 7 
404
2 4 5 6 7 9 10 11 12 13 14 15 16 17 18 19 21 22 23 24 25 26 27 28 29 31 32 33 34 36 38 39 40 41 42 43 
2226
2 3 4 5 6 7 8 
334
1 2 4 6 7 8 9 10 12 13 14 15 16 18 19 20 21 22 23 24 25 26 27 28 31 32 33 34 36 37 38 39 40 41 43 44 46 47 
1903
1 2 3 5 6 7 8 
442
1 3 4 5 7 8 9 10 11 12 13 14 15 16 17 
774
1 2 4 5 6 7 8 9 10 11 13 14 15 16 17 18 19 21 22 23 24 26 27 28 29 30 31 32 33 35 
1800
2 3 4 6 7 8 9 10 11 12 13 14 15 16 17 18 19 20 21 22 23 26 27 
1486
2 4 5 6 7 8 9 10 12 13 14 15 16 17 19 
819
1 2 3 4 5 6 7 9 10 11 12 13 14 15 16 17 20 21 23 24 25 26 27 28 29 30 32 33 34 35 37 38 39 40 43 
2370
1 3 
121
3 4 5 6 7 8 
471
1 2 3 5 6 7 8 9 10 11 12 14 15 16 17 18 19 20 22 23 24 25 27 28 29 30 31 32 33 34 35 36 38 
1851
2 3 4 5 7 8 9 11 12 13 14 15 17 18 19 20 21 22 23 24 
1149
1 2 4 5 6 7 8 9 10 11 13 14 15 17 18 19 
1092
1 2 3 4 5 6 7 8 10 11 13 
753
1 2 3 4 5 6 7 8 9 10 11 13 14 15 16 18 19 20 21 23 24 25 26 27 28 30 32 34 
1525
2 3 6 7 8 9 10 11 12 13 14 15 
637
1 2 3 4 5 6 7 8 9 10 11 12 13 15 16 18 
626
1 2 4 5 6 7 8 10 11 12 13 14 15 16 
705
1 2 3 4 5 6 7 8 10 11 12 14 15 16 18 19 21 22 23 24 25 26 
1512
1 2 3 4 6 7 8 10 11 
366
1 2 3 4 5 6 7 8 9 10 12 14 15 16 17 
847
1 2 3 4 5 6 7 8 10 11 12 14 16 
734
1 2 4 5 6 
283
2 3 4 5 6 7 8 9 10 11 14 16 17 18 
885
1 3 4 6 7 8 9 10 11 12 15 16 17 18 19 20 21 22 23 24 25 26 27 28 29 30 
1662
3 4 5 6 7 8 9 10 11 12 13 14 15 16 17 18 20 21 22 23 25 26 27 28 30 31 32 33 34 35 36 37 38 39 40 42 43 
2120
1 2 3 4 5 6 7 8 9 10 11 12 13 14 15 16 17 19 20 21 24 
1177
1 2 3 4 5 6 7 10 12 13 14 15 16 17 19 20 
946
1 2 3 4 5 6 7 8 9 10 11 12 13 14 15 16 17 18 20 21 22 23 24 25 26 28 30 31 
1550
1 2 3 4 5 6 7 9 10 12 13 14 15 16 17 19 21 22 23 24 26 28 29 30 31 32 33 34 35 36 37 39 40 41 42 
1927
1 3 4 5 6 7 8 9 10 11 12 14 15 16 17 18 19 20 21 22 23 25 26 27 28 30 31 32 33 34 35 37 39 40 
1891
1 3 4 5 6 7 8 
455
1 2 3 4 5 6 7 9 11 12 13 15 16 17 18 19 20 21 25 26 27 28 29 30 31 32 33 34 35 36 37 38 39 40 
1974
2 3 4 5 
247
2 3 4 5 6 7 8 9 10 11 12 15 16 17 18 19 20 22 23 24 
1320
1 2 3 4 5 6 7 9 10 12 14 15 16 17 18 19 20 21 22 24 25 
1382
1 2 3 4 5 6 7 9 10 11 13 14 15 16 17 18 21 22 23 24 25 27 28 29 31 32 33 34 35 36 37 38 39 40 41 42 43 
2121
1 3 4 5 6 8 10 11 12 13 14 15 16 17 18 19 20 21 22 23 24 25 26 27 28 30 32 33 34 35 36 38 39 40 42 43 
2232
1 2 3 4 5 6 7 9 10 11 
518
1 2 3 4 5 6 7 8 9 11 12 13 15 16 17 19 20 21 22 23 24 25 26 28 
1477
1 2 3 4 5 6 7 8 10 11 12 13 14 16 17 18 19 20 21 22 23 25 26 27 29 31 32 33 34 35 36 37 40 41 42 43 44 45 46 48 49 50 
2491
1 2 
63
1 2 3 4 7 8 9 11 12 13 14 15 16 17 18 19 20 21 22 24 25 26 27 29 30 31 32 
1342
1 2 3 4 6 7 9 12 13 14 15 16 17 18 19 20 21 24 25 26 27 28 29 30 31 32 33 34 35 36 37 38 39 40 41 42 
2174
1 2 3 4 6 7 8 10 11 12 13 14 15 
646
1 2 3 4 5 6 7 8 9 10 11 12 13 14 15 16 18 20 21 23 24 25 27 28 30 31 32 
1487
1 3 5 6 7 8 9 11 12 13 14 15 16 17 18 19 20 22 23 24 26 27 28 29 30 31 32 
1644
2 3 
173
1 2 3 5 7 8 9 10 11 13 14 15 
755
1 2 3 4 5 6 8 9 10 11 12 13 15 16 17 19 20 21 22 24 25 26 27 28 29 
1768
2 3 4 
247
1 3 4 5 7 8 9 10 11 12 13 14 15 16 17 19 20 21 22 23 24 26 27 28 29 30 31 33 34 
1485
1 2 3 4 6 7 8 9 10 11 12 13 14 15 16 19 20 22 23 24 25 27 28 29 30 32 33 34 35 36 37 38 39 40 41 42 44 45 46 
2420
1 2 3 5 6 7 9 10 11 12 13 
645
1 2 3 4 5 6 7 8 9 10 12 13 14 15 16 17 18 20 21 23 24 25 26 27 28 29 
1617
1 3 4 6 7 8 9 11 12 14 15 16 17 18 19 20 21 22 23 24 25 26 27 29 31 32 33 35 36 37 38 39 40 41 42 43 44 46 
1760
3 4 5 6 7 8 9 10 12 13 15 16 17 18 20 21 22 23 24 25 26 27 28 29 30 31 32 33 34 35 
1567
1 4 6 7 8 9 10 11 13 14 15 16 17 18 19 20 21 22 23 24 25 26 27 28 29 
1419
1 2 3 4 5 
281
1 3 4 7 8 9 10 11 13 14 15 16 18 19 20 21 23 24 25 26 27 28 29 
1493
1 3 4 6 7 8 9 10 11 14 15 16 17 18 19 20 21 22 23 24 25 26 27 28 29 30 31 32 34 35 38 39 40 41 42 43 45 
2226
1 2 3 4 5 6 8 9 10 11 15 16 17 18 19 20 21 
980
1 3 4 5 6 7 8 10 11 12 13 14 15 16 17 20 21 22 23 24 25 
922
1 2 3 4 5 6 7 8 9 10 12 13 14 15 18 19 20 21 22 23 24 25 26 28 29 30 31 32 33 35 36 37 38 39 40 41 42 43 44 47 
2282
2 3 4 6 7 8 9 10 11 12 13 15 16 17 18 19 20 21 22 25 26 27 28 
1491
1 2 4 
287
1 3 4 5 6 7 8 10 11 12 14 15 16 17 18 19 22 23 24 25 26 27 28 29 30 31 32 33 35 36 38 39 40 41 42 43 44 45 46 47 48 49 
2241
1 3 4 5 6 7 10 11 13 14 15 16 17 18 19 20 21 22 23 
890
1 4 5 6 7 8 9 10 12 13 14 16 17 18 19 20 21 23 24 25 26 27 28 29 30 31 32 34 35 36 37 39 40 41 42 43 44 45 
2242
1 2 3 4 5 6 7 8 9 10 11 12 13 14 15 16 18 19 21 22 24 25 26 27 30 
1597
1 2 4 5 6 7 8 9 10 12 13 14 16 18 19 20 21 22 
1007
1 2 3 4 5 6 7 8 10 12 13 15 16 17 
676
2 3 
75
1 2 3 4 5 6 8 9 10 11 12 13 15 17 18 19 20 21 22 23 24 25 27 28 30 32 33 34 35 36 37 38 39 40 41 42 43 44 45 46 
2211
1 2 3 5 7 8 
250
1 2 4 5 6 
189
1 3 4 5 6 7 8 10 11 12 13 14 
833
2 3 4 5 6 7 8 9 10 12 13 15 16 17 18 19 20 21 22 24 25 26 27 28 29 30 31 32 33 35 36 37 38 39 40 42 43 44 45 
2346
1 2 4 5 6 7 8 10 11 12 13 14 15 16 17 18 19 20 22 25 26 27 28 29 30 
1516
1 2 3 4 6 7 8 9 11 13 14 15 16 17 18 19 20 21 22 
1035
1 2 3 4 5 6 7 8 10 12 13 14 15 16 17 18 20 21 23 24 
1309
2 3 5 6 7 8 9 10 11 
494
1 2 3 4 5 6 7 8 9 10 11 12 13 14 15 16 17 18 19 20 21 22 23 24 27 28 29 31 
1613
1 2 3 4 5 6 7 8 10 11 12 13 14 15 16 17 19 20 21 22 24 25 26 27 28 29 30 31 33 34 35 36 37 38 39 40 41 42 45 46 47 48 
2352
2 3 4 5 7 8 9 10 11 12 13 
673
1 2 3 4 5 6 7 8 9 11 12 13 14 15 17 18 20 21 22 23 
1126
1 2 3 4 5 6 7 8 9 11 12 14 16 17 18 
862
1 2 3 5 6 8 9 10 
575
1 2 3 4 5 6 7 8 12 13 14 15 16 17 18 
854
1 2 3 5 6 7 8 9 10 11 12 13 14 15 16 18 21 22 23 25 26 27 28 29 30 31 
1471
1 3 4 5 6 7 9 10 11 12 13 15 16 17 
1020
1 2 3 5 6 7 9 10 11 12 13 14 16 17 
1002
1 2 3 4 6 7 
336
1 2 4 5 7 8 9 11 13 14 15 17 18 19 20 21 22 23 24 25 26 27 28 31 32 33 34 35 36 37 38 40 41 42 43 44 45 46 47 
2284
1 2 3 4 5 6 7 8 9 10 11 13 14 17 18 19 20 22 23 24 25 28 29 30 32 33 
1378
1 2 4 5 6 7 9 10 11 
449
1 2 3 4 6 7 8 9 10 11 12 14 15 16 17 20 22 23 24 25 26 27 28 
1212
1 3 5 6 7 8 9 10 11 12 13 15 16 17 18 19 20 21 22 23 24 25 27 28 31 32 33 34 35 36 37 39 40 41 42 43 44 45 46 47 48 49 
2671
1 3 4 5 6 7 10 11 12 13 14 15 16 18 20 21 22 23 24 25 26 27 28 29 30 31 35 36 37 38 39 40 41 42 43 44 
2346
2 3 5 6 7 8 9 10 11 12 13 15 16 17 18 20 21 22 23 24 25 26 27 28 29 30 31 32 34 35 36 37 38 39 40 41 42 43 44 
2201
2 3 5 6 7 8 9 10 11 12 13 14 15 16 17 18 19 20 21 22 23 24 25 26 27 28 29 32 34 35 36 38 39 40 
1833
1 2 3 4 5 6 7 8 9 11 12 13 14 15 17 18 19 20 22 23 24 25 26 27 29 30 31 32 33 
1831
1 2 5 6 8 9 10 11 13 14 15 16 18 19 20 21 22 23 24 26 27 28 29 30 31 32 33 34 36 37 38 39 40 41 42 
2006
2 3 4 5 6 7 8 9 10 11 12 13 14 16 17 18 19 20 21 22 23 24 25 26 27 28 29 30 33 34 35 36 37 39 
2267
1 2 3 4 5 6 7 8 10 12 14 15 16 17 18 20 21 22 23 24 25 
1217
2 
10
1 2 4 5 6 
238
2 
39
1 2 3 4 5 6 8 9 10 11 12 13 14 16 17 18 19 20 21 22 24 26 28 29 30 32 33 34 36 37 38 39 40 41 42 43 44 45 47 48 49 
2076
2 3 4 5 6 8 9 10 11 12 
556
1 2 3 4 5 6 7 8 10 11 
580
1 2 3 5 6 7 8 9 10 11 12 13 14 15 16 17 18 20 21 22 23 25 26 27 30 31 32 
1693
1 2 4 5 6 7 8 9 10 11 12 15 16 17 19 20 21 22 24 25 26 27 28 
1224
1 2 3 4 5 6 8 10 12 14 15 16 17 18 20 21 22 24 25 26 27 28 29 30 31 32 33 34 35 36 38 40 
1786
1 3 5 6 7 8 10 11 12 13 14 15 16 
873
2 3 4 6 7 8 9 10 11 12 13 15 16 17 19 20 21 22 23 24 25 
1343
1 2 4 5 6 7 8 9 10 11 13 14 15 17 19 20 21 22 23 24 25 26 27 28 29 32 33 
1588
1 2 4 5 
292
1 2 3 5 6 8 9 11 12 13 14 15 16 18 19 21 22 23 24 25 26 28 29 30 31 32 33 35 36 37 38 39 40 41 42 43 44 
2174
1 2 3 4 6 
285
1 2 3 4 5 6 8 9 10 11 12 13 14 15 16 17 19 20 21 22 23 24 25 26 27 28 30 31 33 35 37 38 39 41 
1859
1 2 3 4 5 7 8 10 11 12 13 14 15 16 17 19 20 21 23 24 
865
1 3 4 5 6 7 
268
1 2 4 5 6 7 8 9 10 11 12 13 14 15 16 17 18 20 
880
1 2 5 8 9 10 11 13 14 15 16 17 18 19 20 21 22 23 24 26 27 28 29 
1440
1 2 3 4 5 6 7 8 9 10 11 12 13 15 16 18 20 21 23 24 25 26 
1333
1 3 4 5 6 7 8 9 10 11 12 13 14 15 16 18 20 21 22 23 24 25 26 27 28 29 31 32 33 35 36 37 39 40 41 43 44 45 46 47 48 50 
2277
1 2 3 5 6 7 8 9 10 11 12 13 14 15 16 17 18 19 20 21 22 25 26 27 28 29 30 31 32 34 
1728
1 2 3 5 7 8 9 10 12 13 14 15 16 17 18 19 20 21 22 
1207
1 2 3 4 5 7 8 9 10 12 13 14 15 17 18 19 20 21 22 23 26 27 28 29 30 31 32 33 34 35 36 37 38 39 40 42 44 45 46 47 
2235
1 2 4 6 7 8 9 10 11 12 13 14 
552
1 2 3 4 5 7 8 9 12 13 14 15 16 17 18 19 20 21 22 
871
1 2 3 4 5 6 7 8 10 11 12 13 14 16 17 18 19 20 21 22 23 24 25 26 28 29 30 33 34 35 
1609
1 2 4 5 7 8 9 10 11 12 
725
1 2 3 4 5 6 8 9 10 11 12 14 15 16 18 19 20 21 
1011
1 2 4 5 6 8 9 10 11 12 13 14 16 17 18 19 20 21 22 23 24 25 26 27 28 29 30 
1525
1 3 4 5 6 7 8 10 11 12 13 
694
1 2 3 4 6 
278
1 2 3 4 5 9 10 11 12 13 14 15 16 18 19 20 
1004
2 3 5 6 7 8 9 10 11 12 13 14 15 16 17 18 
816
2 3 4 
179
2 4 5 6 7 8 9 10 11 12 13 14 15 16 17 18 20 21 22 24 25 26 27 28 29 30 31 32 33 35 36 37 39 40 41 42 
2014
1 2 4 5 7 8 9 10 11 12 13 14 15 16 17 18 19 20 21 22 23 24 27 28 29 30 31 32 34 35 
1710
1 2 3 4 5 6 7 8 9 10 11 12 14 15 19 20 21 22 23 24 25 
1236
1 2 4 6 7 8 9 10 11 12 13 15 16 18 19 20 21 22 23 24 25 26 28 29 30 31 
1480
2 3 4 6 7 8 9 10 11 
568
1 3 4 5 6 8 
426
1 2 3 4 5 6 7 8 9 10 11 12 13 14 15 17 18 19 20 22 23 24 25 26 27 29 30 31 32 33 34 35 36 37 38 39 40 41 43 
2444
1 2 3 4 6 7 9 11 12 13 14 15 16 17 18 19 20 21 22 23 24 25 26 27 29 30 33 34 35 37 38 39 40 41 42 43 
1919
1 3 5 6 7 8 9 10 12 
503
1 2 3 4 6 7 8 9 10 11 13 14 15 16 17 18 19 20 21 22 23 24 25 26 27 28 30 31 32 33 34 35 36 37 38 40 41 43 46 47 49 
2161
1 2 3 4 5 7 8 9 10 11 13 14 16 17 18 19 20 21 22 23 24 25 26 27 
1448
1 2 3 4 5 6 8 9 11 
639
1 2 4 5 6 7 9 
329
1 2 4 5 6 7 8 9 10 11 12 13 14 17 18 19 20 21 22 23 24 25 26 27 28 29 30 31 32 35 36 38 39 
2043
2 3 5 6 7 9 11 12 13 14 15 16 17 18 19 20 21 22 23 24 25 26 27 28 30 31 32 33 34 35 36 37 38 39 
1938
3 4 5 6 7 8 9 11 12 13 14 15 17 18 19 20 21 22 23 25 26 27 28 29 30 31 34 35 36 
1796
2 3 5 6 7 8 9 10 
435
2 3 4 5 6 7 8 9 10 11 12 13 14 16 17 19 20 21 22 24 25 26 27 29 
1604
1 2 6 7 8 9 10 11 12 13 14 15 16 17 18 19 20 21 22 23 24 25 26 27 28 29 30 31 32 33 34 37 38 40 41 42 43 44 
2245
1 2 3 4 5 6 7 8 9 10 11 12 14 16 17 19 20 21 22 24 26 27 28 29 30 31 32 33 34 35 36 38 39 40 41 42 43 44 45 46 47 
2421
1 2 4 5 6 7 8 9 
365
2 3 4 5 6 7 8 9 10 11 12 14 16 17 19 20 21 22 
1174
1 2 3 4 6 7 
277
2 3 4 5 6 7 8 9 10 11 12 13 14 15 16 18 
819
2 3 4 6 7 8 9 10 11 12 13 14 15 16 17 18 19 20 23 24 25 26 27 28 29 30 31 32 33 34 35 37 38 39 40 41 42 43 44 
2323
1 2 3 4 6 
241
2 3 4 5 6 7 9 10 11 12 13 14 15 16 17 18 19 22 23 24 25 27 28 29 30 31 32 33 34 35 36 37 38 39 
1940
1 2 3 6 7 8 10 
454
1 2 3 4 6 7 8 9 10 11 12 13 14 16 17 18 19 20 22 23 25 26 27 28 29 31 33 34 35 36 37 38 39 41 42 43 44 45 
1880
1 2 3 5 6 7 8 9 10 11 12 13 14 16 17 
768
1 2 3 5 6 
341
1 2 3 4 5 6 7 8 9 10 12 13 16 17 18 19 20 21 22 23 24 25 27 
1379
1 3 4 5 6 7 8 9 11 12 13 14 15 16 17 19 20 21 22 23 24 25 27 28 29 30 32 33 35 37 39 40 41 43 
2080
1 2 3 4 5 6 7 8 10 12 13 14 15 18 19 20 21 23 24 25 26 28 29 30 31 32 33 34 37 38 39 40 41 42 43 44 
2267
2 4 5 6 7 8 9 10 11 13 14 15 16 17 18 19 20 21 22 25 26 27 28 29 30 31 32 33 35 
1532
2 3 4 5 6 7 
383
1 3 4 5 6 7 8 9 10 11 
647
1 2 3 5 7 8 9 10 11 12 13 14 15 16 18 19 20 22 24 
1266
2 3 4 5 6 7 8 9 10 11 13 14 15 16 17 19 20 21 22 23 24 26 27 28 29 30 31 33 34 36 37 38 
1804
1 2 3 4 6 
263
1 2 3 4 5 7 8 9 10 11 13 14 15 16 17 18 20 21 22 23 24 25 26 27 28 29 32 33 
1533
1 2 3 4 6 7 8 11 12 13 14 15 16 17 18 19 20 21 22 23 24 26 27 28 29 30 31 32 33 34 
1817
1 2 3 4 5 6 7 10 11 12 13 14 17 18 19 
1029
1 3 4 5 6 7 9 10 11 12 
605
1 2 3 4 5 6 7 8 9 10 11 12 13 14 15 16 17 18 19 20 21 22 23 24 25 26 27 29 31 33 34 35 36 38 
1973
1 2 3 4 5 7 8 10 11 12 13 14 16 17 18 19 20 21 22 23 24 25 26 27 28 29 30 32 33 34 35 38 
1876
1 2 3 5 6 8 9 10 11 12 13 14 15 16 18 19 20 21 23 24 26 27 28 29 30 31 32 33 35 37 38 39 
2049
1 2 3 4 5 6 7 8 9 10 11 12 13 14 16 17 18 19 20 24 
1243
1 2 3 4 5 6 7 8 9 10 11 12 13 14 16 17 19 20 21 22 24 25 27 28 29 30 
1534
1 2 3 4 5 6 7 8 11 
625
1 2 3 4 5 6 7 8 9 10 11 12 14 15 17 
631
1 2 3 4 5 6 7 9 10 11 12 13 14 15 16 17 20 21 22 24 25 26 27 28 29 30 32 33 34 35 36 37 38 39 40 43 44 45 46 47 
2145
1 2 3 5 6 7 8 9 11 13 14 16 17 18 19 20 21 22 23 25 26 27 28 29 30 31 32 33 
1691
1 3 5 6 7 8 
308
1 2 3 4 5 6 7 8 9 10 13 14 15 16 17 18 19 20 22 24 25 26 27 28 29 32 33 34 
1430
1 2 3 4 5 6 7 8 9 10 11 12 14 15 
846
2 3 4 7 8 9 10 11 12 13 14 15 18 19 20 21 22 23 24 25 26 27 28 30 31 32 33 34 35 36 37 38 39 40 
2187
1 2 3 4 5 7 8 9 10 11 12 13 14 17 
848
2 3 4 5 6 7 8 9 10 11 12 14 15 16 17 18 20 21 22 
1083
1 2 3 5 6 7 8 9 10 11 12 13 14 15 17 18 19 21 23 24 25 26 28 29 30 31 32 34 35 36 37 39 40 41 42 43 44 45 46 
1898
2 3 4 
193
2 3 4 5 6 7 9 10 11 12 14 16 17 18 19 20 21 22 23 24 26 27 28 29 30 31 32 33 34 36 
1938
1 2 3 4 5 6 7 8 9 10 11 12 14 15 16 17 18 19 20 22 24 25 26 29 30 31 32 33 34 35 36 37 38 39 40 41 
2048
1 2 3 5 6 7 8 9 11 12 13 15 16 17 18 19 20 21 23 24 25 26 27 28 
1488
1 2 4 5 7 8 9 10 11 12 16 17 18 19 20 21 22 23 24 25 26 27 28 29 30 31 32 
1644
1 2 3 4 6 8 9 11 12 13 14 15 16 17 18 19 20 
860
1 2 3 5 6 7 8 9 10 11 
494
1 2 3 4 5 7 8 9 10 11 12 13 15 16 17 19 20 21 22 24 26 27 28 29 30 31 32 34 35 36 37 38 39 
2063
1 3 5 6 8 9 10 11 12 13 15 16 17 18 19 21 22 23 24 25 26 27 28 29 31 32 33 34 35 36 37 
1556
1 2 5 6 7 8 9 11 12 13 14 15 16 17 18 19 20 22 23 24 25 26 27 28 29 30 31 32 33 34 35 37 38 39 41 44 45 46 47 
2285
1 2 3 5 8 9 10 11 12 13 14 15 16 17 18 19 21 22 23 24 25 27 28 30 31 33 34 35 36 
1703
2 3 4 5 6 7 8 9 10 11 12 13 14 15 16 19 20 21 22 23 24 25 26 28 
1197
1 3 4 5 6 7 9 10 11 12 13 14 15 16 17 18 19 20 21 22 23 24 25 28 29 
1266
1 3 4 6 7 8 9 10 11 12 13 14 15 17 18 19 
1003
1 2 3 4 5 6 8 10 11 12 13 14 15 16 18 19 20 21 22 23 24 25 26 28 30 31 32 
1326
2 4 5 8 9 10 11 12 13 14 16 18 19 20 21 22 23 24 25 26 28 29 30 31 32 33 35 36 37 38 39 40 41 42 43 44 45 46 47 
2219
1 2 3 5 
167
1 2 3 4 6 7 8 9 10 11 12 13 14 15 17 18 19 20 22 23 25 26 27 28 29 30 31 32 33 34 36 37 
1895
1 2 3 5 6 9 10 11 12 13 14 15 16 17 18 19 21 22 23 24 25 
1123
1 2 3 5 6 7 8 10 11 13 14 15 16 17 18 19 20 21 22 23 25 26 27 28 29 30 31 32 33 34 36 37 40 41 42 43 44 45 
2230
1 2 3 4 5 6 7 8 9 10 11 12 13 15 16 19 20 21 22 23 24 
1214
1 2 3 4 5 6 7 8 9 11 12 13 14 15 16 18 20 22 24 25 27 28 29 30 31 32 33 35 36 37 38 
1936
1 2 3 4 5 6 7 8 9 10 11 12 13 14 15 16 17 18 20 22 23 24 25 26 27 28 29 30 32 33 34 35 37 39 41 42 44 
1917
1 2 4 5 7 8 9 10 11 12 13 14 
602
1 2 3 5 6 7 9 10 11 13 14 15 16 17 18 19 21 22 23 24 25 26 27 28 29 31 32 33 34 35 36 
1976
1 2 4 5 6 7 8 9 10 11 12 13 14 15 16 18 19 20 21 22 23 24 25 26 27 28 30 33 34 35 37 38 40 41 42 43 44 45 47 48 49 
2669
1 2 3 4 5 6 7 8 9 10 11 12 13 14 15 17 18 19 20 21 22 24 25 26 27 28 29 30 31 33 34 37 38 39 
2128
1 2 3 5 6 7 8 9 12 13 14 15 16 18 19 20 21 22 23 25 27 28 29 30 31 32 33 34 35 36 38 39 40 41 42 43 44 45 46 
2070
2 3 5 6 7 
364
1 2 3 4 
201
1 3 4 5 6 7 8 9 11 13 14 15 16 17 18 19 20 21 22 24 25 
1259
1 2 4 6 7 8 9 10 11 12 13 14 16 17 18 19 20 21 22 23 
1071
1 2 3 4 6 8 9 10 11 12 
479
2 3 4 5 6 7 8 9 10 11 12 13 16 17 18 19 20 21 22 23 
1072
1 
15
2 3 4 5 6 7 8 9 
337
1 2 3 4 5 6 7 8 9 11 14 16 17 18 19 
946
1 2 3 4 5 6 7 8 9 11 12 13 14 15 16 17 19 20 21 22 23 24 26 27 28 29 31 32 33 34 35 36 
1850
2 3 6 8 9 10 11 13 14 15 16 17 18 20 21 22 23 24 25 26 27 
1055
1 2 4 5 6 7 8 9 10 11 12 13 14 15 16 17 18 19 20 21 22 23 24 25 26 27 31 32 33 34 35 36 38 40 41 43 44 45 46 
1887
1 2 4 5 6 
216
2 3 4 5 7 8 9 10 12 13 14 15 17 18 19 20 22 23 24 25 26 27 28 29 31 32 34 35 
1888
1 2 3 5 6 7 8 9 10 11 12 13 16 17 18 19 20 21 23 24 25 27 28 29 30 31 
1570
1 2 3 4 5 6 7 8 9 10 12 13 14 15 
881
2 3 4 5 6 7 8 9 10 11 12 14 15 16 18 
837
1 2 3 4 5 7 8 9 10 11 12 13 14 16 17 19 20 21 22 24 25 26 27 28 29 33 34 35 36 37 39 40 41 42 43 44 45 46 47 48 
2403
1 2 3 4 5 6 7 9 10 11 13 14 15 16 17 18 19 20 21 23 
1213
1 2 4 5 6 7 8 9 10 11 14 15 16 17 18 19 20 21 22 23 24 25 26 27 28 32 33 34 35 37 38 39 40 41 42 43 44 45 
2379
1 2 3 5 6 
294
1 2 3 5 6 7 8 9 10 11 12 13 14 15 16 17 18 19 20 22 23 24 25 27 28 30 31 32 33 34 35 36 37 38 43 44 45 
2056
1 2 3 4 5 6 7 8 12 13 14 15 16 17 18 19 20 22 23 24 25 26 27 28 30 31 32 33 34 35 36 37 38 39 
1855
1 2 3 4 5 6 7 8 9 10 11 12 14 16 18 19 20 21 22 24 25 26 28 29 30 31 32 33 34 
1756
1 2 3 5 6 7 8 9 10 11 12 13 14 15 16 17 18 19 20 21 22 23 24 25 27 28 29 32 33 34 35 37 39 40 
1759
2 3 4 5 6 7 8 9 10 11 12 13 15 16 17 19 20 21 22 23 24 25 26 28 29 30 31 32 33 34 36 37 38 
2132
2 3 4 5 
199
1 2 3 4 5 6 7 8 9 10 13 14 15 16 17 20 21 22 23 24 25 26 27 28 29 30 31 32 35 36 37 38 39 
2109
1 3 4 5 6 7 8 10 11 
519
1 2 3 4 5 6 7 9 10 11 12 14 15 16 17 19 20 21 22 23 24 25 26 27 29 30 31 32 33 35 37 38 39 40 
2068
1 2 3 4 5 6 7 8 9 10 12 13 14 16 17 18 20 21 22 23 24 25 
1241
2 4 5 6 7 8 9 10 
487
1 2 4 6 7 8 9 10 11 12 13 14 15 16 17 18 20 21 22 23 24 25 26 27 28 29 30 32 33 34 35 37 38 40 41 42 43 
2261
1 2 4 5 6 
331
2 4 5 6 7 8 9 
490
1 3 4 5 6 7 
421
1 2 4 5 6 7 8 9 11 14 15 16 18 19 20 21 22 23 24 25 27 28 29 30 31 32 33 34 36 37 38 39 40 41 42 44 45 
1864
1 2 3 4 5 6 7 8 9 10 11 13 15 16 17 19 21 22 24 25 26 27 28 29 30 31 
1498
2 3 4 5 8 9 10 11 12 13 15 16 17 18 19 20 21 22 
1014
1 2 3 4 5 6 7 8 9 10 11 13 14 15 16 17 21 23 24 25 26 27 28 29 31 32 33 34 35 36 37 38 39 40 41 42 
2379
1 2 3 4 6 7 8 10 11 12 13 15 16 17 18 19 20 21 22 23 24 25 26 28 29 30 31 32 34 35 36 38 
1790
3 5 6 8 9 10 11 12 14 15 16 17 18 19 20 21 22 23 24 25 27 28 29 30 31 32 33 35 36 
1470
1 2 3 4 5 6 7 9 10 11 13 15 16 17 18 19 20 21 23 24 25 26 27 28 29 30 33 34 35 36 37 38 39 40 41 42 43 
2107
1 2 
83
1 2 4 5 6 7 
271
1 2 3 4 6 7 8 9 10 11 13 14 15 16 17 18 19 20 
1084
1 2 3 6 7 8 9 10 11 12 13 14 16 18 19 20 21 22 23 24 25 26 27 28 29 30 32 33 35 
1714
1 2 3 5 7 8 9 11 12 13 14 15 17 18 19 20 21 22 23 24 25 26 27 28 30 31 32 33 34 35 
1741
1 2 3 4 5 6 7 8 9 10 11 12 13 14 15 17 18 19 21 22 23 24 25 27 29 30 
1261
1 2 3 5 6 7 8 10 11 13 14 15 16 17 18 19 20 21 23 24 25 26 
1411
1 2 3 4 5 6 7 8 9 10 12 13 14 15 16 17 19 20 
1120
1 2 3 4 5 6 8 9 10 
485
1 2 3 4 5 6 7 8 9 10 11 12 13 14 15 16 18 19 20 22 23 24 26 27 28 30 31 32 33 35 36 37 38 39 40 42 
2214
1 2 3 5 6 8 9 10 11 12 
608
2 3 
58
2 
94
2 3 4 6 7 8 
403
1 2 3 4 5 6 7 9 10 13 14 15 16 17 18 19 21 22 23 25 26 27 28 29 30 31 33 35 36 37 38 39 40 41 42 43 44 45 46 47 48 49 
1990
1 3 4 5 6 7 8 9 10 11 13 14 15 16 18 19 
1221
1 2 4 5 6 8 
464
1 2 3 4 5 6 7 8 9 11 12 13 14 15 16 19 20 21 22 23 24 25 26 28 30 31 32 33 34 35 36 37 38 39 40 41 43 
1762
1 2 4 5 6 8 10 11 12 13 14 15 17 18 19 20 21 22 23 
1205
1 2 3 4 5 6 7 8 9 10 12 13 14 16 17 18 20 21 22 23 24 25 26 27 28 29 30 32 34 35 36 37 39 40 41 42 43 44 
1855
2 3 4 6 7 8 9 10 11 12 13 15 16 17 18 19 21 22 23 24 25 26 
1058
1 2 4 5 6 7 8 9 10 11 13 14 15 
686
3 5 6 7 8 9 10 11 13 14 15 16 17 18 19 21 22 23 24 25 26 27 28 29 30 31 33 34 35 37 38 39 40 41 42 43 44 45 46 47 48 49 
2484
1 3 4 5 7 8 9 10 11 12 13 14 15 16 17 18 19 20 21 22 23 24 26 27 28 29 30 31 32 33 34 35 37 38 39 41 42 43 44 45 
2369
1 3 4 5 6 
279
2 4 5 6 7 8 9 10 11 12 13 14 15 16 
828
1 2 4 
134
1 2 4 5 6 7 8 9 10 12 13 
665
1 2 3 4 5 6 7 10 11 12 13 15 16 17 18 19 20 21 
1013
2 3 4 5 6 7 9 10 11 14 15 16 17 18 19 20 21 22 24 25 26 27 28 29 30 
1477
1 3 4 5 6 7 8 10 11 12 13 14 15 17 18 19 20 
860
1 2 3 5 7 8 10 11 12 13 14 15 16 17 18 19 20 21 22 23 24 25 26 28 29 30 31 32 34 35 36 38 39 40 
1695
1 2 3 4 5 6 7 8 9 11 12 13 14 15 16 17 18 19 20 22 23 24 25 26 27 31 32 33 
1617
3 4 5 6 
337
1 2 3 4 5 6 7 9 10 11 12 13 14 15 16 17 18 19 20 21 
1199
1 2 3 4 5 6 8 9 10 11 13 14 
581
1 2 3 4 6 7 9 10 
487
1 3 4 5 7 8 9 10 12 13 14 15 17 18 19 20 21 22 23 25 26 28 29 30 31 32 33 35 36 37 38 39 40 41 42 43 44 45 46 
2404
1 3 
143
1 3 5 6 7 8 10 11 12 13 14 15 16 17 18 19 20 21 22 23 24 25 26 27 28 31 33 34 
1581
3 4 5 6 7 8 9 10 11 12 13 14 15 16 17 18 19 20 22 23 24 25 26 28 
1584
1 2 4 5 6 8 9 10 11 12 13 14 15 16 18 20 21 22 23 24 25 26 27 28 29 31 32 33 34 35 36 
1926
1 2 3 4 5 7 9 10 12 13 14 15 16 17 18 19 20 21 23 24 25 26 28 29 30 31 32 33 
1623
2 3 4 6 9 10 11 12 13 14 16 17 18 19 21 22 23 24 25 26 27 28 29 30 31 32 33 34 35 36 37 38 
1861
2 3 4 
262
2 3 4 5 6 7 
406
1 2 3 4 5 6 7 10 11 12 13 15 16 17 18 19 20 21 22 23 24 25 27 28 30 31 32 33 34 35 36 37 39 40 42 43 44 45 
1956
1 2 3 4 5 6 7 8 10 11 12 13 14 15 17 18 
905
1 3 4 5 6 
337
1 2 3 4 5 7 9 10 11 12 13 14 15 16 17 18 19 20 21 
1193
1 2 3 4 5 6 7 8 9 10 11 12 14 15 16 17 18 19 21 22 24 25 26 27 28 29 31 32 
1790
1 2 3 4 5 7 9 10 11 12 13 14 15 16 17 18 19 20 21 23 24 25 26 29 30 
1292
1 
31
2 3 4 5 6 8 9 10 11 12 13 14 16 17 18 19 20 21 22 23 25 
1340
1 2 3 4 5 6 7 8 9 10 12 13 14 16 17 19 20 21 22 24 25 26 27 28 29 30 31 32 34 35 36 37 38 40 41 
2284
1 2 4 5 7 8 9 11 12 13 14 15 16 17 18 19 20 21 22 23 
1093
1 2 4 5 6 7 8 10 11 12 13 14 16 17 18 19 20 21 22 23 24 25 27 28 29 30 31 32 33 34 35 36 37 38 40 41 42 43 44 47 48 49 50 
2419
2 4 5 6 7 8 9 10 11 12 13 14 15 17 18 
851
2 3 4 5 
141
2 4 5 6 7 8 9 10 11 12 13 14 15 16 17 18 19 20 21 22 23 24 
1124
1 2 3 4 5 6 7 8 10 12 13 14 
714
2 
87
1 2 3 4 5 7 8 9 10 11 12 13 14 17 18 19 20 
855
1 2 
122
1 2 4 5 6 7 8 9 10 11 12 13 15 16 17 18 19 20 21 22 23 24 25 26 27 28 29 30 32 33 36 37 38 39 40 42 43 44 45 46 47 48 49 
2464
2 3 4 5 6 7 8 9 11 12 15 16 17 18 19 20 21 22 23 24 25 26 27 28 29 30 31 
1531
1 2 3 4 5 6 7 10 11 12 13 14 15 16 17 18 20 21 22 24 25 26 27 28 29 30 32 33 34 35 36 37 40 41 42 43 44 45 
2201
1 2 3 4 5 6 7 8 9 10 11 13 15 16 17 20 21 22 23 24 25 27 28 29 30 31 32 33 34 
1423
1 2 3 4 5 6 7 8 12 13 14 15 16 17 18 19 20 21 22 
1151
1 2 3 6 7 8 9 10 11 12 13 15 16 17 18 19 20 21 
944
1 2 3 4 5 6 7 8 9 10 12 13 15 18 19 20 21 22 24 25 26 27 28 29 31 32 34 35 
1654
1 2 3 5 6 7 8 10 11 12 13 14 15 16 17 19 20 22 23 
1187
1 2 3 4 5 6 7 8 9 10 11 12 13 14 16 17 18 20 21 23 24 25 
1210
2 3 4 5 6 7 8 9 11 12 13 14 15 16 17 18 19 21 22 24 25 27 28 29 30 31 32 34 
1382
1 2 3 5 6 7 9 10 11 12 13 14 15 16 
646
1 2 4 5 6 7 8 9 10 12 13 14 15 16 18 20 21 22 23 24 25 26 27 28 29 30 31 32 33 34 35 37 38 39 40 41 42 43 45 46 
2454
1 2 3 4 6 8 9 10 11 12 13 14 15 
796
1 3 4 5 6 8 10 11 13 14 15 16 17 19 20 21 22 24 25 26 
1175
1 2 3 4 5 6 7 8 9 10 11 14 16 17 19 
985
1 2 3 4 5 7 8 9 10 
631
1 3 4 6 7 8 9 10 11 12 13 16 18 19 20 21 22 23 24 25 26 27 28 29 30 31 32 
1584
1 2 3 4 5 7 8 9 10 11 15 16 17 19 20 21 22 23 24 
1273
1 2 3 5 6 7 8 
557
1 2 3 4 5 7 8 9 10 11 12 13 14 15 16 17 18 19 20 21 22 24 25 26 28 29 31 32 34 35 36 37 38 
1979
2 
14
1 2 3 4 5 6 7 8 9 11 13 15 16 17 
957
1 3 4 
123
1 2 3 4 5 6 7 10 12 13 14 16 17 18 19 20 21 22 
913
1 4 5 6 8 9 10 11 12 14 16 17 18 19 20 21 22 23 24 25 26 27 28 29 30 31 32 33 34 36 37 38 39 40 41 42 43 44 45 
2300
1 2 3 4 5 6 7 
430
2 4 5 6 7 8 9 10 11 13 14 15 16 17 18 19 20 21 23 24 25 26 27 28 29 30 31 32 34 35 36 38 39 41 42 43 44 45 46 47 48 49 50 
2310
1 2 4 6 7 9 10 11 12 13 15 16 
468
1 2 3 4 5 6 7 9 10 11 12 13 14 15 16 17 20 22 23 24 25 26 27 28 29 30 31 33 
1573
2 3 4 5 6 7 9 10 11 12 13 14 15 16 17 18 19 20 21 22 24 25 26 28 29 31 32 33 35 36 37 38 40 41 43 44 45 46 
2059
1 2 3 4 5 6 9 10 11 13 14 15 16 17 18 19 20 22 23 24 25 26 28 29 30 31 32 33 
1690
1 2 3 4 5 6 7 8 9 10 11 13 14 15 16 17 20 21 23 24 25 26 27 28 29 30 31 33 
1781
2 3 
89
1 3 4 5 6 7 8 9 10 11 12 13 14 15 16 17 18 20 23 24 25 26 27 28 29 
1176
2 3 4 5 6 7 8 9 11 12 13 14 16 17 18 20 21 22 23 24 25 26 27 28 29 31 32 33 34 
1398
1 2 3 6 7 8 9 
462
1 2 5 6 7 8 9 10 11 12 
543
1 2 4 5 7 8 9 10 12 13 14 15 16 17 18 19 20 21 24 25 26 27 28 29 
1631
1 2 3 4 5 7 8 9 10 11 12 
589
2 3 4 5 6 7 8 9 10 
314
1 2 3 4 5 6 7 8 10 11 13 14 15 16 17 18 19 20 21 23 
1182
1 
69
2 3 4 6 7 
275
1 2 3 5 6 7 9 10 12 13 14 15 
675
1 2 3 4 5 6 7 8 9 10 11 12 13 15 18 19 
804
1 2 3 4 6 7 9 10 11 12 13 14 17 18 19 20 21 22 23 
1308
3 4 5 6 7 8 9 10 11 12 13 14 15 16 17 18 19 20 21 22 24 25 26 28 29 30 31 33 34 35 
1949
1 2 3 4 5 6 7 8 9 10 11 12 14 15 16 18 20 22 23 24 25 26 27 28 29 30 
1517
1 2 3 4 5 7 
373
1 2 3 4 6 7 8 9 10 11 12 13 14 15 16 17 18 19 20 23 24 25 26 28 29 30 31 32 33 34 36 38 40 41 42 43 44 45 46 47 48 
2078
2 4 5 6 8 9 10 11 12 13 14 15 16 18 19 20 21 22 23 24 25 27 29 30 31 32 
1330
1 2 4 5 6 7 8 10 11 12 13 14 15 16 17 18 19 20 21 22 23 25 27 28 29 30 31 32 33 
1593
2 
96
2 
88
2 3 4 5 6 7 
269
1 3 4 5 6 8 9 10 
437
1 2 3 4 5 6 7 8 9 11 12 13 14 15 
867
1 3 4 5 6 7 8 9 10 11 12 13 14 15 16 18 19 21 22 23 25 26 27 28 29 30 31 32 33 34 35 36 38 39 40 
1998
2 3 5 6 7 8 9 10 11 13 14 
504
1 2 3 4 5 6 8 9 10 11 12 13 14 15 16 17 19 20 21 22 24 25 26 27 28 31 32 33 34 35 36 38 39 40 
1943
2 3 4 5 6 7 9 10 11 12 14 
706
1 2 3 4 5 6 7 9 10 12 13 15 16 17 18 19 20 21 23 24 26 27 28 29 30 31 32 33 34 35 36 37 39 40 41 
2046
1 2 3 4 5 7 9 10 13 14 15 16 17 18 19 20 21 22 23 25 26 27 28 29 30 31 32 33 34 35 36 38 39 40 42 43 
2270
2 3 4 5 
302
1 2 3 4 5 6 7 8 10 11 12 14 15 16 17 18 19 20 21 22 24 25 
1403
1 2 3 4 5 6 7 9 10 11 13 14 15 16 17 18 19 20 21 
904
1 2 4 5 6 
373
1 2 3 5 6 8 9 10 11 12 13 14 
544
1 2 3 4 5 6 8 9 11 13 15 16 17 18 19 
1055
1 2 3 4 6 7 8 9 10 11 12 13 14 15 16 18 20 
1117
1 2 3 4 5 6 7 10 11 12 13 14 15 17 18 20 22 23 24 25 26 27 28 29 30 31 32 34 
1641
1 2 3 4 6 7 9 10 11 12 13 14 15 17 18 19 20 21 
1047
1 2 3 4 5 6 7 8 9 10 11 12 14 15 17 18 19 20 21 22 23 24 25 26 27 29 30 31 32 34 35 36 37 39 41 
1972
1 2 3 4 5 6 7 9 11 12 13 
689
1 2 3 4 5 6 8 9 10 12 13 14 16 17 18 19 20 21 22 23 
1009
1 2 3 4 5 6 7 8 9 10 12 13 15 16 17 20 21 22 23 24 25 26 27 28 29 32 33 34 35 36 37 38 
2028
1 2 3 5 6 7 8 9 11 12 14 15 16 17 18 19 20 21 22 23 24 25 28 29 30 31 32 33 
1558
2 3 4 5 6 8 9 10 11 12 
695
1 2 3 4 5 6 7 8 9 11 12 13 15 16 17 18 19 20 21 22 25 26 27 28 29 30 
1249
1 3 4 6 7 8 9 10 11 13 14 15 18 19 20 21 22 23 25 26 27 28 29 30 31 32 33 34 35 36 37 38 39 41 42 43 44 46 47 48 49 50 
2533
1 3 4 5 6 7 8 9 10 11 12 13 15 16 17 18 19 20 21 23 25 26 27 28 30 31 32 33 34 
1280
1 2 4 5 7 
326
2 4 5 6 7 8 9 11 12 13 14 15 16 18 19 20 21 22 23 24 26 27 28 29 30 31 32 33 34 35 36 
1629
1 2 4 6 7 8 9 10 11 12 
461
2 3 4 5 6 7 8 9 10 11 12 13 15 16 17 19 20 21 22 23 24 25 26 29 
1525
1 3 4 5 6 7 10 11 12 13 14 15 16 17 18 19 20 22 23 24 25 26 29 30 31 32 34 35 36 37 38 39 40 41 42 43 45 46 47 
2255
1 2 3 4 5 6 7 8 9 10 11 12 13 14 15 16 17 18 19 21 24 26 27 28 29 30 31 33 34 35 36 38 
1921
1 4 5 6 7 8 9 10 12 13 14 15 16 
655
1 2 3 5 6 7 8 9 11 
499
2 4 5 6 7 8 9 10 11 
541
1 2 3 4 5 6 7 8 9 10 11 12 13 14 16 17 18 19 20 21 23 24 25 26 27 28 29 30 32 
1838
1 2 3 4 5 6 7 8 9 10 11 12 13 14 15 16 17 20 21 22 23 24 26 27 28 29 30 31 33 34 35 36 
1613
1 2 3 4 5 6 8 9 10 11 12 14 15 16 17 18 19 20 21 22 24 25 27 28 29 30 32 33 34 35 36 37 38 39 
1674
1 2 3 4 6 8 9 10 11 13 14 15 16 17 18 19 20 22 24 25 26 27 28 29 30 31 32 33 34 
1727
1 2 3 4 5 7 8 9 10 11 13 
787
1 2 3 4 5 6 7 8 9 11 12 13 14 15 16 17 18 19 20 21 22 24 25 
1194
1 2 3 4 5 6 7 8 9 10 
688
1 2 3 5 6 7 9 10 12 13 16 18 19 20 21 22 23 24 25 26 27 28 29 30 31 32 34 35 36 37 38 39 40 41 42 43 44 
1935
1 2 3 5 6 7 8 9 10 12 13 14 15 17 18 19 
982
1 2 3 4 5 6 7 10 11 12 13 14 15 17 18 19 20 
961
1 2 3 4 
175
1 2 4 5 6 7 
255
2 3 4 5 6 7 8 9 10 11 12 13 
623
1 3 4 5 7 8 9 11 12 13 14 15 16 17 18 19 21 22 23 24 26 27 
1430
1 2 3 4 5 6 8 9 10 12 
565
1 4 5 6 7 8 9 10 11 12 13 14 15 16 17 18 19 20 21 22 23 24 25 26 27 28 30 31 32 33 34 
1782
1 2 3 4 5 6 7 8 9 10 11 13 14 15 16 18 
821
1 2 3 4 5 7 8 9 10 12 13 14 16 17 18 19 20 21 22 23 24 25 26 28 29 30 32 33 36 37 38 39 40 42 
1801
1 2 3 4 5 6 8 9 
461
1 2 3 4 5 6 7 8 9 10 11 12 13 15 16 17 19 20 21 24 25 26 27 28 29 30 32 34 35 36 37 38 39 40 41 42 43 44 45 
1978
1 2 3 4 5 6 8 9 10 11 12 13 14 17 19 20 
909
2 3 5 6 7 8 9 10 11 12 13 15 16 18 20 21 22 23 24 25 26 28 29 30 31 32 33 34 35 36 37 39 40 
1875
1 2 3 4 5 7 8 9 10 12 13 14 15 16 17 18 19 20 21 22 23 24 25 26 27 28 29 32 34 35 36 37 38 
1919
1 2 3 4 5 6 7 8 9 10 11 12 13 15 18 19 20 22 23 
1188
2 3 5 6 7 8 9 10 12 13 14 15 16 17 18 19 20 21 22 
965
1 3 
119
3 4 6 7 8 9 10 11 12 13 14 15 16 17 18 19 20 21 22 23 24 25 27 28 29 30 31 32 33 35 36 37 
1833
1 2 4 6 7 8 9 10 11 13 15 16 17 18 19 21 22 24 25 27 29 30 31 32 33 34 35 36 37 38 40 41 42 43 44 
2024
1 3 4 5 7 8 10 11 12 13 14 15 16 17 18 19 20 21 22 
970
1 2 3 4 5 6 7 8 9 12 13 15 16 17 18 
756
1 2 4 5 6 7 8 11 12 13 14 15 16 17 18 20 21 22 23 24 26 27 28 
1361
2 3 4 5 6 7 8 9 10 12 13 14 15 16 17 19 20 22 23 24 25 26 27 28 29 31 32 33 34 35 
1629
